1.sledgehammer initialize Params for sledgehammer: {abduce = SOME 0, cache_dir = NONE, compress = NONE, debug = false, expect =
1.sledgehammer initialize  "", fact_filter = NONE, fact_thresholds = (0.45, 0.85), falsify =
1.sledgehammer initialize  SOME false, induction_rules = NONE, instantiate = NONE, isar_proofs = NONE,
1.sledgehammer initialize  lam_trans = NONE, learn = true, max_facts = NONE, max_mono_iters = NONE,
1.sledgehammer initialize  max_new_mono_instances = NONE, max_proofs = 1, minimize = true, overlord =
1.sledgehammer initialize  false, preplay_timeout = 1.000, provers =
1.sledgehammer initialize  ["cvc5", "verit", "z3", "e", "spass", "vampire", "zipperposition",
1.sledgehammer initialize   "presburger", "fastforce", "linarith", "algebra", "order", "metis",
1.sledgehammer initialize   "meson", "force", "blast", "simp", "satx", "fast", "auto", "argo"],
1.sledgehammer initialize  slices = 24, smt_proofs = true, spy = false, strict = false, timeout =
1.sledgehammer initialize  300.000, try0 = true, type_enc = NONE, uncurried_aliases = NONE, verbose =
1.sledgehammer initialize  false}
0.try0 goal.proof         6ms LemmaSledge.AndOrXor_2475_values_0 8:352  
1.sledgehammer goal.proof     101697ms LemmaSledge.AndOrXor_2475_values_0 8:352  some (SH 101697ms, ATP 6711ms): Try this: by (metis Groups.add_0 add.commute bit.xor_compl_left bw_0 mod_prop_sub_left mod_prop_sum mod_prop_xor not_add_distrib not_diff_distrib xor.commute xor.left_neutral) (2.0 s)
1.sledgehammer finalize   Total number of sledgehammer calls: 1
1.sledgehammer finalize   Number of successful sledgehammer calls: 1
1.sledgehammer finalize   Number of sledgehammer lemmas: 11
1.sledgehammer finalize   Max number of sledgehammer lemmas: 11
1.sledgehammer finalize   Success rate: 100.0%
1.sledgehammer finalize   Total number of nontrivial sledgehammer calls: 1
1.sledgehammer finalize   Number of successful nontrivial sledgehammer calls: 1
1.sledgehammer finalize   Total time for sledgehammer calls (Isabelle): 101.697
1.sledgehammer finalize   Total time for successful sledgehammer calls (ATP): 6.711
1.sledgehammer finalize   Average time for sledgehammer calls (Isabelle): 101.697
1.sledgehammer finalize   Average time for successful sledgehammer calls (ATP): 6.711
