1.sledgehammer initialize Params for sledgehammer: {abduce = SOME 0, cache_dir = NONE, compress = NONE, debug = false, expect =
1.sledgehammer initialize  "", fact_filter = NONE, fact_thresholds = (0.45, 0.85), falsify =
1.sledgehammer initialize  SOME false, induction_rules = NONE, instantiate = NONE, isar_proofs = NONE,
1.sledgehammer initialize  lam_trans = NONE, learn = true, max_facts = NONE, max_mono_iters = NONE,
1.sledgehammer initialize  max_new_mono_instances = NONE, max_proofs = 1, minimize = true, overlord =
1.sledgehammer initialize  false, preplay_timeout = 1.000, provers =
1.sledgehammer initialize  ["cvc5", "verit", "z3", "e", "spass", "vampire", "zipperposition",
1.sledgehammer initialize   "presburger", "fastforce", "linarith", "algebra", "order", "metis",
1.sledgehammer initialize   "meson", "force", "blast", "simp", "satx", "fast", "auto", "argo"],
1.sledgehammer initialize  slices = 24, smt_proofs = true, spy = false, strict = false, timeout =
1.sledgehammer initialize  300.000, try0 = true, type_enc = NONE, uncurried_aliases = NONE, verbose =
1.sledgehammer initialize  false}
0.try0 goal.proof         5ms LemmaSledge.hydra_opt_54 8:420  
1.sledgehammer goal.proof     194484ms LemmaSledge.hydra_opt_54 8:420  some (SH 194484ms, ATP 14528ms): Try this: by (metis add_left_cancel mod_prop_sum that mod_prop_mod ab_semigroup_add_class.add_ac(1) is_num_normalize(1) add_neg_neg add_pos_pos canonically_ordered_monoid_add_class.lessE gr_zeroI not_less_zero pos_add_strict gr_implies_not_zero zero_less_iff_neq_zero add_less_imp_less_right add_less_imp_less_left add_strict_right_mono add_strict_left_mono mem_Collect_eq Collect_mem_eq Collect_cong add_right_imp_eq add.left_commute) (278 ms)
1.sledgehammer finalize   Total number of sledgehammer calls: 1
1.sledgehammer finalize   Number of successful sledgehammer calls: 1
1.sledgehammer finalize   Number of sledgehammer lemmas: 23
1.sledgehammer finalize   Max number of sledgehammer lemmas: 23
1.sledgehammer finalize   Success rate: 100.0%
1.sledgehammer finalize   Total number of nontrivial sledgehammer calls: 1
1.sledgehammer finalize   Number of successful nontrivial sledgehammer calls: 1
1.sledgehammer finalize   Total time for sledgehammer calls (Isabelle): 194.484
1.sledgehammer finalize   Total time for successful sledgehammer calls (ATP): 14.528
1.sledgehammer finalize   Average time for sledgehammer calls (Isabelle): 194.484
1.sledgehammer finalize   Average time for successful sledgehammer calls (ATP): 14.528
