1.sledgehammer initialize Params for sledgehammer: {abduce = SOME 0, cache_dir = NONE, compress = NONE, debug = false, expect =
1.sledgehammer initialize  "", fact_filter = NONE, fact_thresholds = (0.45, 0.85), falsify =
1.sledgehammer initialize  SOME false, induction_rules = NONE, instantiate = NONE, isar_proofs = NONE,
1.sledgehammer initialize  lam_trans = NONE, learn = true, max_facts = NONE, max_mono_iters = NONE,
1.sledgehammer initialize  max_new_mono_instances = NONE, max_proofs = 1, minimize = true, overlord =
1.sledgehammer initialize  false, preplay_timeout = 1.000, provers =
1.sledgehammer initialize  ["cvc5", "verit", "z3", "e", "spass", "vampire", "zipperposition",
1.sledgehammer initialize   "presburger", "fastforce", "linarith", "algebra", "order", "metis",
1.sledgehammer initialize   "meson", "force", "blast", "simp", "satx", "fast", "auto", "argo"],
1.sledgehammer initialize  slices = 24, smt_proofs = true, spy = false, strict = false, timeout =
1.sledgehammer initialize  300.000, try0 = true, type_enc = NONE, uncurried_aliases = NONE, verbose =
1.sledgehammer initialize  false}
0.try0 goal.proof         6ms LemmaSledge.AndOrXor_1253_values_0 8:361  
1.sledgehammer goal.proof     172964ms LemmaSledge.AndOrXor_1253_values_0 8:361  some (SH 172964ms, ATP 10020ms): Try this: by (metis xor_remove disjunctive_and_not_eq_xor and_not_self Let_0 mod_prop_xor mod_prop_and mod_prop_not bw_0 xor_and_or and_not_numerals(1) mod_prop_mod zero_integer.rsp xor_and_or_help ext zero_reorient disjunctive_add_eq_xor add_right_cancel add_left_cancel Let_1 or.left_idem or.right_idem or_self not_gr_zero add.right_neutral double_zero_sym add_cancel_left_left add_cancel_left_right add_cancel_right_left add_cancel_right_right add_eq_0_iff_both_eq_0 zero_eq_add_iff_both_eq_0 Groups.add_0 bit.double_compl bit.xor_left_self and_assoc xor.assoc bit.conj_xor_distrib2 bit.conj_xor_distrib and_int_code(1) and_int_code(2) and_remove) (967 ms)
1.sledgehammer finalize   Total number of sledgehammer calls: 1
1.sledgehammer finalize   Number of successful sledgehammer calls: 1
1.sledgehammer finalize   Number of sledgehammer lemmas: 41
1.sledgehammer finalize   Max number of sledgehammer lemmas: 41
1.sledgehammer finalize   Success rate: 100.0%
1.sledgehammer finalize   Total number of nontrivial sledgehammer calls: 1
1.sledgehammer finalize   Number of successful nontrivial sledgehammer calls: 1
1.sledgehammer finalize   Total time for sledgehammer calls (Isabelle): 172.964
1.sledgehammer finalize   Total time for successful sledgehammer calls (ATP): 10.020
1.sledgehammer finalize   Average time for sledgehammer calls (Isabelle): 172.964
1.sledgehammer finalize   Average time for successful sledgehammer calls (ATP): 10.020
