1.sledgehammer initialize Params for sledgehammer: {abduce = SOME 0, cache_dir = NONE, compress = NONE, debug = false, expect =
1.sledgehammer initialize  "", fact_filter = NONE, fact_thresholds = (0.45, 0.85), falsify =
1.sledgehammer initialize  SOME false, induction_rules = NONE, instantiate = NONE, isar_proofs = NONE,
1.sledgehammer initialize  lam_trans = NONE, learn = true, max_facts = NONE, max_mono_iters = NONE,
1.sledgehammer initialize  max_new_mono_instances = NONE, max_proofs = 1, minimize = true, overlord =
1.sledgehammer initialize  false, preplay_timeout = 1.000, provers =
1.sledgehammer initialize  ["cvc5", "verit", "z3", "e", "spass", "vampire", "zipperposition",
1.sledgehammer initialize   "presburger", "fastforce", "linarith", "algebra", "order", "metis",
1.sledgehammer initialize   "meson", "force", "blast", "simp", "satx", "fast", "auto", "argo"],
1.sledgehammer initialize  slices = 24, smt_proofs = true, spy = false, strict = false, timeout =
1.sledgehammer initialize  300.000, try0 = true, type_enc = NONE, uncurried_aliases = NONE, verbose =
1.sledgehammer initialize  false}
0.try0 goal.proof         5ms LemmaSledge.hydra_opt_2793 8:327  
1.sledgehammer goal.proof     325929ms LemmaSledge.hydra_opt_2793 8:327  some (SH 325929ms, ATP 1408ms): Try this: by (metis that(1) mod_prop_sum is_num_normalize(1) group_cancel.add1 group_cancel.add2 add.assoc not_gr_zero Groups.add_0 ext add_strict_left_mono add_strict_mono add_mono_thms_linordered_field(1) add_mono_thms_linordered_field(2) add_mono_thms_linordered_field(5) add.group_left_neutral add.comm_neutral comm_monoid_add_class.add_0 add_full_prec add_right_imp_eq add_left_imp_eq add.left_commute add.commute add.right_cancel add.left_cancel less_numeral_extra(3) add_neg_neg add_pos_pos canonically_ordered_monoid_add_class.lessE gr_zeroI not_less_zero pos_add_strict gr_implies_not_zero add_strict_right_mono mem_Collect_eq Collect_mem_eq Collect_cong add_less_imp_less_right add_less_imp_less_left zero_less_iff_neq_zero) (367 ms)
1.sledgehammer finalize   Total number of sledgehammer calls: 1
1.sledgehammer finalize   Number of successful sledgehammer calls: 1
1.sledgehammer finalize   Number of sledgehammer lemmas: 39
1.sledgehammer finalize   Max number of sledgehammer lemmas: 39
1.sledgehammer finalize   Success rate: 100.0%
1.sledgehammer finalize   Total number of nontrivial sledgehammer calls: 1
1.sledgehammer finalize   Number of successful nontrivial sledgehammer calls: 1
1.sledgehammer finalize   Total time for sledgehammer calls (Isabelle): 325.929
1.sledgehammer finalize   Total time for successful sledgehammer calls (ATP): 1.408
1.sledgehammer finalize   Average time for sledgehammer calls (Isabelle): 325.929
1.sledgehammer finalize   Average time for successful sledgehammer calls (ATP): 1.408
