1.sledgehammer initialize Params for sledgehammer: {abduce = SOME 0, cache_dir = NONE, compress = NONE, debug = false, expect =
1.sledgehammer initialize  "", fact_filter = NONE, fact_thresholds = (0.45, 0.85), falsify =
1.sledgehammer initialize  SOME false, induction_rules = NONE, instantiate = NONE, isar_proofs = NONE,
1.sledgehammer initialize  lam_trans = NONE, learn = true, max_facts = NONE, max_mono_iters = NONE,
1.sledgehammer initialize  max_new_mono_instances = NONE, max_proofs = 1, minimize = true, overlord =
1.sledgehammer initialize  false, preplay_timeout = 1.000, provers =
1.sledgehammer initialize  ["cvc5", "verit", "z3", "e", "spass", "vampire", "zipperposition",
1.sledgehammer initialize   "presburger", "fastforce", "linarith", "algebra", "order", "metis",
1.sledgehammer initialize   "meson", "force", "blast", "simp", "satx", "fast", "auto", "argo"],
1.sledgehammer initialize  slices = 24, smt_proofs = true, spy = false, strict = false, timeout =
1.sledgehammer initialize  300.000, try0 = true, type_enc = NONE, uncurried_aliases = NONE, verbose =
1.sledgehammer initialize  false}
0.try0 goal.proof         6ms LemmaSledge.AddSub_1295_values_0 8:345  
1.sledgehammer goal.proof     253307ms LemmaSledge.AddSub_1295_values_0 8:345  some (SH 253307ms, ATP 4817ms): Try this: by (metis plus_and_or bit.xor_left_self or.left_idem or.right_idem or_self and.left_idem and.right_idem and_self add_left_cancel add_right_cancel mod_prop_xor add_right_imp_eq group_cancel.add1 and.left_commute and.commute or.commute mod_prop_mod disjunctive_xor_eq_or disjunctive_add_eq_xor disjunctive_add_eq_or xor_and_or_help is_num_normalize(1) xor_as_or_and demorg_and demorg_or bit.xor_def2 bit.xor_def Let_0 bit.double_compl bit.compl_eq_compl_iff not_gr_zero add.right_neutral double_zero_sym xor.assoc bit.disj_conj_distrib2 mod_prop_sum bit.conj_xor_distrib2 mod_prop_and mod_prop_or xor_remove that) (812 ms)
1.sledgehammer finalize   Total number of sledgehammer calls: 1
1.sledgehammer finalize   Number of successful sledgehammer calls: 1
1.sledgehammer finalize   Number of sledgehammer lemmas: 41
1.sledgehammer finalize   Max number of sledgehammer lemmas: 41
1.sledgehammer finalize   Success rate: 100.0%
1.sledgehammer finalize   Total number of nontrivial sledgehammer calls: 1
1.sledgehammer finalize   Number of successful nontrivial sledgehammer calls: 1
1.sledgehammer finalize   Total time for sledgehammer calls (Isabelle): 253.307
1.sledgehammer finalize   Total time for successful sledgehammer calls (ATP): 4.817
1.sledgehammer finalize   Average time for sledgehammer calls (Isabelle): 253.307
1.sledgehammer finalize   Average time for successful sledgehammer calls (ATP): 4.817
