1.sledgehammer initialize Params for sledgehammer: {abduce = SOME 0, cache_dir = NONE, compress = NONE, debug = false, expect =
1.sledgehammer initialize  "", fact_filter = NONE, fact_thresholds = (0.45, 0.85), falsify =
1.sledgehammer initialize  SOME false, induction_rules = NONE, instantiate = NONE, isar_proofs = NONE,
1.sledgehammer initialize  lam_trans = NONE, learn = true, max_facts = NONE, max_mono_iters = NONE,
1.sledgehammer initialize  max_new_mono_instances = NONE, max_proofs = 1, minimize = true, overlord =
1.sledgehammer initialize  false, preplay_timeout = 1.000, provers =
1.sledgehammer initialize  ["cvc5", "verit", "z3", "e", "spass", "vampire", "zipperposition",
1.sledgehammer initialize   "presburger", "fastforce", "linarith", "algebra", "order", "metis",
1.sledgehammer initialize   "meson", "force", "blast", "simp", "satx", "fast", "auto", "argo"],
1.sledgehammer initialize  slices = 24, smt_proofs = true, spy = false, strict = false, timeout =
1.sledgehammer initialize  300.000, try0 = true, type_enc = NONE, uncurried_aliases = NONE, verbose =
1.sledgehammer initialize  false}
0.try0 goal.proof         6ms LemmaSledge.AddSub_1165_values_0 8:352  
1.sledgehammer goal.proof     151555ms LemmaSledge.AddSub_1165_values_0 8:352  some (SH 151555ms, ATP 8128ms): Try this: by (metis add.assoc group_cancel.add2 group_cancel.add1 add_mono_thms_linordered_semiring(4) ab_semigroup_add_class.add_ac(1) diff_right_commute diff_eq_diff_eq add.group_left_neutral add.comm_neutral comm_monoid_add_class.add_0 eq_iff_diff_eq_0 diff_diff_eq add_implies_diff mem_Collect_eq Collect_mem_eq Collect_cong ext diff_add_eq_diff_diff_swap diff_add_eq diff_diff_eq2 add_diff_eq eq_diff_eq diff_eq_eq group_cancel.sub1 double_eq_0_iff minus_apply mod_prop_sub_right mod_prop_sub_left mod_prop_sum arith_lemmas.diff_self minus_int_code(1) bw_0 add_diff_cancel_left' add_diff_cancel_right add_diff_cancel_right' group_add_class.diff_self diff_add_zero add_diff_cancel) (1.4 s)
1.sledgehammer finalize   Total number of sledgehammer calls: 1
1.sledgehammer finalize   Number of successful sledgehammer calls: 1
1.sledgehammer finalize   Number of sledgehammer lemmas: 38
1.sledgehammer finalize   Max number of sledgehammer lemmas: 38
1.sledgehammer finalize   Success rate: 100.0%
1.sledgehammer finalize   Total number of nontrivial sledgehammer calls: 1
1.sledgehammer finalize   Number of successful nontrivial sledgehammer calls: 1
1.sledgehammer finalize   Total time for sledgehammer calls (Isabelle): 151.555
1.sledgehammer finalize   Total time for successful sledgehammer calls (ATP): 8.128
1.sledgehammer finalize   Average time for sledgehammer calls (Isabelle): 151.555
1.sledgehammer finalize   Average time for successful sledgehammer calls (ATP): 8.128
