1.sledgehammer initialize Params for sledgehammer: {abduce = SOME 0, cache_dir = NONE, compress = NONE, debug = false, expect =
1.sledgehammer initialize  "", fact_filter = NONE, fact_thresholds = (0.45, 0.85), falsify =
1.sledgehammer initialize  SOME false, induction_rules = NONE, instantiate = NONE, isar_proofs = NONE,
1.sledgehammer initialize  lam_trans = NONE, learn = true, max_facts = NONE, max_mono_iters = NONE,
1.sledgehammer initialize  max_new_mono_instances = NONE, max_proofs = 1, minimize = true, overlord =
1.sledgehammer initialize  false, preplay_timeout = 1.000, provers =
1.sledgehammer initialize  ["cvc5", "verit", "z3", "e", "spass", "vampire", "zipperposition",
1.sledgehammer initialize   "presburger", "fastforce", "linarith", "algebra", "order", "metis",
1.sledgehammer initialize   "meson", "force", "blast", "simp", "satx", "fast", "auto", "argo"],
1.sledgehammer initialize  slices = 24, smt_proofs = true, spy = false, strict = false, timeout =
1.sledgehammer initialize  300.000, try0 = true, type_enc = NONE, uncurried_aliases = NONE, verbose =
1.sledgehammer initialize  false}
0.try0 goal.proof         6ms LemmaSledge.AndOrXor_1288_values_0 8:445  
1.sledgehammer goal.proof     101614ms LemmaSledge.AndOrXor_1288_values_0 8:445  some (SH 101614ms, ATP 1243ms): Try this: by (smt (verit, ccfv_threshold) and_allones and_self bit.compl_zero bit.conj_xor_distrib bw_0 xor.commute xor.left_commute xor_remove) (163 ms)
1.sledgehammer finalize   Total number of sledgehammer calls: 1
1.sledgehammer finalize   Number of successful sledgehammer calls: 1
1.sledgehammer finalize   Number of sledgehammer lemmas: 8
1.sledgehammer finalize   Max number of sledgehammer lemmas: 8
1.sledgehammer finalize   Success rate: 100.0%
1.sledgehammer finalize   Total number of nontrivial sledgehammer calls: 1
1.sledgehammer finalize   Number of successful nontrivial sledgehammer calls: 1
1.sledgehammer finalize   Total time for sledgehammer calls (Isabelle): 101.614
1.sledgehammer finalize   Total time for successful sledgehammer calls (ATP): 1.243
1.sledgehammer finalize   Average time for sledgehammer calls (Isabelle): 101.614
1.sledgehammer finalize   Average time for successful sledgehammer calls (ATP): 1.243
