1.sledgehammer initialize Params for sledgehammer: {abduce = SOME 0, cache_dir = NONE, compress = NONE, debug = false, expect =
1.sledgehammer initialize  "", fact_filter = NONE, fact_thresholds = (0.45, 0.85), falsify =
1.sledgehammer initialize  SOME false, induction_rules = NONE, instantiate = NONE, isar_proofs = NONE,
1.sledgehammer initialize  lam_trans = NONE, learn = true, max_facts = NONE, max_mono_iters = NONE,
1.sledgehammer initialize  max_new_mono_instances = NONE, max_proofs = 1, minimize = true, overlord =
1.sledgehammer initialize  false, preplay_timeout = 1.000, provers =
1.sledgehammer initialize  ["cvc5", "verit", "z3", "e", "spass", "vampire", "zipperposition",
1.sledgehammer initialize   "presburger", "fastforce", "linarith", "algebra", "order", "metis",
1.sledgehammer initialize   "meson", "force", "blast", "simp", "satx", "fast", "auto", "argo"],
1.sledgehammer initialize  slices = 24, smt_proofs = true, spy = false, strict = false, timeout =
1.sledgehammer initialize  300.000, try0 = true, type_enc = NONE, uncurried_aliases = NONE, verbose =
1.sledgehammer initialize  false}
0.try0 goal.proof         5ms LemmaSledge.AndOrXor_2243_values_0 8:381  
1.sledgehammer goal.proof     362921ms LemmaSledge.AndOrXor_2243_values_0 8:381  some (SH 362921ms, ATP 12718ms): Try this: by (metis or.right_idem or_self and.left_idem and_distrib mod_prop_or or_remove mod_prop_and and.left_commute or.commute mod_prop_mod bit.conj_disj_distrib2 bit.disj_conj_distrib and_eq_not_not_or bit.conj_zero_left bit.conj_zero_right reduce_mod_bis bit.disj_zero_right) (309 ms)
1.sledgehammer finalize   Total number of sledgehammer calls: 1
1.sledgehammer finalize   Number of successful sledgehammer calls: 1
1.sledgehammer finalize   Number of sledgehammer lemmas: 17
1.sledgehammer finalize   Max number of sledgehammer lemmas: 17
1.sledgehammer finalize   Success rate: 100.0%
1.sledgehammer finalize   Total number of nontrivial sledgehammer calls: 1
1.sledgehammer finalize   Number of successful nontrivial sledgehammer calls: 1
1.sledgehammer finalize   Total time for sledgehammer calls (Isabelle): 362.921
1.sledgehammer finalize   Total time for successful sledgehammer calls (ATP): 12.718
1.sledgehammer finalize   Average time for sledgehammer calls (Isabelle): 362.921
1.sledgehammer finalize   Average time for successful sledgehammer calls (ATP): 12.718
