1.sledgehammer initialize Params for sledgehammer: {abduce = SOME 0, cache_dir = NONE, compress = NONE, debug = false, expect =
1.sledgehammer initialize  "", fact_filter = NONE, fact_thresholds = (0.45, 0.85), falsify =
1.sledgehammer initialize  SOME false, induction_rules = NONE, instantiate = NONE, isar_proofs = NONE,
1.sledgehammer initialize  lam_trans = NONE, learn = true, max_facts = NONE, max_mono_iters = NONE,
1.sledgehammer initialize  max_new_mono_instances = NONE, max_proofs = 1, minimize = true, overlord =
1.sledgehammer initialize  false, preplay_timeout = 1.000, provers =
1.sledgehammer initialize  ["cvc5", "verit", "z3", "e", "spass", "vampire", "zipperposition",
1.sledgehammer initialize   "presburger", "fastforce", "linarith", "algebra", "order", "metis",
1.sledgehammer initialize   "meson", "force", "blast", "simp", "satx", "fast", "auto", "argo"],
1.sledgehammer initialize  slices = 24, smt_proofs = true, spy = false, strict = false, timeout =
1.sledgehammer initialize  300.000, try0 = true, type_enc = NONE, uncurried_aliases = NONE, verbose =
1.sledgehammer initialize  false}
0.try0 goal.proof        15ms LemmaSledge.AndOrXor_2647_values_0 8:351  
1.sledgehammer goal.proof     199028ms LemmaSledge.AndOrXor_2647_values_0 8:351  some (SH 199028ms, ATP 11886ms): Try this: by (metis disjunctive_xor_eq_or xor_and_or_help xor_as_or_and demorg_and demorg_or bit.xor_def2 bit.xor_def bit.de_Morgan_disj bit.de_Morgan_conj xor_remove_inner bit.double_compl bit.compl_eq_compl_iff zero_and_eq ext bit.conj_zero_left bit.conj_zero_right and_zero or.left_neutral or_zero bit.xor_self xor_self_eq xor.left_neutral xor.right_neutral bit.xor_compl_left bit.xor_compl_right bit.conj_cancel_right bit.conj_cancel_left disjunctive_diff_eq_and_not arith_lemmas.diff_self not_bw_not disjunctive_and_not_eq_xor and_not_self bit.xor_left_self or.left_idem and_distrib mod_prop_xor mod_prop_or xor.left_commute xor.commute xor.assoc bit.disj_conj_distrib bit.conj_disj_distrib bit.conj_xor_distrib2 bit.conj_xor_distrib and_remove mod_prop_and) (647 ms)
1.sledgehammer finalize   Total number of sledgehammer calls: 1
1.sledgehammer finalize   Number of successful sledgehammer calls: 1
1.sledgehammer finalize   Number of sledgehammer lemmas: 46
1.sledgehammer finalize   Max number of sledgehammer lemmas: 46
1.sledgehammer finalize   Success rate: 100.0%
1.sledgehammer finalize   Total number of nontrivial sledgehammer calls: 1
1.sledgehammer finalize   Number of successful nontrivial sledgehammer calls: 1
1.sledgehammer finalize   Total time for sledgehammer calls (Isabelle): 199.028
1.sledgehammer finalize   Total time for successful sledgehammer calls (ATP): 11.886
1.sledgehammer finalize   Average time for sledgehammer calls (Isabelle): 199.028
1.sledgehammer finalize   Average time for successful sledgehammer calls (ATP): 11.886
