1.sledgehammer initialize Params for sledgehammer: {abduce = SOME 0, cache_dir = NONE, compress = NONE, debug = false, expect =
1.sledgehammer initialize  "", fact_filter = NONE, fact_thresholds = (0.45, 0.85), falsify =
1.sledgehammer initialize  SOME false, induction_rules = NONE, instantiate = NONE, isar_proofs = NONE,
1.sledgehammer initialize  lam_trans = NONE, learn = true, max_facts = NONE, max_mono_iters = NONE,
1.sledgehammer initialize  max_new_mono_instances = NONE, max_proofs = 1, minimize = true, overlord =
1.sledgehammer initialize  false, preplay_timeout = 1.000, provers =
1.sledgehammer initialize  ["cvc5", "verit", "z3", "e", "spass", "vampire", "zipperposition",
1.sledgehammer initialize   "presburger", "fastforce", "linarith", "algebra", "order", "metis",
1.sledgehammer initialize   "meson", "force", "blast", "simp", "satx", "fast", "auto", "argo"],
1.sledgehammer initialize  slices = 24, smt_proofs = true, spy = false, strict = false, timeout =
1.sledgehammer initialize  300.000, try0 = true, type_enc = NONE, uncurried_aliases = NONE, verbose =
1.sledgehammer initialize  false}
0.try0 goal.proof         9ms LemmaSledge.AndOrXor_144_values_0 8:359  
1.sledgehammer goal.proof     305775ms LemmaSledge.AndOrXor_144_values_0 8:359  some (SH 305775ms, ATP 27553ms): Try this: by (metis or.right_idem and.right_idem and_self and_distrib mod_prop_or or_remove and_remove and.left_commute or_eq_not_not_and zero_and_eq bit.conj_zero_left bit.conj_zero_right and_zero or.left_neutral bit.conj_cancel_right add_remove_prec_right) (217 ms)
1.sledgehammer finalize   Total number of sledgehammer calls: 1
1.sledgehammer finalize   Number of successful sledgehammer calls: 1
1.sledgehammer finalize   Number of sledgehammer lemmas: 16
1.sledgehammer finalize   Max number of sledgehammer lemmas: 16
1.sledgehammer finalize   Success rate: 100.0%
1.sledgehammer finalize   Total number of nontrivial sledgehammer calls: 1
1.sledgehammer finalize   Number of successful nontrivial sledgehammer calls: 1
1.sledgehammer finalize   Total time for sledgehammer calls (Isabelle): 305.775
1.sledgehammer finalize   Total time for successful sledgehammer calls (ATP): 27.553
1.sledgehammer finalize   Average time for sledgehammer calls (Isabelle): 305.775
1.sledgehammer finalize   Average time for successful sledgehammer calls (ATP): 27.553
