1.sledgehammer initialize Params for sledgehammer: {abduce = SOME 0, cache_dir = NONE, compress = NONE, debug = false, expect =
1.sledgehammer initialize  "", fact_filter = NONE, fact_thresholds = (0.45, 0.85), falsify =
1.sledgehammer initialize  SOME false, induction_rules = NONE, instantiate = NONE, isar_proofs = NONE,
1.sledgehammer initialize  lam_trans = NONE, learn = true, max_facts = NONE, max_mono_iters = NONE,
1.sledgehammer initialize  max_new_mono_instances = NONE, max_proofs = 1, minimize = true, overlord =
1.sledgehammer initialize  false, preplay_timeout = 1.000, provers =
1.sledgehammer initialize  ["cvc5", "verit", "z3", "e", "spass", "vampire", "zipperposition",
1.sledgehammer initialize   "presburger", "fastforce", "linarith", "algebra", "order", "metis",
1.sledgehammer initialize   "meson", "force", "blast", "simp", "satx", "fast", "auto", "argo"],
1.sledgehammer initialize  slices = 24, smt_proofs = true, spy = false, strict = false, timeout =
1.sledgehammer initialize  300.000, try0 = true, type_enc = NONE, uncurried_aliases = NONE, verbose =
1.sledgehammer initialize  false}
0.try0 goal.proof         6ms LemmaSledge.AndOrXor_1346b_values_0 8:367  
1.sledgehammer goal.proof     51359ms LemmaSledge.AndOrXor_1346b_values_0 8:367  some (SH 51359ms, ATP 2956ms): Try this: by (metis mod_prop_and and_remove and.commute) (76 ms)
1.sledgehammer finalize   Total number of sledgehammer calls: 1
1.sledgehammer finalize   Number of successful sledgehammer calls: 1
1.sledgehammer finalize   Number of sledgehammer lemmas: 3
1.sledgehammer finalize   Max number of sledgehammer lemmas: 3
1.sledgehammer finalize   Success rate: 100.0%
1.sledgehammer finalize   Total number of nontrivial sledgehammer calls: 1
1.sledgehammer finalize   Number of successful nontrivial sledgehammer calls: 1
1.sledgehammer finalize   Total time for sledgehammer calls (Isabelle): 51.359
1.sledgehammer finalize   Total time for successful sledgehammer calls (ATP): 2.956
1.sledgehammer finalize   Average time for sledgehammer calls (Isabelle): 51.359
1.sledgehammer finalize   Average time for successful sledgehammer calls (ATP): 2.956
