[2026-04-15T14:14:06Z WARN  parabit] Sanitised input expression 0 from:
    (bw (+ (- k 1) 1) (+ (bw (+ (- k 1) 1) (bw 1 "%a")) (bw k "%b")))
    to:
    (bw (+ (- k 1) 1) (+ (bw (+ (- k 1) 1) (bw 1 var_a)) (bw k var_b)))
[2026-04-15T14:14:06Z WARN  parabit] Sanitised input expression 0 from:
    (bw k (sel (bw 1 "%a") (bw k (+ (bw k "%b") (bw k 1))) (bw k "%b")))
    to:
    (bw k (sel (bw 1 var_a) (bw k (+ (bw k var_b) (bw k 1))) (bw k var_b)))
[2026-04-15T14:14:06Z INFO  parabit] Running parabit on file: AddSub_1098_values_0
[2026-04-15T14:14:06Z INFO  parabit] Iteration 0: 17 nodes, 17 classes
[2026-04-15T14:14:06Z INFO  parabit] Iteration 1: 75 nodes, 53 classes
[2026-04-15T14:14:06Z INFO  parabit] Iteration 2: 140 nodes, 74 classes
[2026-04-15T14:14:06Z INFO  parabit] Iteration 3: 270 nodes, 128 classes
[2026-04-15T14:14:06Z INFO  parabit] Iteration 4: 820 nodes, 227 classes
[2026-04-15T14:14:06Z INFO  parabit] Iteration 5: 1535 nodes, 382 classes
[2026-04-15T14:14:06Z INFO  parabit] Iteration 6: 3811 nodes, 999 classes
[2026-04-15T14:14:06Z INFO  parabit] Iteration 7: 15915 nodes, 3608 classes
[2026-04-15T14:14:11Z INFO  parabit] Iteration 8: 182494 nodes, 41463 classes
memory allocation of 25165824 bytes failed
timeout: the monitored command dumped core
Command exited with non-zero status 124
{"elapsed":13.82, "maxrss":1812856}
