[2026-04-16T11:40:50Z WARN  parabit] Sanitised input expression 0 from:
    (bw k (xor (bw k (- (bw k C) (bw k "%x"))) (bw k (not (bw k 0)))))
    to:
    (bw k (xor (bw k (- (bw k C) (bw k var_x))) (bw k (not (bw k 0)))))
[2026-04-16T11:40:50Z WARN  parabit] Sanitised input expression 0 from:
    (bw k (+ (bw k "%x") (bw k (- (bw k (not (bw k 0))) (bw k C)))))
    to:
    (bw k (+ (bw k var_x) (bw k (- (bw k (not (bw k 0))) (bw k C)))))
[2026-04-16T11:40:50Z INFO  parabit] Running parabit on file: AndOrXor_2475_values_0
[2026-04-16T11:40:50Z INFO  parabit] Iteration 0: 18 nodes, 18 classes
[2026-04-16T11:40:50Z INFO  parabit] Iteration 1: 81 nodes, 49 classes
[2026-04-16T11:40:50Z INFO  parabit] Iteration 2: 168 nodes, 74 classes
[2026-04-16T11:40:50Z INFO  parabit] Iteration 3: 350 nodes, 114 classes
[2026-04-16T11:40:50Z INFO  parabit] Iteration 4: 666 nodes, 200 classes
[2026-04-16T11:40:50Z INFO  parabit] Iteration 5: 1432 nodes, 391 classes
[2026-04-16T11:40:50Z INFO  parabit] Iteration 6: 3673 nodes, 886 classes
[2026-04-16T11:40:51Z INFO  parabit] Iteration 7: 11289 nodes, 2742 classes
[2026-04-16T11:41:11Z INFO  parabit] Iteration 8: 72483 nodes, 16615 classes
[2026-04-16T11:45:29Z INFO  parabit] Reducing size
{"elapsed":281.95, "maxrss":3585060}
