1.sledgehammer initialize Params for sledgehammer: {abduce = SOME 0, cache_dir = NONE, compress = NONE, debug = false, expect =
1.sledgehammer initialize  "", fact_filter = NONE, fact_thresholds = (0.45, 0.85), falsify =
1.sledgehammer initialize  SOME false, induction_rules = NONE, instantiate = NONE, isar_proofs = NONE,
1.sledgehammer initialize  lam_trans = NONE, learn = true, max_facts = NONE, max_mono_iters = NONE,
1.sledgehammer initialize  max_new_mono_instances = NONE, max_proofs = 1, minimize = true, overlord =
1.sledgehammer initialize  false, preplay_timeout = 1.000, provers =
1.sledgehammer initialize  ["cvc5", "verit", "z3", "e", "spass", "vampire", "zipperposition",
1.sledgehammer initialize   "presburger", "fastforce", "linarith", "algebra", "order", "metis",
1.sledgehammer initialize   "meson", "force", "blast", "simp", "satx", "fast", "auto", "argo"],
1.sledgehammer initialize  slices = 24, smt_proofs = true, spy = false, strict = false, timeout =
1.sledgehammer initialize  300.000, try0 = true, type_enc = NONE, uncurried_aliases = NONE, verbose =
1.sledgehammer initialize  false}
0.try0 goal.proof         6ms LemmaSledge.AndOrXor_2627_values_0 8:418  
1.sledgehammer goal.proof     200562ms LemmaSledge.AndOrXor_2627_values_0 8:418  some (SH 200562ms, ATP 25051ms): Try this: by (smt (verit) and.commute and.left_commute and_assoc and_eq_not_not_or and_not_self and_remove bit.conj_disj_distrib bit.conj_disj_distrib2 bit.conj_xor_distrib bit.conj_xor_distrib2 bit.double_compl bit.xor_def bit.xor_def2 bw_0 mod_prop_and mod_prop_not mod_prop_xor or_eq_not_not_and or_remove or_self or_zero xor.assoc xor.commute xor.left_commute xor_allones xor_remove) (> 1.0 s, timed out)
1.sledgehammer finalize   Total number of sledgehammer calls: 1
1.sledgehammer finalize   Number of successful sledgehammer calls: 1
1.sledgehammer finalize   Number of sledgehammer lemmas: 26
1.sledgehammer finalize   Max number of sledgehammer lemmas: 26
1.sledgehammer finalize   Success rate: 100.0%
1.sledgehammer finalize   Total number of nontrivial sledgehammer calls: 1
1.sledgehammer finalize   Number of successful nontrivial sledgehammer calls: 1
1.sledgehammer finalize   Total time for sledgehammer calls (Isabelle): 200.562
1.sledgehammer finalize   Total time for successful sledgehammer calls (ATP): 25.051
1.sledgehammer finalize   Average time for sledgehammer calls (Isabelle): 200.562
1.sledgehammer finalize   Average time for successful sledgehammer calls (ATP): 25.051
