[2026-04-15T14:07:16Z WARN  parabit] Sanitised input expression 0 from:
    (bw k (or (bw k (xor (bw k "%A") (bw k "%B"))) (bw k (xor (bw k (xor (bw k "%B") (bw k "%C"))) (bw k "%A")))))
    to:
    (bw k (or (bw k (xor (bw k var_A) (bw k var_B))) (bw k (xor (bw k (xor (bw k var_B) (bw k var_C))) (bw k var_A)))))
[2026-04-15T14:07:16Z WARN  parabit] Sanitised input expression 0 from:
    (bw k (or (bw k (xor (bw k "%A") (bw k "%B"))) (bw k "%C")))
    to:
    (bw k (or (bw k (xor (bw k var_A) (bw k var_B))) (bw k var_C)))
[2026-04-15T14:07:16Z INFO  parabit] Running parabit on file: AndOrXor_2231_values_0
[2026-04-15T14:07:16Z INFO  parabit] Iteration 0: 18 nodes, 18 classes
[2026-04-15T14:07:16Z INFO  parabit] Iteration 1: 74 nodes, 46 classes
[2026-04-15T14:07:16Z INFO  parabit] Iteration 2: 136 nodes, 76 classes
[2026-04-15T14:07:16Z INFO  parabit] Iteration 3: 264 nodes, 100 classes
[2026-04-15T14:07:16Z INFO  parabit] Iteration 4: 477 nodes, 175 classes
[2026-04-15T14:07:16Z INFO  parabit] Iteration 5: 1142 nodes, 311 classes
[2026-04-15T14:07:16Z INFO  parabit] Iteration 6: 2796 nodes, 472 classes
[2026-04-15T14:07:16Z INFO  parabit] Iteration 7: 6796 nodes, 1789 classes
[2026-04-15T14:07:16Z INFO  parabit] Iteration 8: 75421 nodes, 3516 classes
[2026-04-15T14:07:18Z INFO  parabit] Iteration 9: 456898 nodes, 14238 classes
memory allocation of 25165824 bytes failed
timeout: the monitored command dumped core
Command exited with non-zero status 124
{"elapsed":14.69, "maxrss":1307236}
