[2026-04-15T14:07:16Z WARN  parabit] Sanitised input expression 0 from:
    (bw (+ k k) (and (bw (+ k k) (signed k (bw k "%x"))) (bw (+ k k) (signed k (bw k "%y")))))
    to:
    (bw (+ k k) (and (bw (+ k k) (signed k (bw k var_x))) (bw (+ k k) (signed k (bw k var_y)))))
[2026-04-15T14:07:16Z WARN  parabit] Sanitised input expression 0 from:
    (bw (+ k k) (signed k (bw k (and (bw k "%x") (bw k "%y")))))
    to:
    (bw (+ k k) (signed k (bw k (and (bw k var_x) (bw k var_y)))))
[2026-04-15T14:07:16Z INFO  parabit] Running parabit on file: AndOrXor_1346a_values_0
[2026-04-15T14:07:16Z INFO  parabit] Iteration 0: 17 nodes, 17 classes
[2026-04-15T14:07:16Z INFO  parabit] Iteration 1: 67 nodes, 50 classes
[2026-04-15T14:07:16Z INFO  parabit] Iteration 2: 147 nodes, 92 classes
[2026-04-15T14:07:16Z INFO  parabit] Iteration 3: 265 nodes, 144 classes
[2026-04-15T14:07:16Z INFO  parabit] Iteration 4: 437 nodes, 195 classes
[2026-04-15T14:07:16Z INFO  parabit] Iteration 5: 796 nodes, 304 classes
[2026-04-15T14:07:16Z INFO  parabit] Iteration 6: 1776 nodes, 550 classes
[2026-04-15T14:07:16Z INFO  parabit] Iteration 7: 4529 nodes, 1415 classes
[2026-04-15T14:07:17Z INFO  parabit] Iteration 8: 26868 nodes, 8809 classes
memory allocation of 25165824 bytes failed
timeout: the monitored command dumped core
Command exited with non-zero status 124
{"elapsed":11.95, "maxrss":1828620}
