[2026-03-27T17:16:39Z WARN  parabit] Sanitised input expression 0 from:
    (bw k (- (bw k C) (bw k (+ (bw k "%X") (bw k C2)))))
    to:
    (bw k (- (bw k C) (bw k (+ (bw k var_X) (bw k C2)))))
[2026-03-27T17:16:39Z WARN  parabit] Sanitised input expression 0 from:
    (bw k (- (bw k (- (bw k C) (bw k C2))) (bw k "%X")))
    to:
    (bw k (- (bw k (- (bw k C) (bw k C2))) (bw k var_X)))
[2026-03-27T17:16:39Z INFO  parabit] Running parabit on file: AddSub_1574_values_0
[2026-03-27T17:16:39Z INFO  parabit] Iteration 0: 16 nodes, 16 classes
[2026-03-27T17:16:39Z INFO  parabit] Iteration 1: 71 nodes, 52 classes
[2026-03-27T17:16:39Z INFO  parabit] Iteration 2: 172 nodes, 94 classes
[2026-03-27T17:16:39Z INFO  parabit] Iteration 3: 381 nodes, 146 classes
[2026-03-27T17:16:39Z INFO  parabit] Iteration 0: 16 nodes, 16 classes
[2026-03-27T17:16:39Z INFO  parabit] Iteration 1: 71 nodes, 52 classes
[2026-03-27T17:16:39Z INFO  parabit] Iteration 2: 172 nodes, 94 classes
[2026-03-27T17:16:39Z INFO  parabit] Iteration 3: 381 nodes, 146 classes
[2026-03-27T17:16:39Z INFO  parabit] Iteration 0: 16 nodes, 16 classes
[2026-03-27T17:16:39Z INFO  parabit] Iteration 1: 71 nodes, 52 classes
[2026-03-27T17:16:39Z INFO  parabit] Iteration 2: 172 nodes, 94 classes
[2026-03-27T17:16:39Z INFO  parabit] Iteration 3: 381 nodes, 146 classes
[2026-03-27T17:16:39Z INFO  parabit] Iteration 0: 16 nodes, 16 classes
[2026-03-27T17:16:39Z INFO  parabit] Iteration 1: 71 nodes, 52 classes
[2026-03-27T17:16:39Z INFO  parabit] Iteration 2: 172 nodes, 94 classes
[2026-03-27T17:16:39Z INFO  parabit] Iteration 3: 381 nodes, 146 classes
[2026-03-27T17:16:39Z INFO  parabit] Iteration 0: 16 nodes, 16 classes
[2026-03-27T17:16:39Z INFO  parabit] Iteration 1: 71 nodes, 52 classes
[2026-03-27T17:16:39Z INFO  parabit] Iteration 2: 172 nodes, 94 classes
[2026-03-27T17:16:39Z INFO  parabit] Iteration 3: 381 nodes, 146 classes
[2026-03-27T17:16:39Z INFO  parabit] Iteration 0: 16 nodes, 16 classes
[2026-03-27T17:16:39Z INFO  parabit] Iteration 1: 71 nodes, 52 classes
[2026-03-27T17:16:39Z INFO  parabit] Iteration 2: 172 nodes, 94 classes
[2026-03-27T17:16:39Z INFO  parabit] Iteration 3: 381 nodes, 146 classes
[2026-03-27T17:16:39Z INFO  parabit] Iteration 0: 16 nodes, 16 classes
[2026-03-27T17:16:39Z INFO  parabit] Iteration 1: 71 nodes, 52 classes
[2026-03-27T17:16:39Z INFO  parabit] Iteration 2: 172 nodes, 94 classes
[2026-03-27T17:16:39Z INFO  parabit] Iteration 3: 381 nodes, 146 classes
[2026-03-27T17:16:39Z INFO  parabit] Iteration 0: 16 nodes, 16 classes
[2026-03-27T17:16:39Z INFO  parabit] Iteration 1: 71 nodes, 52 classes
[2026-03-27T17:16:39Z INFO  parabit] Iteration 2: 172 nodes, 94 classes
[2026-03-27T17:16:39Z INFO  parabit] Iteration 3: 381 nodes, 146 classes
[2026-03-27T17:16:39Z INFO  parabit] Iteration 0: 16 nodes, 16 classes
[2026-03-27T17:16:39Z INFO  parabit] Iteration 1: 71 nodes, 52 classes
[2026-03-27T17:16:39Z INFO  parabit] Iteration 2: 172 nodes, 94 classes
[2026-03-27T17:16:39Z INFO  parabit] Iteration 3: 381 nodes, 146 classes
[2026-03-27T17:16:39Z INFO  parabit] Iteration 0: 16 nodes, 16 classes
[2026-03-27T17:16:39Z INFO  parabit] Iteration 1: 71 nodes, 52 classes
[2026-03-27T17:16:39Z INFO  parabit] Iteration 2: 172 nodes, 94 classes
[2026-03-27T17:16:39Z INFO  parabit] Iteration 3: 381 nodes, 146 classes
[2026-03-27T17:16:39Z INFO  parabit] Iteration 0: 16 nodes, 16 classes
[2026-03-27T17:16:39Z INFO  parabit] Iteration 1: 71 nodes, 52 classes
[2026-03-27T17:16:39Z INFO  parabit] Iteration 2: 172 nodes, 94 classes
[2026-03-27T17:16:39Z INFO  parabit] Iteration 3: 381 nodes, 146 classes
[2026-03-27T17:16:39Z INFO  parabit] Iteration 0: 16 nodes, 16 classes
[2026-03-27T17:16:39Z INFO  parabit] Iteration 1: 71 nodes, 52 classes
[2026-03-27T17:16:39Z INFO  parabit] Iteration 2: 172 nodes, 94 classes
[2026-03-27T17:16:39Z INFO  parabit] Iteration 3: 381 nodes, 146 classes
[2026-03-27T17:16:39Z INFO  parabit] Iteration 0: 16 nodes, 16 classes
[2026-03-27T17:16:39Z INFO  parabit] Iteration 1: 71 nodes, 52 classes
[2026-03-27T17:16:39Z INFO  parabit] Iteration 2: 172 nodes, 94 classes
[2026-03-27T17:16:39Z INFO  parabit] Iteration 3: 381 nodes, 146 classes
[2026-03-27T17:16:39Z INFO  parabit] Iteration 0: 16 nodes, 16 classes
[2026-03-27T17:16:39Z INFO  parabit] Iteration 1: 71 nodes, 52 classes
[2026-03-27T17:16:39Z INFO  parabit] Iteration 2: 172 nodes, 94 classes
[2026-03-27T17:16:39Z INFO  parabit] Iteration 3: 381 nodes, 146 classes
[2026-03-27T17:16:39Z INFO  parabit] Iteration 0: 16 nodes, 16 classes
[2026-03-27T17:16:39Z INFO  parabit] Iteration 1: 71 nodes, 52 classes
[2026-03-27T17:16:39Z INFO  parabit] Iteration 2: 172 nodes, 94 classes
[2026-03-27T17:16:39Z INFO  parabit] Iteration 3: 381 nodes, 146 classes
[2026-03-27T17:16:39Z INFO  parabit] Iteration 0: 16 nodes, 16 classes
[2026-03-27T17:16:39Z INFO  parabit] Iteration 1: 71 nodes, 52 classes
[2026-03-27T17:16:39Z INFO  parabit] Iteration 2: 172 nodes, 94 classes
[2026-03-27T17:16:39Z INFO  parabit] Iteration 3: 381 nodes, 146 classes
[2026-03-27T17:16:39Z INFO  parabit] Iteration 0: 16 nodes, 16 classes
[2026-03-27T17:16:39Z INFO  parabit] Iteration 1: 71 nodes, 52 classes
[2026-03-27T17:16:39Z INFO  parabit] Iteration 2: 172 nodes, 94 classes
[2026-03-27T17:16:39Z INFO  parabit] Iteration 3: 381 nodes, 146 classes
[2026-03-27T17:16:39Z INFO  parabit] Iteration 0: 16 nodes, 16 classes
[2026-03-27T17:16:39Z INFO  parabit] Iteration 1: 71 nodes, 52 classes
[2026-03-27T17:16:39Z INFO  parabit] Iteration 2: 172 nodes, 94 classes
[2026-03-27T17:16:39Z INFO  parabit] Iteration 3: 381 nodes, 146 classes
[2026-03-27T17:16:39Z INFO  parabit] Iteration 0: 16 nodes, 16 classes
[2026-03-27T17:16:39Z INFO  parabit] Iteration 1: 71 nodes, 52 classes
[2026-03-27T17:16:39Z INFO  parabit] Iteration 2: 172 nodes, 94 classes
[2026-03-27T17:16:39Z INFO  parabit] Iteration 3: 381 nodes, 146 classes
[2026-03-27T17:16:39Z INFO  parabit] Iteration 0: 16 nodes, 16 classes
[2026-03-27T17:16:39Z INFO  parabit] Iteration 1: 71 nodes, 52 classes
[2026-03-27T17:16:39Z INFO  parabit] Iteration 2: 172 nodes, 94 classes
[2026-03-27T17:16:39Z INFO  parabit] Iteration 3: 381 nodes, 146 classes
[2026-03-27T17:16:39Z INFO  parabit] Iteration 0: 16 nodes, 16 classes
[2026-03-27T17:16:39Z INFO  parabit] Iteration 1: 71 nodes, 52 classes
[2026-03-27T17:16:39Z INFO  parabit] Iteration 2: 172 nodes, 94 classes
[2026-03-27T17:16:39Z INFO  parabit] Iteration 3: 381 nodes, 146 classes
[2026-03-27T17:16:39Z INFO  parabit] Iteration 0: 16 nodes, 16 classes
[2026-03-27T17:16:39Z INFO  parabit] Iteration 1: 71 nodes, 52 classes
[2026-03-27T17:16:39Z INFO  parabit] Iteration 2: 172 nodes, 94 classes
[2026-03-27T17:16:39Z INFO  parabit] Iteration 3: 381 nodes, 146 classes
[2026-03-27T17:16:39Z INFO  parabit] Iteration 0: 16 nodes, 16 classes
[2026-03-27T17:16:39Z INFO  parabit] Iteration 1: 71 nodes, 52 classes
[2026-03-27T17:16:39Z INFO  parabit] Iteration 2: 172 nodes, 94 classes
[2026-03-27T17:16:39Z INFO  parabit] Iteration 3: 381 nodes, 146 classes
[2026-03-27T17:16:39Z INFO  parabit] Iteration 0: 16 nodes, 16 classes
[2026-03-27T17:16:39Z INFO  parabit] Iteration 1: 71 nodes, 52 classes
[2026-03-27T17:16:39Z INFO  parabit] Iteration 2: 172 nodes, 94 classes
[2026-03-27T17:16:39Z INFO  parabit] Iteration 3: 381 nodes, 146 classes
[2026-03-27T17:16:39Z INFO  parabit] Iteration 0: 16 nodes, 16 classes
[2026-03-27T17:16:39Z INFO  parabit] Iteration 1: 71 nodes, 52 classes
[2026-03-27T17:16:39Z INFO  parabit] Iteration 2: 172 nodes, 94 classes
[2026-03-27T17:16:39Z INFO  parabit] Iteration 3: 381 nodes, 146 classes
[2026-03-27T17:16:39Z INFO  parabit] Iteration 0: 16 nodes, 16 classes
[2026-03-27T17:16:39Z INFO  parabit] Iteration 1: 71 nodes, 52 classes
[2026-03-27T17:16:39Z INFO  parabit] Iteration 2: 172 nodes, 94 classes
[2026-03-27T17:16:39Z INFO  parabit] Iteration 3: 381 nodes, 146 classes
[2026-03-27T17:16:39Z INFO  parabit] Iteration 0: 16 nodes, 16 classes
[2026-03-27T17:16:39Z INFO  parabit] Iteration 1: 71 nodes, 52 classes
[2026-03-27T17:16:39Z INFO  parabit] Iteration 2: 172 nodes, 94 classes
[2026-03-27T17:16:39Z INFO  parabit] Iteration 3: 381 nodes, 146 classes
[2026-03-27T17:16:39Z INFO  parabit] Iteration 0: 16 nodes, 16 classes
[2026-03-27T17:16:39Z INFO  parabit] Iteration 1: 71 nodes, 52 classes
[2026-03-27T17:16:39Z INFO  parabit] Iteration 2: 172 nodes, 94 classes
[2026-03-27T17:16:39Z INFO  parabit] Iteration 3: 381 nodes, 146 classes
[2026-03-27T17:16:39Z INFO  parabit] Iteration 0: 16 nodes, 16 classes
[2026-03-27T17:16:39Z INFO  parabit] Iteration 1: 71 nodes, 52 classes
[2026-03-27T17:16:39Z INFO  parabit] Iteration 2: 172 nodes, 94 classes
[2026-03-27T17:16:39Z INFO  parabit] Iteration 3: 381 nodes, 146 classes
[2026-03-27T17:16:39Z INFO  parabit] Iteration 0: 16 nodes, 16 classes
[2026-03-27T17:16:39Z INFO  parabit] Iteration 1: 71 nodes, 52 classes
[2026-03-27T17:16:39Z INFO  parabit] Iteration 2: 172 nodes, 94 classes
[2026-03-27T17:16:39Z INFO  parabit] Iteration 3: 381 nodes, 146 classes
[2026-03-27T17:16:39Z INFO  parabit] Iteration 0: 16 nodes, 16 classes
[2026-03-27T17:16:39Z INFO  parabit] Iteration 1: 71 nodes, 52 classes
[2026-03-27T17:16:39Z INFO  parabit] Iteration 2: 172 nodes, 94 classes
[2026-03-27T17:16:39Z INFO  parabit] Iteration 3: 381 nodes, 146 classes
[2026-03-27T17:16:39Z INFO  parabit] Iteration 0: 16 nodes, 16 classes
[2026-03-27T17:16:39Z INFO  parabit] Iteration 1: 71 nodes, 52 classes
[2026-03-27T17:16:39Z INFO  parabit] Iteration 2: 172 nodes, 94 classes
[2026-03-27T17:16:39Z INFO  parabit] Iteration 3: 381 nodes, 146 classes
[2026-03-27T17:16:39Z INFO  parabit] Iteration 0: 16 nodes, 16 classes
[2026-03-27T17:16:39Z INFO  parabit] Iteration 1: 71 nodes, 52 classes
[2026-03-27T17:16:39Z INFO  parabit] Iteration 2: 172 nodes, 94 classes
[2026-03-27T17:16:39Z INFO  parabit] Iteration 3: 381 nodes, 146 classes
[2026-03-27T17:16:39Z INFO  parabit] Iteration 0: 16 nodes, 16 classes
[2026-03-27T17:16:39Z INFO  parabit] Iteration 1: 71 nodes, 52 classes
[2026-03-27T17:16:39Z INFO  parabit] Iteration 2: 172 nodes, 94 classes
[2026-03-27T17:16:39Z INFO  parabit] Iteration 3: 381 nodes, 146 classes
[2026-03-27T17:16:39Z INFO  parabit] Iteration 0: 16 nodes, 16 classes
[2026-03-27T17:16:39Z INFO  parabit] Iteration 1: 71 nodes, 52 classes
[2026-03-27T17:16:39Z INFO  parabit] Iteration 2: 172 nodes, 94 classes
[2026-03-27T17:16:39Z INFO  parabit] Iteration 3: 381 nodes, 146 classes
[2026-03-27T17:16:39Z INFO  parabit] Iteration 0: 16 nodes, 16 classes
[2026-03-27T17:16:39Z INFO  parabit] Iteration 1: 71 nodes, 52 classes
[2026-03-27T17:16:39Z INFO  parabit] Iteration 2: 172 nodes, 94 classes
[2026-03-27T17:16:39Z INFO  parabit] Iteration 3: 381 nodes, 146 classes
[2026-03-27T17:16:39Z INFO  parabit] Iteration 0: 16 nodes, 16 classes
[2026-03-27T17:16:39Z INFO  parabit] Iteration 1: 71 nodes, 52 classes
[2026-03-27T17:16:39Z INFO  parabit] Iteration 2: 172 nodes, 94 classes
[2026-03-27T17:16:39Z INFO  parabit] Iteration 3: 381 nodes, 146 classes
[2026-03-27T17:16:39Z INFO  parabit] Iteration 0: 16 nodes, 16 classes
[2026-03-27T17:16:39Z INFO  parabit] Iteration 1: 71 nodes, 52 classes
[2026-03-27T17:16:39Z INFO  parabit] Iteration 2: 172 nodes, 94 classes
[2026-03-27T17:16:39Z INFO  parabit] Iteration 3: 381 nodes, 146 classes
[2026-03-27T17:16:39Z INFO  parabit] Iteration 0: 16 nodes, 16 classes
[2026-03-27T17:16:39Z INFO  parabit] Iteration 1: 71 nodes, 52 classes
[2026-03-27T17:16:39Z INFO  parabit] Iteration 2: 172 nodes, 94 classes
[2026-03-27T17:16:39Z INFO  parabit] Iteration 3: 381 nodes, 146 classes
[2026-03-27T17:16:39Z INFO  parabit] Iteration 0: 16 nodes, 16 classes
[2026-03-27T17:16:39Z INFO  parabit] Iteration 1: 71 nodes, 52 classes
[2026-03-27T17:16:39Z INFO  parabit] Iteration 2: 172 nodes, 94 classes
[2026-03-27T17:16:39Z INFO  parabit] Iteration 3: 381 nodes, 146 classes
[2026-03-27T17:16:39Z INFO  parabit] Iteration 0: 16 nodes, 16 classes
[2026-03-27T17:16:39Z INFO  parabit] Iteration 1: 71 nodes, 52 classes
[2026-03-27T17:16:39Z INFO  parabit] Iteration 2: 172 nodes, 94 classes
[2026-03-27T17:16:39Z INFO  parabit] Iteration 3: 381 nodes, 146 classes
[2026-03-27T17:16:39Z INFO  parabit] Iteration 0: 16 nodes, 16 classes
[2026-03-27T17:16:39Z INFO  parabit] Iteration 1: 71 nodes, 52 classes
[2026-03-27T17:16:39Z INFO  parabit] Iteration 2: 172 nodes, 94 classes
[2026-03-27T17:16:39Z INFO  parabit] Iteration 3: 381 nodes, 146 classes
[2026-03-27T17:16:39Z INFO  parabit] Iteration 0: 16 nodes, 16 classes
[2026-03-27T17:16:39Z INFO  parabit] Iteration 1: 71 nodes, 52 classes
[2026-03-27T17:16:39Z INFO  parabit] Iteration 2: 172 nodes, 94 classes
[2026-03-27T17:16:39Z INFO  parabit] Iteration 3: 381 nodes, 146 classes
[2026-03-27T17:16:39Z INFO  parabit] Iteration 0: 16 nodes, 16 classes
[2026-03-27T17:16:39Z INFO  parabit] Iteration 1: 71 nodes, 52 classes
[2026-03-27T17:16:39Z INFO  parabit] Iteration 2: 172 nodes, 94 classes
[2026-03-27T17:16:39Z INFO  parabit] Iteration 3: 381 nodes, 146 classes
[2026-03-27T17:16:39Z INFO  parabit] Iteration 0: 16 nodes, 16 classes
[2026-03-27T17:16:39Z INFO  parabit] Iteration 1: 71 nodes, 52 classes
[2026-03-27T17:16:39Z INFO  parabit] Iteration 2: 172 nodes, 94 classes
[2026-03-27T17:16:39Z INFO  parabit] Iteration 3: 381 nodes, 146 classes
[2026-03-27T17:16:39Z INFO  parabit] Iteration 0: 16 nodes, 16 classes
[2026-03-27T17:16:39Z INFO  parabit] Iteration 1: 71 nodes, 52 classes
[2026-03-27T17:16:39Z INFO  parabit] Iteration 2: 172 nodes, 94 classes
[2026-03-27T17:16:39Z INFO  parabit] Iteration 3: 381 nodes, 146 classes
[2026-03-27T17:16:39Z INFO  parabit] Iteration 0: 16 nodes, 16 classes
[2026-03-27T17:16:39Z INFO  parabit] Iteration 1: 71 nodes, 52 classes
[2026-03-27T17:16:39Z INFO  parabit] Iteration 2: 172 nodes, 94 classes
[2026-03-27T17:16:39Z INFO  parabit] Iteration 3: 381 nodes, 146 classes
[2026-03-27T17:16:39Z INFO  parabit] Iteration 0: 16 nodes, 16 classes
[2026-03-27T17:16:39Z INFO  parabit] Iteration 1: 71 nodes, 52 classes
[2026-03-27T17:16:39Z INFO  parabit] Iteration 2: 172 nodes, 94 classes
[2026-03-27T17:16:39Z INFO  parabit] Iteration 3: 381 nodes, 146 classes
[2026-03-27T17:16:39Z INFO  parabit] Iteration 0: 16 nodes, 16 classes
[2026-03-27T17:16:39Z INFO  parabit] Iteration 1: 71 nodes, 52 classes
[2026-03-27T17:16:39Z INFO  parabit] Iteration 2: 172 nodes, 94 classes
[2026-03-27T17:16:39Z INFO  parabit] Iteration 3: 381 nodes, 146 classes
[2026-03-27T17:16:39Z INFO  parabit] Iteration 0: 16 nodes, 16 classes
[2026-03-27T17:16:39Z INFO  parabit] Iteration 1: 71 nodes, 52 classes
[2026-03-27T17:16:39Z INFO  parabit] Iteration 2: 172 nodes, 94 classes
[2026-03-27T17:16:39Z INFO  parabit] Iteration 3: 381 nodes, 146 classes
[2026-03-27T17:16:39Z INFO  parabit] Iteration 0: 16 nodes, 16 classes
[2026-03-27T17:16:39Z INFO  parabit] Iteration 1: 71 nodes, 52 classes
[2026-03-27T17:16:39Z INFO  parabit] Iteration 2: 172 nodes, 94 classes
[2026-03-27T17:16:39Z INFO  parabit] Iteration 3: 381 nodes, 146 classes
[2026-03-27T17:16:39Z INFO  parabit] Iteration 0: 16 nodes, 16 classes
[2026-03-27T17:16:39Z INFO  parabit] Iteration 1: 71 nodes, 52 classes
[2026-03-27T17:16:39Z INFO  parabit] Iteration 2: 172 nodes, 94 classes
[2026-03-27T17:16:39Z INFO  parabit] Iteration 3: 381 nodes, 146 classes
[2026-03-27T17:16:39Z INFO  parabit] Iteration 0: 16 nodes, 16 classes
[2026-03-27T17:16:39Z INFO  parabit] Iteration 1: 71 nodes, 52 classes
[2026-03-27T17:16:39Z INFO  parabit] Iteration 2: 172 nodes, 94 classes
[2026-03-27T17:16:39Z INFO  parabit] Iteration 3: 381 nodes, 146 classes
[2026-03-27T17:16:39Z INFO  parabit] Iteration 0: 16 nodes, 16 classes
[2026-03-27T17:16:39Z INFO  parabit] Iteration 1: 71 nodes, 52 classes
[2026-03-27T17:16:39Z INFO  parabit] Iteration 2: 172 nodes, 94 classes
[2026-03-27T17:16:39Z INFO  parabit] Iteration 3: 381 nodes, 146 classes
[2026-03-27T17:16:39Z INFO  parabit] Iteration 0: 16 nodes, 16 classes
[2026-03-27T17:16:39Z INFO  parabit] Iteration 1: 71 nodes, 52 classes
[2026-03-27T17:16:39Z INFO  parabit] Iteration 2: 172 nodes, 94 classes
[2026-03-27T17:16:39Z INFO  parabit] Iteration 3: 381 nodes, 146 classes
[2026-03-27T17:16:39Z INFO  parabit] Iteration 0: 16 nodes, 16 classes
[2026-03-27T17:16:39Z INFO  parabit] Iteration 1: 71 nodes, 52 classes
[2026-03-27T17:16:39Z INFO  parabit] Iteration 2: 172 nodes, 94 classes
[2026-03-27T17:16:39Z INFO  parabit] Iteration 3: 381 nodes, 146 classes
[2026-03-27T17:16:39Z INFO  parabit] Iteration 0: 16 nodes, 16 classes
[2026-03-27T17:16:39Z INFO  parabit] Iteration 1: 71 nodes, 52 classes
[2026-03-27T17:16:39Z INFO  parabit] Iteration 2: 172 nodes, 94 classes
[2026-03-27T17:16:39Z INFO  parabit] Iteration 3: 381 nodes, 146 classes
[2026-03-27T17:16:39Z INFO  parabit] Iteration 0: 16 nodes, 16 classes
[2026-03-27T17:16:39Z INFO  parabit] Iteration 1: 71 nodes, 52 classes
[2026-03-27T17:16:39Z INFO  parabit] Iteration 2: 172 nodes, 94 classes
[2026-03-27T17:16:39Z INFO  parabit] Iteration 3: 381 nodes, 146 classes
[2026-03-27T17:16:39Z INFO  parabit] Iteration 0: 16 nodes, 16 classes
[2026-03-27T17:16:39Z INFO  parabit] Iteration 1: 71 nodes, 52 classes
[2026-03-27T17:16:39Z INFO  parabit] Iteration 2: 172 nodes, 94 classes
[2026-03-27T17:16:39Z INFO  parabit] Iteration 3: 381 nodes, 146 classes
[2026-03-27T17:16:39Z INFO  parabit] Iteration 0: 16 nodes, 16 classes
[2026-03-27T17:16:39Z INFO  parabit] Iteration 1: 71 nodes, 52 classes
[2026-03-27T17:16:39Z INFO  parabit] Iteration 2: 172 nodes, 94 classes
[2026-03-27T17:16:39Z INFO  parabit] Iteration 3: 381 nodes, 146 classes
[2026-03-27T17:16:40Z INFO  parabit] Iteration 0: 16 nodes, 16 classes
[2026-03-27T17:16:40Z INFO  parabit] Iteration 1: 71 nodes, 52 classes
[2026-03-27T17:16:40Z INFO  parabit] Iteration 2: 172 nodes, 94 classes
[2026-03-27T17:16:40Z INFO  parabit] Iteration 3: 381 nodes, 146 classes
[2026-03-27T17:16:40Z INFO  parabit] Iteration 0: 16 nodes, 16 classes
[2026-03-27T17:16:40Z INFO  parabit] Iteration 1: 71 nodes, 52 classes
[2026-03-27T17:16:40Z INFO  parabit] Iteration 2: 172 nodes, 94 classes
[2026-03-27T17:16:40Z INFO  parabit] Iteration 3: 381 nodes, 146 classes
[2026-03-27T17:16:40Z INFO  parabit] Iteration 0: 16 nodes, 16 classes
[2026-03-27T17:16:40Z INFO  parabit] Iteration 1: 71 nodes, 52 classes
[2026-03-27T17:16:40Z INFO  parabit] Iteration 2: 172 nodes, 94 classes
[2026-03-27T17:16:40Z INFO  parabit] Iteration 3: 381 nodes, 146 classes
[2026-03-27T17:16:40Z INFO  parabit] Iteration 0: 16 nodes, 16 classes
[2026-03-27T17:16:40Z INFO  parabit] Iteration 1: 71 nodes, 52 classes
[2026-03-27T17:16:40Z INFO  parabit] Iteration 2: 172 nodes, 94 classes
[2026-03-27T17:16:40Z INFO  parabit] Iteration 3: 381 nodes, 146 classes
[2026-03-27T17:16:40Z INFO  parabit] Iteration 0: 16 nodes, 16 classes
[2026-03-27T17:16:40Z INFO  parabit] Iteration 1: 71 nodes, 52 classes
[2026-03-27T17:16:40Z INFO  parabit] Iteration 2: 172 nodes, 94 classes
[2026-03-27T17:16:40Z INFO  parabit] Iteration 3: 381 nodes, 146 classes
[2026-03-27T17:16:40Z INFO  parabit] Iteration 0: 16 nodes, 16 classes
[2026-03-27T17:16:40Z INFO  parabit] Iteration 1: 71 nodes, 52 classes
[2026-03-27T17:16:40Z INFO  parabit] Iteration 2: 172 nodes, 94 classes
[2026-03-27T17:16:40Z INFO  parabit] Iteration 3: 381 nodes, 146 classes
[2026-03-27T17:16:40Z INFO  parabit] Iteration 0: 16 nodes, 16 classes
[2026-03-27T17:16:40Z INFO  parabit] Iteration 1: 71 nodes, 52 classes
[2026-03-27T17:16:40Z INFO  parabit] Iteration 2: 172 nodes, 94 classes
[2026-03-27T17:16:40Z INFO  parabit] Iteration 3: 381 nodes, 146 classes
[2026-03-27T17:16:40Z INFO  parabit] Iteration 0: 16 nodes, 16 classes
[2026-03-27T17:16:40Z INFO  parabit] Iteration 1: 71 nodes, 52 classes
[2026-03-27T17:16:40Z INFO  parabit] Iteration 2: 172 nodes, 94 classes
[2026-03-27T17:16:40Z INFO  parabit] Iteration 3: 381 nodes, 146 classes
[2026-03-27T17:16:40Z INFO  parabit] Iteration 0: 16 nodes, 16 classes
[2026-03-27T17:16:40Z INFO  parabit] Iteration 1: 71 nodes, 52 classes
[2026-03-27T17:16:40Z INFO  parabit] Iteration 2: 172 nodes, 94 classes
[2026-03-27T17:16:40Z INFO  parabit] Iteration 3: 381 nodes, 146 classes
[2026-03-27T17:16:40Z INFO  parabit] Iteration 0: 16 nodes, 16 classes
[2026-03-27T17:16:40Z INFO  parabit] Iteration 1: 71 nodes, 52 classes
[2026-03-27T17:16:40Z INFO  parabit] Iteration 2: 172 nodes, 94 classes
[2026-03-27T17:16:40Z INFO  parabit] Iteration 3: 381 nodes, 146 classes
[2026-03-27T17:16:40Z INFO  parabit] Iteration 0: 16 nodes, 16 classes
[2026-03-27T17:16:40Z INFO  parabit] Iteration 1: 71 nodes, 52 classes
[2026-03-27T17:16:40Z INFO  parabit] Iteration 2: 172 nodes, 94 classes
[2026-03-27T17:16:40Z INFO  parabit] Iteration 3: 381 nodes, 146 classes
[2026-03-27T17:16:40Z INFO  parabit] Iteration 0: 16 nodes, 16 classes
[2026-03-27T17:16:40Z INFO  parabit] Iteration 1: 71 nodes, 52 classes
[2026-03-27T17:16:40Z INFO  parabit] Iteration 2: 172 nodes, 94 classes
[2026-03-27T17:16:40Z INFO  parabit] Iteration 3: 381 nodes, 146 classes
[2026-03-27T17:16:40Z INFO  parabit] Iteration 0: 16 nodes, 16 classes
[2026-03-27T17:16:40Z INFO  parabit] Iteration 1: 71 nodes, 52 classes
[2026-03-27T17:16:40Z INFO  parabit] Iteration 2: 172 nodes, 94 classes
[2026-03-27T17:16:40Z INFO  parabit] Iteration 3: 381 nodes, 146 classes
[2026-03-27T17:16:40Z INFO  parabit] Iteration 0: 16 nodes, 16 classes
[2026-03-27T17:16:40Z INFO  parabit] Iteration 1: 71 nodes, 52 classes
[2026-03-27T17:16:40Z INFO  parabit] Iteration 2: 172 nodes, 94 classes
[2026-03-27T17:16:40Z INFO  parabit] Iteration 3: 381 nodes, 146 classes
[2026-03-27T17:16:40Z INFO  parabit] Iteration 0: 16 nodes, 16 classes
[2026-03-27T17:16:40Z INFO  parabit] Iteration 1: 71 nodes, 52 classes
[2026-03-27T17:16:40Z INFO  parabit] Iteration 2: 172 nodes, 94 classes
[2026-03-27T17:16:40Z INFO  parabit] Iteration 3: 381 nodes, 146 classes
[2026-03-27T17:16:40Z INFO  parabit] Iteration 0: 16 nodes, 16 classes
[2026-03-27T17:16:40Z INFO  parabit] Iteration 1: 71 nodes, 52 classes
[2026-03-27T17:16:40Z INFO  parabit] Iteration 2: 172 nodes, 94 classes
[2026-03-27T17:16:40Z INFO  parabit] Iteration 3: 381 nodes, 146 classes
[2026-03-27T17:16:40Z INFO  parabit] Iteration 0: 16 nodes, 16 classes
[2026-03-27T17:16:40Z INFO  parabit] Iteration 1: 71 nodes, 52 classes
[2026-03-27T17:16:40Z INFO  parabit] Iteration 2: 172 nodes, 94 classes
[2026-03-27T17:16:40Z INFO  parabit] Iteration 3: 381 nodes, 146 classes
[2026-03-27T17:16:40Z INFO  parabit] Iteration 0: 16 nodes, 16 classes
[2026-03-27T17:16:40Z INFO  parabit] Iteration 1: 71 nodes, 52 classes
[2026-03-27T17:16:40Z INFO  parabit] Iteration 2: 172 nodes, 94 classes
[2026-03-27T17:16:40Z INFO  parabit] Iteration 3: 381 nodes, 146 classes
[2026-03-27T17:16:40Z INFO  parabit] Iteration 0: 16 nodes, 16 classes
[2026-03-27T17:16:40Z INFO  parabit] Iteration 1: 71 nodes, 52 classes
[2026-03-27T17:16:40Z INFO  parabit] Iteration 2: 172 nodes, 94 classes
[2026-03-27T17:16:40Z INFO  parabit] Iteration 3: 381 nodes, 146 classes
[2026-03-27T17:16:40Z INFO  parabit] Iteration 0: 16 nodes, 16 classes
[2026-03-27T17:16:40Z INFO  parabit] Iteration 1: 71 nodes, 52 classes
[2026-03-27T17:16:40Z INFO  parabit] Iteration 2: 172 nodes, 94 classes
[2026-03-27T17:16:40Z INFO  parabit] Iteration 3: 381 nodes, 146 classes
[2026-03-27T17:16:40Z INFO  parabit] Iteration 0: 16 nodes, 16 classes
[2026-03-27T17:16:40Z INFO  parabit] Iteration 1: 71 nodes, 52 classes
[2026-03-27T17:16:40Z INFO  parabit] Iteration 2: 172 nodes, 94 classes
[2026-03-27T17:16:40Z INFO  parabit] Iteration 3: 381 nodes, 146 classes
[2026-03-27T17:16:40Z INFO  parabit] Iteration 0: 16 nodes, 16 classes
[2026-03-27T17:16:40Z INFO  parabit] Iteration 1: 71 nodes, 52 classes
[2026-03-27T17:16:40Z INFO  parabit] Iteration 2: 172 nodes, 94 classes
[2026-03-27T17:16:40Z INFO  parabit] Iteration 3: 381 nodes, 146 classes
[2026-03-27T17:16:40Z INFO  parabit] Iteration 0: 16 nodes, 16 classes
[2026-03-27T17:16:40Z INFO  parabit] Iteration 1: 71 nodes, 52 classes
[2026-03-27T17:16:40Z INFO  parabit] Iteration 2: 172 nodes, 94 classes
[2026-03-27T17:16:40Z INFO  parabit] Iteration 3: 381 nodes, 146 classes
[2026-03-27T17:16:40Z INFO  parabit] Iteration 0: 16 nodes, 16 classes
[2026-03-27T17:16:40Z INFO  parabit] Iteration 1: 71 nodes, 52 classes
[2026-03-27T17:16:40Z INFO  parabit] Iteration 2: 172 nodes, 94 classes
[2026-03-27T17:16:40Z INFO  parabit] Iteration 3: 381 nodes, 146 classes
[2026-03-27T17:16:40Z INFO  parabit] Iteration 0: 16 nodes, 16 classes
[2026-03-27T17:16:40Z INFO  parabit] Iteration 1: 71 nodes, 52 classes
[2026-03-27T17:16:40Z INFO  parabit] Iteration 2: 172 nodes, 94 classes
[2026-03-27T17:16:40Z INFO  parabit] Iteration 3: 381 nodes, 146 classes
[2026-03-27T17:16:40Z INFO  parabit] Iteration 0: 16 nodes, 16 classes
[2026-03-27T17:16:40Z INFO  parabit] Iteration 1: 71 nodes, 52 classes
[2026-03-27T17:16:40Z INFO  parabit] Iteration 2: 172 nodes, 94 classes
[2026-03-27T17:16:40Z INFO  parabit] Iteration 3: 381 nodes, 146 classes
[2026-03-27T17:16:40Z INFO  parabit] Iteration 0: 16 nodes, 16 classes
[2026-03-27T17:16:40Z INFO  parabit] Iteration 1: 71 nodes, 52 classes
[2026-03-27T17:16:40Z INFO  parabit] Iteration 2: 172 nodes, 94 classes
[2026-03-27T17:16:40Z INFO  parabit] Iteration 3: 381 nodes, 146 classes
[2026-03-27T17:16:40Z INFO  parabit] Iteration 0: 16 nodes, 16 classes
[2026-03-27T17:16:40Z INFO  parabit] Iteration 1: 71 nodes, 52 classes
[2026-03-27T17:16:40Z INFO  parabit] Iteration 2: 172 nodes, 94 classes
[2026-03-27T17:16:40Z INFO  parabit] Iteration 3: 381 nodes, 146 classes
[2026-03-27T17:16:40Z INFO  parabit] Iteration 0: 16 nodes, 16 classes
[2026-03-27T17:16:40Z INFO  parabit] Iteration 1: 71 nodes, 52 classes
[2026-03-27T17:16:40Z INFO  parabit] Iteration 2: 172 nodes, 94 classes
[2026-03-27T17:16:40Z INFO  parabit] Iteration 3: 381 nodes, 146 classes
[2026-03-27T17:16:40Z INFO  parabit] Iteration 0: 16 nodes, 16 classes
[2026-03-27T17:16:40Z INFO  parabit] Iteration 1: 71 nodes, 52 classes
[2026-03-27T17:16:40Z INFO  parabit] Iteration 2: 172 nodes, 94 classes
[2026-03-27T17:16:40Z INFO  parabit] Iteration 3: 381 nodes, 146 classes
[2026-03-27T17:16:40Z INFO  parabit] Iteration 0: 16 nodes, 16 classes
[2026-03-27T17:16:40Z INFO  parabit] Iteration 1: 71 nodes, 52 classes
[2026-03-27T17:16:40Z INFO  parabit] Iteration 2: 172 nodes, 94 classes
[2026-03-27T17:16:40Z INFO  parabit] Iteration 3: 381 nodes, 146 classes
[2026-03-27T17:16:40Z INFO  parabit] Iteration 0: 16 nodes, 16 classes
[2026-03-27T17:16:40Z INFO  parabit] Iteration 1: 71 nodes, 52 classes
[2026-03-27T17:16:40Z INFO  parabit] Iteration 2: 172 nodes, 94 classes
[2026-03-27T17:16:40Z INFO  parabit] Iteration 3: 381 nodes, 146 classes
[2026-03-27T17:16:40Z INFO  parabit] Iteration 0: 16 nodes, 16 classes
[2026-03-27T17:16:40Z INFO  parabit] Iteration 1: 71 nodes, 52 classes
[2026-03-27T17:16:40Z INFO  parabit] Iteration 2: 172 nodes, 94 classes
[2026-03-27T17:16:40Z INFO  parabit] Iteration 3: 381 nodes, 146 classes
[2026-03-27T17:16:40Z INFO  parabit] Iteration 0: 16 nodes, 16 classes
[2026-03-27T17:16:40Z INFO  parabit] Iteration 1: 71 nodes, 52 classes
[2026-03-27T17:16:40Z INFO  parabit] Iteration 2: 172 nodes, 94 classes
[2026-03-27T17:16:40Z INFO  parabit] Iteration 3: 381 nodes, 146 classes
[2026-03-27T17:16:40Z INFO  parabit] Iteration 0: 16 nodes, 16 classes
[2026-03-27T17:16:40Z INFO  parabit] Iteration 1: 71 nodes, 52 classes
[2026-03-27T17:16:40Z INFO  parabit] Iteration 2: 172 nodes, 94 classes
[2026-03-27T17:16:40Z INFO  parabit] Iteration 3: 381 nodes, 146 classes
[2026-03-27T17:16:40Z INFO  parabit] Iteration 0: 16 nodes, 16 classes
[2026-03-27T17:16:40Z INFO  parabit] Iteration 1: 71 nodes, 52 classes
[2026-03-27T17:16:40Z INFO  parabit] Iteration 2: 172 nodes, 94 classes
[2026-03-27T17:16:40Z INFO  parabit] Iteration 3: 381 nodes, 146 classes
[2026-03-27T17:16:40Z INFO  parabit] Iteration 0: 16 nodes, 16 classes
[2026-03-27T17:16:40Z INFO  parabit] Iteration 1: 71 nodes, 52 classes
[2026-03-27T17:16:40Z INFO  parabit] Iteration 2: 172 nodes, 94 classes
[2026-03-27T17:16:40Z INFO  parabit] Iteration 3: 381 nodes, 146 classes
[2026-03-27T17:16:40Z INFO  parabit] Iteration 0: 16 nodes, 16 classes
[2026-03-27T17:16:40Z INFO  parabit] Iteration 1: 71 nodes, 52 classes
[2026-03-27T17:16:40Z INFO  parabit] Iteration 2: 172 nodes, 94 classes
[2026-03-27T17:16:40Z INFO  parabit] Iteration 3: 381 nodes, 146 classes
[2026-03-27T17:16:40Z INFO  parabit] Iteration 0: 16 nodes, 16 classes
[2026-03-27T17:16:40Z INFO  parabit] Iteration 1: 71 nodes, 52 classes
[2026-03-27T17:16:40Z INFO  parabit] Iteration 2: 172 nodes, 94 classes
[2026-03-27T17:16:40Z INFO  parabit] Iteration 3: 381 nodes, 146 classes
[2026-03-27T17:16:40Z INFO  parabit] Iteration 0: 16 nodes, 16 classes
[2026-03-27T17:16:40Z INFO  parabit] Iteration 1: 71 nodes, 52 classes
[2026-03-27T17:16:40Z INFO  parabit] Iteration 2: 172 nodes, 94 classes
[2026-03-27T17:16:40Z INFO  parabit] Iteration 3: 381 nodes, 146 classes
{"elapsed":0.24, "maxrss":5504}
