[2026-03-27T17:16:39Z WARN  parabit] Sanitised input expression 0 from:
    (bw k (+ (bw k (xor (bw k "%x") (bw k (not (bw k 0))))) (bw k C)))
    to:
    (bw k (+ (bw k (xor (bw k var_x) (bw k (not (bw k 0))))) (bw k C)))
[2026-03-27T17:16:39Z WARN  parabit] Sanitised input expression 0 from:
    (bw k (- (bw k (- (bw k C) (bw k 1))) (bw k "%x")))
    to:
    (bw k (- (bw k (- (bw k C) (bw k 1))) (bw k var_x)))
[2026-03-27T17:16:39Z INFO  parabit] Running parabit on file: AddSub_1202_values_0
[2026-03-27T17:16:39Z INFO  parabit] Iteration 0: 20 nodes, 20 classes
[2026-03-27T17:16:39Z INFO  parabit] Iteration 1: 94 nodes, 50 classes
[2026-03-27T17:16:39Z INFO  parabit] Iteration 2: 193 nodes, 75 classes
[2026-03-27T17:16:39Z INFO  parabit] Iteration 3: 396 nodes, 127 classes
[2026-03-27T17:16:39Z INFO  parabit] Iteration 4: 1013 nodes, 226 classes
[2026-03-27T17:16:39Z INFO  parabit] Iteration 0: 20 nodes, 20 classes
[2026-03-27T17:16:39Z INFO  parabit] Iteration 1: 94 nodes, 50 classes
[2026-03-27T17:16:39Z INFO  parabit] Iteration 2: 193 nodes, 75 classes
[2026-03-27T17:16:39Z INFO  parabit] Iteration 3: 396 nodes, 127 classes
[2026-03-27T17:16:39Z INFO  parabit] Iteration 4: 1013 nodes, 226 classes
[2026-03-27T17:16:39Z INFO  parabit] Iteration 0: 20 nodes, 20 classes
[2026-03-27T17:16:39Z INFO  parabit] Iteration 1: 94 nodes, 50 classes
[2026-03-27T17:16:39Z INFO  parabit] Iteration 2: 193 nodes, 75 classes
[2026-03-27T17:16:39Z INFO  parabit] Iteration 3: 396 nodes, 127 classes
[2026-03-27T17:16:39Z INFO  parabit] Iteration 4: 1013 nodes, 226 classes
[2026-03-27T17:16:39Z INFO  parabit] Iteration 0: 20 nodes, 20 classes
[2026-03-27T17:16:39Z INFO  parabit] Iteration 1: 94 nodes, 50 classes
[2026-03-27T17:16:39Z INFO  parabit] Iteration 2: 193 nodes, 75 classes
[2026-03-27T17:16:39Z INFO  parabit] Iteration 3: 396 nodes, 127 classes
[2026-03-27T17:16:39Z INFO  parabit] Iteration 4: 1013 nodes, 226 classes
[2026-03-27T17:16:39Z INFO  parabit] Iteration 0: 20 nodes, 20 classes
[2026-03-27T17:16:39Z INFO  parabit] Iteration 1: 94 nodes, 50 classes
[2026-03-27T17:16:39Z INFO  parabit] Iteration 2: 193 nodes, 75 classes
[2026-03-27T17:16:39Z INFO  parabit] Iteration 3: 396 nodes, 127 classes
[2026-03-27T17:16:39Z INFO  parabit] Iteration 4: 1013 nodes, 226 classes
[2026-03-27T17:16:39Z INFO  parabit] Iteration 0: 20 nodes, 20 classes
[2026-03-27T17:16:39Z INFO  parabit] Iteration 1: 94 nodes, 50 classes
[2026-03-27T17:16:39Z INFO  parabit] Iteration 2: 193 nodes, 75 classes
[2026-03-27T17:16:39Z INFO  parabit] Iteration 3: 396 nodes, 127 classes
[2026-03-27T17:16:39Z INFO  parabit] Iteration 4: 1013 nodes, 226 classes
[2026-03-27T17:16:39Z INFO  parabit] Iteration 0: 20 nodes, 20 classes
[2026-03-27T17:16:39Z INFO  parabit] Iteration 1: 94 nodes, 50 classes
[2026-03-27T17:16:39Z INFO  parabit] Iteration 2: 193 nodes, 75 classes
[2026-03-27T17:16:39Z INFO  parabit] Iteration 3: 396 nodes, 127 classes
[2026-03-27T17:16:39Z INFO  parabit] Iteration 4: 1013 nodes, 226 classes
[2026-03-27T17:16:39Z INFO  parabit] Iteration 0: 20 nodes, 20 classes
[2026-03-27T17:16:39Z INFO  parabit] Iteration 1: 94 nodes, 50 classes
[2026-03-27T17:16:39Z INFO  parabit] Iteration 2: 193 nodes, 75 classes
[2026-03-27T17:16:39Z INFO  parabit] Iteration 3: 396 nodes, 127 classes
[2026-03-27T17:16:39Z INFO  parabit] Iteration 4: 1013 nodes, 226 classes
[2026-03-27T17:16:39Z INFO  parabit] Iteration 0: 20 nodes, 20 classes
[2026-03-27T17:16:39Z INFO  parabit] Iteration 1: 94 nodes, 50 classes
[2026-03-27T17:16:39Z INFO  parabit] Iteration 2: 193 nodes, 75 classes
[2026-03-27T17:16:39Z INFO  parabit] Iteration 3: 396 nodes, 127 classes
[2026-03-27T17:16:39Z INFO  parabit] Iteration 4: 1013 nodes, 226 classes
[2026-03-27T17:16:39Z INFO  parabit] Iteration 0: 20 nodes, 20 classes
[2026-03-27T17:16:39Z INFO  parabit] Iteration 1: 94 nodes, 50 classes
[2026-03-27T17:16:39Z INFO  parabit] Iteration 2: 193 nodes, 75 classes
[2026-03-27T17:16:39Z INFO  parabit] Iteration 3: 396 nodes, 127 classes
[2026-03-27T17:16:39Z INFO  parabit] Iteration 4: 1013 nodes, 226 classes
[2026-03-27T17:16:39Z INFO  parabit] Iteration 0: 20 nodes, 20 classes
[2026-03-27T17:16:39Z INFO  parabit] Iteration 1: 94 nodes, 50 classes
[2026-03-27T17:16:39Z INFO  parabit] Iteration 2: 193 nodes, 75 classes
[2026-03-27T17:16:39Z INFO  parabit] Iteration 3: 396 nodes, 127 classes
[2026-03-27T17:16:39Z INFO  parabit] Iteration 4: 1013 nodes, 226 classes
[2026-03-27T17:16:39Z INFO  parabit] Iteration 0: 20 nodes, 20 classes
[2026-03-27T17:16:39Z INFO  parabit] Iteration 1: 94 nodes, 50 classes
[2026-03-27T17:16:39Z INFO  parabit] Iteration 2: 193 nodes, 75 classes
[2026-03-27T17:16:39Z INFO  parabit] Iteration 3: 396 nodes, 127 classes
[2026-03-27T17:16:39Z INFO  parabit] Iteration 4: 1013 nodes, 226 classes
[2026-03-27T17:16:39Z INFO  parabit] Iteration 0: 20 nodes, 20 classes
[2026-03-27T17:16:39Z INFO  parabit] Iteration 1: 94 nodes, 50 classes
[2026-03-27T17:16:39Z INFO  parabit] Iteration 2: 193 nodes, 75 classes
[2026-03-27T17:16:39Z INFO  parabit] Iteration 3: 396 nodes, 127 classes
[2026-03-27T17:16:39Z INFO  parabit] Iteration 4: 1013 nodes, 226 classes
[2026-03-27T17:16:39Z INFO  parabit] Iteration 0: 20 nodes, 20 classes
[2026-03-27T17:16:39Z INFO  parabit] Iteration 1: 94 nodes, 50 classes
[2026-03-27T17:16:39Z INFO  parabit] Iteration 2: 193 nodes, 75 classes
[2026-03-27T17:16:39Z INFO  parabit] Iteration 3: 396 nodes, 127 classes
[2026-03-27T17:16:39Z INFO  parabit] Iteration 4: 1013 nodes, 226 classes
[2026-03-27T17:16:39Z INFO  parabit] Iteration 0: 20 nodes, 20 classes
[2026-03-27T17:16:39Z INFO  parabit] Iteration 1: 94 nodes, 50 classes
[2026-03-27T17:16:39Z INFO  parabit] Iteration 2: 193 nodes, 75 classes
[2026-03-27T17:16:39Z INFO  parabit] Iteration 3: 396 nodes, 127 classes
[2026-03-27T17:16:39Z INFO  parabit] Iteration 4: 1013 nodes, 226 classes
[2026-03-27T17:16:39Z INFO  parabit] Iteration 0: 20 nodes, 20 classes
[2026-03-27T17:16:39Z INFO  parabit] Iteration 1: 94 nodes, 50 classes
[2026-03-27T17:16:39Z INFO  parabit] Iteration 2: 193 nodes, 75 classes
[2026-03-27T17:16:39Z INFO  parabit] Iteration 3: 396 nodes, 127 classes
[2026-03-27T17:16:39Z INFO  parabit] Iteration 4: 1013 nodes, 226 classes
[2026-03-27T17:16:39Z INFO  parabit] Iteration 0: 20 nodes, 20 classes
[2026-03-27T17:16:39Z INFO  parabit] Iteration 1: 94 nodes, 50 classes
[2026-03-27T17:16:39Z INFO  parabit] Iteration 2: 193 nodes, 75 classes
[2026-03-27T17:16:39Z INFO  parabit] Iteration 3: 396 nodes, 127 classes
[2026-03-27T17:16:39Z INFO  parabit] Iteration 4: 1013 nodes, 226 classes
[2026-03-27T17:16:39Z INFO  parabit] Iteration 0: 20 nodes, 20 classes
[2026-03-27T17:16:39Z INFO  parabit] Iteration 1: 94 nodes, 50 classes
[2026-03-27T17:16:39Z INFO  parabit] Iteration 2: 193 nodes, 75 classes
[2026-03-27T17:16:39Z INFO  parabit] Iteration 3: 396 nodes, 127 classes
[2026-03-27T17:16:39Z INFO  parabit] Iteration 4: 1013 nodes, 226 classes
[2026-03-27T17:16:39Z INFO  parabit] Iteration 0: 20 nodes, 20 classes
[2026-03-27T17:16:39Z INFO  parabit] Iteration 1: 94 nodes, 50 classes
[2026-03-27T17:16:39Z INFO  parabit] Iteration 2: 193 nodes, 75 classes
[2026-03-27T17:16:39Z INFO  parabit] Iteration 3: 396 nodes, 127 classes
[2026-03-27T17:16:39Z INFO  parabit] Iteration 4: 1013 nodes, 226 classes
[2026-03-27T17:16:39Z INFO  parabit] Iteration 0: 20 nodes, 20 classes
[2026-03-27T17:16:39Z INFO  parabit] Iteration 1: 94 nodes, 50 classes
[2026-03-27T17:16:39Z INFO  parabit] Iteration 2: 193 nodes, 75 classes
[2026-03-27T17:16:39Z INFO  parabit] Iteration 3: 396 nodes, 127 classes
[2026-03-27T17:16:39Z INFO  parabit] Iteration 4: 1013 nodes, 226 classes
[2026-03-27T17:16:39Z INFO  parabit] Iteration 0: 20 nodes, 20 classes
[2026-03-27T17:16:39Z INFO  parabit] Iteration 1: 94 nodes, 50 classes
[2026-03-27T17:16:39Z INFO  parabit] Iteration 2: 193 nodes, 75 classes
[2026-03-27T17:16:39Z INFO  parabit] Iteration 3: 396 nodes, 127 classes
[2026-03-27T17:16:39Z INFO  parabit] Iteration 4: 1013 nodes, 226 classes
[2026-03-27T17:16:39Z INFO  parabit] Iteration 0: 20 nodes, 20 classes
[2026-03-27T17:16:39Z INFO  parabit] Iteration 1: 94 nodes, 50 classes
[2026-03-27T17:16:39Z INFO  parabit] Iteration 2: 193 nodes, 75 classes
[2026-03-27T17:16:39Z INFO  parabit] Iteration 3: 396 nodes, 127 classes
[2026-03-27T17:16:39Z INFO  parabit] Iteration 4: 1013 nodes, 226 classes
[2026-03-27T17:16:39Z INFO  parabit] Iteration 0: 20 nodes, 20 classes
[2026-03-27T17:16:39Z INFO  parabit] Iteration 1: 94 nodes, 50 classes
[2026-03-27T17:16:39Z INFO  parabit] Iteration 2: 193 nodes, 75 classes
[2026-03-27T17:16:39Z INFO  parabit] Iteration 3: 396 nodes, 127 classes
[2026-03-27T17:16:39Z INFO  parabit] Iteration 4: 1013 nodes, 226 classes
[2026-03-27T17:16:39Z INFO  parabit] Iteration 0: 20 nodes, 20 classes
[2026-03-27T17:16:39Z INFO  parabit] Iteration 1: 94 nodes, 50 classes
[2026-03-27T17:16:39Z INFO  parabit] Iteration 2: 193 nodes, 75 classes
[2026-03-27T17:16:39Z INFO  parabit] Iteration 3: 396 nodes, 127 classes
[2026-03-27T17:16:39Z INFO  parabit] Iteration 4: 1013 nodes, 226 classes
[2026-03-27T17:16:39Z INFO  parabit] Iteration 0: 20 nodes, 20 classes
[2026-03-27T17:16:39Z INFO  parabit] Iteration 1: 94 nodes, 50 classes
[2026-03-27T17:16:39Z INFO  parabit] Iteration 2: 193 nodes, 75 classes
[2026-03-27T17:16:39Z INFO  parabit] Iteration 3: 396 nodes, 127 classes
[2026-03-27T17:16:39Z INFO  parabit] Iteration 4: 1013 nodes, 226 classes
[2026-03-27T17:16:39Z INFO  parabit] Iteration 0: 20 nodes, 20 classes
[2026-03-27T17:16:39Z INFO  parabit] Iteration 1: 94 nodes, 50 classes
[2026-03-27T17:16:39Z INFO  parabit] Iteration 2: 193 nodes, 75 classes
[2026-03-27T17:16:39Z INFO  parabit] Iteration 3: 396 nodes, 127 classes
[2026-03-27T17:16:39Z INFO  parabit] Iteration 4: 1013 nodes, 226 classes
[2026-03-27T17:16:39Z INFO  parabit] Iteration 0: 20 nodes, 20 classes
[2026-03-27T17:16:39Z INFO  parabit] Iteration 1: 94 nodes, 50 classes
[2026-03-27T17:16:39Z INFO  parabit] Iteration 2: 193 nodes, 75 classes
[2026-03-27T17:16:39Z INFO  parabit] Iteration 3: 396 nodes, 127 classes
[2026-03-27T17:16:39Z INFO  parabit] Iteration 4: 1013 nodes, 226 classes
[2026-03-27T17:16:39Z INFO  parabit] Iteration 0: 20 nodes, 20 classes
[2026-03-27T17:16:39Z INFO  parabit] Iteration 1: 94 nodes, 50 classes
[2026-03-27T17:16:39Z INFO  parabit] Iteration 2: 193 nodes, 75 classes
[2026-03-27T17:16:39Z INFO  parabit] Iteration 3: 396 nodes, 127 classes
[2026-03-27T17:16:39Z INFO  parabit] Iteration 4: 1013 nodes, 226 classes
[2026-03-27T17:16:39Z INFO  parabit] Iteration 0: 20 nodes, 20 classes
[2026-03-27T17:16:39Z INFO  parabit] Iteration 1: 94 nodes, 50 classes
[2026-03-27T17:16:39Z INFO  parabit] Iteration 2: 193 nodes, 75 classes
[2026-03-27T17:16:39Z INFO  parabit] Iteration 3: 396 nodes, 127 classes
[2026-03-27T17:16:39Z INFO  parabit] Iteration 4: 1013 nodes, 226 classes
[2026-03-27T17:16:39Z INFO  parabit] Iteration 0: 20 nodes, 20 classes
[2026-03-27T17:16:39Z INFO  parabit] Iteration 1: 94 nodes, 50 classes
[2026-03-27T17:16:39Z INFO  parabit] Iteration 2: 193 nodes, 75 classes
[2026-03-27T17:16:39Z INFO  parabit] Iteration 3: 396 nodes, 127 classes
[2026-03-27T17:16:39Z INFO  parabit] Iteration 4: 1013 nodes, 226 classes
[2026-03-27T17:16:39Z INFO  parabit] Iteration 0: 20 nodes, 20 classes
[2026-03-27T17:16:39Z INFO  parabit] Iteration 1: 94 nodes, 50 classes
[2026-03-27T17:16:39Z INFO  parabit] Iteration 2: 193 nodes, 75 classes
[2026-03-27T17:16:39Z INFO  parabit] Iteration 3: 396 nodes, 127 classes
[2026-03-27T17:16:39Z INFO  parabit] Iteration 4: 1013 nodes, 226 classes
[2026-03-27T17:16:39Z INFO  parabit] Iteration 0: 20 nodes, 20 classes
[2026-03-27T17:16:39Z INFO  parabit] Iteration 1: 94 nodes, 50 classes
[2026-03-27T17:16:39Z INFO  parabit] Iteration 2: 193 nodes, 75 classes
[2026-03-27T17:16:39Z INFO  parabit] Iteration 3: 396 nodes, 127 classes
[2026-03-27T17:16:39Z INFO  parabit] Iteration 4: 1013 nodes, 226 classes
[2026-03-27T17:16:39Z INFO  parabit] Iteration 0: 20 nodes, 20 classes
[2026-03-27T17:16:39Z INFO  parabit] Iteration 1: 94 nodes, 50 classes
[2026-03-27T17:16:39Z INFO  parabit] Iteration 2: 193 nodes, 75 classes
[2026-03-27T17:16:39Z INFO  parabit] Iteration 3: 396 nodes, 127 classes
[2026-03-27T17:16:39Z INFO  parabit] Iteration 4: 1013 nodes, 226 classes
[2026-03-27T17:16:39Z INFO  parabit] Iteration 0: 20 nodes, 20 classes
[2026-03-27T17:16:39Z INFO  parabit] Iteration 1: 94 nodes, 50 classes
[2026-03-27T17:16:39Z INFO  parabit] Iteration 2: 193 nodes, 75 classes
[2026-03-27T17:16:40Z INFO  parabit] Iteration 3: 396 nodes, 127 classes
[2026-03-27T17:16:40Z INFO  parabit] Iteration 4: 1013 nodes, 226 classes
[2026-03-27T17:16:40Z INFO  parabit] Iteration 0: 20 nodes, 20 classes
[2026-03-27T17:16:40Z INFO  parabit] Iteration 1: 94 nodes, 50 classes
[2026-03-27T17:16:40Z INFO  parabit] Iteration 2: 193 nodes, 75 classes
[2026-03-27T17:16:40Z INFO  parabit] Iteration 3: 396 nodes, 127 classes
[2026-03-27T17:16:40Z INFO  parabit] Iteration 4: 1013 nodes, 226 classes
[2026-03-27T17:16:40Z INFO  parabit] Iteration 0: 20 nodes, 20 classes
[2026-03-27T17:16:40Z INFO  parabit] Iteration 1: 94 nodes, 50 classes
[2026-03-27T17:16:40Z INFO  parabit] Iteration 2: 193 nodes, 75 classes
[2026-03-27T17:16:40Z INFO  parabit] Iteration 3: 396 nodes, 127 classes
[2026-03-27T17:16:40Z INFO  parabit] Iteration 4: 1013 nodes, 226 classes
[2026-03-27T17:16:40Z INFO  parabit] Iteration 0: 20 nodes, 20 classes
[2026-03-27T17:16:40Z INFO  parabit] Iteration 1: 94 nodes, 50 classes
[2026-03-27T17:16:40Z INFO  parabit] Iteration 2: 193 nodes, 75 classes
[2026-03-27T17:16:40Z INFO  parabit] Iteration 3: 396 nodes, 127 classes
[2026-03-27T17:16:40Z INFO  parabit] Iteration 4: 1013 nodes, 226 classes
[2026-03-27T17:16:40Z INFO  parabit] Iteration 0: 20 nodes, 20 classes
[2026-03-27T17:16:40Z INFO  parabit] Iteration 1: 94 nodes, 50 classes
[2026-03-27T17:16:40Z INFO  parabit] Iteration 2: 193 nodes, 75 classes
[2026-03-27T17:16:40Z INFO  parabit] Iteration 3: 396 nodes, 127 classes
[2026-03-27T17:16:40Z INFO  parabit] Iteration 4: 1013 nodes, 226 classes
[2026-03-27T17:16:40Z INFO  parabit] Iteration 0: 20 nodes, 20 classes
[2026-03-27T17:16:40Z INFO  parabit] Iteration 1: 94 nodes, 50 classes
[2026-03-27T17:16:40Z INFO  parabit] Iteration 2: 193 nodes, 75 classes
[2026-03-27T17:16:40Z INFO  parabit] Iteration 3: 396 nodes, 127 classes
[2026-03-27T17:16:40Z INFO  parabit] Iteration 4: 1013 nodes, 226 classes
[2026-03-27T17:16:40Z INFO  parabit] Iteration 0: 20 nodes, 20 classes
[2026-03-27T17:16:40Z INFO  parabit] Iteration 1: 94 nodes, 50 classes
[2026-03-27T17:16:40Z INFO  parabit] Iteration 2: 193 nodes, 75 classes
[2026-03-27T17:16:40Z INFO  parabit] Iteration 3: 396 nodes, 127 classes
[2026-03-27T17:16:40Z INFO  parabit] Iteration 4: 1013 nodes, 226 classes
[2026-03-27T17:16:40Z INFO  parabit] Iteration 0: 20 nodes, 20 classes
[2026-03-27T17:16:40Z INFO  parabit] Iteration 1: 94 nodes, 50 classes
[2026-03-27T17:16:40Z INFO  parabit] Iteration 2: 193 nodes, 75 classes
[2026-03-27T17:16:40Z INFO  parabit] Iteration 3: 396 nodes, 127 classes
[2026-03-27T17:16:40Z INFO  parabit] Iteration 4: 1013 nodes, 226 classes
[2026-03-27T17:16:40Z INFO  parabit] Iteration 0: 20 nodes, 20 classes
[2026-03-27T17:16:40Z INFO  parabit] Iteration 1: 94 nodes, 50 classes
[2026-03-27T17:16:40Z INFO  parabit] Iteration 2: 193 nodes, 75 classes
[2026-03-27T17:16:40Z INFO  parabit] Iteration 3: 396 nodes, 127 classes
[2026-03-27T17:16:40Z INFO  parabit] Iteration 4: 1013 nodes, 226 classes
[2026-03-27T17:16:40Z INFO  parabit] Iteration 0: 20 nodes, 20 classes
[2026-03-27T17:16:40Z INFO  parabit] Iteration 1: 94 nodes, 50 classes
[2026-03-27T17:16:40Z INFO  parabit] Iteration 2: 193 nodes, 75 classes
[2026-03-27T17:16:40Z INFO  parabit] Iteration 3: 396 nodes, 127 classes
[2026-03-27T17:16:40Z INFO  parabit] Iteration 4: 1013 nodes, 226 classes
[2026-03-27T17:16:40Z INFO  parabit] Iteration 0: 20 nodes, 20 classes
[2026-03-27T17:16:40Z INFO  parabit] Iteration 1: 94 nodes, 50 classes
[2026-03-27T17:16:40Z INFO  parabit] Iteration 2: 193 nodes, 75 classes
[2026-03-27T17:16:40Z INFO  parabit] Iteration 3: 396 nodes, 127 classes
[2026-03-27T17:16:40Z INFO  parabit] Iteration 4: 1013 nodes, 226 classes
[2026-03-27T17:16:40Z INFO  parabit] Iteration 0: 20 nodes, 20 classes
[2026-03-27T17:16:40Z INFO  parabit] Iteration 1: 94 nodes, 50 classes
[2026-03-27T17:16:40Z INFO  parabit] Iteration 2: 193 nodes, 75 classes
[2026-03-27T17:16:40Z INFO  parabit] Iteration 3: 396 nodes, 127 classes
[2026-03-27T17:16:40Z INFO  parabit] Iteration 4: 1013 nodes, 226 classes
[2026-03-27T17:16:40Z INFO  parabit] Iteration 0: 20 nodes, 20 classes
[2026-03-27T17:16:40Z INFO  parabit] Iteration 1: 94 nodes, 50 classes
[2026-03-27T17:16:40Z INFO  parabit] Iteration 2: 193 nodes, 75 classes
[2026-03-27T17:16:40Z INFO  parabit] Iteration 3: 396 nodes, 127 classes
[2026-03-27T17:16:40Z INFO  parabit] Iteration 4: 1013 nodes, 226 classes
[2026-03-27T17:16:40Z INFO  parabit] Iteration 0: 20 nodes, 20 classes
[2026-03-27T17:16:40Z INFO  parabit] Iteration 1: 94 nodes, 50 classes
[2026-03-27T17:16:40Z INFO  parabit] Iteration 2: 193 nodes, 75 classes
[2026-03-27T17:16:40Z INFO  parabit] Iteration 3: 396 nodes, 127 classes
[2026-03-27T17:16:40Z INFO  parabit] Iteration 4: 1013 nodes, 226 classes
[2026-03-27T17:16:40Z INFO  parabit] Iteration 0: 20 nodes, 20 classes
[2026-03-27T17:16:40Z INFO  parabit] Iteration 1: 94 nodes, 50 classes
[2026-03-27T17:16:40Z INFO  parabit] Iteration 2: 193 nodes, 75 classes
[2026-03-27T17:16:40Z INFO  parabit] Iteration 3: 396 nodes, 127 classes
[2026-03-27T17:16:40Z INFO  parabit] Iteration 4: 1013 nodes, 226 classes
[2026-03-27T17:16:40Z INFO  parabit] Iteration 0: 20 nodes, 20 classes
[2026-03-27T17:16:40Z INFO  parabit] Iteration 1: 94 nodes, 50 classes
[2026-03-27T17:16:40Z INFO  parabit] Iteration 2: 193 nodes, 75 classes
[2026-03-27T17:16:40Z INFO  parabit] Iteration 3: 396 nodes, 127 classes
[2026-03-27T17:16:40Z INFO  parabit] Iteration 4: 1013 nodes, 226 classes
[2026-03-27T17:16:40Z INFO  parabit] Iteration 0: 20 nodes, 20 classes
[2026-03-27T17:16:40Z INFO  parabit] Iteration 1: 94 nodes, 50 classes
[2026-03-27T17:16:40Z INFO  parabit] Iteration 2: 193 nodes, 75 classes
[2026-03-27T17:16:40Z INFO  parabit] Iteration 3: 396 nodes, 127 classes
[2026-03-27T17:16:40Z INFO  parabit] Iteration 4: 1013 nodes, 226 classes
[2026-03-27T17:16:40Z INFO  parabit] Iteration 0: 20 nodes, 20 classes
[2026-03-27T17:16:40Z INFO  parabit] Iteration 1: 94 nodes, 50 classes
[2026-03-27T17:16:40Z INFO  parabit] Iteration 2: 193 nodes, 75 classes
[2026-03-27T17:16:40Z INFO  parabit] Iteration 3: 396 nodes, 127 classes
[2026-03-27T17:16:40Z INFO  parabit] Iteration 4: 1013 nodes, 226 classes
[2026-03-27T17:16:40Z INFO  parabit] Iteration 0: 20 nodes, 20 classes
[2026-03-27T17:16:40Z INFO  parabit] Iteration 1: 94 nodes, 50 classes
[2026-03-27T17:16:40Z INFO  parabit] Iteration 2: 193 nodes, 75 classes
[2026-03-27T17:16:40Z INFO  parabit] Iteration 3: 396 nodes, 127 classes
[2026-03-27T17:16:40Z INFO  parabit] Iteration 4: 1013 nodes, 226 classes
[2026-03-27T17:16:40Z INFO  parabit] Iteration 0: 20 nodes, 20 classes
[2026-03-27T17:16:40Z INFO  parabit] Iteration 1: 94 nodes, 50 classes
[2026-03-27T17:16:40Z INFO  parabit] Iteration 2: 193 nodes, 75 classes
[2026-03-27T17:16:40Z INFO  parabit] Iteration 3: 396 nodes, 127 classes
[2026-03-27T17:16:40Z INFO  parabit] Iteration 4: 1013 nodes, 226 classes
[2026-03-27T17:16:40Z INFO  parabit] Iteration 0: 20 nodes, 20 classes
[2026-03-27T17:16:40Z INFO  parabit] Iteration 1: 94 nodes, 50 classes
[2026-03-27T17:16:40Z INFO  parabit] Iteration 2: 193 nodes, 75 classes
[2026-03-27T17:16:40Z INFO  parabit] Iteration 3: 396 nodes, 127 classes
[2026-03-27T17:16:40Z INFO  parabit] Iteration 4: 1013 nodes, 226 classes
[2026-03-27T17:16:40Z INFO  parabit] Iteration 0: 20 nodes, 20 classes
[2026-03-27T17:16:40Z INFO  parabit] Iteration 1: 94 nodes, 50 classes
[2026-03-27T17:16:40Z INFO  parabit] Iteration 2: 193 nodes, 75 classes
[2026-03-27T17:16:40Z INFO  parabit] Iteration 3: 396 nodes, 127 classes
[2026-03-27T17:16:40Z INFO  parabit] Iteration 4: 1013 nodes, 226 classes
[2026-03-27T17:16:40Z INFO  parabit] Iteration 0: 20 nodes, 20 classes
[2026-03-27T17:16:40Z INFO  parabit] Iteration 1: 94 nodes, 50 classes
[2026-03-27T17:16:40Z INFO  parabit] Iteration 2: 193 nodes, 75 classes
[2026-03-27T17:16:40Z INFO  parabit] Iteration 3: 396 nodes, 127 classes
[2026-03-27T17:16:40Z INFO  parabit] Iteration 4: 1013 nodes, 226 classes
[2026-03-27T17:16:40Z INFO  parabit] Iteration 0: 20 nodes, 20 classes
[2026-03-27T17:16:40Z INFO  parabit] Iteration 1: 94 nodes, 50 classes
[2026-03-27T17:16:40Z INFO  parabit] Iteration 2: 193 nodes, 75 classes
[2026-03-27T17:16:40Z INFO  parabit] Iteration 3: 396 nodes, 127 classes
[2026-03-27T17:16:40Z INFO  parabit] Iteration 4: 1013 nodes, 226 classes
[2026-03-27T17:16:40Z INFO  parabit] Iteration 0: 20 nodes, 20 classes
[2026-03-27T17:16:40Z INFO  parabit] Iteration 1: 94 nodes, 50 classes
[2026-03-27T17:16:40Z INFO  parabit] Iteration 2: 193 nodes, 75 classes
[2026-03-27T17:16:40Z INFO  parabit] Iteration 3: 396 nodes, 127 classes
[2026-03-27T17:16:40Z INFO  parabit] Iteration 4: 1013 nodes, 226 classes
[2026-03-27T17:16:40Z INFO  parabit] Iteration 0: 20 nodes, 20 classes
[2026-03-27T17:16:40Z INFO  parabit] Iteration 1: 94 nodes, 50 classes
[2026-03-27T17:16:40Z INFO  parabit] Iteration 2: 193 nodes, 75 classes
[2026-03-27T17:16:40Z INFO  parabit] Iteration 3: 396 nodes, 127 classes
[2026-03-27T17:16:40Z INFO  parabit] Iteration 4: 1013 nodes, 226 classes
[2026-03-27T17:16:40Z INFO  parabit] Iteration 0: 20 nodes, 20 classes
[2026-03-27T17:16:40Z INFO  parabit] Iteration 1: 94 nodes, 50 classes
[2026-03-27T17:16:40Z INFO  parabit] Iteration 2: 193 nodes, 75 classes
[2026-03-27T17:16:40Z INFO  parabit] Iteration 3: 396 nodes, 127 classes
[2026-03-27T17:16:40Z INFO  parabit] Iteration 4: 1013 nodes, 226 classes
[2026-03-27T17:16:40Z INFO  parabit] Iteration 0: 20 nodes, 20 classes
[2026-03-27T17:16:40Z INFO  parabit] Iteration 1: 94 nodes, 50 classes
[2026-03-27T17:16:40Z INFO  parabit] Iteration 2: 193 nodes, 75 classes
[2026-03-27T17:16:40Z INFO  parabit] Iteration 3: 396 nodes, 127 classes
[2026-03-27T17:16:40Z INFO  parabit] Iteration 4: 1013 nodes, 226 classes
[2026-03-27T17:16:40Z INFO  parabit] Iteration 0: 20 nodes, 20 classes
[2026-03-27T17:16:40Z INFO  parabit] Iteration 1: 94 nodes, 50 classes
[2026-03-27T17:16:40Z INFO  parabit] Iteration 2: 193 nodes, 75 classes
[2026-03-27T17:16:40Z INFO  parabit] Iteration 3: 396 nodes, 127 classes
[2026-03-27T17:16:40Z INFO  parabit] Iteration 4: 1013 nodes, 226 classes
[2026-03-27T17:16:40Z INFO  parabit] Iteration 0: 20 nodes, 20 classes
[2026-03-27T17:16:40Z INFO  parabit] Iteration 1: 94 nodes, 50 classes
[2026-03-27T17:16:40Z INFO  parabit] Iteration 2: 193 nodes, 75 classes
[2026-03-27T17:16:40Z INFO  parabit] Iteration 3: 396 nodes, 127 classes
[2026-03-27T17:16:40Z INFO  parabit] Iteration 4: 1013 nodes, 226 classes
[2026-03-27T17:16:40Z INFO  parabit] Iteration 0: 20 nodes, 20 classes
[2026-03-27T17:16:40Z INFO  parabit] Iteration 1: 94 nodes, 50 classes
[2026-03-27T17:16:40Z INFO  parabit] Iteration 2: 193 nodes, 75 classes
[2026-03-27T17:16:40Z INFO  parabit] Iteration 3: 396 nodes, 127 classes
[2026-03-27T17:16:40Z INFO  parabit] Iteration 4: 1013 nodes, 226 classes
[2026-03-27T17:16:40Z INFO  parabit] Iteration 0: 20 nodes, 20 classes
[2026-03-27T17:16:40Z INFO  parabit] Iteration 1: 94 nodes, 50 classes
[2026-03-27T17:16:40Z INFO  parabit] Iteration 2: 193 nodes, 75 classes
[2026-03-27T17:16:40Z INFO  parabit] Iteration 3: 396 nodes, 127 classes
[2026-03-27T17:16:40Z INFO  parabit] Iteration 4: 1013 nodes, 226 classes
[2026-03-27T17:16:40Z INFO  parabit] Iteration 0: 20 nodes, 20 classes
[2026-03-27T17:16:40Z INFO  parabit] Iteration 1: 94 nodes, 50 classes
[2026-03-27T17:16:40Z INFO  parabit] Iteration 2: 193 nodes, 75 classes
[2026-03-27T17:16:40Z INFO  parabit] Iteration 3: 396 nodes, 127 classes
[2026-03-27T17:16:40Z INFO  parabit] Iteration 4: 1013 nodes, 226 classes
[2026-03-27T17:16:40Z INFO  parabit] Iteration 0: 20 nodes, 20 classes
[2026-03-27T17:16:40Z INFO  parabit] Iteration 1: 94 nodes, 50 classes
[2026-03-27T17:16:40Z INFO  parabit] Iteration 2: 193 nodes, 75 classes
[2026-03-27T17:16:40Z INFO  parabit] Iteration 3: 396 nodes, 127 classes
[2026-03-27T17:16:40Z INFO  parabit] Iteration 4: 1013 nodes, 226 classes
[2026-03-27T17:16:40Z INFO  parabit] Iteration 0: 20 nodes, 20 classes
[2026-03-27T17:16:40Z INFO  parabit] Iteration 1: 94 nodes, 50 classes
[2026-03-27T17:16:40Z INFO  parabit] Iteration 2: 193 nodes, 75 classes
[2026-03-27T17:16:40Z INFO  parabit] Iteration 3: 396 nodes, 127 classes
[2026-03-27T17:16:40Z INFO  parabit] Iteration 4: 1013 nodes, 226 classes
[2026-03-27T17:16:40Z INFO  parabit] Iteration 0: 20 nodes, 20 classes
[2026-03-27T17:16:40Z INFO  parabit] Iteration 1: 94 nodes, 50 classes
[2026-03-27T17:16:40Z INFO  parabit] Iteration 2: 193 nodes, 75 classes
[2026-03-27T17:16:40Z INFO  parabit] Iteration 3: 396 nodes, 127 classes
[2026-03-27T17:16:40Z INFO  parabit] Iteration 4: 1013 nodes, 226 classes
[2026-03-27T17:16:40Z INFO  parabit] Iteration 0: 20 nodes, 20 classes
[2026-03-27T17:16:40Z INFO  parabit] Iteration 1: 94 nodes, 50 classes
[2026-03-27T17:16:40Z INFO  parabit] Iteration 2: 193 nodes, 75 classes
[2026-03-27T17:16:40Z INFO  parabit] Iteration 3: 396 nodes, 127 classes
[2026-03-27T17:16:40Z INFO  parabit] Iteration 4: 1013 nodes, 226 classes
[2026-03-27T17:16:40Z INFO  parabit] Iteration 0: 20 nodes, 20 classes
[2026-03-27T17:16:40Z INFO  parabit] Iteration 1: 94 nodes, 50 classes
[2026-03-27T17:16:40Z INFO  parabit] Iteration 2: 193 nodes, 75 classes
[2026-03-27T17:16:40Z INFO  parabit] Iteration 3: 396 nodes, 127 classes
[2026-03-27T17:16:40Z INFO  parabit] Iteration 4: 1013 nodes, 226 classes
[2026-03-27T17:16:40Z INFO  parabit] Iteration 0: 20 nodes, 20 classes
[2026-03-27T17:16:40Z INFO  parabit] Iteration 1: 94 nodes, 50 classes
[2026-03-27T17:16:40Z INFO  parabit] Iteration 2: 193 nodes, 75 classes
[2026-03-27T17:16:40Z INFO  parabit] Iteration 3: 396 nodes, 127 classes
[2026-03-27T17:16:40Z INFO  parabit] Iteration 4: 1013 nodes, 226 classes
[2026-03-27T17:16:40Z INFO  parabit] Iteration 0: 20 nodes, 20 classes
[2026-03-27T17:16:40Z INFO  parabit] Iteration 1: 94 nodes, 50 classes
[2026-03-27T17:16:40Z INFO  parabit] Iteration 2: 193 nodes, 75 classes
[2026-03-27T17:16:40Z INFO  parabit] Iteration 3: 396 nodes, 127 classes
[2026-03-27T17:16:40Z INFO  parabit] Iteration 4: 1013 nodes, 226 classes
[2026-03-27T17:16:40Z INFO  parabit] Iteration 0: 20 nodes, 20 classes
[2026-03-27T17:16:40Z INFO  parabit] Iteration 1: 94 nodes, 50 classes
[2026-03-27T17:16:40Z INFO  parabit] Iteration 2: 193 nodes, 75 classes
[2026-03-27T17:16:40Z INFO  parabit] Iteration 3: 396 nodes, 127 classes
[2026-03-27T17:16:40Z INFO  parabit] Iteration 4: 1013 nodes, 226 classes
[2026-03-27T17:16:40Z INFO  parabit] Iteration 0: 20 nodes, 20 classes
[2026-03-27T17:16:40Z INFO  parabit] Iteration 1: 94 nodes, 50 classes
[2026-03-27T17:16:40Z INFO  parabit] Iteration 2: 193 nodes, 75 classes
[2026-03-27T17:16:40Z INFO  parabit] Iteration 3: 396 nodes, 127 classes
[2026-03-27T17:16:40Z INFO  parabit] Iteration 4: 1013 nodes, 226 classes
[2026-03-27T17:16:40Z INFO  parabit] Iteration 0: 20 nodes, 20 classes
[2026-03-27T17:16:40Z INFO  parabit] Iteration 1: 94 nodes, 50 classes
[2026-03-27T17:16:40Z INFO  parabit] Iteration 2: 193 nodes, 75 classes
[2026-03-27T17:16:40Z INFO  parabit] Iteration 3: 396 nodes, 127 classes
[2026-03-27T17:16:40Z INFO  parabit] Iteration 4: 1013 nodes, 226 classes
[2026-03-27T17:16:40Z INFO  parabit] Iteration 0: 20 nodes, 20 classes
[2026-03-27T17:16:40Z INFO  parabit] Iteration 1: 94 nodes, 50 classes
[2026-03-27T17:16:40Z INFO  parabit] Iteration 2: 193 nodes, 75 classes
[2026-03-27T17:16:40Z INFO  parabit] Iteration 3: 396 nodes, 127 classes
[2026-03-27T17:16:40Z INFO  parabit] Iteration 4: 1013 nodes, 226 classes
[2026-03-27T17:16:40Z INFO  parabit] Iteration 0: 20 nodes, 20 classes
[2026-03-27T17:16:40Z INFO  parabit] Iteration 1: 94 nodes, 50 classes
[2026-03-27T17:16:40Z INFO  parabit] Iteration 2: 193 nodes, 75 classes
[2026-03-27T17:16:40Z INFO  parabit] Iteration 3: 396 nodes, 127 classes
[2026-03-27T17:16:40Z INFO  parabit] Iteration 4: 1013 nodes, 226 classes
[2026-03-27T17:16:40Z INFO  parabit] Iteration 0: 20 nodes, 20 classes
[2026-03-27T17:16:40Z INFO  parabit] Iteration 1: 94 nodes, 50 classes
[2026-03-27T17:16:40Z INFO  parabit] Iteration 2: 193 nodes, 75 classes
[2026-03-27T17:16:40Z INFO  parabit] Iteration 3: 396 nodes, 127 classes
[2026-03-27T17:16:40Z INFO  parabit] Iteration 4: 1013 nodes, 226 classes
[2026-03-27T17:16:40Z INFO  parabit] Iteration 0: 20 nodes, 20 classes
[2026-03-27T17:16:40Z INFO  parabit] Iteration 1: 94 nodes, 50 classes
[2026-03-27T17:16:40Z INFO  parabit] Iteration 2: 193 nodes, 75 classes
[2026-03-27T17:16:40Z INFO  parabit] Iteration 3: 396 nodes, 127 classes
[2026-03-27T17:16:40Z INFO  parabit] Iteration 4: 1013 nodes, 226 classes
[2026-03-27T17:16:40Z INFO  parabit] Iteration 0: 20 nodes, 20 classes
[2026-03-27T17:16:40Z INFO  parabit] Iteration 1: 94 nodes, 50 classes
[2026-03-27T17:16:40Z INFO  parabit] Iteration 2: 193 nodes, 75 classes
[2026-03-27T17:16:40Z INFO  parabit] Iteration 3: 396 nodes, 127 classes
[2026-03-27T17:16:40Z INFO  parabit] Iteration 4: 1013 nodes, 226 classes
[2026-03-27T17:16:40Z INFO  parabit] Iteration 0: 20 nodes, 20 classes
[2026-03-27T17:16:40Z INFO  parabit] Iteration 1: 94 nodes, 50 classes
[2026-03-27T17:16:40Z INFO  parabit] Iteration 2: 193 nodes, 75 classes
[2026-03-27T17:16:40Z INFO  parabit] Iteration 3: 396 nodes, 127 classes
[2026-03-27T17:16:40Z INFO  parabit] Iteration 4: 1013 nodes, 226 classes
[2026-03-27T17:16:40Z INFO  parabit] Iteration 0: 20 nodes, 20 classes
[2026-03-27T17:16:40Z INFO  parabit] Iteration 1: 94 nodes, 50 classes
[2026-03-27T17:16:40Z INFO  parabit] Iteration 2: 193 nodes, 75 classes
[2026-03-27T17:16:40Z INFO  parabit] Iteration 3: 396 nodes, 127 classes
[2026-03-27T17:16:40Z INFO  parabit] Iteration 4: 1013 nodes, 226 classes
[2026-03-27T17:16:40Z INFO  parabit] Iteration 0: 20 nodes, 20 classes
[2026-03-27T17:16:40Z INFO  parabit] Iteration 1: 94 nodes, 50 classes
[2026-03-27T17:16:40Z INFO  parabit] Iteration 2: 193 nodes, 75 classes
[2026-03-27T17:16:40Z INFO  parabit] Iteration 3: 396 nodes, 127 classes
[2026-03-27T17:16:40Z INFO  parabit] Iteration 4: 1013 nodes, 226 classes
[2026-03-27T17:16:40Z INFO  parabit] Iteration 0: 20 nodes, 20 classes
[2026-03-27T17:16:40Z INFO  parabit] Iteration 1: 94 nodes, 50 classes
[2026-03-27T17:16:40Z INFO  parabit] Iteration 2: 193 nodes, 75 classes
[2026-03-27T17:16:40Z INFO  parabit] Iteration 3: 396 nodes, 127 classes
[2026-03-27T17:16:40Z INFO  parabit] Iteration 4: 1013 nodes, 226 classes
[2026-03-27T17:16:40Z INFO  parabit] Iteration 0: 20 nodes, 20 classes
[2026-03-27T17:16:40Z INFO  parabit] Iteration 1: 94 nodes, 50 classes
[2026-03-27T17:16:40Z INFO  parabit] Iteration 2: 193 nodes, 75 classes
[2026-03-27T17:16:40Z INFO  parabit] Iteration 3: 396 nodes, 127 classes
[2026-03-27T17:16:40Z INFO  parabit] Iteration 4: 1013 nodes, 226 classes
[2026-03-27T17:16:40Z INFO  parabit] Iteration 0: 20 nodes, 20 classes
[2026-03-27T17:16:40Z INFO  parabit] Iteration 1: 94 nodes, 50 classes
[2026-03-27T17:16:40Z INFO  parabit] Iteration 2: 193 nodes, 75 classes
[2026-03-27T17:16:40Z INFO  parabit] Iteration 3: 396 nodes, 127 classes
[2026-03-27T17:16:40Z INFO  parabit] Iteration 4: 1013 nodes, 226 classes
[2026-03-27T17:16:40Z INFO  parabit] Iteration 0: 20 nodes, 20 classes
[2026-03-27T17:16:40Z INFO  parabit] Iteration 1: 94 nodes, 50 classes
[2026-03-27T17:16:40Z INFO  parabit] Iteration 2: 193 nodes, 75 classes
[2026-03-27T17:16:40Z INFO  parabit] Iteration 3: 396 nodes, 127 classes
[2026-03-27T17:16:40Z INFO  parabit] Iteration 4: 1013 nodes, 226 classes
[2026-03-27T17:16:40Z INFO  parabit] Iteration 0: 20 nodes, 20 classes
[2026-03-27T17:16:40Z INFO  parabit] Iteration 1: 94 nodes, 50 classes
[2026-03-27T17:16:40Z INFO  parabit] Iteration 2: 193 nodes, 75 classes
[2026-03-27T17:16:40Z INFO  parabit] Iteration 3: 396 nodes, 127 classes
[2026-03-27T17:16:40Z INFO  parabit] Iteration 4: 1013 nodes, 226 classes
[2026-03-27T17:16:40Z INFO  parabit] Iteration 0: 20 nodes, 20 classes
[2026-03-27T17:16:40Z INFO  parabit] Iteration 1: 94 nodes, 50 classes
[2026-03-27T17:16:40Z INFO  parabit] Iteration 2: 193 nodes, 75 classes
[2026-03-27T17:16:40Z INFO  parabit] Iteration 3: 396 nodes, 127 classes
[2026-03-27T17:16:40Z INFO  parabit] Iteration 4: 1013 nodes, 226 classes
[2026-03-27T17:16:40Z INFO  parabit] Iteration 0: 20 nodes, 20 classes
[2026-03-27T17:16:40Z INFO  parabit] Iteration 1: 94 nodes, 50 classes
[2026-03-27T17:16:40Z INFO  parabit] Iteration 2: 193 nodes, 75 classes
[2026-03-27T17:16:40Z INFO  parabit] Iteration 3: 396 nodes, 127 classes
[2026-03-27T17:16:40Z INFO  parabit] Iteration 4: 1013 nodes, 226 classes
[2026-03-27T17:16:40Z INFO  parabit] Iteration 0: 20 nodes, 20 classes
[2026-03-27T17:16:40Z INFO  parabit] Iteration 1: 94 nodes, 50 classes
[2026-03-27T17:16:40Z INFO  parabit] Iteration 2: 193 nodes, 75 classes
[2026-03-27T17:16:40Z INFO  parabit] Iteration 3: 396 nodes, 127 classes
[2026-03-27T17:16:40Z INFO  parabit] Iteration 4: 1013 nodes, 226 classes
[2026-03-27T17:16:40Z INFO  parabit] Iteration 0: 20 nodes, 20 classes
[2026-03-27T17:16:40Z INFO  parabit] Iteration 1: 94 nodes, 50 classes
[2026-03-27T17:16:40Z INFO  parabit] Iteration 2: 193 nodes, 75 classes
[2026-03-27T17:16:40Z INFO  parabit] Iteration 3: 396 nodes, 127 classes
[2026-03-27T17:16:40Z INFO  parabit] Iteration 4: 1013 nodes, 226 classes
[2026-03-27T17:16:40Z INFO  parabit] Iteration 0: 20 nodes, 20 classes
[2026-03-27T17:16:40Z INFO  parabit] Iteration 1: 94 nodes, 50 classes
[2026-03-27T17:16:40Z INFO  parabit] Iteration 2: 193 nodes, 75 classes
[2026-03-27T17:16:40Z INFO  parabit] Iteration 3: 396 nodes, 127 classes
[2026-03-27T17:16:40Z INFO  parabit] Iteration 4: 1013 nodes, 226 classes
[2026-03-27T17:16:40Z INFO  parabit] Iteration 0: 20 nodes, 20 classes
[2026-03-27T17:16:40Z INFO  parabit] Iteration 1: 94 nodes, 50 classes
[2026-03-27T17:16:40Z INFO  parabit] Iteration 2: 193 nodes, 75 classes
[2026-03-27T17:16:40Z INFO  parabit] Iteration 3: 396 nodes, 127 classes
[2026-03-27T17:16:40Z INFO  parabit] Iteration 4: 1013 nodes, 226 classes
[2026-03-27T17:16:40Z INFO  parabit] Iteration 0: 20 nodes, 20 classes
[2026-03-27T17:16:40Z INFO  parabit] Iteration 1: 94 nodes, 50 classes
[2026-03-27T17:16:40Z INFO  parabit] Iteration 2: 193 nodes, 75 classes
[2026-03-27T17:16:40Z INFO  parabit] Iteration 3: 396 nodes, 127 classes
[2026-03-27T17:16:40Z INFO  parabit] Iteration 4: 1013 nodes, 226 classes
[2026-03-27T17:16:40Z INFO  parabit] Iteration 0: 20 nodes, 20 classes
[2026-03-27T17:16:40Z INFO  parabit] Iteration 1: 94 nodes, 50 classes
[2026-03-27T17:16:40Z INFO  parabit] Iteration 2: 193 nodes, 75 classes
[2026-03-27T17:16:40Z INFO  parabit] Iteration 3: 396 nodes, 127 classes
[2026-03-27T17:16:40Z INFO  parabit] Iteration 4: 1013 nodes, 226 classes
[2026-03-27T17:16:40Z INFO  parabit] Iteration 0: 20 nodes, 20 classes
[2026-03-27T17:16:40Z INFO  parabit] Iteration 1: 94 nodes, 50 classes
[2026-03-27T17:16:40Z INFO  parabit] Iteration 2: 193 nodes, 75 classes
[2026-03-27T17:16:40Z INFO  parabit] Iteration 3: 396 nodes, 127 classes
[2026-03-27T17:16:40Z INFO  parabit] Iteration 4: 1013 nodes, 226 classes
[2026-03-27T17:16:40Z INFO  parabit] Iteration 0: 20 nodes, 20 classes
[2026-03-27T17:16:40Z INFO  parabit] Iteration 1: 94 nodes, 50 classes
[2026-03-27T17:16:40Z INFO  parabit] Iteration 2: 193 nodes, 75 classes
[2026-03-27T17:16:40Z INFO  parabit] Iteration 3: 396 nodes, 127 classes
[2026-03-27T17:16:40Z INFO  parabit] Iteration 4: 1013 nodes, 226 classes
[2026-03-27T17:16:40Z INFO  parabit] Iteration 0: 20 nodes, 20 classes
[2026-03-27T17:16:40Z INFO  parabit] Iteration 1: 94 nodes, 50 classes
[2026-03-27T17:16:40Z INFO  parabit] Iteration 2: 193 nodes, 75 classes
[2026-03-27T17:16:40Z INFO  parabit] Iteration 3: 396 nodes, 127 classes
[2026-03-27T17:16:40Z INFO  parabit] Iteration 4: 1013 nodes, 226 classes
{"elapsed":1.03, "maxrss":8172}
