[2026-03-27T17:16:39Z WARN  parabit] Sanitised input expression 0 from:
    (bw k (- (bw k C) (bw k (xor (bw k "%x") (bw k (not (bw k 0)))))))
    to:
    (bw k (- (bw k C) (bw k (xor (bw k var_x) (bw k (not (bw k 0)))))))
[2026-03-27T17:16:39Z WARN  parabit] Sanitised input expression 0 from:
    (bw k (+ (bw k "%x") (bw k (+ (bw k C) (bw k 1)))))
    to:
    (bw k (+ (bw k var_x) (bw k (+ (bw k C) (bw k 1)))))
[2026-03-27T17:16:39Z INFO  parabit] Running parabit on file: AddSub_1564_values_0
[2026-03-27T17:16:39Z INFO  parabit] Iteration 0: 20 nodes, 20 classes
[2026-03-27T17:16:39Z INFO  parabit] Iteration 1: 96 nodes, 53 classes
[2026-03-27T17:16:39Z INFO  parabit] Iteration 2: 182 nodes, 75 classes
[2026-03-27T17:16:39Z INFO  parabit] Iteration 3: 375 nodes, 134 classes
[2026-03-27T17:16:39Z INFO  parabit] Iteration 4: 881 nodes, 261 classes
[2026-03-27T17:16:39Z INFO  parabit] Iteration 0: 20 nodes, 20 classes
[2026-03-27T17:16:39Z INFO  parabit] Iteration 1: 96 nodes, 53 classes
[2026-03-27T17:16:39Z INFO  parabit] Iteration 2: 182 nodes, 75 classes
[2026-03-27T17:16:39Z INFO  parabit] Iteration 3: 375 nodes, 134 classes
[2026-03-27T17:16:39Z INFO  parabit] Iteration 4: 881 nodes, 261 classes
[2026-03-27T17:16:39Z INFO  parabit] Iteration 0: 20 nodes, 20 classes
[2026-03-27T17:16:39Z INFO  parabit] Iteration 1: 96 nodes, 53 classes
[2026-03-27T17:16:39Z INFO  parabit] Iteration 2: 182 nodes, 75 classes
[2026-03-27T17:16:39Z INFO  parabit] Iteration 3: 375 nodes, 134 classes
[2026-03-27T17:16:39Z INFO  parabit] Iteration 4: 881 nodes, 261 classes
[2026-03-27T17:16:39Z INFO  parabit] Iteration 0: 20 nodes, 20 classes
[2026-03-27T17:16:39Z INFO  parabit] Iteration 1: 96 nodes, 53 classes
[2026-03-27T17:16:39Z INFO  parabit] Iteration 2: 182 nodes, 75 classes
[2026-03-27T17:16:39Z INFO  parabit] Iteration 3: 375 nodes, 134 classes
[2026-03-27T17:16:39Z INFO  parabit] Iteration 4: 881 nodes, 261 classes
[2026-03-27T17:16:39Z INFO  parabit] Iteration 0: 20 nodes, 20 classes
[2026-03-27T17:16:39Z INFO  parabit] Iteration 1: 96 nodes, 53 classes
[2026-03-27T17:16:39Z INFO  parabit] Iteration 2: 182 nodes, 75 classes
[2026-03-27T17:16:39Z INFO  parabit] Iteration 3: 375 nodes, 134 classes
[2026-03-27T17:16:39Z INFO  parabit] Iteration 4: 881 nodes, 261 classes
[2026-03-27T17:16:39Z INFO  parabit] Iteration 0: 20 nodes, 20 classes
[2026-03-27T17:16:39Z INFO  parabit] Iteration 1: 96 nodes, 53 classes
[2026-03-27T17:16:39Z INFO  parabit] Iteration 2: 182 nodes, 75 classes
[2026-03-27T17:16:39Z INFO  parabit] Iteration 3: 375 nodes, 134 classes
[2026-03-27T17:16:39Z INFO  parabit] Iteration 4: 881 nodes, 261 classes
[2026-03-27T17:16:39Z INFO  parabit] Iteration 0: 20 nodes, 20 classes
[2026-03-27T17:16:39Z INFO  parabit] Iteration 1: 96 nodes, 53 classes
[2026-03-27T17:16:39Z INFO  parabit] Iteration 2: 182 nodes, 75 classes
[2026-03-27T17:16:39Z INFO  parabit] Iteration 3: 375 nodes, 134 classes
[2026-03-27T17:16:39Z INFO  parabit] Iteration 4: 881 nodes, 261 classes
[2026-03-27T17:16:39Z INFO  parabit] Iteration 0: 20 nodes, 20 classes
[2026-03-27T17:16:39Z INFO  parabit] Iteration 1: 96 nodes, 53 classes
[2026-03-27T17:16:39Z INFO  parabit] Iteration 2: 182 nodes, 75 classes
[2026-03-27T17:16:39Z INFO  parabit] Iteration 3: 375 nodes, 134 classes
[2026-03-27T17:16:39Z INFO  parabit] Iteration 4: 881 nodes, 261 classes
[2026-03-27T17:16:39Z INFO  parabit] Iteration 0: 20 nodes, 20 classes
[2026-03-27T17:16:39Z INFO  parabit] Iteration 1: 96 nodes, 53 classes
[2026-03-27T17:16:39Z INFO  parabit] Iteration 2: 182 nodes, 75 classes
[2026-03-27T17:16:39Z INFO  parabit] Iteration 3: 375 nodes, 134 classes
[2026-03-27T17:16:39Z INFO  parabit] Iteration 4: 881 nodes, 261 classes
[2026-03-27T17:16:39Z INFO  parabit] Iteration 0: 20 nodes, 20 classes
[2026-03-27T17:16:39Z INFO  parabit] Iteration 1: 96 nodes, 53 classes
[2026-03-27T17:16:39Z INFO  parabit] Iteration 2: 182 nodes, 75 classes
[2026-03-27T17:16:39Z INFO  parabit] Iteration 3: 375 nodes, 134 classes
[2026-03-27T17:16:39Z INFO  parabit] Iteration 4: 881 nodes, 261 classes
[2026-03-27T17:16:39Z INFO  parabit] Iteration 0: 20 nodes, 20 classes
[2026-03-27T17:16:39Z INFO  parabit] Iteration 1: 96 nodes, 53 classes
[2026-03-27T17:16:39Z INFO  parabit] Iteration 2: 182 nodes, 75 classes
[2026-03-27T17:16:39Z INFO  parabit] Iteration 3: 375 nodes, 134 classes
[2026-03-27T17:16:39Z INFO  parabit] Iteration 4: 881 nodes, 261 classes
[2026-03-27T17:16:39Z INFO  parabit] Iteration 0: 20 nodes, 20 classes
[2026-03-27T17:16:39Z INFO  parabit] Iteration 1: 96 nodes, 53 classes
[2026-03-27T17:16:39Z INFO  parabit] Iteration 2: 182 nodes, 75 classes
[2026-03-27T17:16:39Z INFO  parabit] Iteration 3: 375 nodes, 134 classes
[2026-03-27T17:16:39Z INFO  parabit] Iteration 4: 881 nodes, 261 classes
[2026-03-27T17:16:39Z INFO  parabit] Iteration 0: 20 nodes, 20 classes
[2026-03-27T17:16:39Z INFO  parabit] Iteration 1: 96 nodes, 53 classes
[2026-03-27T17:16:39Z INFO  parabit] Iteration 2: 182 nodes, 75 classes
[2026-03-27T17:16:39Z INFO  parabit] Iteration 3: 375 nodes, 134 classes
[2026-03-27T17:16:39Z INFO  parabit] Iteration 4: 881 nodes, 261 classes
[2026-03-27T17:16:39Z INFO  parabit] Iteration 0: 20 nodes, 20 classes
[2026-03-27T17:16:39Z INFO  parabit] Iteration 1: 96 nodes, 53 classes
[2026-03-27T17:16:39Z INFO  parabit] Iteration 2: 182 nodes, 75 classes
[2026-03-27T17:16:39Z INFO  parabit] Iteration 3: 375 nodes, 134 classes
[2026-03-27T17:16:39Z INFO  parabit] Iteration 4: 881 nodes, 261 classes
[2026-03-27T17:16:39Z INFO  parabit] Iteration 0: 20 nodes, 20 classes
[2026-03-27T17:16:39Z INFO  parabit] Iteration 1: 96 nodes, 53 classes
[2026-03-27T17:16:39Z INFO  parabit] Iteration 2: 182 nodes, 75 classes
[2026-03-27T17:16:39Z INFO  parabit] Iteration 3: 375 nodes, 134 classes
[2026-03-27T17:16:39Z INFO  parabit] Iteration 4: 881 nodes, 261 classes
[2026-03-27T17:16:39Z INFO  parabit] Iteration 0: 20 nodes, 20 classes
[2026-03-27T17:16:39Z INFO  parabit] Iteration 1: 96 nodes, 53 classes
[2026-03-27T17:16:39Z INFO  parabit] Iteration 2: 182 nodes, 75 classes
[2026-03-27T17:16:39Z INFO  parabit] Iteration 3: 375 nodes, 134 classes
[2026-03-27T17:16:39Z INFO  parabit] Iteration 4: 881 nodes, 261 classes
[2026-03-27T17:16:39Z INFO  parabit] Iteration 0: 20 nodes, 20 classes
[2026-03-27T17:16:39Z INFO  parabit] Iteration 1: 96 nodes, 53 classes
[2026-03-27T17:16:39Z INFO  parabit] Iteration 2: 182 nodes, 75 classes
[2026-03-27T17:16:39Z INFO  parabit] Iteration 3: 375 nodes, 134 classes
[2026-03-27T17:16:39Z INFO  parabit] Iteration 4: 881 nodes, 261 classes
[2026-03-27T17:16:39Z INFO  parabit] Iteration 0: 20 nodes, 20 classes
[2026-03-27T17:16:39Z INFO  parabit] Iteration 1: 96 nodes, 53 classes
[2026-03-27T17:16:39Z INFO  parabit] Iteration 2: 182 nodes, 75 classes
[2026-03-27T17:16:39Z INFO  parabit] Iteration 3: 375 nodes, 134 classes
[2026-03-27T17:16:39Z INFO  parabit] Iteration 4: 881 nodes, 261 classes
[2026-03-27T17:16:39Z INFO  parabit] Iteration 0: 20 nodes, 20 classes
[2026-03-27T17:16:39Z INFO  parabit] Iteration 1: 96 nodes, 53 classes
[2026-03-27T17:16:39Z INFO  parabit] Iteration 2: 182 nodes, 75 classes
[2026-03-27T17:16:39Z INFO  parabit] Iteration 3: 375 nodes, 134 classes
[2026-03-27T17:16:40Z INFO  parabit] Iteration 4: 881 nodes, 261 classes
[2026-03-27T17:16:40Z INFO  parabit] Iteration 0: 20 nodes, 20 classes
[2026-03-27T17:16:40Z INFO  parabit] Iteration 1: 96 nodes, 53 classes
[2026-03-27T17:16:40Z INFO  parabit] Iteration 2: 182 nodes, 75 classes
[2026-03-27T17:16:40Z INFO  parabit] Iteration 3: 375 nodes, 134 classes
[2026-03-27T17:16:40Z INFO  parabit] Iteration 4: 881 nodes, 261 classes
[2026-03-27T17:16:40Z INFO  parabit] Iteration 0: 20 nodes, 20 classes
[2026-03-27T17:16:40Z INFO  parabit] Iteration 1: 96 nodes, 53 classes
[2026-03-27T17:16:40Z INFO  parabit] Iteration 2: 182 nodes, 75 classes
[2026-03-27T17:16:40Z INFO  parabit] Iteration 3: 375 nodes, 134 classes
[2026-03-27T17:16:40Z INFO  parabit] Iteration 4: 881 nodes, 261 classes
[2026-03-27T17:16:40Z INFO  parabit] Iteration 0: 20 nodes, 20 classes
[2026-03-27T17:16:40Z INFO  parabit] Iteration 1: 96 nodes, 53 classes
[2026-03-27T17:16:40Z INFO  parabit] Iteration 2: 182 nodes, 75 classes
[2026-03-27T17:16:40Z INFO  parabit] Iteration 3: 375 nodes, 134 classes
[2026-03-27T17:16:40Z INFO  parabit] Iteration 4: 881 nodes, 261 classes
[2026-03-27T17:16:40Z INFO  parabit] Iteration 0: 20 nodes, 20 classes
[2026-03-27T17:16:40Z INFO  parabit] Iteration 1: 96 nodes, 53 classes
[2026-03-27T17:16:40Z INFO  parabit] Iteration 2: 182 nodes, 75 classes
[2026-03-27T17:16:40Z INFO  parabit] Iteration 3: 375 nodes, 134 classes
[2026-03-27T17:16:40Z INFO  parabit] Iteration 4: 881 nodes, 261 classes
[2026-03-27T17:16:40Z INFO  parabit] Iteration 0: 20 nodes, 20 classes
[2026-03-27T17:16:40Z INFO  parabit] Iteration 1: 96 nodes, 53 classes
[2026-03-27T17:16:40Z INFO  parabit] Iteration 2: 182 nodes, 75 classes
[2026-03-27T17:16:40Z INFO  parabit] Iteration 3: 375 nodes, 134 classes
[2026-03-27T17:16:40Z INFO  parabit] Iteration 4: 881 nodes, 261 classes
[2026-03-27T17:16:40Z INFO  parabit] Iteration 0: 20 nodes, 20 classes
[2026-03-27T17:16:40Z INFO  parabit] Iteration 1: 96 nodes, 53 classes
[2026-03-27T17:16:40Z INFO  parabit] Iteration 2: 182 nodes, 75 classes
[2026-03-27T17:16:40Z INFO  parabit] Iteration 3: 375 nodes, 134 classes
[2026-03-27T17:16:40Z INFO  parabit] Iteration 4: 881 nodes, 261 classes
[2026-03-27T17:16:40Z INFO  parabit] Iteration 0: 20 nodes, 20 classes
[2026-03-27T17:16:40Z INFO  parabit] Iteration 1: 96 nodes, 53 classes
[2026-03-27T17:16:40Z INFO  parabit] Iteration 2: 182 nodes, 75 classes
[2026-03-27T17:16:40Z INFO  parabit] Iteration 3: 375 nodes, 134 classes
[2026-03-27T17:16:40Z INFO  parabit] Iteration 4: 881 nodes, 261 classes
[2026-03-27T17:16:40Z INFO  parabit] Iteration 0: 20 nodes, 20 classes
[2026-03-27T17:16:40Z INFO  parabit] Iteration 1: 96 nodes, 53 classes
[2026-03-27T17:16:40Z INFO  parabit] Iteration 2: 182 nodes, 75 classes
[2026-03-27T17:16:40Z INFO  parabit] Iteration 3: 375 nodes, 134 classes
[2026-03-27T17:16:40Z INFO  parabit] Iteration 4: 881 nodes, 261 classes
[2026-03-27T17:16:40Z INFO  parabit] Iteration 0: 20 nodes, 20 classes
[2026-03-27T17:16:40Z INFO  parabit] Iteration 1: 96 nodes, 53 classes
[2026-03-27T17:16:40Z INFO  parabit] Iteration 2: 182 nodes, 75 classes
[2026-03-27T17:16:40Z INFO  parabit] Iteration 3: 375 nodes, 134 classes
[2026-03-27T17:16:40Z INFO  parabit] Iteration 4: 881 nodes, 261 classes
[2026-03-27T17:16:40Z INFO  parabit] Iteration 0: 20 nodes, 20 classes
[2026-03-27T17:16:40Z INFO  parabit] Iteration 1: 96 nodes, 53 classes
[2026-03-27T17:16:40Z INFO  parabit] Iteration 2: 182 nodes, 75 classes
[2026-03-27T17:16:40Z INFO  parabit] Iteration 3: 375 nodes, 134 classes
[2026-03-27T17:16:40Z INFO  parabit] Iteration 4: 881 nodes, 261 classes
[2026-03-27T17:16:40Z INFO  parabit] Iteration 0: 20 nodes, 20 classes
[2026-03-27T17:16:40Z INFO  parabit] Iteration 1: 96 nodes, 53 classes
[2026-03-27T17:16:40Z INFO  parabit] Iteration 2: 182 nodes, 75 classes
[2026-03-27T17:16:40Z INFO  parabit] Iteration 3: 375 nodes, 134 classes
[2026-03-27T17:16:40Z INFO  parabit] Iteration 4: 881 nodes, 261 classes
[2026-03-27T17:16:40Z INFO  parabit] Iteration 0: 20 nodes, 20 classes
[2026-03-27T17:16:40Z INFO  parabit] Iteration 1: 96 nodes, 53 classes
[2026-03-27T17:16:40Z INFO  parabit] Iteration 2: 182 nodes, 75 classes
[2026-03-27T17:16:40Z INFO  parabit] Iteration 3: 375 nodes, 134 classes
[2026-03-27T17:16:40Z INFO  parabit] Iteration 4: 881 nodes, 261 classes
[2026-03-27T17:16:40Z INFO  parabit] Iteration 0: 20 nodes, 20 classes
[2026-03-27T17:16:40Z INFO  parabit] Iteration 1: 96 nodes, 53 classes
[2026-03-27T17:16:40Z INFO  parabit] Iteration 2: 182 nodes, 75 classes
[2026-03-27T17:16:40Z INFO  parabit] Iteration 3: 375 nodes, 134 classes
[2026-03-27T17:16:40Z INFO  parabit] Iteration 4: 881 nodes, 261 classes
[2026-03-27T17:16:40Z INFO  parabit] Iteration 0: 20 nodes, 20 classes
[2026-03-27T17:16:40Z INFO  parabit] Iteration 1: 96 nodes, 53 classes
[2026-03-27T17:16:40Z INFO  parabit] Iteration 2: 182 nodes, 75 classes
[2026-03-27T17:16:40Z INFO  parabit] Iteration 3: 375 nodes, 134 classes
[2026-03-27T17:16:40Z INFO  parabit] Iteration 4: 881 nodes, 261 classes
[2026-03-27T17:16:40Z INFO  parabit] Iteration 0: 20 nodes, 20 classes
[2026-03-27T17:16:40Z INFO  parabit] Iteration 1: 96 nodes, 53 classes
[2026-03-27T17:16:40Z INFO  parabit] Iteration 2: 182 nodes, 75 classes
[2026-03-27T17:16:40Z INFO  parabit] Iteration 3: 375 nodes, 134 classes
[2026-03-27T17:16:40Z INFO  parabit] Iteration 4: 881 nodes, 261 classes
[2026-03-27T17:16:40Z INFO  parabit] Iteration 0: 20 nodes, 20 classes
[2026-03-27T17:16:40Z INFO  parabit] Iteration 1: 96 nodes, 53 classes
[2026-03-27T17:16:40Z INFO  parabit] Iteration 2: 182 nodes, 75 classes
[2026-03-27T17:16:40Z INFO  parabit] Iteration 3: 375 nodes, 134 classes
[2026-03-27T17:16:40Z INFO  parabit] Iteration 4: 881 nodes, 261 classes
[2026-03-27T17:16:40Z INFO  parabit] Iteration 0: 20 nodes, 20 classes
[2026-03-27T17:16:40Z INFO  parabit] Iteration 1: 96 nodes, 53 classes
[2026-03-27T17:16:40Z INFO  parabit] Iteration 2: 182 nodes, 75 classes
[2026-03-27T17:16:40Z INFO  parabit] Iteration 3: 375 nodes, 134 classes
[2026-03-27T17:16:40Z INFO  parabit] Iteration 4: 881 nodes, 261 classes
[2026-03-27T17:16:40Z INFO  parabit] Iteration 0: 20 nodes, 20 classes
[2026-03-27T17:16:40Z INFO  parabit] Iteration 1: 96 nodes, 53 classes
[2026-03-27T17:16:40Z INFO  parabit] Iteration 2: 182 nodes, 75 classes
[2026-03-27T17:16:40Z INFO  parabit] Iteration 3: 375 nodes, 134 classes
[2026-03-27T17:16:40Z INFO  parabit] Iteration 4: 881 nodes, 261 classes
[2026-03-27T17:16:40Z INFO  parabit] Iteration 0: 20 nodes, 20 classes
[2026-03-27T17:16:40Z INFO  parabit] Iteration 1: 96 nodes, 53 classes
[2026-03-27T17:16:40Z INFO  parabit] Iteration 2: 182 nodes, 75 classes
[2026-03-27T17:16:40Z INFO  parabit] Iteration 3: 375 nodes, 134 classes
[2026-03-27T17:16:40Z INFO  parabit] Iteration 4: 881 nodes, 261 classes
[2026-03-27T17:16:40Z INFO  parabit] Iteration 0: 20 nodes, 20 classes
[2026-03-27T17:16:40Z INFO  parabit] Iteration 1: 96 nodes, 53 classes
[2026-03-27T17:16:40Z INFO  parabit] Iteration 2: 182 nodes, 75 classes
[2026-03-27T17:16:40Z INFO  parabit] Iteration 3: 375 nodes, 134 classes
[2026-03-27T17:16:40Z INFO  parabit] Iteration 4: 881 nodes, 261 classes
[2026-03-27T17:16:40Z INFO  parabit] Iteration 0: 20 nodes, 20 classes
[2026-03-27T17:16:40Z INFO  parabit] Iteration 1: 96 nodes, 53 classes
[2026-03-27T17:16:40Z INFO  parabit] Iteration 2: 182 nodes, 75 classes
[2026-03-27T17:16:40Z INFO  parabit] Iteration 3: 375 nodes, 134 classes
[2026-03-27T17:16:40Z INFO  parabit] Iteration 4: 881 nodes, 261 classes
[2026-03-27T17:16:40Z INFO  parabit] Iteration 0: 20 nodes, 20 classes
[2026-03-27T17:16:40Z INFO  parabit] Iteration 1: 96 nodes, 53 classes
[2026-03-27T17:16:40Z INFO  parabit] Iteration 2: 182 nodes, 75 classes
[2026-03-27T17:16:40Z INFO  parabit] Iteration 3: 375 nodes, 134 classes
[2026-03-27T17:16:40Z INFO  parabit] Iteration 4: 881 nodes, 261 classes
[2026-03-27T17:16:40Z INFO  parabit] Iteration 0: 20 nodes, 20 classes
[2026-03-27T17:16:40Z INFO  parabit] Iteration 1: 96 nodes, 53 classes
[2026-03-27T17:16:40Z INFO  parabit] Iteration 2: 182 nodes, 75 classes
[2026-03-27T17:16:40Z INFO  parabit] Iteration 3: 375 nodes, 134 classes
[2026-03-27T17:16:40Z INFO  parabit] Iteration 4: 881 nodes, 261 classes
[2026-03-27T17:16:40Z INFO  parabit] Iteration 0: 20 nodes, 20 classes
[2026-03-27T17:16:40Z INFO  parabit] Iteration 1: 96 nodes, 53 classes
[2026-03-27T17:16:40Z INFO  parabit] Iteration 2: 182 nodes, 75 classes
[2026-03-27T17:16:40Z INFO  parabit] Iteration 3: 375 nodes, 134 classes
[2026-03-27T17:16:40Z INFO  parabit] Iteration 4: 881 nodes, 261 classes
[2026-03-27T17:16:40Z INFO  parabit] Iteration 0: 20 nodes, 20 classes
[2026-03-27T17:16:40Z INFO  parabit] Iteration 1: 96 nodes, 53 classes
[2026-03-27T17:16:40Z INFO  parabit] Iteration 2: 182 nodes, 75 classes
[2026-03-27T17:16:40Z INFO  parabit] Iteration 3: 375 nodes, 134 classes
[2026-03-27T17:16:40Z INFO  parabit] Iteration 4: 881 nodes, 261 classes
[2026-03-27T17:16:40Z INFO  parabit] Iteration 0: 20 nodes, 20 classes
[2026-03-27T17:16:40Z INFO  parabit] Iteration 1: 96 nodes, 53 classes
[2026-03-27T17:16:40Z INFO  parabit] Iteration 2: 182 nodes, 75 classes
[2026-03-27T17:16:40Z INFO  parabit] Iteration 3: 375 nodes, 134 classes
[2026-03-27T17:16:40Z INFO  parabit] Iteration 4: 881 nodes, 261 classes
[2026-03-27T17:16:40Z INFO  parabit] Iteration 0: 20 nodes, 20 classes
[2026-03-27T17:16:40Z INFO  parabit] Iteration 1: 96 nodes, 53 classes
[2026-03-27T17:16:40Z INFO  parabit] Iteration 2: 182 nodes, 75 classes
[2026-03-27T17:16:40Z INFO  parabit] Iteration 3: 375 nodes, 134 classes
[2026-03-27T17:16:40Z INFO  parabit] Iteration 4: 881 nodes, 261 classes
[2026-03-27T17:16:40Z INFO  parabit] Iteration 0: 20 nodes, 20 classes
[2026-03-27T17:16:40Z INFO  parabit] Iteration 1: 96 nodes, 53 classes
[2026-03-27T17:16:40Z INFO  parabit] Iteration 2: 182 nodes, 75 classes
[2026-03-27T17:16:40Z INFO  parabit] Iteration 3: 375 nodes, 134 classes
[2026-03-27T17:16:40Z INFO  parabit] Iteration 4: 881 nodes, 261 classes
[2026-03-27T17:16:40Z INFO  parabit] Iteration 0: 20 nodes, 20 classes
[2026-03-27T17:16:40Z INFO  parabit] Iteration 1: 96 nodes, 53 classes
[2026-03-27T17:16:40Z INFO  parabit] Iteration 2: 182 nodes, 75 classes
[2026-03-27T17:16:40Z INFO  parabit] Iteration 3: 375 nodes, 134 classes
[2026-03-27T17:16:40Z INFO  parabit] Iteration 4: 881 nodes, 261 classes
[2026-03-27T17:16:40Z INFO  parabit] Iteration 0: 20 nodes, 20 classes
[2026-03-27T17:16:40Z INFO  parabit] Iteration 1: 96 nodes, 53 classes
[2026-03-27T17:16:40Z INFO  parabit] Iteration 2: 182 nodes, 75 classes
[2026-03-27T17:16:40Z INFO  parabit] Iteration 3: 375 nodes, 134 classes
[2026-03-27T17:16:40Z INFO  parabit] Iteration 4: 881 nodes, 261 classes
[2026-03-27T17:16:40Z INFO  parabit] Iteration 0: 20 nodes, 20 classes
[2026-03-27T17:16:40Z INFO  parabit] Iteration 1: 96 nodes, 53 classes
[2026-03-27T17:16:40Z INFO  parabit] Iteration 2: 182 nodes, 75 classes
[2026-03-27T17:16:40Z INFO  parabit] Iteration 3: 375 nodes, 134 classes
[2026-03-27T17:16:40Z INFO  parabit] Iteration 4: 881 nodes, 261 classes
[2026-03-27T17:16:40Z INFO  parabit] Iteration 0: 20 nodes, 20 classes
[2026-03-27T17:16:40Z INFO  parabit] Iteration 1: 96 nodes, 53 classes
[2026-03-27T17:16:40Z INFO  parabit] Iteration 2: 182 nodes, 75 classes
[2026-03-27T17:16:40Z INFO  parabit] Iteration 3: 375 nodes, 134 classes
[2026-03-27T17:16:40Z INFO  parabit] Iteration 4: 881 nodes, 261 classes
[2026-03-27T17:16:40Z INFO  parabit] Iteration 0: 20 nodes, 20 classes
[2026-03-27T17:16:40Z INFO  parabit] Iteration 1: 96 nodes, 53 classes
[2026-03-27T17:16:40Z INFO  parabit] Iteration 2: 182 nodes, 75 classes
[2026-03-27T17:16:40Z INFO  parabit] Iteration 3: 375 nodes, 134 classes
[2026-03-27T17:16:40Z INFO  parabit] Iteration 4: 881 nodes, 261 classes
[2026-03-27T17:16:40Z INFO  parabit] Iteration 0: 20 nodes, 20 classes
[2026-03-27T17:16:40Z INFO  parabit] Iteration 1: 96 nodes, 53 classes
[2026-03-27T17:16:40Z INFO  parabit] Iteration 2: 182 nodes, 75 classes
[2026-03-27T17:16:40Z INFO  parabit] Iteration 3: 375 nodes, 134 classes
[2026-03-27T17:16:40Z INFO  parabit] Iteration 4: 881 nodes, 261 classes
[2026-03-27T17:16:40Z INFO  parabit] Iteration 0: 20 nodes, 20 classes
[2026-03-27T17:16:40Z INFO  parabit] Iteration 1: 96 nodes, 53 classes
[2026-03-27T17:16:40Z INFO  parabit] Iteration 2: 182 nodes, 75 classes
[2026-03-27T17:16:40Z INFO  parabit] Iteration 3: 375 nodes, 134 classes
[2026-03-27T17:16:40Z INFO  parabit] Iteration 4: 881 nodes, 261 classes
[2026-03-27T17:16:40Z INFO  parabit] Iteration 0: 20 nodes, 20 classes
[2026-03-27T17:16:40Z INFO  parabit] Iteration 1: 96 nodes, 53 classes
[2026-03-27T17:16:40Z INFO  parabit] Iteration 2: 182 nodes, 75 classes
[2026-03-27T17:16:40Z INFO  parabit] Iteration 3: 375 nodes, 134 classes
[2026-03-27T17:16:40Z INFO  parabit] Iteration 4: 881 nodes, 261 classes
[2026-03-27T17:16:40Z INFO  parabit] Iteration 0: 20 nodes, 20 classes
[2026-03-27T17:16:40Z INFO  parabit] Iteration 1: 96 nodes, 53 classes
[2026-03-27T17:16:40Z INFO  parabit] Iteration 2: 182 nodes, 75 classes
[2026-03-27T17:16:40Z INFO  parabit] Iteration 3: 375 nodes, 134 classes
[2026-03-27T17:16:40Z INFO  parabit] Iteration 4: 881 nodes, 261 classes
[2026-03-27T17:16:40Z INFO  parabit] Iteration 0: 20 nodes, 20 classes
[2026-03-27T17:16:40Z INFO  parabit] Iteration 1: 96 nodes, 53 classes
[2026-03-27T17:16:40Z INFO  parabit] Iteration 2: 182 nodes, 75 classes
[2026-03-27T17:16:40Z INFO  parabit] Iteration 3: 375 nodes, 134 classes
[2026-03-27T17:16:40Z INFO  parabit] Iteration 4: 881 nodes, 261 classes
[2026-03-27T17:16:40Z INFO  parabit] Iteration 0: 20 nodes, 20 classes
[2026-03-27T17:16:40Z INFO  parabit] Iteration 1: 96 nodes, 53 classes
[2026-03-27T17:16:40Z INFO  parabit] Iteration 2: 182 nodes, 75 classes
[2026-03-27T17:16:40Z INFO  parabit] Iteration 3: 375 nodes, 134 classes
[2026-03-27T17:16:40Z INFO  parabit] Iteration 4: 881 nodes, 261 classes
[2026-03-27T17:16:40Z INFO  parabit] Iteration 0: 20 nodes, 20 classes
[2026-03-27T17:16:40Z INFO  parabit] Iteration 1: 96 nodes, 53 classes
[2026-03-27T17:16:40Z INFO  parabit] Iteration 2: 182 nodes, 75 classes
[2026-03-27T17:16:40Z INFO  parabit] Iteration 3: 375 nodes, 134 classes
[2026-03-27T17:16:40Z INFO  parabit] Iteration 4: 881 nodes, 261 classes
[2026-03-27T17:16:40Z INFO  parabit] Iteration 0: 20 nodes, 20 classes
[2026-03-27T17:16:40Z INFO  parabit] Iteration 1: 96 nodes, 53 classes
[2026-03-27T17:16:40Z INFO  parabit] Iteration 2: 182 nodes, 75 classes
[2026-03-27T17:16:40Z INFO  parabit] Iteration 3: 375 nodes, 134 classes
[2026-03-27T17:16:40Z INFO  parabit] Iteration 4: 881 nodes, 261 classes
[2026-03-27T17:16:40Z INFO  parabit] Iteration 0: 20 nodes, 20 classes
[2026-03-27T17:16:40Z INFO  parabit] Iteration 1: 96 nodes, 53 classes
[2026-03-27T17:16:40Z INFO  parabit] Iteration 2: 182 nodes, 75 classes
[2026-03-27T17:16:40Z INFO  parabit] Iteration 3: 375 nodes, 134 classes
[2026-03-27T17:16:40Z INFO  parabit] Iteration 4: 881 nodes, 261 classes
[2026-03-27T17:16:40Z INFO  parabit] Iteration 0: 20 nodes, 20 classes
[2026-03-27T17:16:40Z INFO  parabit] Iteration 1: 96 nodes, 53 classes
[2026-03-27T17:16:40Z INFO  parabit] Iteration 2: 182 nodes, 75 classes
[2026-03-27T17:16:40Z INFO  parabit] Iteration 3: 375 nodes, 134 classes
[2026-03-27T17:16:40Z INFO  parabit] Iteration 4: 881 nodes, 261 classes
[2026-03-27T17:16:40Z INFO  parabit] Iteration 0: 20 nodes, 20 classes
[2026-03-27T17:16:40Z INFO  parabit] Iteration 1: 96 nodes, 53 classes
[2026-03-27T17:16:40Z INFO  parabit] Iteration 2: 182 nodes, 75 classes
[2026-03-27T17:16:40Z INFO  parabit] Iteration 3: 375 nodes, 134 classes
[2026-03-27T17:16:40Z INFO  parabit] Iteration 4: 881 nodes, 261 classes
[2026-03-27T17:16:40Z INFO  parabit] Iteration 0: 20 nodes, 20 classes
[2026-03-27T17:16:40Z INFO  parabit] Iteration 1: 96 nodes, 53 classes
[2026-03-27T17:16:40Z INFO  parabit] Iteration 2: 182 nodes, 75 classes
[2026-03-27T17:16:40Z INFO  parabit] Iteration 3: 375 nodes, 134 classes
[2026-03-27T17:16:40Z INFO  parabit] Iteration 4: 881 nodes, 261 classes
[2026-03-27T17:16:40Z INFO  parabit] Iteration 0: 20 nodes, 20 classes
[2026-03-27T17:16:40Z INFO  parabit] Iteration 1: 96 nodes, 53 classes
[2026-03-27T17:16:40Z INFO  parabit] Iteration 2: 182 nodes, 75 classes
[2026-03-27T17:16:40Z INFO  parabit] Iteration 3: 375 nodes, 134 classes
[2026-03-27T17:16:40Z INFO  parabit] Iteration 4: 881 nodes, 261 classes
[2026-03-27T17:16:40Z INFO  parabit] Iteration 0: 20 nodes, 20 classes
[2026-03-27T17:16:40Z INFO  parabit] Iteration 1: 96 nodes, 53 classes
[2026-03-27T17:16:40Z INFO  parabit] Iteration 2: 182 nodes, 75 classes
[2026-03-27T17:16:40Z INFO  parabit] Iteration 3: 375 nodes, 134 classes
[2026-03-27T17:16:40Z INFO  parabit] Iteration 4: 881 nodes, 261 classes
[2026-03-27T17:16:40Z INFO  parabit] Iteration 0: 20 nodes, 20 classes
[2026-03-27T17:16:40Z INFO  parabit] Iteration 1: 96 nodes, 53 classes
[2026-03-27T17:16:40Z INFO  parabit] Iteration 2: 182 nodes, 75 classes
[2026-03-27T17:16:40Z INFO  parabit] Iteration 3: 375 nodes, 134 classes
[2026-03-27T17:16:40Z INFO  parabit] Iteration 4: 881 nodes, 261 classes
[2026-03-27T17:16:40Z INFO  parabit] Iteration 0: 20 nodes, 20 classes
[2026-03-27T17:16:40Z INFO  parabit] Iteration 1: 96 nodes, 53 classes
[2026-03-27T17:16:40Z INFO  parabit] Iteration 2: 182 nodes, 75 classes
[2026-03-27T17:16:40Z INFO  parabit] Iteration 3: 375 nodes, 134 classes
[2026-03-27T17:16:40Z INFO  parabit] Iteration 4: 881 nodes, 261 classes
[2026-03-27T17:16:40Z INFO  parabit] Iteration 0: 20 nodes, 20 classes
[2026-03-27T17:16:40Z INFO  parabit] Iteration 1: 96 nodes, 53 classes
[2026-03-27T17:16:40Z INFO  parabit] Iteration 2: 182 nodes, 75 classes
[2026-03-27T17:16:40Z INFO  parabit] Iteration 3: 375 nodes, 134 classes
[2026-03-27T17:16:40Z INFO  parabit] Iteration 4: 881 nodes, 261 classes
[2026-03-27T17:16:40Z INFO  parabit] Iteration 0: 20 nodes, 20 classes
[2026-03-27T17:16:40Z INFO  parabit] Iteration 1: 96 nodes, 53 classes
[2026-03-27T17:16:40Z INFO  parabit] Iteration 2: 182 nodes, 75 classes
[2026-03-27T17:16:40Z INFO  parabit] Iteration 3: 375 nodes, 134 classes
[2026-03-27T17:16:40Z INFO  parabit] Iteration 4: 881 nodes, 261 classes
[2026-03-27T17:16:40Z INFO  parabit] Iteration 0: 20 nodes, 20 classes
[2026-03-27T17:16:40Z INFO  parabit] Iteration 1: 96 nodes, 53 classes
[2026-03-27T17:16:40Z INFO  parabit] Iteration 2: 182 nodes, 75 classes
[2026-03-27T17:16:40Z INFO  parabit] Iteration 3: 375 nodes, 134 classes
[2026-03-27T17:16:40Z INFO  parabit] Iteration 4: 881 nodes, 261 classes
[2026-03-27T17:16:40Z INFO  parabit] Iteration 0: 20 nodes, 20 classes
[2026-03-27T17:16:40Z INFO  parabit] Iteration 1: 96 nodes, 53 classes
[2026-03-27T17:16:40Z INFO  parabit] Iteration 2: 182 nodes, 75 classes
[2026-03-27T17:16:40Z INFO  parabit] Iteration 3: 375 nodes, 134 classes
[2026-03-27T17:16:40Z INFO  parabit] Iteration 4: 881 nodes, 261 classes
[2026-03-27T17:16:40Z INFO  parabit] Iteration 0: 20 nodes, 20 classes
[2026-03-27T17:16:40Z INFO  parabit] Iteration 1: 96 nodes, 53 classes
[2026-03-27T17:16:40Z INFO  parabit] Iteration 2: 182 nodes, 75 classes
[2026-03-27T17:16:40Z INFO  parabit] Iteration 3: 375 nodes, 134 classes
[2026-03-27T17:16:40Z INFO  parabit] Iteration 4: 881 nodes, 261 classes
[2026-03-27T17:16:40Z INFO  parabit] Iteration 0: 20 nodes, 20 classes
[2026-03-27T17:16:40Z INFO  parabit] Iteration 1: 96 nodes, 53 classes
[2026-03-27T17:16:40Z INFO  parabit] Iteration 2: 182 nodes, 75 classes
[2026-03-27T17:16:40Z INFO  parabit] Iteration 3: 375 nodes, 134 classes
[2026-03-27T17:16:40Z INFO  parabit] Iteration 4: 881 nodes, 261 classes
[2026-03-27T17:16:40Z INFO  parabit] Iteration 0: 20 nodes, 20 classes
[2026-03-27T17:16:40Z INFO  parabit] Iteration 1: 96 nodes, 53 classes
[2026-03-27T17:16:40Z INFO  parabit] Iteration 2: 182 nodes, 75 classes
[2026-03-27T17:16:40Z INFO  parabit] Iteration 3: 375 nodes, 134 classes
[2026-03-27T17:16:40Z INFO  parabit] Iteration 4: 881 nodes, 261 classes
[2026-03-27T17:16:40Z INFO  parabit] Iteration 0: 20 nodes, 20 classes
[2026-03-27T17:16:40Z INFO  parabit] Iteration 1: 96 nodes, 53 classes
[2026-03-27T17:16:40Z INFO  parabit] Iteration 2: 182 nodes, 75 classes
[2026-03-27T17:16:40Z INFO  parabit] Iteration 3: 375 nodes, 134 classes
[2026-03-27T17:16:40Z INFO  parabit] Iteration 4: 881 nodes, 261 classes
[2026-03-27T17:16:40Z INFO  parabit] Iteration 0: 20 nodes, 20 classes
[2026-03-27T17:16:40Z INFO  parabit] Iteration 1: 96 nodes, 53 classes
[2026-03-27T17:16:40Z INFO  parabit] Iteration 2: 182 nodes, 75 classes
[2026-03-27T17:16:40Z INFO  parabit] Iteration 3: 375 nodes, 134 classes
[2026-03-27T17:16:40Z INFO  parabit] Iteration 4: 881 nodes, 261 classes
[2026-03-27T17:16:40Z INFO  parabit] Iteration 0: 20 nodes, 20 classes
[2026-03-27T17:16:40Z INFO  parabit] Iteration 1: 96 nodes, 53 classes
[2026-03-27T17:16:40Z INFO  parabit] Iteration 2: 182 nodes, 75 classes
[2026-03-27T17:16:40Z INFO  parabit] Iteration 3: 375 nodes, 134 classes
[2026-03-27T17:16:40Z INFO  parabit] Iteration 4: 881 nodes, 261 classes
[2026-03-27T17:16:40Z INFO  parabit] Iteration 0: 20 nodes, 20 classes
[2026-03-27T17:16:40Z INFO  parabit] Iteration 1: 96 nodes, 53 classes
[2026-03-27T17:16:40Z INFO  parabit] Iteration 2: 182 nodes, 75 classes
[2026-03-27T17:16:40Z INFO  parabit] Iteration 3: 375 nodes, 134 classes
[2026-03-27T17:16:40Z INFO  parabit] Iteration 4: 881 nodes, 261 classes
[2026-03-27T17:16:40Z INFO  parabit] Iteration 0: 20 nodes, 20 classes
[2026-03-27T17:16:40Z INFO  parabit] Iteration 1: 96 nodes, 53 classes
[2026-03-27T17:16:40Z INFO  parabit] Iteration 2: 182 nodes, 75 classes
[2026-03-27T17:16:40Z INFO  parabit] Iteration 3: 375 nodes, 134 classes
[2026-03-27T17:16:40Z INFO  parabit] Iteration 4: 881 nodes, 261 classes
[2026-03-27T17:16:40Z INFO  parabit] Iteration 0: 20 nodes, 20 classes
[2026-03-27T17:16:40Z INFO  parabit] Iteration 1: 96 nodes, 53 classes
[2026-03-27T17:16:40Z INFO  parabit] Iteration 2: 182 nodes, 75 classes
[2026-03-27T17:16:40Z INFO  parabit] Iteration 3: 375 nodes, 134 classes
[2026-03-27T17:16:40Z INFO  parabit] Iteration 4: 881 nodes, 261 classes
[2026-03-27T17:16:40Z INFO  parabit] Iteration 0: 20 nodes, 20 classes
[2026-03-27T17:16:40Z INFO  parabit] Iteration 1: 96 nodes, 53 classes
[2026-03-27T17:16:40Z INFO  parabit] Iteration 2: 182 nodes, 75 classes
[2026-03-27T17:16:40Z INFO  parabit] Iteration 3: 375 nodes, 134 classes
[2026-03-27T17:16:40Z INFO  parabit] Iteration 4: 881 nodes, 261 classes
[2026-03-27T17:16:40Z INFO  parabit] Iteration 0: 20 nodes, 20 classes
[2026-03-27T17:16:40Z INFO  parabit] Iteration 1: 96 nodes, 53 classes
[2026-03-27T17:16:40Z INFO  parabit] Iteration 2: 182 nodes, 75 classes
[2026-03-27T17:16:40Z INFO  parabit] Iteration 3: 375 nodes, 134 classes
[2026-03-27T17:16:40Z INFO  parabit] Iteration 4: 881 nodes, 261 classes
[2026-03-27T17:16:40Z INFO  parabit] Iteration 0: 20 nodes, 20 classes
[2026-03-27T17:16:40Z INFO  parabit] Iteration 1: 96 nodes, 53 classes
[2026-03-27T17:16:40Z INFO  parabit] Iteration 2: 182 nodes, 75 classes
[2026-03-27T17:16:40Z INFO  parabit] Iteration 3: 375 nodes, 134 classes
[2026-03-27T17:16:40Z INFO  parabit] Iteration 4: 881 nodes, 261 classes
[2026-03-27T17:16:40Z INFO  parabit] Iteration 0: 20 nodes, 20 classes
[2026-03-27T17:16:40Z INFO  parabit] Iteration 1: 96 nodes, 53 classes
[2026-03-27T17:16:40Z INFO  parabit] Iteration 2: 182 nodes, 75 classes
[2026-03-27T17:16:40Z INFO  parabit] Iteration 3: 375 nodes, 134 classes
[2026-03-27T17:16:40Z INFO  parabit] Iteration 4: 881 nodes, 261 classes
[2026-03-27T17:16:40Z INFO  parabit] Iteration 0: 20 nodes, 20 classes
[2026-03-27T17:16:40Z INFO  parabit] Iteration 1: 96 nodes, 53 classes
[2026-03-27T17:16:40Z INFO  parabit] Iteration 2: 182 nodes, 75 classes
[2026-03-27T17:16:40Z INFO  parabit] Iteration 3: 375 nodes, 134 classes
[2026-03-27T17:16:40Z INFO  parabit] Iteration 4: 881 nodes, 261 classes
[2026-03-27T17:16:40Z INFO  parabit] Iteration 0: 20 nodes, 20 classes
[2026-03-27T17:16:40Z INFO  parabit] Iteration 1: 96 nodes, 53 classes
[2026-03-27T17:16:40Z INFO  parabit] Iteration 2: 182 nodes, 75 classes
[2026-03-27T17:16:40Z INFO  parabit] Iteration 3: 375 nodes, 134 classes
[2026-03-27T17:16:40Z INFO  parabit] Iteration 4: 881 nodes, 261 classes
[2026-03-27T17:16:40Z INFO  parabit] Iteration 0: 20 nodes, 20 classes
[2026-03-27T17:16:40Z INFO  parabit] Iteration 1: 96 nodes, 53 classes
[2026-03-27T17:16:40Z INFO  parabit] Iteration 2: 182 nodes, 75 classes
[2026-03-27T17:16:40Z INFO  parabit] Iteration 3: 375 nodes, 134 classes
[2026-03-27T17:16:40Z INFO  parabit] Iteration 4: 881 nodes, 261 classes
[2026-03-27T17:16:40Z INFO  parabit] Iteration 0: 20 nodes, 20 classes
[2026-03-27T17:16:40Z INFO  parabit] Iteration 1: 96 nodes, 53 classes
[2026-03-27T17:16:40Z INFO  parabit] Iteration 2: 182 nodes, 75 classes
[2026-03-27T17:16:40Z INFO  parabit] Iteration 3: 375 nodes, 134 classes
[2026-03-27T17:16:40Z INFO  parabit] Iteration 4: 881 nodes, 261 classes
[2026-03-27T17:16:40Z INFO  parabit] Iteration 0: 20 nodes, 20 classes
[2026-03-27T17:16:40Z INFO  parabit] Iteration 1: 96 nodes, 53 classes
[2026-03-27T17:16:40Z INFO  parabit] Iteration 2: 182 nodes, 75 classes
[2026-03-27T17:16:40Z INFO  parabit] Iteration 3: 375 nodes, 134 classes
[2026-03-27T17:16:40Z INFO  parabit] Iteration 4: 881 nodes, 261 classes
[2026-03-27T17:16:40Z INFO  parabit] Iteration 0: 20 nodes, 20 classes
[2026-03-27T17:16:40Z INFO  parabit] Iteration 1: 96 nodes, 53 classes
[2026-03-27T17:16:40Z INFO  parabit] Iteration 2: 182 nodes, 75 classes
[2026-03-27T17:16:40Z INFO  parabit] Iteration 3: 375 nodes, 134 classes
[2026-03-27T17:16:40Z INFO  parabit] Iteration 4: 881 nodes, 261 classes
[2026-03-27T17:16:40Z INFO  parabit] Iteration 0: 20 nodes, 20 classes
[2026-03-27T17:16:40Z INFO  parabit] Iteration 1: 96 nodes, 53 classes
[2026-03-27T17:16:40Z INFO  parabit] Iteration 2: 182 nodes, 75 classes
[2026-03-27T17:16:40Z INFO  parabit] Iteration 3: 375 nodes, 134 classes
[2026-03-27T17:16:40Z INFO  parabit] Iteration 4: 881 nodes, 261 classes
[2026-03-27T17:16:40Z INFO  parabit] Iteration 0: 20 nodes, 20 classes
[2026-03-27T17:16:40Z INFO  parabit] Iteration 1: 96 nodes, 53 classes
[2026-03-27T17:16:40Z INFO  parabit] Iteration 2: 182 nodes, 75 classes
[2026-03-27T17:16:40Z INFO  parabit] Iteration 3: 375 nodes, 134 classes
[2026-03-27T17:16:40Z INFO  parabit] Iteration 4: 881 nodes, 261 classes
[2026-03-27T17:16:40Z INFO  parabit] Iteration 0: 20 nodes, 20 classes
[2026-03-27T17:16:40Z INFO  parabit] Iteration 1: 96 nodes, 53 classes
[2026-03-27T17:16:40Z INFO  parabit] Iteration 2: 182 nodes, 75 classes
[2026-03-27T17:16:40Z INFO  parabit] Iteration 3: 375 nodes, 134 classes
[2026-03-27T17:16:40Z INFO  parabit] Iteration 4: 881 nodes, 261 classes
[2026-03-27T17:16:40Z INFO  parabit] Iteration 0: 20 nodes, 20 classes
[2026-03-27T17:16:40Z INFO  parabit] Iteration 1: 96 nodes, 53 classes
[2026-03-27T17:16:40Z INFO  parabit] Iteration 2: 182 nodes, 75 classes
[2026-03-27T17:16:40Z INFO  parabit] Iteration 3: 375 nodes, 134 classes
[2026-03-27T17:16:40Z INFO  parabit] Iteration 4: 881 nodes, 261 classes
[2026-03-27T17:16:40Z INFO  parabit] Iteration 0: 20 nodes, 20 classes
[2026-03-27T17:16:40Z INFO  parabit] Iteration 1: 96 nodes, 53 classes
[2026-03-27T17:16:40Z INFO  parabit] Iteration 2: 182 nodes, 75 classes
[2026-03-27T17:16:40Z INFO  parabit] Iteration 3: 375 nodes, 134 classes
[2026-03-27T17:16:40Z INFO  parabit] Iteration 4: 881 nodes, 261 classes
[2026-03-27T17:16:40Z INFO  parabit] Iteration 0: 20 nodes, 20 classes
[2026-03-27T17:16:40Z INFO  parabit] Iteration 1: 96 nodes, 53 classes
[2026-03-27T17:16:40Z INFO  parabit] Iteration 2: 182 nodes, 75 classes
[2026-03-27T17:16:40Z INFO  parabit] Iteration 3: 375 nodes, 134 classes
[2026-03-27T17:16:40Z INFO  parabit] Iteration 4: 881 nodes, 261 classes
[2026-03-27T17:16:40Z INFO  parabit] Iteration 0: 20 nodes, 20 classes
[2026-03-27T17:16:40Z INFO  parabit] Iteration 1: 96 nodes, 53 classes
[2026-03-27T17:16:40Z INFO  parabit] Iteration 2: 182 nodes, 75 classes
[2026-03-27T17:16:40Z INFO  parabit] Iteration 3: 375 nodes, 134 classes
[2026-03-27T17:16:40Z INFO  parabit] Iteration 4: 881 nodes, 261 classes
[2026-03-27T17:16:40Z INFO  parabit] Iteration 0: 20 nodes, 20 classes
[2026-03-27T17:16:40Z INFO  parabit] Iteration 1: 96 nodes, 53 classes
[2026-03-27T17:16:40Z INFO  parabit] Iteration 2: 182 nodes, 75 classes
[2026-03-27T17:16:40Z INFO  parabit] Iteration 3: 375 nodes, 134 classes
[2026-03-27T17:16:40Z INFO  parabit] Iteration 4: 881 nodes, 261 classes
[2026-03-27T17:16:40Z INFO  parabit] Iteration 0: 20 nodes, 20 classes
[2026-03-27T17:16:40Z INFO  parabit] Iteration 1: 96 nodes, 53 classes
[2026-03-27T17:16:40Z INFO  parabit] Iteration 2: 182 nodes, 75 classes
[2026-03-27T17:16:40Z INFO  parabit] Iteration 3: 375 nodes, 134 classes
[2026-03-27T17:16:40Z INFO  parabit] Iteration 4: 881 nodes, 261 classes
{"elapsed":0.85, "maxrss":7336}
