[2026-03-27T17:16:39Z WARN  parabit] Sanitised input expression 0 from:
    (bw (+ (- k 1) 1) (+ (bw (+ (- k 1) 1) (bw 1 "%a")) (bw k "%b")))
    to:
    (bw (+ (- k 1) 1) (+ (bw (+ (- k 1) 1) (bw 1 var_a)) (bw k var_b)))
[2026-03-27T17:16:39Z WARN  parabit] Sanitised input expression 0 from:
    (bw k (sel (bw 1 "%a") (bw k (+ (bw k "%b") (bw k 1))) (bw k "%b")))
    to:
    (bw k (sel (bw 1 var_a) (bw k (+ (bw k var_b) (bw k 1))) (bw k var_b)))
[2026-03-27T17:16:39Z INFO  parabit] Running parabit on file: AddSub_1098_values_0
[2026-03-27T17:16:39Z INFO  parabit] Iteration 0: 17 nodes, 17 classes
[2026-03-27T17:16:39Z INFO  parabit] Iteration 1: 75 nodes, 53 classes
[2026-03-27T17:16:39Z INFO  parabit] Iteration 2: 138 nodes, 72 classes
[2026-03-27T17:16:39Z INFO  parabit] Iteration 3: 260 nodes, 127 classes
[2026-03-27T17:16:39Z INFO  parabit] Iteration 4: 824 nodes, 223 classes
[2026-03-27T17:16:39Z INFO  parabit] Iteration 5: 1538 nodes, 378 classes
[2026-03-27T17:16:39Z INFO  parabit] Iteration 6: 3798 nodes, 1006 classes
[2026-03-27T17:16:39Z INFO  parabit] Iteration 7: 16089 nodes, 3569 classes
[2026-03-27T17:16:44Z INFO  parabit] Iteration 8: 177952 nodes, 39996 classes
memory allocation of 6291456 bytes failed
note: run with `RUST_BACKTRACE=1` environment variable to display a backtrace
timeout: the monitored command dumped core
Command terminated by signal 6
{"elapsed":16.89, "maxrss":1811636}
