[2026-03-27T17:16:39Z WARN  parabit] Sanitised input expression 0 from:
    (bw k (+ (bw k (- (bw k 0) (bw k "%a"))) (bw k (- (bw k 0) (bw k "%b")))))
    to:
    (bw k (+ (bw k (- (bw k 0) (bw k var_a))) (bw k (- (bw k 0) (bw k var_b)))))
[2026-03-27T17:16:39Z WARN  parabit] Sanitised input expression 0 from:
    (bw k (- (bw k 0) (bw k (+ (bw k "%a") (bw k "%b")))))
    to:
    (bw k (- (bw k 0) (bw k (+ (bw k var_a) (bw k var_b)))))
[2026-03-27T17:16:39Z INFO  parabit] Running parabit on file: AddSub_1165_values_0
[2026-03-27T17:16:39Z INFO  parabit] Iteration 0: 18 nodes, 18 classes
[2026-03-27T17:16:39Z INFO  parabit] Iteration 1: 87 nodes, 56 classes
[2026-03-27T17:16:39Z INFO  parabit] Iteration 2: 182 nodes, 85 classes
[2026-03-27T17:16:39Z INFO  parabit] Iteration 3: 395 nodes, 151 classes
[2026-03-27T17:16:39Z INFO  parabit] Iteration 0: 18 nodes, 18 classes
[2026-03-27T17:16:39Z INFO  parabit] Iteration 1: 87 nodes, 56 classes
[2026-03-27T17:16:39Z INFO  parabit] Iteration 2: 182 nodes, 85 classes
[2026-03-27T17:16:39Z INFO  parabit] Iteration 3: 395 nodes, 151 classes
[2026-03-27T17:16:39Z INFO  parabit] Iteration 0: 18 nodes, 18 classes
[2026-03-27T17:16:39Z INFO  parabit] Iteration 1: 87 nodes, 56 classes
[2026-03-27T17:16:39Z INFO  parabit] Iteration 2: 182 nodes, 85 classes
[2026-03-27T17:16:39Z INFO  parabit] Iteration 3: 395 nodes, 151 classes
[2026-03-27T17:16:39Z INFO  parabit] Iteration 0: 18 nodes, 18 classes
[2026-03-27T17:16:39Z INFO  parabit] Iteration 1: 87 nodes, 56 classes
[2026-03-27T17:16:39Z INFO  parabit] Iteration 2: 182 nodes, 85 classes
[2026-03-27T17:16:39Z INFO  parabit] Iteration 3: 395 nodes, 151 classes
[2026-03-27T17:16:39Z INFO  parabit] Iteration 0: 18 nodes, 18 classes
[2026-03-27T17:16:39Z INFO  parabit] Iteration 1: 87 nodes, 56 classes
[2026-03-27T17:16:39Z INFO  parabit] Iteration 2: 182 nodes, 85 classes
[2026-03-27T17:16:39Z INFO  parabit] Iteration 3: 395 nodes, 151 classes
[2026-03-27T17:16:39Z INFO  parabit] Iteration 0: 18 nodes, 18 classes
[2026-03-27T17:16:39Z INFO  parabit] Iteration 1: 87 nodes, 56 classes
[2026-03-27T17:16:39Z INFO  parabit] Iteration 2: 182 nodes, 85 classes
[2026-03-27T17:16:39Z INFO  parabit] Iteration 3: 395 nodes, 151 classes
[2026-03-27T17:16:39Z INFO  parabit] Iteration 0: 18 nodes, 18 classes
[2026-03-27T17:16:39Z INFO  parabit] Iteration 1: 87 nodes, 56 classes
[2026-03-27T17:16:39Z INFO  parabit] Iteration 2: 182 nodes, 85 classes
[2026-03-27T17:16:39Z INFO  parabit] Iteration 3: 395 nodes, 151 classes
[2026-03-27T17:16:39Z INFO  parabit] Iteration 0: 18 nodes, 18 classes
[2026-03-27T17:16:39Z INFO  parabit] Iteration 1: 87 nodes, 56 classes
[2026-03-27T17:16:39Z INFO  parabit] Iteration 2: 182 nodes, 85 classes
[2026-03-27T17:16:39Z INFO  parabit] Iteration 3: 395 nodes, 151 classes
[2026-03-27T17:16:39Z INFO  parabit] Iteration 0: 18 nodes, 18 classes
[2026-03-27T17:16:39Z INFO  parabit] Iteration 1: 87 nodes, 56 classes
[2026-03-27T17:16:39Z INFO  parabit] Iteration 2: 182 nodes, 85 classes
[2026-03-27T17:16:39Z INFO  parabit] Iteration 3: 395 nodes, 151 classes
[2026-03-27T17:16:39Z INFO  parabit] Iteration 0: 18 nodes, 18 classes
[2026-03-27T17:16:39Z INFO  parabit] Iteration 1: 87 nodes, 56 classes
[2026-03-27T17:16:39Z INFO  parabit] Iteration 2: 182 nodes, 85 classes
[2026-03-27T17:16:39Z INFO  parabit] Iteration 3: 395 nodes, 151 classes
[2026-03-27T17:16:39Z INFO  parabit] Iteration 0: 18 nodes, 18 classes
[2026-03-27T17:16:39Z INFO  parabit] Iteration 1: 87 nodes, 56 classes
[2026-03-27T17:16:39Z INFO  parabit] Iteration 2: 182 nodes, 85 classes
[2026-03-27T17:16:39Z INFO  parabit] Iteration 3: 395 nodes, 151 classes
[2026-03-27T17:16:39Z INFO  parabit] Iteration 0: 18 nodes, 18 classes
[2026-03-27T17:16:39Z INFO  parabit] Iteration 1: 87 nodes, 56 classes
[2026-03-27T17:16:39Z INFO  parabit] Iteration 2: 182 nodes, 85 classes
[2026-03-27T17:16:39Z INFO  parabit] Iteration 3: 395 nodes, 151 classes
[2026-03-27T17:16:39Z INFO  parabit] Iteration 0: 18 nodes, 18 classes
[2026-03-27T17:16:39Z INFO  parabit] Iteration 1: 87 nodes, 56 classes
[2026-03-27T17:16:39Z INFO  parabit] Iteration 2: 182 nodes, 85 classes
[2026-03-27T17:16:39Z INFO  parabit] Iteration 3: 395 nodes, 151 classes
[2026-03-27T17:16:39Z INFO  parabit] Iteration 0: 18 nodes, 18 classes
[2026-03-27T17:16:39Z INFO  parabit] Iteration 1: 87 nodes, 56 classes
[2026-03-27T17:16:39Z INFO  parabit] Iteration 2: 182 nodes, 85 classes
[2026-03-27T17:16:39Z INFO  parabit] Iteration 3: 395 nodes, 151 classes
[2026-03-27T17:16:39Z INFO  parabit] Iteration 0: 18 nodes, 18 classes
[2026-03-27T17:16:39Z INFO  parabit] Iteration 1: 87 nodes, 56 classes
[2026-03-27T17:16:39Z INFO  parabit] Iteration 2: 182 nodes, 85 classes
[2026-03-27T17:16:39Z INFO  parabit] Iteration 3: 395 nodes, 151 classes
[2026-03-27T17:16:39Z INFO  parabit] Iteration 0: 18 nodes, 18 classes
[2026-03-27T17:16:39Z INFO  parabit] Iteration 1: 87 nodes, 56 classes
[2026-03-27T17:16:39Z INFO  parabit] Iteration 2: 182 nodes, 85 classes
[2026-03-27T17:16:39Z INFO  parabit] Iteration 3: 395 nodes, 151 classes
[2026-03-27T17:16:39Z INFO  parabit] Iteration 0: 18 nodes, 18 classes
[2026-03-27T17:16:39Z INFO  parabit] Iteration 1: 87 nodes, 56 classes
[2026-03-27T17:16:39Z INFO  parabit] Iteration 2: 182 nodes, 85 classes
[2026-03-27T17:16:39Z INFO  parabit] Iteration 3: 395 nodes, 151 classes
[2026-03-27T17:16:39Z INFO  parabit] Iteration 0: 18 nodes, 18 classes
[2026-03-27T17:16:39Z INFO  parabit] Iteration 1: 87 nodes, 56 classes
[2026-03-27T17:16:39Z INFO  parabit] Iteration 2: 182 nodes, 85 classes
[2026-03-27T17:16:39Z INFO  parabit] Iteration 3: 395 nodes, 151 classes
[2026-03-27T17:16:39Z INFO  parabit] Iteration 0: 18 nodes, 18 classes
[2026-03-27T17:16:39Z INFO  parabit] Iteration 1: 87 nodes, 56 classes
[2026-03-27T17:16:39Z INFO  parabit] Iteration 2: 182 nodes, 85 classes
[2026-03-27T17:16:39Z INFO  parabit] Iteration 3: 395 nodes, 151 classes
[2026-03-27T17:16:39Z INFO  parabit] Iteration 0: 18 nodes, 18 classes
[2026-03-27T17:16:39Z INFO  parabit] Iteration 1: 87 nodes, 56 classes
[2026-03-27T17:16:39Z INFO  parabit] Iteration 2: 182 nodes, 85 classes
[2026-03-27T17:16:39Z INFO  parabit] Iteration 3: 395 nodes, 151 classes
[2026-03-27T17:16:39Z INFO  parabit] Iteration 0: 18 nodes, 18 classes
[2026-03-27T17:16:39Z INFO  parabit] Iteration 1: 87 nodes, 56 classes
[2026-03-27T17:16:39Z INFO  parabit] Iteration 2: 182 nodes, 85 classes
[2026-03-27T17:16:39Z INFO  parabit] Iteration 3: 395 nodes, 151 classes
[2026-03-27T17:16:39Z INFO  parabit] Iteration 0: 18 nodes, 18 classes
[2026-03-27T17:16:39Z INFO  parabit] Iteration 1: 87 nodes, 56 classes
[2026-03-27T17:16:39Z INFO  parabit] Iteration 2: 182 nodes, 85 classes
[2026-03-27T17:16:39Z INFO  parabit] Iteration 3: 395 nodes, 151 classes
[2026-03-27T17:16:39Z INFO  parabit] Iteration 0: 18 nodes, 18 classes
[2026-03-27T17:16:39Z INFO  parabit] Iteration 1: 87 nodes, 56 classes
[2026-03-27T17:16:39Z INFO  parabit] Iteration 2: 182 nodes, 85 classes
[2026-03-27T17:16:39Z INFO  parabit] Iteration 3: 395 nodes, 151 classes
[2026-03-27T17:16:39Z INFO  parabit] Iteration 0: 18 nodes, 18 classes
[2026-03-27T17:16:39Z INFO  parabit] Iteration 1: 87 nodes, 56 classes
[2026-03-27T17:16:39Z INFO  parabit] Iteration 2: 182 nodes, 85 classes
[2026-03-27T17:16:39Z INFO  parabit] Iteration 3: 395 nodes, 151 classes
[2026-03-27T17:16:39Z INFO  parabit] Iteration 0: 18 nodes, 18 classes
[2026-03-27T17:16:39Z INFO  parabit] Iteration 1: 87 nodes, 56 classes
[2026-03-27T17:16:39Z INFO  parabit] Iteration 2: 182 nodes, 85 classes
[2026-03-27T17:16:39Z INFO  parabit] Iteration 3: 395 nodes, 151 classes
[2026-03-27T17:16:39Z INFO  parabit] Iteration 0: 18 nodes, 18 classes
[2026-03-27T17:16:39Z INFO  parabit] Iteration 1: 87 nodes, 56 classes
[2026-03-27T17:16:39Z INFO  parabit] Iteration 2: 182 nodes, 85 classes
[2026-03-27T17:16:39Z INFO  parabit] Iteration 3: 395 nodes, 151 classes
[2026-03-27T17:16:39Z INFO  parabit] Iteration 0: 18 nodes, 18 classes
[2026-03-27T17:16:39Z INFO  parabit] Iteration 1: 87 nodes, 56 classes
[2026-03-27T17:16:39Z INFO  parabit] Iteration 2: 182 nodes, 85 classes
[2026-03-27T17:16:39Z INFO  parabit] Iteration 3: 395 nodes, 151 classes
[2026-03-27T17:16:39Z INFO  parabit] Iteration 0: 18 nodes, 18 classes
[2026-03-27T17:16:39Z INFO  parabit] Iteration 1: 87 nodes, 56 classes
[2026-03-27T17:16:39Z INFO  parabit] Iteration 2: 182 nodes, 85 classes
[2026-03-27T17:16:39Z INFO  parabit] Iteration 3: 395 nodes, 151 classes
[2026-03-27T17:16:39Z INFO  parabit] Iteration 0: 18 nodes, 18 classes
[2026-03-27T17:16:39Z INFO  parabit] Iteration 1: 87 nodes, 56 classes
[2026-03-27T17:16:39Z INFO  parabit] Iteration 2: 182 nodes, 85 classes
[2026-03-27T17:16:39Z INFO  parabit] Iteration 3: 395 nodes, 151 classes
[2026-03-27T17:16:39Z INFO  parabit] Iteration 0: 18 nodes, 18 classes
[2026-03-27T17:16:39Z INFO  parabit] Iteration 1: 87 nodes, 56 classes
[2026-03-27T17:16:39Z INFO  parabit] Iteration 2: 182 nodes, 85 classes
[2026-03-27T17:16:39Z INFO  parabit] Iteration 3: 395 nodes, 151 classes
[2026-03-27T17:16:39Z INFO  parabit] Iteration 0: 18 nodes, 18 classes
[2026-03-27T17:16:39Z INFO  parabit] Iteration 1: 87 nodes, 56 classes
[2026-03-27T17:16:39Z INFO  parabit] Iteration 2: 182 nodes, 85 classes
[2026-03-27T17:16:39Z INFO  parabit] Iteration 3: 395 nodes, 151 classes
[2026-03-27T17:16:39Z INFO  parabit] Iteration 0: 18 nodes, 18 classes
[2026-03-27T17:16:39Z INFO  parabit] Iteration 1: 87 nodes, 56 classes
[2026-03-27T17:16:39Z INFO  parabit] Iteration 2: 182 nodes, 85 classes
[2026-03-27T17:16:39Z INFO  parabit] Iteration 3: 395 nodes, 151 classes
[2026-03-27T17:16:39Z INFO  parabit] Iteration 0: 18 nodes, 18 classes
[2026-03-27T17:16:39Z INFO  parabit] Iteration 1: 87 nodes, 56 classes
[2026-03-27T17:16:39Z INFO  parabit] Iteration 2: 182 nodes, 85 classes
[2026-03-27T17:16:39Z INFO  parabit] Iteration 3: 395 nodes, 151 classes
[2026-03-27T17:16:39Z INFO  parabit] Iteration 0: 18 nodes, 18 classes
[2026-03-27T17:16:39Z INFO  parabit] Iteration 1: 87 nodes, 56 classes
[2026-03-27T17:16:39Z INFO  parabit] Iteration 2: 182 nodes, 85 classes
[2026-03-27T17:16:39Z INFO  parabit] Iteration 3: 395 nodes, 151 classes
[2026-03-27T17:16:39Z INFO  parabit] Iteration 0: 18 nodes, 18 classes
[2026-03-27T17:16:39Z INFO  parabit] Iteration 1: 87 nodes, 56 classes
[2026-03-27T17:16:39Z INFO  parabit] Iteration 2: 182 nodes, 85 classes
[2026-03-27T17:16:39Z INFO  parabit] Iteration 3: 395 nodes, 151 classes
[2026-03-27T17:16:39Z INFO  parabit] Iteration 0: 18 nodes, 18 classes
[2026-03-27T17:16:39Z INFO  parabit] Iteration 1: 87 nodes, 56 classes
[2026-03-27T17:16:39Z INFO  parabit] Iteration 2: 182 nodes, 85 classes
[2026-03-27T17:16:39Z INFO  parabit] Iteration 3: 395 nodes, 151 classes
[2026-03-27T17:16:39Z INFO  parabit] Iteration 0: 18 nodes, 18 classes
[2026-03-27T17:16:39Z INFO  parabit] Iteration 1: 87 nodes, 56 classes
[2026-03-27T17:16:39Z INFO  parabit] Iteration 2: 182 nodes, 85 classes
[2026-03-27T17:16:39Z INFO  parabit] Iteration 3: 395 nodes, 151 classes
[2026-03-27T17:16:39Z INFO  parabit] Iteration 0: 18 nodes, 18 classes
[2026-03-27T17:16:39Z INFO  parabit] Iteration 1: 87 nodes, 56 classes
[2026-03-27T17:16:39Z INFO  parabit] Iteration 2: 182 nodes, 85 classes
[2026-03-27T17:16:39Z INFO  parabit] Iteration 3: 395 nodes, 151 classes
[2026-03-27T17:16:39Z INFO  parabit] Iteration 0: 18 nodes, 18 classes
[2026-03-27T17:16:39Z INFO  parabit] Iteration 1: 87 nodes, 56 classes
[2026-03-27T17:16:39Z INFO  parabit] Iteration 2: 182 nodes, 85 classes
[2026-03-27T17:16:39Z INFO  parabit] Iteration 3: 395 nodes, 151 classes
[2026-03-27T17:16:39Z INFO  parabit] Iteration 0: 18 nodes, 18 classes
[2026-03-27T17:16:39Z INFO  parabit] Iteration 1: 87 nodes, 56 classes
[2026-03-27T17:16:39Z INFO  parabit] Iteration 2: 182 nodes, 85 classes
[2026-03-27T17:16:39Z INFO  parabit] Iteration 3: 395 nodes, 151 classes
[2026-03-27T17:16:39Z INFO  parabit] Iteration 0: 18 nodes, 18 classes
[2026-03-27T17:16:39Z INFO  parabit] Iteration 1: 87 nodes, 56 classes
[2026-03-27T17:16:39Z INFO  parabit] Iteration 2: 182 nodes, 85 classes
[2026-03-27T17:16:39Z INFO  parabit] Iteration 3: 395 nodes, 151 classes
[2026-03-27T17:16:39Z INFO  parabit] Iteration 0: 18 nodes, 18 classes
[2026-03-27T17:16:39Z INFO  parabit] Iteration 1: 87 nodes, 56 classes
[2026-03-27T17:16:39Z INFO  parabit] Iteration 2: 182 nodes, 85 classes
[2026-03-27T17:16:39Z INFO  parabit] Iteration 3: 395 nodes, 151 classes
[2026-03-27T17:16:39Z INFO  parabit] Iteration 0: 18 nodes, 18 classes
[2026-03-27T17:16:39Z INFO  parabit] Iteration 1: 87 nodes, 56 classes
[2026-03-27T17:16:39Z INFO  parabit] Iteration 2: 182 nodes, 85 classes
[2026-03-27T17:16:39Z INFO  parabit] Iteration 3: 395 nodes, 151 classes
[2026-03-27T17:16:39Z INFO  parabit] Iteration 0: 18 nodes, 18 classes
[2026-03-27T17:16:39Z INFO  parabit] Iteration 1: 87 nodes, 56 classes
[2026-03-27T17:16:39Z INFO  parabit] Iteration 2: 182 nodes, 85 classes
[2026-03-27T17:16:39Z INFO  parabit] Iteration 3: 395 nodes, 151 classes
[2026-03-27T17:16:39Z INFO  parabit] Iteration 0: 18 nodes, 18 classes
[2026-03-27T17:16:39Z INFO  parabit] Iteration 1: 87 nodes, 56 classes
[2026-03-27T17:16:39Z INFO  parabit] Iteration 2: 182 nodes, 85 classes
[2026-03-27T17:16:39Z INFO  parabit] Iteration 3: 395 nodes, 151 classes
[2026-03-27T17:16:39Z INFO  parabit] Iteration 0: 18 nodes, 18 classes
[2026-03-27T17:16:39Z INFO  parabit] Iteration 1: 87 nodes, 56 classes
[2026-03-27T17:16:39Z INFO  parabit] Iteration 2: 182 nodes, 85 classes
[2026-03-27T17:16:39Z INFO  parabit] Iteration 3: 395 nodes, 151 classes
[2026-03-27T17:16:39Z INFO  parabit] Iteration 0: 18 nodes, 18 classes
[2026-03-27T17:16:39Z INFO  parabit] Iteration 1: 87 nodes, 56 classes
[2026-03-27T17:16:39Z INFO  parabit] Iteration 2: 182 nodes, 85 classes
[2026-03-27T17:16:39Z INFO  parabit] Iteration 3: 395 nodes, 151 classes
[2026-03-27T17:16:39Z INFO  parabit] Iteration 0: 18 nodes, 18 classes
[2026-03-27T17:16:39Z INFO  parabit] Iteration 1: 87 nodes, 56 classes
[2026-03-27T17:16:39Z INFO  parabit] Iteration 2: 182 nodes, 85 classes
[2026-03-27T17:16:39Z INFO  parabit] Iteration 3: 395 nodes, 151 classes
[2026-03-27T17:16:39Z INFO  parabit] Iteration 0: 18 nodes, 18 classes
[2026-03-27T17:16:39Z INFO  parabit] Iteration 1: 87 nodes, 56 classes
[2026-03-27T17:16:39Z INFO  parabit] Iteration 2: 182 nodes, 85 classes
[2026-03-27T17:16:39Z INFO  parabit] Iteration 3: 395 nodes, 151 classes
[2026-03-27T17:16:39Z INFO  parabit] Iteration 0: 18 nodes, 18 classes
[2026-03-27T17:16:39Z INFO  parabit] Iteration 1: 87 nodes, 56 classes
[2026-03-27T17:16:39Z INFO  parabit] Iteration 2: 182 nodes, 85 classes
[2026-03-27T17:16:39Z INFO  parabit] Iteration 3: 395 nodes, 151 classes
[2026-03-27T17:16:39Z INFO  parabit] Iteration 0: 18 nodes, 18 classes
[2026-03-27T17:16:39Z INFO  parabit] Iteration 1: 87 nodes, 56 classes
[2026-03-27T17:16:39Z INFO  parabit] Iteration 2: 182 nodes, 85 classes
[2026-03-27T17:16:39Z INFO  parabit] Iteration 3: 395 nodes, 151 classes
[2026-03-27T17:16:39Z INFO  parabit] Iteration 0: 18 nodes, 18 classes
[2026-03-27T17:16:39Z INFO  parabit] Iteration 1: 87 nodes, 56 classes
[2026-03-27T17:16:39Z INFO  parabit] Iteration 2: 182 nodes, 85 classes
[2026-03-27T17:16:39Z INFO  parabit] Iteration 3: 395 nodes, 151 classes
[2026-03-27T17:16:39Z INFO  parabit] Iteration 0: 18 nodes, 18 classes
[2026-03-27T17:16:39Z INFO  parabit] Iteration 1: 87 nodes, 56 classes
[2026-03-27T17:16:39Z INFO  parabit] Iteration 2: 182 nodes, 85 classes
[2026-03-27T17:16:39Z INFO  parabit] Iteration 3: 395 nodes, 151 classes
[2026-03-27T17:16:39Z INFO  parabit] Iteration 0: 18 nodes, 18 classes
[2026-03-27T17:16:39Z INFO  parabit] Iteration 1: 87 nodes, 56 classes
[2026-03-27T17:16:39Z INFO  parabit] Iteration 2: 182 nodes, 85 classes
[2026-03-27T17:16:39Z INFO  parabit] Iteration 3: 395 nodes, 151 classes
[2026-03-27T17:16:39Z INFO  parabit] Iteration 0: 18 nodes, 18 classes
[2026-03-27T17:16:39Z INFO  parabit] Iteration 1: 87 nodes, 56 classes
[2026-03-27T17:16:39Z INFO  parabit] Iteration 2: 182 nodes, 85 classes
[2026-03-27T17:16:39Z INFO  parabit] Iteration 3: 395 nodes, 151 classes
[2026-03-27T17:16:39Z INFO  parabit] Iteration 0: 18 nodes, 18 classes
[2026-03-27T17:16:39Z INFO  parabit] Iteration 1: 87 nodes, 56 classes
[2026-03-27T17:16:39Z INFO  parabit] Iteration 2: 182 nodes, 85 classes
[2026-03-27T17:16:39Z INFO  parabit] Iteration 3: 395 nodes, 151 classes
[2026-03-27T17:16:39Z INFO  parabit] Iteration 0: 18 nodes, 18 classes
[2026-03-27T17:16:39Z INFO  parabit] Iteration 1: 87 nodes, 56 classes
[2026-03-27T17:16:39Z INFO  parabit] Iteration 2: 182 nodes, 85 classes
[2026-03-27T17:16:39Z INFO  parabit] Iteration 3: 395 nodes, 151 classes
[2026-03-27T17:16:39Z INFO  parabit] Iteration 0: 18 nodes, 18 classes
[2026-03-27T17:16:39Z INFO  parabit] Iteration 1: 87 nodes, 56 classes
[2026-03-27T17:16:39Z INFO  parabit] Iteration 2: 182 nodes, 85 classes
[2026-03-27T17:16:39Z INFO  parabit] Iteration 3: 395 nodes, 151 classes
[2026-03-27T17:16:39Z INFO  parabit] Iteration 0: 18 nodes, 18 classes
[2026-03-27T17:16:39Z INFO  parabit] Iteration 1: 87 nodes, 56 classes
[2026-03-27T17:16:39Z INFO  parabit] Iteration 2: 182 nodes, 85 classes
[2026-03-27T17:16:39Z INFO  parabit] Iteration 3: 395 nodes, 151 classes
[2026-03-27T17:16:39Z INFO  parabit] Iteration 0: 18 nodes, 18 classes
[2026-03-27T17:16:39Z INFO  parabit] Iteration 1: 87 nodes, 56 classes
[2026-03-27T17:16:39Z INFO  parabit] Iteration 2: 182 nodes, 85 classes
[2026-03-27T17:16:39Z INFO  parabit] Iteration 3: 395 nodes, 151 classes
[2026-03-27T17:16:39Z INFO  parabit] Iteration 0: 18 nodes, 18 classes
[2026-03-27T17:16:39Z INFO  parabit] Iteration 1: 87 nodes, 56 classes
[2026-03-27T17:16:39Z INFO  parabit] Iteration 2: 182 nodes, 85 classes
[2026-03-27T17:16:39Z INFO  parabit] Iteration 3: 395 nodes, 151 classes
[2026-03-27T17:16:39Z INFO  parabit] Iteration 0: 18 nodes, 18 classes
[2026-03-27T17:16:39Z INFO  parabit] Iteration 1: 87 nodes, 56 classes
[2026-03-27T17:16:39Z INFO  parabit] Iteration 2: 182 nodes, 85 classes
[2026-03-27T17:16:39Z INFO  parabit] Iteration 3: 395 nodes, 151 classes
[2026-03-27T17:16:39Z INFO  parabit] Iteration 0: 18 nodes, 18 classes
[2026-03-27T17:16:39Z INFO  parabit] Iteration 1: 87 nodes, 56 classes
[2026-03-27T17:16:39Z INFO  parabit] Iteration 2: 182 nodes, 85 classes
[2026-03-27T17:16:39Z INFO  parabit] Iteration 3: 395 nodes, 151 classes
[2026-03-27T17:16:39Z INFO  parabit] Iteration 0: 18 nodes, 18 classes
[2026-03-27T17:16:39Z INFO  parabit] Iteration 1: 87 nodes, 56 classes
[2026-03-27T17:16:39Z INFO  parabit] Iteration 2: 182 nodes, 85 classes
[2026-03-27T17:16:39Z INFO  parabit] Iteration 3: 395 nodes, 151 classes
[2026-03-27T17:16:39Z INFO  parabit] Iteration 0: 18 nodes, 18 classes
[2026-03-27T17:16:39Z INFO  parabit] Iteration 1: 87 nodes, 56 classes
[2026-03-27T17:16:39Z INFO  parabit] Iteration 2: 182 nodes, 85 classes
[2026-03-27T17:16:39Z INFO  parabit] Iteration 3: 395 nodes, 151 classes
[2026-03-27T17:16:39Z INFO  parabit] Iteration 0: 18 nodes, 18 classes
[2026-03-27T17:16:39Z INFO  parabit] Iteration 1: 87 nodes, 56 classes
[2026-03-27T17:16:39Z INFO  parabit] Iteration 2: 182 nodes, 85 classes
[2026-03-27T17:16:39Z INFO  parabit] Iteration 3: 395 nodes, 151 classes
[2026-03-27T17:16:39Z INFO  parabit] Iteration 0: 18 nodes, 18 classes
[2026-03-27T17:16:39Z INFO  parabit] Iteration 1: 87 nodes, 56 classes
[2026-03-27T17:16:39Z INFO  parabit] Iteration 2: 182 nodes, 85 classes
[2026-03-27T17:16:39Z INFO  parabit] Iteration 3: 395 nodes, 151 classes
[2026-03-27T17:16:39Z INFO  parabit] Iteration 0: 18 nodes, 18 classes
[2026-03-27T17:16:39Z INFO  parabit] Iteration 1: 87 nodes, 56 classes
[2026-03-27T17:16:39Z INFO  parabit] Iteration 2: 182 nodes, 85 classes
[2026-03-27T17:16:39Z INFO  parabit] Iteration 3: 395 nodes, 151 classes
[2026-03-27T17:16:39Z INFO  parabit] Iteration 0: 18 nodes, 18 classes
[2026-03-27T17:16:39Z INFO  parabit] Iteration 1: 87 nodes, 56 classes
[2026-03-27T17:16:39Z INFO  parabit] Iteration 2: 182 nodes, 85 classes
[2026-03-27T17:16:39Z INFO  parabit] Iteration 3: 395 nodes, 151 classes
[2026-03-27T17:16:39Z INFO  parabit] Iteration 0: 18 nodes, 18 classes
[2026-03-27T17:16:39Z INFO  parabit] Iteration 1: 87 nodes, 56 classes
[2026-03-27T17:16:39Z INFO  parabit] Iteration 2: 182 nodes, 85 classes
[2026-03-27T17:16:39Z INFO  parabit] Iteration 3: 395 nodes, 151 classes
[2026-03-27T17:16:39Z INFO  parabit] Iteration 0: 18 nodes, 18 classes
[2026-03-27T17:16:39Z INFO  parabit] Iteration 1: 87 nodes, 56 classes
[2026-03-27T17:16:39Z INFO  parabit] Iteration 2: 182 nodes, 85 classes
[2026-03-27T17:16:39Z INFO  parabit] Iteration 3: 395 nodes, 151 classes
[2026-03-27T17:16:39Z INFO  parabit] Iteration 0: 18 nodes, 18 classes
[2026-03-27T17:16:39Z INFO  parabit] Iteration 1: 87 nodes, 56 classes
[2026-03-27T17:16:39Z INFO  parabit] Iteration 2: 182 nodes, 85 classes
[2026-03-27T17:16:39Z INFO  parabit] Iteration 3: 395 nodes, 151 classes
[2026-03-27T17:16:39Z INFO  parabit] Iteration 0: 18 nodes, 18 classes
[2026-03-27T17:16:39Z INFO  parabit] Iteration 1: 87 nodes, 56 classes
[2026-03-27T17:16:39Z INFO  parabit] Iteration 2: 182 nodes, 85 classes
[2026-03-27T17:16:39Z INFO  parabit] Iteration 3: 395 nodes, 151 classes
[2026-03-27T17:16:39Z INFO  parabit] Iteration 0: 18 nodes, 18 classes
[2026-03-27T17:16:39Z INFO  parabit] Iteration 1: 87 nodes, 56 classes
[2026-03-27T17:16:39Z INFO  parabit] Iteration 2: 182 nodes, 85 classes
[2026-03-27T17:16:39Z INFO  parabit] Iteration 3: 395 nodes, 151 classes
[2026-03-27T17:16:39Z INFO  parabit] Iteration 0: 18 nodes, 18 classes
[2026-03-27T17:16:39Z INFO  parabit] Iteration 1: 87 nodes, 56 classes
[2026-03-27T17:16:39Z INFO  parabit] Iteration 2: 182 nodes, 85 classes
[2026-03-27T17:16:39Z INFO  parabit] Iteration 3: 395 nodes, 151 classes
[2026-03-27T17:16:39Z INFO  parabit] Iteration 0: 18 nodes, 18 classes
[2026-03-27T17:16:39Z INFO  parabit] Iteration 1: 87 nodes, 56 classes
[2026-03-27T17:16:39Z INFO  parabit] Iteration 2: 182 nodes, 85 classes
[2026-03-27T17:16:39Z INFO  parabit] Iteration 3: 395 nodes, 151 classes
[2026-03-27T17:16:39Z INFO  parabit] Iteration 0: 18 nodes, 18 classes
[2026-03-27T17:16:39Z INFO  parabit] Iteration 1: 87 nodes, 56 classes
[2026-03-27T17:16:39Z INFO  parabit] Iteration 2: 182 nodes, 85 classes
[2026-03-27T17:16:39Z INFO  parabit] Iteration 3: 395 nodes, 151 classes
[2026-03-27T17:16:39Z INFO  parabit] Iteration 0: 18 nodes, 18 classes
[2026-03-27T17:16:39Z INFO  parabit] Iteration 1: 87 nodes, 56 classes
[2026-03-27T17:16:39Z INFO  parabit] Iteration 2: 182 nodes, 85 classes
[2026-03-27T17:16:39Z INFO  parabit] Iteration 3: 395 nodes, 151 classes
[2026-03-27T17:16:39Z INFO  parabit] Iteration 0: 18 nodes, 18 classes
[2026-03-27T17:16:39Z INFO  parabit] Iteration 1: 87 nodes, 56 classes
[2026-03-27T17:16:39Z INFO  parabit] Iteration 2: 182 nodes, 85 classes
[2026-03-27T17:16:39Z INFO  parabit] Iteration 3: 395 nodes, 151 classes
[2026-03-27T17:16:39Z INFO  parabit] Iteration 0: 18 nodes, 18 classes
[2026-03-27T17:16:39Z INFO  parabit] Iteration 1: 87 nodes, 56 classes
[2026-03-27T17:16:39Z INFO  parabit] Iteration 2: 182 nodes, 85 classes
[2026-03-27T17:16:39Z INFO  parabit] Iteration 3: 395 nodes, 151 classes
[2026-03-27T17:16:39Z INFO  parabit] Iteration 0: 18 nodes, 18 classes
[2026-03-27T17:16:39Z INFO  parabit] Iteration 1: 87 nodes, 56 classes
[2026-03-27T17:16:39Z INFO  parabit] Iteration 2: 182 nodes, 85 classes
[2026-03-27T17:16:39Z INFO  parabit] Iteration 3: 395 nodes, 151 classes
[2026-03-27T17:16:39Z INFO  parabit] Iteration 0: 18 nodes, 18 classes
[2026-03-27T17:16:39Z INFO  parabit] Iteration 1: 87 nodes, 56 classes
[2026-03-27T17:16:39Z INFO  parabit] Iteration 2: 182 nodes, 85 classes
[2026-03-27T17:16:39Z INFO  parabit] Iteration 3: 395 nodes, 151 classes
[2026-03-27T17:16:39Z INFO  parabit] Iteration 0: 18 nodes, 18 classes
[2026-03-27T17:16:39Z INFO  parabit] Iteration 1: 87 nodes, 56 classes
[2026-03-27T17:16:39Z INFO  parabit] Iteration 2: 182 nodes, 85 classes
[2026-03-27T17:16:39Z INFO  parabit] Iteration 3: 395 nodes, 151 classes
[2026-03-27T17:16:39Z INFO  parabit] Iteration 0: 18 nodes, 18 classes
[2026-03-27T17:16:39Z INFO  parabit] Iteration 1: 87 nodes, 56 classes
[2026-03-27T17:16:39Z INFO  parabit] Iteration 2: 182 nodes, 85 classes
[2026-03-27T17:16:39Z INFO  parabit] Iteration 3: 395 nodes, 151 classes
[2026-03-27T17:16:39Z INFO  parabit] Iteration 0: 18 nodes, 18 classes
[2026-03-27T17:16:39Z INFO  parabit] Iteration 1: 87 nodes, 56 classes
[2026-03-27T17:16:39Z INFO  parabit] Iteration 2: 182 nodes, 85 classes
[2026-03-27T17:16:39Z INFO  parabit] Iteration 3: 395 nodes, 151 classes
[2026-03-27T17:16:39Z INFO  parabit] Iteration 0: 18 nodes, 18 classes
[2026-03-27T17:16:39Z INFO  parabit] Iteration 1: 87 nodes, 56 classes
[2026-03-27T17:16:39Z INFO  parabit] Iteration 2: 182 nodes, 85 classes
[2026-03-27T17:16:39Z INFO  parabit] Iteration 3: 395 nodes, 151 classes
[2026-03-27T17:16:39Z INFO  parabit] Iteration 0: 18 nodes, 18 classes
[2026-03-27T17:16:39Z INFO  parabit] Iteration 1: 87 nodes, 56 classes
[2026-03-27T17:16:39Z INFO  parabit] Iteration 2: 182 nodes, 85 classes
[2026-03-27T17:16:39Z INFO  parabit] Iteration 3: 395 nodes, 151 classes
[2026-03-27T17:16:39Z INFO  parabit] Iteration 0: 18 nodes, 18 classes
[2026-03-27T17:16:39Z INFO  parabit] Iteration 1: 87 nodes, 56 classes
[2026-03-27T17:16:39Z INFO  parabit] Iteration 2: 182 nodes, 85 classes
[2026-03-27T17:16:39Z INFO  parabit] Iteration 3: 395 nodes, 151 classes
[2026-03-27T17:16:39Z INFO  parabit] Iteration 0: 18 nodes, 18 classes
[2026-03-27T17:16:39Z INFO  parabit] Iteration 1: 87 nodes, 56 classes
[2026-03-27T17:16:39Z INFO  parabit] Iteration 2: 182 nodes, 85 classes
[2026-03-27T17:16:39Z INFO  parabit] Iteration 3: 395 nodes, 151 classes
[2026-03-27T17:16:39Z INFO  parabit] Iteration 0: 18 nodes, 18 classes
[2026-03-27T17:16:39Z INFO  parabit] Iteration 1: 87 nodes, 56 classes
[2026-03-27T17:16:39Z INFO  parabit] Iteration 2: 182 nodes, 85 classes
[2026-03-27T17:16:39Z INFO  parabit] Iteration 3: 395 nodes, 151 classes
[2026-03-27T17:16:39Z INFO  parabit] Iteration 0: 18 nodes, 18 classes
[2026-03-27T17:16:39Z INFO  parabit] Iteration 1: 87 nodes, 56 classes
[2026-03-27T17:16:39Z INFO  parabit] Iteration 2: 182 nodes, 85 classes
[2026-03-27T17:16:40Z INFO  parabit] Iteration 3: 395 nodes, 151 classes
[2026-03-27T17:16:40Z INFO  parabit] Iteration 0: 18 nodes, 18 classes
[2026-03-27T17:16:40Z INFO  parabit] Iteration 1: 87 nodes, 56 classes
[2026-03-27T17:16:40Z INFO  parabit] Iteration 2: 182 nodes, 85 classes
[2026-03-27T17:16:40Z INFO  parabit] Iteration 3: 395 nodes, 151 classes
[2026-03-27T17:16:40Z INFO  parabit] Iteration 0: 18 nodes, 18 classes
[2026-03-27T17:16:40Z INFO  parabit] Iteration 1: 87 nodes, 56 classes
[2026-03-27T17:16:40Z INFO  parabit] Iteration 2: 182 nodes, 85 classes
[2026-03-27T17:16:40Z INFO  parabit] Iteration 3: 395 nodes, 151 classes
[2026-03-27T17:16:40Z INFO  parabit] Iteration 0: 18 nodes, 18 classes
[2026-03-27T17:16:40Z INFO  parabit] Iteration 1: 87 nodes, 56 classes
[2026-03-27T17:16:40Z INFO  parabit] Iteration 2: 182 nodes, 85 classes
[2026-03-27T17:16:40Z INFO  parabit] Iteration 3: 395 nodes, 151 classes
[2026-03-27T17:16:40Z INFO  parabit] Iteration 0: 18 nodes, 18 classes
[2026-03-27T17:16:40Z INFO  parabit] Iteration 1: 87 nodes, 56 classes
[2026-03-27T17:16:40Z INFO  parabit] Iteration 2: 182 nodes, 85 classes
[2026-03-27T17:16:40Z INFO  parabit] Iteration 3: 395 nodes, 151 classes
[2026-03-27T17:16:40Z INFO  parabit] Iteration 0: 18 nodes, 18 classes
[2026-03-27T17:16:40Z INFO  parabit] Iteration 1: 87 nodes, 56 classes
[2026-03-27T17:16:40Z INFO  parabit] Iteration 2: 182 nodes, 85 classes
[2026-03-27T17:16:40Z INFO  parabit] Iteration 3: 395 nodes, 151 classes
[2026-03-27T17:16:40Z INFO  parabit] Iteration 0: 18 nodes, 18 classes
[2026-03-27T17:16:40Z INFO  parabit] Iteration 1: 87 nodes, 56 classes
[2026-03-27T17:16:40Z INFO  parabit] Iteration 2: 182 nodes, 85 classes
[2026-03-27T17:16:40Z INFO  parabit] Iteration 3: 395 nodes, 151 classes
[2026-03-27T17:16:40Z INFO  parabit] Iteration 0: 18 nodes, 18 classes
[2026-03-27T17:16:40Z INFO  parabit] Iteration 1: 87 nodes, 56 classes
[2026-03-27T17:16:40Z INFO  parabit] Iteration 2: 182 nodes, 85 classes
[2026-03-27T17:16:40Z INFO  parabit] Iteration 3: 395 nodes, 151 classes
[2026-03-27T17:16:40Z INFO  parabit] Iteration 0: 18 nodes, 18 classes
[2026-03-27T17:16:40Z INFO  parabit] Iteration 1: 87 nodes, 56 classes
[2026-03-27T17:16:40Z INFO  parabit] Iteration 2: 182 nodes, 85 classes
[2026-03-27T17:16:40Z INFO  parabit] Iteration 3: 395 nodes, 151 classes
[2026-03-27T17:16:40Z INFO  parabit] Iteration 0: 18 nodes, 18 classes
[2026-03-27T17:16:40Z INFO  parabit] Iteration 1: 87 nodes, 56 classes
[2026-03-27T17:16:40Z INFO  parabit] Iteration 2: 182 nodes, 85 classes
[2026-03-27T17:16:40Z INFO  parabit] Iteration 3: 395 nodes, 151 classes
{"elapsed":0.39, "maxrss":6240}
