[2026-03-27T17:16:40Z WARN  parabit] Sanitised input expression 0 from:
    (bw k (- (bw k "%X") (bw k (+ (bw k "%X") (bw k "%Y")))))
    to:
    (bw k (- (bw k var_X) (bw k (+ (bw k var_X) (bw k var_Y)))))
[2026-03-27T17:16:40Z WARN  parabit] Sanitised input expression 0 from:
    (bw k (- (bw k 0) (bw k "%Y")))
    to:
    (bw k (- (bw k 0) (bw k var_Y)))
[2026-03-27T17:16:40Z INFO  parabit] Running parabit on file: AddSub_1614_values_0
[2026-03-27T17:16:40Z INFO  parabit] Iteration 0: 14 nodes, 14 classes
[2026-03-27T17:16:40Z INFO  parabit] Iteration 1: 62 nodes, 41 classes
[2026-03-27T17:16:40Z INFO  parabit] Iteration 2: 123 nodes, 63 classes
[2026-03-27T17:16:40Z INFO  parabit] Iteration 3: 233 nodes, 98 classes
[2026-03-27T17:16:40Z INFO  parabit] Iteration 4: 478 nodes, 171 classes
[2026-03-27T17:16:40Z INFO  parabit] Iteration 5: 1100 nodes, 344 classes
[2026-03-27T17:16:40Z INFO  parabit] Iteration 6: 2976 nodes, 859 classes
[2026-03-27T17:16:40Z INFO  parabit] Iteration 7: 12522 nodes, 3087 classes
[2026-03-27T17:16:40Z INFO  parabit] Iteration 0: 14 nodes, 14 classes
[2026-03-27T17:16:40Z INFO  parabit] Iteration 1: 62 nodes, 41 classes
[2026-03-27T17:16:40Z INFO  parabit] Iteration 2: 123 nodes, 63 classes
[2026-03-27T17:16:40Z INFO  parabit] Iteration 3: 233 nodes, 98 classes
[2026-03-27T17:16:40Z INFO  parabit] Iteration 4: 478 nodes, 171 classes
[2026-03-27T17:16:40Z INFO  parabit] Iteration 5: 1100 nodes, 344 classes
[2026-03-27T17:16:40Z INFO  parabit] Iteration 6: 2976 nodes, 859 classes
[2026-03-27T17:16:40Z INFO  parabit] Iteration 7: 12522 nodes, 3087 classes
[2026-03-27T17:16:40Z INFO  parabit] Iteration 0: 14 nodes, 14 classes
[2026-03-27T17:16:40Z INFO  parabit] Iteration 1: 62 nodes, 41 classes
[2026-03-27T17:16:40Z INFO  parabit] Iteration 2: 123 nodes, 63 classes
[2026-03-27T17:16:40Z INFO  parabit] Iteration 3: 233 nodes, 98 classes
[2026-03-27T17:16:40Z INFO  parabit] Iteration 4: 478 nodes, 171 classes
[2026-03-27T17:16:40Z INFO  parabit] Iteration 5: 1100 nodes, 344 classes
[2026-03-27T17:16:40Z INFO  parabit] Iteration 6: 2976 nodes, 859 classes
[2026-03-27T17:16:40Z INFO  parabit] Iteration 7: 12522 nodes, 3087 classes
[2026-03-27T17:16:40Z INFO  parabit] Iteration 0: 14 nodes, 14 classes
[2026-03-27T17:16:40Z INFO  parabit] Iteration 1: 62 nodes, 41 classes
[2026-03-27T17:16:40Z INFO  parabit] Iteration 2: 123 nodes, 63 classes
[2026-03-27T17:16:40Z INFO  parabit] Iteration 3: 233 nodes, 98 classes
[2026-03-27T17:16:40Z INFO  parabit] Iteration 4: 478 nodes, 171 classes
[2026-03-27T17:16:40Z INFO  parabit] Iteration 5: 1100 nodes, 344 classes
[2026-03-27T17:16:40Z INFO  parabit] Iteration 6: 2976 nodes, 859 classes
[2026-03-27T17:16:40Z INFO  parabit] Iteration 7: 12522 nodes, 3087 classes
[2026-03-27T17:16:40Z INFO  parabit] Iteration 0: 14 nodes, 14 classes
[2026-03-27T17:16:40Z INFO  parabit] Iteration 1: 62 nodes, 41 classes
[2026-03-27T17:16:40Z INFO  parabit] Iteration 2: 123 nodes, 63 classes
[2026-03-27T17:16:40Z INFO  parabit] Iteration 3: 233 nodes, 98 classes
[2026-03-27T17:16:40Z INFO  parabit] Iteration 4: 478 nodes, 171 classes
[2026-03-27T17:16:40Z INFO  parabit] Iteration 5: 1100 nodes, 344 classes
[2026-03-27T17:16:40Z INFO  parabit] Iteration 6: 2976 nodes, 859 classes
[2026-03-27T17:16:40Z INFO  parabit] Iteration 7: 12522 nodes, 3087 classes
[2026-03-27T17:16:40Z INFO  parabit] Iteration 0: 14 nodes, 14 classes
[2026-03-27T17:16:40Z INFO  parabit] Iteration 1: 62 nodes, 41 classes
[2026-03-27T17:16:40Z INFO  parabit] Iteration 2: 123 nodes, 63 classes
[2026-03-27T17:16:40Z INFO  parabit] Iteration 3: 233 nodes, 98 classes
[2026-03-27T17:16:40Z INFO  parabit] Iteration 4: 478 nodes, 171 classes
[2026-03-27T17:16:40Z INFO  parabit] Iteration 5: 1100 nodes, 344 classes
[2026-03-27T17:16:40Z INFO  parabit] Iteration 6: 2976 nodes, 859 classes
[2026-03-27T17:16:40Z INFO  parabit] Iteration 7: 12522 nodes, 3087 classes
[2026-03-27T17:16:40Z INFO  parabit] Iteration 0: 14 nodes, 14 classes
[2026-03-27T17:16:40Z INFO  parabit] Iteration 1: 62 nodes, 41 classes
[2026-03-27T17:16:40Z INFO  parabit] Iteration 2: 123 nodes, 63 classes
[2026-03-27T17:16:40Z INFO  parabit] Iteration 3: 233 nodes, 98 classes
[2026-03-27T17:16:40Z INFO  parabit] Iteration 4: 478 nodes, 171 classes
[2026-03-27T17:16:40Z INFO  parabit] Iteration 5: 1100 nodes, 344 classes
[2026-03-27T17:16:41Z INFO  parabit] Iteration 6: 2976 nodes, 859 classes
[2026-03-27T17:16:41Z INFO  parabit] Iteration 7: 12522 nodes, 3087 classes
{"elapsed":1.08, "maxrss":60692}
