[2026-03-27T17:16:40Z WARN  parabit] Sanitised input expression 0 from:
    (bw k (- (bw k (or (bw k "%A") (bw k "%B"))) (bw k (xor (bw k "%A") (bw k "%B")))))
    to:
    (bw k (- (bw k (or (bw k var_A) (bw k var_B))) (bw k (xor (bw k var_A) (bw k var_B)))))
[2026-03-27T17:16:40Z WARN  parabit] Sanitised input expression 0 from:
    (bw k (and (bw k "%A") (bw k "%B")))
    to:
    (bw k (and (bw k var_A) (bw k var_B)))
[2026-03-27T17:16:40Z INFO  parabit] Running parabit on file: AddSub_1624_values_0
[2026-03-27T17:16:40Z INFO  parabit] Iteration 0: 14 nodes, 14 classes
[2026-03-27T17:16:40Z INFO  parabit] Iteration 1: 55 nodes, 32 classes
[2026-03-27T17:16:40Z INFO  parabit] Iteration 2: 80 nodes, 42 classes
[2026-03-27T17:16:40Z INFO  parabit] Iteration 3: 130 nodes, 55 classes
[2026-03-27T17:16:40Z INFO  parabit] Iteration 4: 232 nodes, 94 classes
[2026-03-27T17:16:40Z INFO  parabit] Iteration 5: 505 nodes, 155 classes
[2026-03-27T17:16:40Z INFO  parabit] Iteration 6: 958 nodes, 279 classes
[2026-03-27T17:16:40Z INFO  parabit] Iteration 7: 2190 nodes, 589 classes
[2026-03-27T17:16:40Z INFO  parabit] Iteration 8: 6808 nodes, 1712 classes
[2026-03-27T17:16:40Z INFO  parabit] Iteration 0: 14 nodes, 14 classes
[2026-03-27T17:16:40Z INFO  parabit] Iteration 1: 55 nodes, 32 classes
[2026-03-27T17:16:40Z INFO  parabit] Iteration 2: 80 nodes, 42 classes
[2026-03-27T17:16:40Z INFO  parabit] Iteration 3: 130 nodes, 55 classes
[2026-03-27T17:16:40Z INFO  parabit] Iteration 4: 232 nodes, 94 classes
[2026-03-27T17:16:40Z INFO  parabit] Iteration 5: 505 nodes, 155 classes
[2026-03-27T17:16:40Z INFO  parabit] Iteration 6: 958 nodes, 279 classes
[2026-03-27T17:16:40Z INFO  parabit] Iteration 7: 2190 nodes, 589 classes
[2026-03-27T17:16:40Z INFO  parabit] Iteration 8: 6808 nodes, 1712 classes
[2026-03-27T17:16:40Z INFO  parabit] Iteration 0: 14 nodes, 14 classes
[2026-03-27T17:16:40Z INFO  parabit] Iteration 1: 55 nodes, 32 classes
[2026-03-27T17:16:40Z INFO  parabit] Iteration 2: 80 nodes, 42 classes
[2026-03-27T17:16:40Z INFO  parabit] Iteration 3: 130 nodes, 55 classes
[2026-03-27T17:16:40Z INFO  parabit] Iteration 4: 232 nodes, 94 classes
[2026-03-27T17:16:40Z INFO  parabit] Iteration 5: 505 nodes, 155 classes
[2026-03-27T17:16:40Z INFO  parabit] Iteration 6: 958 nodes, 279 classes
[2026-03-27T17:16:40Z INFO  parabit] Iteration 7: 2190 nodes, 589 classes
[2026-03-27T17:16:40Z INFO  parabit] Iteration 8: 6808 nodes, 1712 classes
[2026-03-27T17:16:40Z INFO  parabit] Iteration 0: 14 nodes, 14 classes
[2026-03-27T17:16:40Z INFO  parabit] Iteration 1: 55 nodes, 32 classes
[2026-03-27T17:16:40Z INFO  parabit] Iteration 2: 80 nodes, 42 classes
[2026-03-27T17:16:40Z INFO  parabit] Iteration 3: 130 nodes, 55 classes
[2026-03-27T17:16:40Z INFO  parabit] Iteration 4: 232 nodes, 94 classes
[2026-03-27T17:16:40Z INFO  parabit] Iteration 5: 505 nodes, 155 classes
[2026-03-27T17:16:40Z INFO  parabit] Iteration 6: 958 nodes, 279 classes
[2026-03-27T17:16:40Z INFO  parabit] Iteration 7: 2190 nodes, 589 classes
[2026-03-27T17:16:40Z INFO  parabit] Iteration 8: 6808 nodes, 1712 classes
[2026-03-27T17:16:40Z INFO  parabit] Iteration 0: 14 nodes, 14 classes
[2026-03-27T17:16:40Z INFO  parabit] Iteration 1: 55 nodes, 32 classes
[2026-03-27T17:16:40Z INFO  parabit] Iteration 2: 80 nodes, 42 classes
[2026-03-27T17:16:40Z INFO  parabit] Iteration 3: 130 nodes, 55 classes
[2026-03-27T17:16:40Z INFO  parabit] Iteration 4: 232 nodes, 94 classes
[2026-03-27T17:16:40Z INFO  parabit] Iteration 5: 505 nodes, 155 classes
[2026-03-27T17:16:40Z INFO  parabit] Iteration 6: 958 nodes, 279 classes
[2026-03-27T17:16:40Z INFO  parabit] Iteration 7: 2190 nodes, 589 classes
[2026-03-27T17:16:40Z INFO  parabit] Iteration 8: 6808 nodes, 1712 classes
[2026-03-27T17:16:40Z INFO  parabit] Iteration 0: 14 nodes, 14 classes
[2026-03-27T17:16:40Z INFO  parabit] Iteration 1: 55 nodes, 32 classes
[2026-03-27T17:16:40Z INFO  parabit] Iteration 2: 80 nodes, 42 classes
[2026-03-27T17:16:40Z INFO  parabit] Iteration 3: 130 nodes, 55 classes
[2026-03-27T17:16:40Z INFO  parabit] Iteration 4: 232 nodes, 94 classes
[2026-03-27T17:16:40Z INFO  parabit] Iteration 5: 505 nodes, 155 classes
[2026-03-27T17:16:40Z INFO  parabit] Iteration 6: 958 nodes, 279 classes
[2026-03-27T17:16:40Z INFO  parabit] Iteration 7: 2190 nodes, 589 classes
[2026-03-27T17:16:40Z INFO  parabit] Iteration 8: 6808 nodes, 1712 classes
[2026-03-27T17:16:40Z INFO  parabit] Iteration 0: 14 nodes, 14 classes
[2026-03-27T17:16:40Z INFO  parabit] Iteration 1: 55 nodes, 32 classes
[2026-03-27T17:16:40Z INFO  parabit] Iteration 2: 80 nodes, 42 classes
[2026-03-27T17:16:40Z INFO  parabit] Iteration 3: 130 nodes, 55 classes
[2026-03-27T17:16:40Z INFO  parabit] Iteration 4: 232 nodes, 94 classes
[2026-03-27T17:16:40Z INFO  parabit] Iteration 5: 505 nodes, 155 classes
[2026-03-27T17:16:40Z INFO  parabit] Iteration 6: 958 nodes, 279 classes
[2026-03-27T17:16:40Z INFO  parabit] Iteration 7: 2190 nodes, 589 classes
[2026-03-27T17:16:40Z INFO  parabit] Iteration 8: 6808 nodes, 1712 classes
[2026-03-27T17:16:40Z INFO  parabit] Iteration 0: 14 nodes, 14 classes
[2026-03-27T17:16:40Z INFO  parabit] Iteration 1: 55 nodes, 32 classes
[2026-03-27T17:16:40Z INFO  parabit] Iteration 2: 80 nodes, 42 classes
[2026-03-27T17:16:40Z INFO  parabit] Iteration 3: 130 nodes, 55 classes
[2026-03-27T17:16:40Z INFO  parabit] Iteration 4: 232 nodes, 94 classes
[2026-03-27T17:16:40Z INFO  parabit] Iteration 5: 505 nodes, 155 classes
[2026-03-27T17:16:40Z INFO  parabit] Iteration 6: 958 nodes, 279 classes
[2026-03-27T17:16:40Z INFO  parabit] Iteration 7: 2190 nodes, 589 classes
[2026-03-27T17:16:40Z INFO  parabit] Iteration 8: 6808 nodes, 1712 classes
[2026-03-27T17:16:40Z INFO  parabit] Iteration 0: 14 nodes, 14 classes
[2026-03-27T17:16:40Z INFO  parabit] Iteration 1: 55 nodes, 32 classes
[2026-03-27T17:16:40Z INFO  parabit] Iteration 2: 80 nodes, 42 classes
[2026-03-27T17:16:40Z INFO  parabit] Iteration 3: 130 nodes, 55 classes
[2026-03-27T17:16:40Z INFO  parabit] Iteration 4: 232 nodes, 94 classes
[2026-03-27T17:16:40Z INFO  parabit] Iteration 5: 505 nodes, 155 classes
[2026-03-27T17:16:40Z INFO  parabit] Iteration 6: 958 nodes, 279 classes
[2026-03-27T17:16:40Z INFO  parabit] Iteration 7: 2190 nodes, 589 classes
[2026-03-27T17:16:40Z INFO  parabit] Iteration 8: 6808 nodes, 1712 classes
[2026-03-27T17:16:40Z INFO  parabit] Iteration 0: 14 nodes, 14 classes
[2026-03-27T17:16:40Z INFO  parabit] Iteration 1: 55 nodes, 32 classes
[2026-03-27T17:16:40Z INFO  parabit] Iteration 2: 80 nodes, 42 classes
[2026-03-27T17:16:40Z INFO  parabit] Iteration 3: 130 nodes, 55 classes
[2026-03-27T17:16:40Z INFO  parabit] Iteration 4: 232 nodes, 94 classes
[2026-03-27T17:16:40Z INFO  parabit] Iteration 5: 505 nodes, 155 classes
[2026-03-27T17:16:40Z INFO  parabit] Iteration 6: 958 nodes, 279 classes
[2026-03-27T17:16:40Z INFO  parabit] Iteration 7: 2190 nodes, 589 classes
[2026-03-27T17:16:40Z INFO  parabit] Iteration 8: 6808 nodes, 1712 classes
[2026-03-27T17:16:40Z INFO  parabit] Iteration 0: 14 nodes, 14 classes
[2026-03-27T17:16:40Z INFO  parabit] Iteration 1: 55 nodes, 32 classes
[2026-03-27T17:16:40Z INFO  parabit] Iteration 2: 80 nodes, 42 classes
[2026-03-27T17:16:40Z INFO  parabit] Iteration 3: 130 nodes, 55 classes
[2026-03-27T17:16:40Z INFO  parabit] Iteration 4: 232 nodes, 94 classes
[2026-03-27T17:16:40Z INFO  parabit] Iteration 5: 505 nodes, 155 classes
[2026-03-27T17:16:40Z INFO  parabit] Iteration 6: 958 nodes, 279 classes
[2026-03-27T17:16:41Z INFO  parabit] Iteration 7: 2190 nodes, 589 classes
[2026-03-27T17:16:41Z INFO  parabit] Iteration 8: 6808 nodes, 1712 classes
[2026-03-27T17:16:41Z INFO  parabit] Iteration 0: 14 nodes, 14 classes
[2026-03-27T17:16:41Z INFO  parabit] Iteration 1: 55 nodes, 32 classes
[2026-03-27T17:16:41Z INFO  parabit] Iteration 2: 80 nodes, 42 classes
[2026-03-27T17:16:41Z INFO  parabit] Iteration 3: 130 nodes, 55 classes
[2026-03-27T17:16:41Z INFO  parabit] Iteration 4: 232 nodes, 94 classes
[2026-03-27T17:16:41Z INFO  parabit] Iteration 5: 505 nodes, 155 classes
[2026-03-27T17:16:41Z INFO  parabit] Iteration 6: 958 nodes, 279 classes
[2026-03-27T17:16:41Z INFO  parabit] Iteration 7: 2190 nodes, 589 classes
[2026-03-27T17:16:41Z INFO  parabit] Iteration 8: 6808 nodes, 1712 classes
[2026-03-27T17:16:41Z INFO  parabit] Iteration 0: 14 nodes, 14 classes
[2026-03-27T17:16:41Z INFO  parabit] Iteration 1: 55 nodes, 32 classes
[2026-03-27T17:16:41Z INFO  parabit] Iteration 2: 80 nodes, 42 classes
[2026-03-27T17:16:41Z INFO  parabit] Iteration 3: 130 nodes, 55 classes
[2026-03-27T17:16:41Z INFO  parabit] Iteration 4: 232 nodes, 94 classes
[2026-03-27T17:16:41Z INFO  parabit] Iteration 5: 505 nodes, 155 classes
[2026-03-27T17:16:41Z INFO  parabit] Iteration 6: 958 nodes, 279 classes
[2026-03-27T17:16:41Z INFO  parabit] Iteration 7: 2190 nodes, 589 classes
[2026-03-27T17:16:41Z INFO  parabit] Iteration 8: 6808 nodes, 1712 classes
{"elapsed":1.07, "maxrss":25284}
