[2026-04-20T10:45:49Z WARN  parabit] Sanitised input expression 0 from:
    (bw k (- (bw k (not (bw k 0))) (bw k "%a")))
    to:
    (bw k (- (bw k (not (bw k 0))) (bw k var_a)))
[2026-04-20T10:45:49Z WARN  parabit] Sanitised input expression 0 from:
    (bw k (xor (bw k "%a") (bw k (not (bw k 0)))))
    to:
    (bw k (xor (bw k var_a) (bw k (not (bw k 0)))))
[2026-04-20T10:45:49Z INFO  parabit] Running parabit on file: AddSub_1560_values_0
[2026-04-20T10:45:49Z INFO  parabit] Iteration 0: 12 nodes, 12 classes
[2026-04-20T10:45:49Z INFO  parabit] Iteration 1: 48 nodes, 26 classes
[2026-04-20T10:45:49Z INFO  parabit] Iteration 2: 86 nodes, 25 classes
[2026-04-20T10:45:49Z INFO  parabit] Iteration 0: 12 nodes, 12 classes
[2026-04-20T10:45:49Z INFO  parabit] Iteration 1: 48 nodes, 26 classes
[2026-04-20T10:45:49Z INFO  parabit] Iteration 2: 86 nodes, 25 classes
[2026-04-20T10:45:49Z INFO  parabit] Iteration 0: 12 nodes, 12 classes
[2026-04-20T10:45:49Z INFO  parabit] Iteration 1: 48 nodes, 26 classes
[2026-04-20T10:45:49Z INFO  parabit] Iteration 2: 86 nodes, 25 classes
[2026-04-20T10:45:49Z INFO  parabit] Iteration 0: 12 nodes, 12 classes
[2026-04-20T10:45:49Z INFO  parabit] Iteration 1: 48 nodes, 26 classes
[2026-04-20T10:45:49Z INFO  parabit] Iteration 2: 86 nodes, 25 classes
[2026-04-20T10:45:49Z INFO  parabit] Iteration 0: 12 nodes, 12 classes
[2026-04-20T10:45:49Z INFO  parabit] Iteration 1: 48 nodes, 26 classes
[2026-04-20T10:45:49Z INFO  parabit] Iteration 2: 86 nodes, 25 classes
[2026-04-20T10:45:49Z INFO  parabit] Iteration 0: 12 nodes, 12 classes
[2026-04-20T10:45:49Z INFO  parabit] Iteration 1: 48 nodes, 26 classes
[2026-04-20T10:45:49Z INFO  parabit] Iteration 2: 86 nodes, 25 classes
[2026-04-20T10:45:49Z INFO  parabit] Iteration 0: 12 nodes, 12 classes
[2026-04-20T10:45:49Z INFO  parabit] Iteration 1: 48 nodes, 26 classes
[2026-04-20T10:45:49Z INFO  parabit] Iteration 2: 86 nodes, 25 classes
[2026-04-20T10:45:49Z INFO  parabit] Iteration 0: 12 nodes, 12 classes
[2026-04-20T10:45:49Z INFO  parabit] Iteration 1: 48 nodes, 26 classes
[2026-04-20T10:45:49Z INFO  parabit] Iteration 2: 86 nodes, 25 classes
[2026-04-20T10:45:49Z INFO  parabit] Iteration 0: 12 nodes, 12 classes
[2026-04-20T10:45:49Z INFO  parabit] Iteration 1: 48 nodes, 26 classes
[2026-04-20T10:45:49Z INFO  parabit] Iteration 2: 86 nodes, 25 classes
[2026-04-20T10:45:49Z INFO  parabit] Iteration 0: 12 nodes, 12 classes
[2026-04-20T10:45:49Z INFO  parabit] Iteration 1: 48 nodes, 26 classes
[2026-04-20T10:45:49Z INFO  parabit] Iteration 2: 86 nodes, 25 classes
[2026-04-20T10:45:49Z INFO  parabit] Iteration 0: 12 nodes, 12 classes
[2026-04-20T10:45:49Z INFO  parabit] Iteration 1: 48 nodes, 26 classes
[2026-04-20T10:45:49Z INFO  parabit] Iteration 2: 86 nodes, 25 classes
[2026-04-20T10:45:49Z INFO  parabit] Iteration 0: 12 nodes, 12 classes
[2026-04-20T10:45:49Z INFO  parabit] Iteration 1: 48 nodes, 26 classes
[2026-04-20T10:45:49Z INFO  parabit] Iteration 2: 86 nodes, 25 classes
[2026-04-20T10:45:49Z INFO  parabit] Iteration 0: 12 nodes, 12 classes
[2026-04-20T10:45:49Z INFO  parabit] Iteration 1: 48 nodes, 26 classes
[2026-04-20T10:45:49Z INFO  parabit] Iteration 2: 86 nodes, 25 classes
[2026-04-20T10:45:49Z INFO  parabit] Iteration 0: 12 nodes, 12 classes
[2026-04-20T10:45:49Z INFO  parabit] Iteration 1: 48 nodes, 26 classes
[2026-04-20T10:45:49Z INFO  parabit] Iteration 2: 86 nodes, 25 classes
[2026-04-20T10:45:49Z INFO  parabit] Iteration 0: 12 nodes, 12 classes
[2026-04-20T10:45:49Z INFO  parabit] Iteration 1: 48 nodes, 26 classes
[2026-04-20T10:45:49Z INFO  parabit] Iteration 2: 86 nodes, 25 classes
[2026-04-20T10:45:49Z INFO  parabit] Iteration 0: 12 nodes, 12 classes
[2026-04-20T10:45:49Z INFO  parabit] Iteration 1: 48 nodes, 26 classes
[2026-04-20T10:45:49Z INFO  parabit] Iteration 2: 86 nodes, 25 classes
[2026-04-20T10:45:49Z INFO  parabit] Iteration 0: 12 nodes, 12 classes
[2026-04-20T10:45:49Z INFO  parabit] Iteration 1: 48 nodes, 26 classes
[2026-04-20T10:45:49Z INFO  parabit] Iteration 2: 86 nodes, 25 classes
[2026-04-20T10:45:49Z INFO  parabit] Iteration 0: 12 nodes, 12 classes
[2026-04-20T10:45:49Z INFO  parabit] Iteration 1: 48 nodes, 26 classes
[2026-04-20T10:45:49Z INFO  parabit] Iteration 2: 86 nodes, 25 classes
[2026-04-20T10:45:49Z INFO  parabit] Iteration 0: 12 nodes, 12 classes
[2026-04-20T10:45:49Z INFO  parabit] Iteration 1: 48 nodes, 26 classes
[2026-04-20T10:45:49Z INFO  parabit] Iteration 2: 86 nodes, 25 classes
[2026-04-20T10:45:49Z INFO  parabit] Iteration 0: 12 nodes, 12 classes
[2026-04-20T10:45:49Z INFO  parabit] Iteration 1: 48 nodes, 26 classes
[2026-04-20T10:45:49Z INFO  parabit] Iteration 2: 86 nodes, 25 classes
[2026-04-20T10:45:49Z INFO  parabit] Iteration 0: 12 nodes, 12 classes
[2026-04-20T10:45:49Z INFO  parabit] Iteration 1: 48 nodes, 26 classes
[2026-04-20T10:45:49Z INFO  parabit] Iteration 2: 86 nodes, 25 classes
[2026-04-20T10:45:49Z INFO  parabit] Iteration 0: 12 nodes, 12 classes
[2026-04-20T10:45:49Z INFO  parabit] Iteration 1: 48 nodes, 26 classes
[2026-04-20T10:45:49Z INFO  parabit] Iteration 2: 86 nodes, 25 classes
[2026-04-20T10:45:49Z INFO  parabit] Iteration 0: 12 nodes, 12 classes
[2026-04-20T10:45:49Z INFO  parabit] Iteration 1: 48 nodes, 26 classes
[2026-04-20T10:45:49Z INFO  parabit] Iteration 2: 86 nodes, 25 classes
[2026-04-20T10:45:49Z INFO  parabit] Iteration 0: 12 nodes, 12 classes
[2026-04-20T10:45:49Z INFO  parabit] Iteration 1: 48 nodes, 26 classes
[2026-04-20T10:45:49Z INFO  parabit] Iteration 2: 86 nodes, 25 classes
[2026-04-20T10:45:49Z INFO  parabit] Iteration 0: 12 nodes, 12 classes
[2026-04-20T10:45:49Z INFO  parabit] Iteration 1: 48 nodes, 26 classes
[2026-04-20T10:45:49Z INFO  parabit] Iteration 2: 86 nodes, 25 classes
[2026-04-20T10:45:49Z INFO  parabit] Iteration 0: 12 nodes, 12 classes
[2026-04-20T10:45:49Z INFO  parabit] Iteration 1: 48 nodes, 26 classes
[2026-04-20T10:45:49Z INFO  parabit] Iteration 2: 86 nodes, 25 classes
[2026-04-20T10:45:49Z INFO  parabit] Iteration 0: 12 nodes, 12 classes
[2026-04-20T10:45:49Z INFO  parabit] Iteration 1: 48 nodes, 26 classes
[2026-04-20T10:45:49Z INFO  parabit] Iteration 2: 86 nodes, 25 classes
[2026-04-20T10:45:49Z INFO  parabit] Iteration 0: 12 nodes, 12 classes
[2026-04-20T10:45:49Z INFO  parabit] Iteration 1: 48 nodes, 26 classes
[2026-04-20T10:45:49Z INFO  parabit] Iteration 2: 86 nodes, 25 classes
[2026-04-20T10:45:49Z INFO  parabit] Iteration 0: 12 nodes, 12 classes
[2026-04-20T10:45:49Z INFO  parabit] Iteration 1: 48 nodes, 26 classes
[2026-04-20T10:45:49Z INFO  parabit] Iteration 2: 86 nodes, 25 classes
[2026-04-20T10:45:49Z INFO  parabit] Iteration 0: 12 nodes, 12 classes
[2026-04-20T10:45:49Z INFO  parabit] Iteration 1: 48 nodes, 26 classes
[2026-04-20T10:45:49Z INFO  parabit] Iteration 2: 86 nodes, 25 classes
[2026-04-20T10:45:49Z INFO  parabit] Iteration 0: 12 nodes, 12 classes
[2026-04-20T10:45:49Z INFO  parabit] Iteration 1: 48 nodes, 26 classes
[2026-04-20T10:45:49Z INFO  parabit] Iteration 2: 86 nodes, 25 classes
[2026-04-20T10:45:49Z INFO  parabit] Iteration 0: 12 nodes, 12 classes
[2026-04-20T10:45:49Z INFO  parabit] Iteration 1: 48 nodes, 26 classes
[2026-04-20T10:45:49Z INFO  parabit] Iteration 2: 86 nodes, 25 classes
[2026-04-20T10:45:49Z INFO  parabit] Iteration 0: 12 nodes, 12 classes
[2026-04-20T10:45:49Z INFO  parabit] Iteration 1: 48 nodes, 26 classes
[2026-04-20T10:45:49Z INFO  parabit] Iteration 2: 86 nodes, 25 classes
[2026-04-20T10:45:49Z INFO  parabit] Iteration 0: 12 nodes, 12 classes
[2026-04-20T10:45:49Z INFO  parabit] Iteration 1: 48 nodes, 26 classes
[2026-04-20T10:45:49Z INFO  parabit] Iteration 2: 86 nodes, 25 classes
[2026-04-20T10:45:49Z INFO  parabit] Iteration 0: 12 nodes, 12 classes
[2026-04-20T10:45:49Z INFO  parabit] Iteration 1: 48 nodes, 26 classes
[2026-04-20T10:45:49Z INFO  parabit] Iteration 2: 86 nodes, 25 classes
[2026-04-20T10:45:49Z INFO  parabit] Iteration 0: 12 nodes, 12 classes
[2026-04-20T10:45:49Z INFO  parabit] Iteration 1: 48 nodes, 26 classes
[2026-04-20T10:45:49Z INFO  parabit] Iteration 2: 86 nodes, 25 classes
[2026-04-20T10:45:49Z INFO  parabit] Iteration 0: 12 nodes, 12 classes
[2026-04-20T10:45:49Z INFO  parabit] Iteration 1: 48 nodes, 26 classes
[2026-04-20T10:45:49Z INFO  parabit] Iteration 2: 86 nodes, 25 classes
[2026-04-20T10:45:49Z INFO  parabit] Iteration 0: 12 nodes, 12 classes
[2026-04-20T10:45:49Z INFO  parabit] Iteration 1: 48 nodes, 26 classes
[2026-04-20T10:45:49Z INFO  parabit] Iteration 2: 86 nodes, 25 classes
[2026-04-20T10:45:49Z INFO  parabit] Iteration 0: 12 nodes, 12 classes
[2026-04-20T10:45:49Z INFO  parabit] Iteration 1: 48 nodes, 26 classes
[2026-04-20T10:45:49Z INFO  parabit] Iteration 2: 86 nodes, 25 classes
[2026-04-20T10:45:49Z INFO  parabit] Iteration 0: 12 nodes, 12 classes
[2026-04-20T10:45:49Z INFO  parabit] Iteration 1: 48 nodes, 26 classes
[2026-04-20T10:45:49Z INFO  parabit] Iteration 2: 86 nodes, 25 classes
[2026-04-20T10:45:49Z INFO  parabit] Iteration 0: 12 nodes, 12 classes
[2026-04-20T10:45:49Z INFO  parabit] Iteration 1: 48 nodes, 26 classes
[2026-04-20T10:45:49Z INFO  parabit] Iteration 2: 86 nodes, 25 classes
[2026-04-20T10:45:49Z INFO  parabit] Iteration 0: 12 nodes, 12 classes
[2026-04-20T10:45:49Z INFO  parabit] Iteration 1: 48 nodes, 26 classes
[2026-04-20T10:45:49Z INFO  parabit] Iteration 2: 86 nodes, 25 classes
[2026-04-20T10:45:49Z INFO  parabit] Iteration 0: 12 nodes, 12 classes
[2026-04-20T10:45:49Z INFO  parabit] Iteration 1: 48 nodes, 26 classes
[2026-04-20T10:45:49Z INFO  parabit] Iteration 2: 86 nodes, 25 classes
[2026-04-20T10:45:49Z INFO  parabit] Iteration 0: 12 nodes, 12 classes
[2026-04-20T10:45:49Z INFO  parabit] Iteration 1: 48 nodes, 26 classes
[2026-04-20T10:45:49Z INFO  parabit] Iteration 2: 86 nodes, 25 classes
[2026-04-20T10:45:49Z INFO  parabit] Iteration 0: 12 nodes, 12 classes
[2026-04-20T10:45:49Z INFO  parabit] Iteration 1: 48 nodes, 26 classes
[2026-04-20T10:45:49Z INFO  parabit] Iteration 2: 86 nodes, 25 classes
[2026-04-20T10:45:49Z INFO  parabit] Iteration 0: 12 nodes, 12 classes
[2026-04-20T10:45:49Z INFO  parabit] Iteration 1: 48 nodes, 26 classes
[2026-04-20T10:45:49Z INFO  parabit] Iteration 2: 86 nodes, 25 classes
[2026-04-20T10:45:49Z INFO  parabit] Iteration 0: 12 nodes, 12 classes
[2026-04-20T10:45:49Z INFO  parabit] Iteration 1: 48 nodes, 26 classes
[2026-04-20T10:45:49Z INFO  parabit] Iteration 2: 86 nodes, 25 classes
[2026-04-20T10:45:49Z INFO  parabit] Iteration 0: 12 nodes, 12 classes
[2026-04-20T10:45:49Z INFO  parabit] Iteration 1: 48 nodes, 26 classes
[2026-04-20T10:45:49Z INFO  parabit] Iteration 2: 86 nodes, 25 classes
[2026-04-20T10:45:49Z INFO  parabit] Iteration 0: 12 nodes, 12 classes
[2026-04-20T10:45:49Z INFO  parabit] Iteration 1: 48 nodes, 26 classes
[2026-04-20T10:45:49Z INFO  parabit] Iteration 2: 86 nodes, 25 classes
[2026-04-20T10:45:49Z INFO  parabit] Iteration 0: 12 nodes, 12 classes
[2026-04-20T10:45:49Z INFO  parabit] Iteration 1: 48 nodes, 26 classes
[2026-04-20T10:45:49Z INFO  parabit] Iteration 2: 86 nodes, 25 classes
[2026-04-20T10:45:49Z INFO  parabit] Iteration 0: 12 nodes, 12 classes
[2026-04-20T10:45:49Z INFO  parabit] Iteration 1: 48 nodes, 26 classes
[2026-04-20T10:45:49Z INFO  parabit] Iteration 2: 86 nodes, 25 classes
[2026-04-20T10:45:49Z INFO  parabit] Iteration 0: 12 nodes, 12 classes
[2026-04-20T10:45:49Z INFO  parabit] Iteration 1: 48 nodes, 26 classes
[2026-04-20T10:45:49Z INFO  parabit] Iteration 2: 86 nodes, 25 classes
[2026-04-20T10:45:49Z INFO  parabit] Iteration 0: 12 nodes, 12 classes
[2026-04-20T10:45:49Z INFO  parabit] Iteration 1: 48 nodes, 26 classes
[2026-04-20T10:45:49Z INFO  parabit] Iteration 2: 86 nodes, 25 classes
[2026-04-20T10:45:49Z INFO  parabit] Iteration 0: 12 nodes, 12 classes
[2026-04-20T10:45:49Z INFO  parabit] Iteration 1: 48 nodes, 26 classes
[2026-04-20T10:45:49Z INFO  parabit] Iteration 2: 86 nodes, 25 classes
[2026-04-20T10:45:49Z INFO  parabit] Iteration 0: 12 nodes, 12 classes
[2026-04-20T10:45:49Z INFO  parabit] Iteration 1: 48 nodes, 26 classes
[2026-04-20T10:45:49Z INFO  parabit] Iteration 2: 86 nodes, 25 classes
[2026-04-20T10:45:49Z INFO  parabit] Iteration 0: 12 nodes, 12 classes
[2026-04-20T10:45:49Z INFO  parabit] Iteration 1: 48 nodes, 26 classes
[2026-04-20T10:45:49Z INFO  parabit] Iteration 2: 86 nodes, 25 classes
[2026-04-20T10:45:49Z INFO  parabit] Iteration 0: 12 nodes, 12 classes
[2026-04-20T10:45:49Z INFO  parabit] Iteration 1: 48 nodes, 26 classes
[2026-04-20T10:45:49Z INFO  parabit] Iteration 2: 86 nodes, 25 classes
[2026-04-20T10:45:49Z INFO  parabit] Iteration 0: 12 nodes, 12 classes
[2026-04-20T10:45:49Z INFO  parabit] Iteration 1: 48 nodes, 26 classes
[2026-04-20T10:45:49Z INFO  parabit] Iteration 2: 86 nodes, 25 classes
[2026-04-20T10:45:49Z INFO  parabit] Iteration 0: 12 nodes, 12 classes
[2026-04-20T10:45:49Z INFO  parabit] Iteration 1: 48 nodes, 26 classes
[2026-04-20T10:45:49Z INFO  parabit] Iteration 2: 86 nodes, 25 classes
[2026-04-20T10:45:49Z INFO  parabit] Iteration 0: 12 nodes, 12 classes
[2026-04-20T10:45:49Z INFO  parabit] Iteration 1: 48 nodes, 26 classes
[2026-04-20T10:45:49Z INFO  parabit] Iteration 2: 86 nodes, 25 classes
[2026-04-20T10:45:49Z INFO  parabit] Iteration 0: 12 nodes, 12 classes
[2026-04-20T10:45:49Z INFO  parabit] Iteration 1: 48 nodes, 26 classes
[2026-04-20T10:45:49Z INFO  parabit] Iteration 2: 86 nodes, 25 classes
[2026-04-20T10:45:49Z INFO  parabit] Iteration 0: 12 nodes, 12 classes
[2026-04-20T10:45:49Z INFO  parabit] Iteration 1: 48 nodes, 26 classes
[2026-04-20T10:45:49Z INFO  parabit] Iteration 2: 86 nodes, 25 classes
[2026-04-20T10:45:49Z INFO  parabit] Iteration 0: 12 nodes, 12 classes
[2026-04-20T10:45:49Z INFO  parabit] Iteration 1: 48 nodes, 26 classes
[2026-04-20T10:45:49Z INFO  parabit] Iteration 2: 86 nodes, 25 classes
[2026-04-20T10:45:49Z INFO  parabit] Iteration 0: 12 nodes, 12 classes
[2026-04-20T10:45:49Z INFO  parabit] Iteration 1: 48 nodes, 26 classes
[2026-04-20T10:45:49Z INFO  parabit] Iteration 2: 86 nodes, 25 classes
[2026-04-20T10:45:49Z INFO  parabit] Iteration 0: 12 nodes, 12 classes
[2026-04-20T10:45:49Z INFO  parabit] Iteration 1: 48 nodes, 26 classes
[2026-04-20T10:45:49Z INFO  parabit] Iteration 2: 86 nodes, 25 classes
[2026-04-20T10:45:49Z INFO  parabit] Iteration 0: 12 nodes, 12 classes
[2026-04-20T10:45:49Z INFO  parabit] Iteration 1: 48 nodes, 26 classes
[2026-04-20T10:45:49Z INFO  parabit] Iteration 2: 86 nodes, 25 classes
[2026-04-20T10:45:49Z INFO  parabit] Iteration 0: 12 nodes, 12 classes
[2026-04-20T10:45:49Z INFO  parabit] Iteration 1: 48 nodes, 26 classes
[2026-04-20T10:45:49Z INFO  parabit] Iteration 2: 86 nodes, 25 classes
[2026-04-20T10:45:49Z INFO  parabit] Iteration 0: 12 nodes, 12 classes
[2026-04-20T10:45:49Z INFO  parabit] Iteration 1: 48 nodes, 26 classes
[2026-04-20T10:45:49Z INFO  parabit] Iteration 2: 86 nodes, 25 classes
[2026-04-20T10:45:49Z INFO  parabit] Iteration 0: 12 nodes, 12 classes
[2026-04-20T10:45:49Z INFO  parabit] Iteration 1: 48 nodes, 26 classes
[2026-04-20T10:45:49Z INFO  parabit] Iteration 2: 86 nodes, 25 classes
[2026-04-20T10:45:49Z INFO  parabit] Iteration 0: 12 nodes, 12 classes
[2026-04-20T10:45:49Z INFO  parabit] Iteration 1: 48 nodes, 26 classes
[2026-04-20T10:45:49Z INFO  parabit] Iteration 2: 86 nodes, 25 classes
[2026-04-20T10:45:49Z INFO  parabit] Iteration 0: 12 nodes, 12 classes
[2026-04-20T10:45:49Z INFO  parabit] Iteration 1: 48 nodes, 26 classes
[2026-04-20T10:45:49Z INFO  parabit] Iteration 2: 86 nodes, 25 classes
[2026-04-20T10:45:49Z INFO  parabit] Iteration 0: 12 nodes, 12 classes
[2026-04-20T10:45:49Z INFO  parabit] Iteration 1: 48 nodes, 26 classes
[2026-04-20T10:45:49Z INFO  parabit] Iteration 2: 86 nodes, 25 classes
[2026-04-20T10:45:49Z INFO  parabit] Iteration 0: 12 nodes, 12 classes
[2026-04-20T10:45:49Z INFO  parabit] Iteration 1: 48 nodes, 26 classes
[2026-04-20T10:45:49Z INFO  parabit] Iteration 2: 86 nodes, 25 classes
[2026-04-20T10:45:49Z INFO  parabit] Iteration 0: 12 nodes, 12 classes
[2026-04-20T10:45:49Z INFO  parabit] Iteration 1: 48 nodes, 26 classes
[2026-04-20T10:45:49Z INFO  parabit] Iteration 2: 86 nodes, 25 classes
[2026-04-20T10:45:49Z INFO  parabit] Iteration 0: 12 nodes, 12 classes
[2026-04-20T10:45:49Z INFO  parabit] Iteration 1: 48 nodes, 26 classes
[2026-04-20T10:45:49Z INFO  parabit] Iteration 2: 86 nodes, 25 classes
[2026-04-20T10:45:49Z INFO  parabit] Iteration 0: 12 nodes, 12 classes
[2026-04-20T10:45:49Z INFO  parabit] Iteration 1: 48 nodes, 26 classes
[2026-04-20T10:45:49Z INFO  parabit] Iteration 2: 86 nodes, 25 classes
[2026-04-20T10:45:49Z INFO  parabit] Iteration 0: 12 nodes, 12 classes
[2026-04-20T10:45:49Z INFO  parabit] Iteration 1: 48 nodes, 26 classes
[2026-04-20T10:45:49Z INFO  parabit] Iteration 2: 86 nodes, 25 classes
[2026-04-20T10:45:49Z INFO  parabit] Iteration 0: 12 nodes, 12 classes
[2026-04-20T10:45:49Z INFO  parabit] Iteration 1: 48 nodes, 26 classes
[2026-04-20T10:45:49Z INFO  parabit] Iteration 2: 86 nodes, 25 classes
[2026-04-20T10:45:49Z INFO  parabit] Iteration 0: 12 nodes, 12 classes
[2026-04-20T10:45:49Z INFO  parabit] Iteration 1: 48 nodes, 26 classes
[2026-04-20T10:45:49Z INFO  parabit] Iteration 2: 86 nodes, 25 classes
[2026-04-20T10:45:49Z INFO  parabit] Iteration 0: 12 nodes, 12 classes
[2026-04-20T10:45:49Z INFO  parabit] Iteration 1: 48 nodes, 26 classes
[2026-04-20T10:45:49Z INFO  parabit] Iteration 2: 86 nodes, 25 classes
[2026-04-20T10:45:49Z INFO  parabit] Iteration 0: 12 nodes, 12 classes
[2026-04-20T10:45:49Z INFO  parabit] Iteration 1: 48 nodes, 26 classes
[2026-04-20T10:45:49Z INFO  parabit] Iteration 2: 86 nodes, 25 classes
[2026-04-20T10:45:49Z INFO  parabit] Iteration 0: 12 nodes, 12 classes
[2026-04-20T10:45:49Z INFO  parabit] Iteration 1: 48 nodes, 26 classes
[2026-04-20T10:45:49Z INFO  parabit] Iteration 2: 86 nodes, 25 classes
[2026-04-20T10:45:49Z INFO  parabit] Iteration 0: 12 nodes, 12 classes
[2026-04-20T10:45:49Z INFO  parabit] Iteration 1: 48 nodes, 26 classes
[2026-04-20T10:45:49Z INFO  parabit] Iteration 2: 86 nodes, 25 classes
[2026-04-20T10:45:49Z INFO  parabit] Iteration 0: 12 nodes, 12 classes
[2026-04-20T10:45:49Z INFO  parabit] Iteration 1: 48 nodes, 26 classes
[2026-04-20T10:45:49Z INFO  parabit] Iteration 2: 86 nodes, 25 classes
[2026-04-20T10:45:49Z INFO  parabit] Iteration 0: 12 nodes, 12 classes
[2026-04-20T10:45:49Z INFO  parabit] Iteration 1: 48 nodes, 26 classes
[2026-04-20T10:45:49Z INFO  parabit] Iteration 2: 86 nodes, 25 classes
[2026-04-20T10:45:49Z INFO  parabit] Iteration 0: 12 nodes, 12 classes
[2026-04-20T10:45:49Z INFO  parabit] Iteration 1: 48 nodes, 26 classes
[2026-04-20T10:45:49Z INFO  parabit] Iteration 2: 86 nodes, 25 classes
[2026-04-20T10:45:49Z INFO  parabit] Iteration 0: 12 nodes, 12 classes
[2026-04-20T10:45:49Z INFO  parabit] Iteration 1: 48 nodes, 26 classes
[2026-04-20T10:45:49Z INFO  parabit] Iteration 2: 86 nodes, 25 classes
[2026-04-20T10:45:49Z INFO  parabit] Iteration 0: 12 nodes, 12 classes
[2026-04-20T10:45:49Z INFO  parabit] Iteration 1: 48 nodes, 26 classes
[2026-04-20T10:45:49Z INFO  parabit] Iteration 2: 86 nodes, 25 classes
[2026-04-20T10:45:49Z INFO  parabit] Iteration 0: 12 nodes, 12 classes
[2026-04-20T10:45:49Z INFO  parabit] Iteration 1: 48 nodes, 26 classes
[2026-04-20T10:45:49Z INFO  parabit] Iteration 2: 86 nodes, 25 classes
[2026-04-20T10:45:49Z INFO  parabit] Iteration 0: 12 nodes, 12 classes
[2026-04-20T10:45:49Z INFO  parabit] Iteration 1: 48 nodes, 26 classes
[2026-04-20T10:45:49Z INFO  parabit] Iteration 2: 86 nodes, 25 classes
[2026-04-20T10:45:49Z INFO  parabit] Iteration 0: 12 nodes, 12 classes
[2026-04-20T10:45:49Z INFO  parabit] Iteration 1: 48 nodes, 26 classes
[2026-04-20T10:45:49Z INFO  parabit] Iteration 2: 86 nodes, 25 classes
[2026-04-20T10:45:49Z INFO  parabit] Iteration 0: 12 nodes, 12 classes
[2026-04-20T10:45:49Z INFO  parabit] Iteration 1: 48 nodes, 26 classes
[2026-04-20T10:45:49Z INFO  parabit] Iteration 2: 86 nodes, 25 classes
[2026-04-20T10:45:49Z INFO  parabit] Iteration 0: 12 nodes, 12 classes
[2026-04-20T10:45:49Z INFO  parabit] Iteration 1: 48 nodes, 26 classes
[2026-04-20T10:45:49Z INFO  parabit] Iteration 2: 86 nodes, 25 classes
[2026-04-20T10:45:49Z INFO  parabit] Iteration 0: 12 nodes, 12 classes
[2026-04-20T10:45:49Z INFO  parabit] Iteration 1: 48 nodes, 26 classes
[2026-04-20T10:45:49Z INFO  parabit] Iteration 2: 86 nodes, 25 classes
[2026-04-20T10:45:49Z INFO  parabit] Iteration 0: 12 nodes, 12 classes
[2026-04-20T10:45:49Z INFO  parabit] Iteration 1: 48 nodes, 26 classes
[2026-04-20T10:45:49Z INFO  parabit] Iteration 2: 86 nodes, 25 classes
[2026-04-20T10:45:49Z INFO  parabit] Iteration 0: 12 nodes, 12 classes
[2026-04-20T10:45:49Z INFO  parabit] Iteration 1: 48 nodes, 26 classes
[2026-04-20T10:45:49Z INFO  parabit] Iteration 2: 86 nodes, 25 classes
[2026-04-20T10:45:49Z INFO  parabit] Iteration 0: 12 nodes, 12 classes
[2026-04-20T10:45:49Z INFO  parabit] Iteration 1: 48 nodes, 26 classes
[2026-04-20T10:45:49Z INFO  parabit] Iteration 2: 86 nodes, 25 classes
[2026-04-20T10:45:49Z INFO  parabit] Iteration 0: 12 nodes, 12 classes
[2026-04-20T10:45:49Z INFO  parabit] Iteration 1: 48 nodes, 26 classes
[2026-04-20T10:45:49Z INFO  parabit] Iteration 2: 86 nodes, 25 classes
[2026-04-20T10:45:49Z INFO  parabit] Iteration 0: 12 nodes, 12 classes
[2026-04-20T10:45:49Z INFO  parabit] Iteration 1: 48 nodes, 26 classes
[2026-04-20T10:45:49Z INFO  parabit] Iteration 2: 86 nodes, 25 classes
[2026-04-20T10:45:49Z INFO  parabit] Iteration 0: 12 nodes, 12 classes
[2026-04-20T10:45:49Z INFO  parabit] Iteration 1: 48 nodes, 26 classes
[2026-04-20T10:45:49Z INFO  parabit] Iteration 2: 86 nodes, 25 classes
{"elapsed":0.07, "maxrss":4584}
