[2026-03-27T17:16:39Z WARN  parabit] Sanitised input expression 0 from:
    (bw k (+ (bw k (and (bw k "%a") (bw k "%b"))) (bw k (xor (bw k "%a") (bw k "%b")))))
    to:
    (bw k (+ (bw k (and (bw k var_a) (bw k var_b))) (bw k (xor (bw k var_a) (bw k var_b)))))
[2026-03-27T17:16:39Z WARN  parabit] Sanitised input expression 0 from:
    (bw k (or (bw k "%a") (bw k "%b")))
    to:
    (bw k (or (bw k var_a) (bw k var_b)))
[2026-03-27T17:16:39Z INFO  parabit] Running parabit on file: AddSub_1295_values_0
[2026-03-27T17:16:39Z INFO  parabit] Iteration 0: 14 nodes, 14 classes
[2026-03-27T17:16:39Z INFO  parabit] Iteration 1: 62 nodes, 34 classes
[2026-03-27T17:16:39Z INFO  parabit] Iteration 2: 99 nodes, 50 classes
[2026-03-27T17:16:39Z INFO  parabit] Iteration 3: 189 nodes, 78 classes
[2026-03-27T17:16:39Z INFO  parabit] Iteration 4: 401 nodes, 151 classes
[2026-03-27T17:16:39Z INFO  parabit] Iteration 5: 1033 nodes, 250 classes
[2026-03-27T17:16:39Z INFO  parabit] Iteration 6: 3265 nodes, 548 classes
[2026-03-27T17:16:39Z INFO  parabit] Iteration 7: 22418 nodes, 1378 classes
[2026-03-27T17:16:40Z INFO  parabit] Iteration 0: 14 nodes, 14 classes
[2026-03-27T17:16:40Z INFO  parabit] Iteration 1: 62 nodes, 34 classes
[2026-03-27T17:16:40Z INFO  parabit] Iteration 2: 99 nodes, 50 classes
[2026-03-27T17:16:40Z INFO  parabit] Iteration 3: 189 nodes, 78 classes
[2026-03-27T17:16:40Z INFO  parabit] Iteration 4: 401 nodes, 151 classes
[2026-03-27T17:16:40Z INFO  parabit] Iteration 5: 1033 nodes, 250 classes
[2026-03-27T17:16:40Z INFO  parabit] Iteration 6: 3265 nodes, 548 classes
[2026-03-27T17:16:40Z INFO  parabit] Iteration 7: 22418 nodes, 1378 classes
[2026-03-27T17:16:40Z INFO  parabit] Iteration 0: 14 nodes, 14 classes
[2026-03-27T17:16:40Z INFO  parabit] Iteration 1: 62 nodes, 34 classes
[2026-03-27T17:16:40Z INFO  parabit] Iteration 2: 99 nodes, 50 classes
[2026-03-27T17:16:40Z INFO  parabit] Iteration 3: 189 nodes, 78 classes
[2026-03-27T17:16:40Z INFO  parabit] Iteration 4: 401 nodes, 151 classes
[2026-03-27T17:16:40Z INFO  parabit] Iteration 5: 1033 nodes, 250 classes
[2026-03-27T17:16:40Z INFO  parabit] Iteration 6: 3265 nodes, 548 classes
[2026-03-27T17:16:40Z INFO  parabit] Iteration 7: 22418 nodes, 1378 classes
{"elapsed":1.21, "maxrss":110376}
