[2026-03-27T17:16:39Z WARN  parabit] Sanitised input expression 0 from:
    (bw k (+ (bw k (+ (bw k (xor (bw k (and (bw k "%Z") (bw k C1))) (bw k C1))) (bw k 1))) (bw k "%RHS")))
    to:
    (bw k (+ (bw k (+ (bw k (xor (bw k (and (bw k var_Z) (bw k C1))) (bw k C1))) (bw k 1))) (bw k var_RHS)))
[2026-03-27T17:16:39Z WARN  parabit] Sanitised input expression 0 from:
    (bw k (- (bw k "%RHS") (bw k (or (bw k "%Z") (bw k (not (bw k C1)))))))
    to:
    (bw k (- (bw k var_RHS) (bw k (or (bw k var_Z) (bw k (not (bw k C1)))))))
[2026-03-27T17:16:39Z INFO  parabit] Running parabit on file: AddSub_1043_values_0
[2026-03-27T17:16:39Z INFO  parabit] Iteration 0: 24 nodes, 24 classes
[2026-03-27T17:16:39Z INFO  parabit] Iteration 1: 108 nodes, 62 classes
[2026-03-27T17:16:39Z INFO  parabit] Iteration 2: 202 nodes, 102 classes
[2026-03-27T17:16:39Z INFO  parabit] Iteration 3: 456 nodes, 192 classes
[2026-03-27T17:16:39Z INFO  parabit] Iteration 4: 1125 nodes, 378 classes
[2026-03-27T17:16:39Z INFO  parabit] Iteration 5: 3284 nodes, 933 classes
[2026-03-27T17:16:39Z INFO  parabit] Iteration 6: 11749 nodes, 2556 classes
[2026-03-27T17:16:39Z INFO  parabit] Iteration 0: 24 nodes, 24 classes
[2026-03-27T17:16:39Z INFO  parabit] Iteration 1: 108 nodes, 62 classes
[2026-03-27T17:16:39Z INFO  parabit] Iteration 2: 202 nodes, 102 classes
[2026-03-27T17:16:39Z INFO  parabit] Iteration 3: 456 nodes, 192 classes
[2026-03-27T17:16:39Z INFO  parabit] Iteration 4: 1125 nodes, 378 classes
[2026-03-27T17:16:39Z INFO  parabit] Iteration 5: 3284 nodes, 933 classes
[2026-03-27T17:16:40Z INFO  parabit] Iteration 6: 11749 nodes, 2556 classes
[2026-03-27T17:16:40Z INFO  parabit] Iteration 0: 24 nodes, 24 classes
[2026-03-27T17:16:40Z INFO  parabit] Iteration 1: 108 nodes, 62 classes
[2026-03-27T17:16:40Z INFO  parabit] Iteration 2: 202 nodes, 102 classes
[2026-03-27T17:16:40Z INFO  parabit] Iteration 3: 456 nodes, 192 classes
[2026-03-27T17:16:40Z INFO  parabit] Iteration 4: 1125 nodes, 378 classes
[2026-03-27T17:16:40Z INFO  parabit] Iteration 5: 3284 nodes, 933 classes
[2026-03-27T17:16:40Z INFO  parabit] Iteration 6: 11749 nodes, 2556 classes
[2026-03-27T17:16:40Z INFO  parabit] Iteration 0: 24 nodes, 24 classes
[2026-03-27T17:16:40Z INFO  parabit] Iteration 1: 108 nodes, 62 classes
[2026-03-27T17:16:40Z INFO  parabit] Iteration 2: 202 nodes, 102 classes
[2026-03-27T17:16:40Z INFO  parabit] Iteration 3: 456 nodes, 192 classes
[2026-03-27T17:16:40Z INFO  parabit] Iteration 4: 1125 nodes, 378 classes
[2026-03-27T17:16:40Z INFO  parabit] Iteration 5: 3284 nodes, 933 classes
[2026-03-27T17:16:40Z INFO  parabit] Iteration 6: 11749 nodes, 2556 classes
{"elapsed":1.18, "maxrss":72712}
