[2026-03-27T11:47:18Z WARN  parabit] Sanitised input expression 0 from:
    (bw (+ k k) (and (bw (+ k k) (signed k (bw k "%x"))) (bw (+ k k) (signed k (bw k "%y")))))
    to:
    (bw (+ k k) (and (bw (+ k k) (signed k (bw k var_x))) (bw (+ k k) (signed k (bw k var_y)))))
[2026-03-27T11:47:18Z WARN  parabit] Sanitised input expression 0 from:
    (bw (+ k k) (signed k (bw k (and (bw k "%x") (bw k "%y")))))
    to:
    (bw (+ k k) (signed k (bw k (and (bw k var_x) (bw k var_y)))))
[2026-03-27T11:47:18Z INFO  parabit] Running parabit on file: AndOrXor_1346a_values_0
[2026-03-27T11:47:18Z INFO  parabit] Iteration 0: 17 nodes, 17 classes
[2026-03-27T11:47:18Z INFO  parabit] Iteration 1: 67 nodes, 50 classes
[2026-03-27T11:47:18Z INFO  parabit] Iteration 2: 147 nodes, 92 classes
[2026-03-27T11:47:18Z INFO  parabit] Iteration 3: 265 nodes, 144 classes
[2026-03-27T11:47:18Z INFO  parabit] Iteration 4: 437 nodes, 195 classes
[2026-03-27T11:47:18Z INFO  parabit] Iteration 5: 796 nodes, 304 classes
[2026-03-27T11:47:18Z INFO  parabit] Iteration 6: 1776 nodes, 550 classes
[2026-03-27T11:47:18Z INFO  parabit] Iteration 7: 4529 nodes, 1415 classes
[2026-03-27T11:47:19Z INFO  parabit] Iteration 8: 26868 nodes, 8809 classes
memory allocation of 687865872 bytes failed
note: run with `RUST_BACKTRACE=1` environment variable to display a backtrace
timeout: the monitored command dumped core
Command terminated by signal 6
{"elapsed":46.55, "maxrss":7119284}
