[2026-03-27T17:16:51Z WARN  parabit] Sanitised input expression 0 from:
    (bw k (xor (bw k (and (bw k "%a") (bw k (xor (bw k "%b") (bw k (not (bw k 0))))))) (bw k (and (bw k (xor (bw k "%a") (bw k (not (bw k 0))))) (bw k "%b")))))
    to:
    (bw k (xor (bw k (and (bw k var_a) (bw k (xor (bw k var_b) (bw k (not (bw k 0))))))) (bw k (and (bw k (xor (bw k var_a) (bw k (not (bw k 0))))) (bw k var_b)))))
[2026-03-27T17:16:51Z WARN  parabit] Sanitised input expression 0 from:
    (bw k (xor (bw k "%a") (bw k "%b")))
    to:
    (bw k (xor (bw k var_a) (bw k var_b)))
[2026-03-27T17:16:51Z INFO  parabit] Running parabit on file: AndOrXor_2617_values_0
[2026-03-27T17:16:51Z INFO  parabit] Iteration 0: 22 nodes, 22 classes
[2026-03-27T17:16:51Z INFO  parabit] Iteration 1: 107 nodes, 52 classes
[2026-03-27T17:16:51Z INFO  parabit] Iteration 2: 222 nodes, 72 classes
[2026-03-27T17:16:51Z INFO  parabit] Iteration 3: 434 nodes, 100 classes
[2026-03-27T17:16:51Z INFO  parabit] Iteration 4: 1097 nodes, 148 classes
[2026-03-27T17:16:51Z INFO  parabit] Iteration 0: 22 nodes, 22 classes
[2026-03-27T17:16:51Z INFO  parabit] Iteration 1: 107 nodes, 52 classes
[2026-03-27T17:16:51Z INFO  parabit] Iteration 2: 222 nodes, 72 classes
[2026-03-27T17:16:51Z INFO  parabit] Iteration 3: 434 nodes, 100 classes
[2026-03-27T17:16:51Z INFO  parabit] Iteration 4: 1097 nodes, 148 classes
[2026-03-27T17:16:51Z INFO  parabit] Iteration 0: 22 nodes, 22 classes
[2026-03-27T17:16:51Z INFO  parabit] Iteration 1: 107 nodes, 52 classes
[2026-03-27T17:16:51Z INFO  parabit] Iteration 2: 222 nodes, 72 classes
[2026-03-27T17:16:51Z INFO  parabit] Iteration 3: 434 nodes, 100 classes
[2026-03-27T17:16:51Z INFO  parabit] Iteration 4: 1097 nodes, 148 classes
[2026-03-27T17:16:51Z INFO  parabit] Iteration 0: 22 nodes, 22 classes
[2026-03-27T17:16:51Z INFO  parabit] Iteration 1: 107 nodes, 52 classes
[2026-03-27T17:16:51Z INFO  parabit] Iteration 2: 222 nodes, 72 classes
[2026-03-27T17:16:51Z INFO  parabit] Iteration 3: 434 nodes, 100 classes
[2026-03-27T17:16:51Z INFO  parabit] Iteration 4: 1097 nodes, 148 classes
[2026-03-27T17:16:51Z INFO  parabit] Iteration 0: 22 nodes, 22 classes
[2026-03-27T17:16:51Z INFO  parabit] Iteration 1: 107 nodes, 52 classes
[2026-03-27T17:16:51Z INFO  parabit] Iteration 2: 222 nodes, 72 classes
[2026-03-27T17:16:51Z INFO  parabit] Iteration 3: 434 nodes, 100 classes
[2026-03-27T17:16:51Z INFO  parabit] Iteration 4: 1097 nodes, 148 classes
[2026-03-27T17:16:51Z INFO  parabit] Iteration 0: 22 nodes, 22 classes
[2026-03-27T17:16:51Z INFO  parabit] Iteration 1: 107 nodes, 52 classes
[2026-03-27T17:16:51Z INFO  parabit] Iteration 2: 222 nodes, 72 classes
[2026-03-27T17:16:51Z INFO  parabit] Iteration 3: 434 nodes, 100 classes
[2026-03-27T17:16:51Z INFO  parabit] Iteration 4: 1097 nodes, 148 classes
[2026-03-27T17:16:51Z INFO  parabit] Iteration 0: 22 nodes, 22 classes
[2026-03-27T17:16:51Z INFO  parabit] Iteration 1: 107 nodes, 52 classes
[2026-03-27T17:16:51Z INFO  parabit] Iteration 2: 222 nodes, 72 classes
[2026-03-27T17:16:51Z INFO  parabit] Iteration 3: 434 nodes, 100 classes
[2026-03-27T17:16:51Z INFO  parabit] Iteration 4: 1097 nodes, 148 classes
[2026-03-27T17:16:51Z INFO  parabit] Iteration 0: 22 nodes, 22 classes
[2026-03-27T17:16:51Z INFO  parabit] Iteration 1: 107 nodes, 52 classes
[2026-03-27T17:16:51Z INFO  parabit] Iteration 2: 222 nodes, 72 classes
[2026-03-27T17:16:51Z INFO  parabit] Iteration 3: 434 nodes, 100 classes
[2026-03-27T17:16:51Z INFO  parabit] Iteration 4: 1097 nodes, 148 classes
[2026-03-27T17:16:52Z INFO  parabit] Iteration 0: 22 nodes, 22 classes
[2026-03-27T17:16:52Z INFO  parabit] Iteration 1: 107 nodes, 52 classes
[2026-03-27T17:16:52Z INFO  parabit] Iteration 2: 222 nodes, 72 classes
[2026-03-27T17:16:52Z INFO  parabit] Iteration 3: 434 nodes, 100 classes
[2026-03-27T17:16:52Z INFO  parabit] Iteration 4: 1097 nodes, 148 classes
[2026-03-27T17:16:52Z INFO  parabit] Iteration 0: 22 nodes, 22 classes
[2026-03-27T17:16:52Z INFO  parabit] Iteration 1: 107 nodes, 52 classes
[2026-03-27T17:16:52Z INFO  parabit] Iteration 2: 222 nodes, 72 classes
[2026-03-27T17:16:52Z INFO  parabit] Iteration 3: 434 nodes, 100 classes
[2026-03-27T17:16:52Z INFO  parabit] Iteration 4: 1097 nodes, 148 classes
[2026-03-27T17:16:52Z INFO  parabit] Iteration 0: 22 nodes, 22 classes
[2026-03-27T17:16:52Z INFO  parabit] Iteration 1: 107 nodes, 52 classes
[2026-03-27T17:16:52Z INFO  parabit] Iteration 2: 222 nodes, 72 classes
[2026-03-27T17:16:52Z INFO  parabit] Iteration 3: 434 nodes, 100 classes
[2026-03-27T17:16:52Z INFO  parabit] Iteration 4: 1097 nodes, 148 classes
[2026-03-27T17:16:52Z INFO  parabit] Iteration 0: 22 nodes, 22 classes
[2026-03-27T17:16:52Z INFO  parabit] Iteration 1: 107 nodes, 52 classes
[2026-03-27T17:16:52Z INFO  parabit] Iteration 2: 222 nodes, 72 classes
[2026-03-27T17:16:52Z INFO  parabit] Iteration 3: 434 nodes, 100 classes
[2026-03-27T17:16:52Z INFO  parabit] Iteration 4: 1097 nodes, 148 classes
[2026-03-27T17:16:52Z INFO  parabit] Iteration 0: 22 nodes, 22 classes
[2026-03-27T17:16:52Z INFO  parabit] Iteration 1: 107 nodes, 52 classes
[2026-03-27T17:16:52Z INFO  parabit] Iteration 2: 222 nodes, 72 classes
[2026-03-27T17:16:52Z INFO  parabit] Iteration 3: 434 nodes, 100 classes
[2026-03-27T17:16:52Z INFO  parabit] Iteration 4: 1097 nodes, 148 classes
[2026-03-27T17:16:52Z INFO  parabit] Iteration 0: 22 nodes, 22 classes
[2026-03-27T17:16:52Z INFO  parabit] Iteration 1: 107 nodes, 52 classes
[2026-03-27T17:16:52Z INFO  parabit] Iteration 2: 222 nodes, 72 classes
[2026-03-27T17:16:52Z INFO  parabit] Iteration 3: 434 nodes, 100 classes
[2026-03-27T17:16:52Z INFO  parabit] Iteration 4: 1097 nodes, 148 classes
[2026-03-27T17:16:52Z INFO  parabit] Iteration 0: 22 nodes, 22 classes
[2026-03-27T17:16:52Z INFO  parabit] Iteration 1: 107 nodes, 52 classes
[2026-03-27T17:16:52Z INFO  parabit] Iteration 2: 222 nodes, 72 classes
[2026-03-27T17:16:52Z INFO  parabit] Iteration 3: 434 nodes, 100 classes
[2026-03-27T17:16:52Z INFO  parabit] Iteration 4: 1097 nodes, 148 classes
[2026-03-27T17:16:52Z INFO  parabit] Iteration 0: 22 nodes, 22 classes
[2026-03-27T17:16:52Z INFO  parabit] Iteration 1: 107 nodes, 52 classes
[2026-03-27T17:16:52Z INFO  parabit] Iteration 2: 222 nodes, 72 classes
[2026-03-27T17:16:52Z INFO  parabit] Iteration 3: 434 nodes, 100 classes
[2026-03-27T17:16:52Z INFO  parabit] Iteration 4: 1097 nodes, 148 classes
[2026-03-27T17:16:52Z INFO  parabit] Iteration 0: 22 nodes, 22 classes
[2026-03-27T17:16:52Z INFO  parabit] Iteration 1: 107 nodes, 52 classes
[2026-03-27T17:16:52Z INFO  parabit] Iteration 2: 222 nodes, 72 classes
[2026-03-27T17:16:52Z INFO  parabit] Iteration 3: 434 nodes, 100 classes
[2026-03-27T17:16:52Z INFO  parabit] Iteration 4: 1097 nodes, 148 classes
{"elapsed":1.10, "maxrss":32152}
