[2026-03-27T17:16:49Z WARN  parabit] Sanitised input expression 0 from:
    (bw k (xor (bw k (and (bw k "%a") (bw k "%op1"))) (bw k "%op1")))
    to:
    (bw k (xor (bw k (and (bw k var_a) (bw k var_op1))) (bw k var_op1)))
[2026-03-27T17:16:49Z WARN  parabit] Sanitised input expression 0 from:
    (bw k (and (bw k (xor (bw k "%a") (bw k (not (bw k 0))))) (bw k "%op1")))
    to:
    (bw k (and (bw k (xor (bw k var_a) (bw k (not (bw k 0))))) (bw k var_op1)))
[2026-03-27T17:16:49Z INFO  parabit] Running parabit on file: AndOrXor_2587_values_0
[2026-03-27T17:16:49Z INFO  parabit] Iteration 0: 18 nodes, 18 classes
[2026-03-27T17:16:49Z INFO  parabit] Iteration 1: 76 nodes, 38 classes
[2026-03-27T17:16:49Z INFO  parabit] Iteration 2: 136 nodes, 51 classes
[2026-03-27T17:16:49Z INFO  parabit] Iteration 3: 244 nodes, 59 classes
[2026-03-27T17:16:49Z INFO  parabit] Iteration 4: 443 nodes, 81 classes
[2026-03-27T17:16:49Z INFO  parabit] Iteration 5: 980 nodes, 114 classes
[2026-03-27T17:16:49Z INFO  parabit] Iteration 0: 18 nodes, 18 classes
[2026-03-27T17:16:49Z INFO  parabit] Iteration 1: 76 nodes, 38 classes
[2026-03-27T17:16:49Z INFO  parabit] Iteration 2: 136 nodes, 51 classes
[2026-03-27T17:16:49Z INFO  parabit] Iteration 3: 244 nodes, 59 classes
[2026-03-27T17:16:49Z INFO  parabit] Iteration 4: 443 nodes, 81 classes
[2026-03-27T17:16:49Z INFO  parabit] Iteration 5: 980 nodes, 114 classes
[2026-03-27T17:16:49Z INFO  parabit] Iteration 0: 18 nodes, 18 classes
[2026-03-27T17:16:49Z INFO  parabit] Iteration 1: 76 nodes, 38 classes
[2026-03-27T17:16:49Z INFO  parabit] Iteration 2: 136 nodes, 51 classes
[2026-03-27T17:16:49Z INFO  parabit] Iteration 3: 244 nodes, 59 classes
[2026-03-27T17:16:49Z INFO  parabit] Iteration 4: 443 nodes, 81 classes
[2026-03-27T17:16:49Z INFO  parabit] Iteration 5: 980 nodes, 114 classes
[2026-03-27T17:16:49Z INFO  parabit] Iteration 0: 18 nodes, 18 classes
[2026-03-27T17:16:49Z INFO  parabit] Iteration 1: 76 nodes, 38 classes
[2026-03-27T17:16:49Z INFO  parabit] Iteration 2: 136 nodes, 51 classes
[2026-03-27T17:16:49Z INFO  parabit] Iteration 3: 244 nodes, 59 classes
[2026-03-27T17:16:49Z INFO  parabit] Iteration 4: 443 nodes, 81 classes
[2026-03-27T17:16:49Z INFO  parabit] Iteration 5: 980 nodes, 114 classes
[2026-03-27T17:16:49Z INFO  parabit] Iteration 0: 18 nodes, 18 classes
[2026-03-27T17:16:49Z INFO  parabit] Iteration 1: 76 nodes, 38 classes
[2026-03-27T17:16:49Z INFO  parabit] Iteration 2: 136 nodes, 51 classes
[2026-03-27T17:16:49Z INFO  parabit] Iteration 3: 244 nodes, 59 classes
[2026-03-27T17:16:49Z INFO  parabit] Iteration 4: 443 nodes, 81 classes
[2026-03-27T17:16:49Z INFO  parabit] Iteration 5: 980 nodes, 114 classes
[2026-03-27T17:16:49Z INFO  parabit] Iteration 0: 18 nodes, 18 classes
[2026-03-27T17:16:49Z INFO  parabit] Iteration 1: 76 nodes, 38 classes
[2026-03-27T17:16:49Z INFO  parabit] Iteration 2: 136 nodes, 51 classes
[2026-03-27T17:16:49Z INFO  parabit] Iteration 3: 244 nodes, 59 classes
[2026-03-27T17:16:49Z INFO  parabit] Iteration 4: 443 nodes, 81 classes
[2026-03-27T17:16:49Z INFO  parabit] Iteration 5: 980 nodes, 114 classes
[2026-03-27T17:16:49Z INFO  parabit] Iteration 0: 18 nodes, 18 classes
[2026-03-27T17:16:49Z INFO  parabit] Iteration 1: 76 nodes, 38 classes
[2026-03-27T17:16:49Z INFO  parabit] Iteration 2: 136 nodes, 51 classes
[2026-03-27T17:16:49Z INFO  parabit] Iteration 3: 244 nodes, 59 classes
[2026-03-27T17:16:49Z INFO  parabit] Iteration 4: 443 nodes, 81 classes
[2026-03-27T17:16:49Z INFO  parabit] Iteration 5: 980 nodes, 114 classes
[2026-03-27T17:16:49Z INFO  parabit] Iteration 0: 18 nodes, 18 classes
[2026-03-27T17:16:49Z INFO  parabit] Iteration 1: 76 nodes, 38 classes
[2026-03-27T17:16:49Z INFO  parabit] Iteration 2: 136 nodes, 51 classes
[2026-03-27T17:16:49Z INFO  parabit] Iteration 3: 244 nodes, 59 classes
[2026-03-27T17:16:49Z INFO  parabit] Iteration 4: 443 nodes, 81 classes
[2026-03-27T17:16:49Z INFO  parabit] Iteration 5: 980 nodes, 114 classes
[2026-03-27T17:16:49Z INFO  parabit] Iteration 0: 18 nodes, 18 classes
[2026-03-27T17:16:49Z INFO  parabit] Iteration 1: 76 nodes, 38 classes
[2026-03-27T17:16:49Z INFO  parabit] Iteration 2: 136 nodes, 51 classes
[2026-03-27T17:16:49Z INFO  parabit] Iteration 3: 244 nodes, 59 classes
[2026-03-27T17:16:49Z INFO  parabit] Iteration 4: 443 nodes, 81 classes
[2026-03-27T17:16:49Z INFO  parabit] Iteration 5: 980 nodes, 114 classes
[2026-03-27T17:16:49Z INFO  parabit] Iteration 0: 18 nodes, 18 classes
[2026-03-27T17:16:49Z INFO  parabit] Iteration 1: 76 nodes, 38 classes
[2026-03-27T17:16:49Z INFO  parabit] Iteration 2: 136 nodes, 51 classes
[2026-03-27T17:16:49Z INFO  parabit] Iteration 3: 244 nodes, 59 classes
[2026-03-27T17:16:49Z INFO  parabit] Iteration 4: 443 nodes, 81 classes
[2026-03-27T17:16:49Z INFO  parabit] Iteration 5: 980 nodes, 114 classes
[2026-03-27T17:16:49Z INFO  parabit] Iteration 0: 18 nodes, 18 classes
[2026-03-27T17:16:49Z INFO  parabit] Iteration 1: 76 nodes, 38 classes
[2026-03-27T17:16:49Z INFO  parabit] Iteration 2: 136 nodes, 51 classes
[2026-03-27T17:16:49Z INFO  parabit] Iteration 3: 244 nodes, 59 classes
[2026-03-27T17:16:49Z INFO  parabit] Iteration 4: 443 nodes, 81 classes
[2026-03-27T17:16:49Z INFO  parabit] Iteration 5: 980 nodes, 114 classes
[2026-03-27T17:16:49Z INFO  parabit] Iteration 0: 18 nodes, 18 classes
[2026-03-27T17:16:49Z INFO  parabit] Iteration 1: 76 nodes, 38 classes
[2026-03-27T17:16:49Z INFO  parabit] Iteration 2: 136 nodes, 51 classes
[2026-03-27T17:16:49Z INFO  parabit] Iteration 3: 244 nodes, 59 classes
[2026-03-27T17:16:49Z INFO  parabit] Iteration 4: 443 nodes, 81 classes
[2026-03-27T17:16:49Z INFO  parabit] Iteration 5: 980 nodes, 114 classes
[2026-03-27T17:16:49Z INFO  parabit] Iteration 0: 18 nodes, 18 classes
[2026-03-27T17:16:49Z INFO  parabit] Iteration 1: 76 nodes, 38 classes
[2026-03-27T17:16:49Z INFO  parabit] Iteration 2: 136 nodes, 51 classes
[2026-03-27T17:16:49Z INFO  parabit] Iteration 3: 244 nodes, 59 classes
[2026-03-27T17:16:49Z INFO  parabit] Iteration 4: 443 nodes, 81 classes
[2026-03-27T17:16:49Z INFO  parabit] Iteration 5: 980 nodes, 114 classes
[2026-03-27T17:16:49Z INFO  parabit] Iteration 0: 18 nodes, 18 classes
[2026-03-27T17:16:49Z INFO  parabit] Iteration 1: 76 nodes, 38 classes
[2026-03-27T17:16:49Z INFO  parabit] Iteration 2: 136 nodes, 51 classes
[2026-03-27T17:16:49Z INFO  parabit] Iteration 3: 244 nodes, 59 classes
[2026-03-27T17:16:49Z INFO  parabit] Iteration 4: 443 nodes, 81 classes
[2026-03-27T17:16:49Z INFO  parabit] Iteration 5: 980 nodes, 114 classes
[2026-03-27T17:16:49Z INFO  parabit] Iteration 0: 18 nodes, 18 classes
[2026-03-27T17:16:49Z INFO  parabit] Iteration 1: 76 nodes, 38 classes
[2026-03-27T17:16:49Z INFO  parabit] Iteration 2: 136 nodes, 51 classes
[2026-03-27T17:16:49Z INFO  parabit] Iteration 3: 244 nodes, 59 classes
[2026-03-27T17:16:49Z INFO  parabit] Iteration 4: 443 nodes, 81 classes
[2026-03-27T17:16:49Z INFO  parabit] Iteration 5: 980 nodes, 114 classes
[2026-03-27T17:16:49Z INFO  parabit] Iteration 0: 18 nodes, 18 classes
[2026-03-27T17:16:49Z INFO  parabit] Iteration 1: 76 nodes, 38 classes
[2026-03-27T17:16:49Z INFO  parabit] Iteration 2: 136 nodes, 51 classes
[2026-03-27T17:16:49Z INFO  parabit] Iteration 3: 244 nodes, 59 classes
[2026-03-27T17:16:49Z INFO  parabit] Iteration 4: 443 nodes, 81 classes
[2026-03-27T17:16:49Z INFO  parabit] Iteration 5: 980 nodes, 114 classes
[2026-03-27T17:16:49Z INFO  parabit] Iteration 0: 18 nodes, 18 classes
[2026-03-27T17:16:49Z INFO  parabit] Iteration 1: 76 nodes, 38 classes
[2026-03-27T17:16:49Z INFO  parabit] Iteration 2: 136 nodes, 51 classes
[2026-03-27T17:16:49Z INFO  parabit] Iteration 3: 244 nodes, 59 classes
[2026-03-27T17:16:49Z INFO  parabit] Iteration 4: 443 nodes, 81 classes
[2026-03-27T17:16:49Z INFO  parabit] Iteration 5: 980 nodes, 114 classes
[2026-03-27T17:16:49Z INFO  parabit] Iteration 0: 18 nodes, 18 classes
[2026-03-27T17:16:49Z INFO  parabit] Iteration 1: 76 nodes, 38 classes
[2026-03-27T17:16:49Z INFO  parabit] Iteration 2: 136 nodes, 51 classes
[2026-03-27T17:16:49Z INFO  parabit] Iteration 3: 244 nodes, 59 classes
[2026-03-27T17:16:49Z INFO  parabit] Iteration 4: 443 nodes, 81 classes
[2026-03-27T17:16:49Z INFO  parabit] Iteration 5: 980 nodes, 114 classes
[2026-03-27T17:16:49Z INFO  parabit] Iteration 0: 18 nodes, 18 classes
[2026-03-27T17:16:49Z INFO  parabit] Iteration 1: 76 nodes, 38 classes
[2026-03-27T17:16:49Z INFO  parabit] Iteration 2: 136 nodes, 51 classes
[2026-03-27T17:16:49Z INFO  parabit] Iteration 3: 244 nodes, 59 classes
[2026-03-27T17:16:49Z INFO  parabit] Iteration 4: 443 nodes, 81 classes
[2026-03-27T17:16:49Z INFO  parabit] Iteration 5: 980 nodes, 114 classes
[2026-03-27T17:16:49Z INFO  parabit] Iteration 0: 18 nodes, 18 classes
[2026-03-27T17:16:49Z INFO  parabit] Iteration 1: 76 nodes, 38 classes
[2026-03-27T17:16:49Z INFO  parabit] Iteration 2: 136 nodes, 51 classes
[2026-03-27T17:16:49Z INFO  parabit] Iteration 3: 244 nodes, 59 classes
[2026-03-27T17:16:49Z INFO  parabit] Iteration 4: 443 nodes, 81 classes
[2026-03-27T17:16:49Z INFO  parabit] Iteration 5: 980 nodes, 114 classes
[2026-03-27T17:16:49Z INFO  parabit] Iteration 0: 18 nodes, 18 classes
[2026-03-27T17:16:49Z INFO  parabit] Iteration 1: 76 nodes, 38 classes
[2026-03-27T17:16:49Z INFO  parabit] Iteration 2: 136 nodes, 51 classes
[2026-03-27T17:16:49Z INFO  parabit] Iteration 3: 244 nodes, 59 classes
[2026-03-27T17:16:49Z INFO  parabit] Iteration 4: 443 nodes, 81 classes
[2026-03-27T17:16:49Z INFO  parabit] Iteration 5: 980 nodes, 114 classes
[2026-03-27T17:16:49Z INFO  parabit] Iteration 0: 18 nodes, 18 classes
[2026-03-27T17:16:49Z INFO  parabit] Iteration 1: 76 nodes, 38 classes
[2026-03-27T17:16:49Z INFO  parabit] Iteration 2: 136 nodes, 51 classes
[2026-03-27T17:16:49Z INFO  parabit] Iteration 3: 244 nodes, 59 classes
[2026-03-27T17:16:49Z INFO  parabit] Iteration 4: 443 nodes, 81 classes
[2026-03-27T17:16:49Z INFO  parabit] Iteration 5: 980 nodes, 114 classes
[2026-03-27T17:16:49Z INFO  parabit] Iteration 0: 18 nodes, 18 classes
[2026-03-27T17:16:49Z INFO  parabit] Iteration 1: 76 nodes, 38 classes
[2026-03-27T17:16:49Z INFO  parabit] Iteration 2: 136 nodes, 51 classes
[2026-03-27T17:16:49Z INFO  parabit] Iteration 3: 244 nodes, 59 classes
[2026-03-27T17:16:49Z INFO  parabit] Iteration 4: 443 nodes, 81 classes
[2026-03-27T17:16:49Z INFO  parabit] Iteration 5: 980 nodes, 114 classes
[2026-03-27T17:16:49Z INFO  parabit] Iteration 0: 18 nodes, 18 classes
[2026-03-27T17:16:49Z INFO  parabit] Iteration 1: 76 nodes, 38 classes
[2026-03-27T17:16:49Z INFO  parabit] Iteration 2: 136 nodes, 51 classes
[2026-03-27T17:16:49Z INFO  parabit] Iteration 3: 244 nodes, 59 classes
[2026-03-27T17:16:49Z INFO  parabit] Iteration 4: 443 nodes, 81 classes
[2026-03-27T17:16:49Z INFO  parabit] Iteration 5: 980 nodes, 114 classes
[2026-03-27T17:16:49Z INFO  parabit] Iteration 0: 18 nodes, 18 classes
[2026-03-27T17:16:49Z INFO  parabit] Iteration 1: 76 nodes, 38 classes
[2026-03-27T17:16:49Z INFO  parabit] Iteration 2: 136 nodes, 51 classes
[2026-03-27T17:16:49Z INFO  parabit] Iteration 3: 244 nodes, 59 classes
[2026-03-27T17:16:49Z INFO  parabit] Iteration 4: 443 nodes, 81 classes
[2026-03-27T17:16:49Z INFO  parabit] Iteration 5: 980 nodes, 114 classes
[2026-03-27T17:16:49Z INFO  parabit] Iteration 0: 18 nodes, 18 classes
[2026-03-27T17:16:49Z INFO  parabit] Iteration 1: 76 nodes, 38 classes
[2026-03-27T17:16:49Z INFO  parabit] Iteration 2: 136 nodes, 51 classes
[2026-03-27T17:16:49Z INFO  parabit] Iteration 3: 244 nodes, 59 classes
[2026-03-27T17:16:49Z INFO  parabit] Iteration 4: 443 nodes, 81 classes
[2026-03-27T17:16:49Z INFO  parabit] Iteration 5: 980 nodes, 114 classes
[2026-03-27T17:16:49Z INFO  parabit] Iteration 0: 18 nodes, 18 classes
[2026-03-27T17:16:49Z INFO  parabit] Iteration 1: 76 nodes, 38 classes
[2026-03-27T17:16:49Z INFO  parabit] Iteration 2: 136 nodes, 51 classes
[2026-03-27T17:16:49Z INFO  parabit] Iteration 3: 244 nodes, 59 classes
[2026-03-27T17:16:49Z INFO  parabit] Iteration 4: 443 nodes, 81 classes
[2026-03-27T17:16:49Z INFO  parabit] Iteration 5: 980 nodes, 114 classes
[2026-03-27T17:16:49Z INFO  parabit] Iteration 0: 18 nodes, 18 classes
[2026-03-27T17:16:49Z INFO  parabit] Iteration 1: 76 nodes, 38 classes
[2026-03-27T17:16:49Z INFO  parabit] Iteration 2: 136 nodes, 51 classes
[2026-03-27T17:16:49Z INFO  parabit] Iteration 3: 244 nodes, 59 classes
[2026-03-27T17:16:49Z INFO  parabit] Iteration 4: 443 nodes, 81 classes
[2026-03-27T17:16:49Z INFO  parabit] Iteration 5: 980 nodes, 114 classes
[2026-03-27T17:16:49Z INFO  parabit] Iteration 0: 18 nodes, 18 classes
[2026-03-27T17:16:49Z INFO  parabit] Iteration 1: 76 nodes, 38 classes
[2026-03-27T17:16:49Z INFO  parabit] Iteration 2: 136 nodes, 51 classes
[2026-03-27T17:16:49Z INFO  parabit] Iteration 3: 244 nodes, 59 classes
[2026-03-27T17:16:49Z INFO  parabit] Iteration 4: 443 nodes, 81 classes
[2026-03-27T17:16:49Z INFO  parabit] Iteration 5: 980 nodes, 114 classes
[2026-03-27T17:16:49Z INFO  parabit] Iteration 0: 18 nodes, 18 classes
[2026-03-27T17:16:49Z INFO  parabit] Iteration 1: 76 nodes, 38 classes
[2026-03-27T17:16:49Z INFO  parabit] Iteration 2: 136 nodes, 51 classes
[2026-03-27T17:16:49Z INFO  parabit] Iteration 3: 244 nodes, 59 classes
[2026-03-27T17:16:49Z INFO  parabit] Iteration 4: 443 nodes, 81 classes
[2026-03-27T17:16:49Z INFO  parabit] Iteration 5: 980 nodes, 114 classes
[2026-03-27T17:16:49Z INFO  parabit] Iteration 0: 18 nodes, 18 classes
[2026-03-27T17:16:49Z INFO  parabit] Iteration 1: 76 nodes, 38 classes
[2026-03-27T17:16:49Z INFO  parabit] Iteration 2: 136 nodes, 51 classes
[2026-03-27T17:16:49Z INFO  parabit] Iteration 3: 244 nodes, 59 classes
[2026-03-27T17:16:49Z INFO  parabit] Iteration 4: 443 nodes, 81 classes
[2026-03-27T17:16:49Z INFO  parabit] Iteration 5: 980 nodes, 114 classes
[2026-03-27T17:16:49Z INFO  parabit] Iteration 0: 18 nodes, 18 classes
[2026-03-27T17:16:49Z INFO  parabit] Iteration 1: 76 nodes, 38 classes
[2026-03-27T17:16:49Z INFO  parabit] Iteration 2: 136 nodes, 51 classes
[2026-03-27T17:16:49Z INFO  parabit] Iteration 3: 244 nodes, 59 classes
[2026-03-27T17:16:49Z INFO  parabit] Iteration 4: 443 nodes, 81 classes
[2026-03-27T17:16:49Z INFO  parabit] Iteration 5: 980 nodes, 114 classes
[2026-03-27T17:16:49Z INFO  parabit] Iteration 0: 18 nodes, 18 classes
[2026-03-27T17:16:49Z INFO  parabit] Iteration 1: 76 nodes, 38 classes
[2026-03-27T17:16:49Z INFO  parabit] Iteration 2: 136 nodes, 51 classes
[2026-03-27T17:16:49Z INFO  parabit] Iteration 3: 244 nodes, 59 classes
[2026-03-27T17:16:49Z INFO  parabit] Iteration 4: 443 nodes, 81 classes
[2026-03-27T17:16:49Z INFO  parabit] Iteration 5: 980 nodes, 114 classes
[2026-03-27T17:16:49Z INFO  parabit] Iteration 0: 18 nodes, 18 classes
[2026-03-27T17:16:49Z INFO  parabit] Iteration 1: 76 nodes, 38 classes
[2026-03-27T17:16:49Z INFO  parabit] Iteration 2: 136 nodes, 51 classes
[2026-03-27T17:16:49Z INFO  parabit] Iteration 3: 244 nodes, 59 classes
[2026-03-27T17:16:49Z INFO  parabit] Iteration 4: 443 nodes, 81 classes
[2026-03-27T17:16:49Z INFO  parabit] Iteration 5: 980 nodes, 114 classes
[2026-03-27T17:16:49Z INFO  parabit] Iteration 0: 18 nodes, 18 classes
[2026-03-27T17:16:49Z INFO  parabit] Iteration 1: 76 nodes, 38 classes
[2026-03-27T17:16:49Z INFO  parabit] Iteration 2: 136 nodes, 51 classes
[2026-03-27T17:16:49Z INFO  parabit] Iteration 3: 244 nodes, 59 classes
[2026-03-27T17:16:49Z INFO  parabit] Iteration 4: 443 nodes, 81 classes
[2026-03-27T17:16:50Z INFO  parabit] Iteration 5: 980 nodes, 114 classes
[2026-03-27T17:16:50Z INFO  parabit] Iteration 0: 18 nodes, 18 classes
[2026-03-27T17:16:50Z INFO  parabit] Iteration 1: 76 nodes, 38 classes
[2026-03-27T17:16:50Z INFO  parabit] Iteration 2: 136 nodes, 51 classes
[2026-03-27T17:16:50Z INFO  parabit] Iteration 3: 244 nodes, 59 classes
[2026-03-27T17:16:50Z INFO  parabit] Iteration 4: 443 nodes, 81 classes
[2026-03-27T17:16:50Z INFO  parabit] Iteration 5: 980 nodes, 114 classes
[2026-03-27T17:16:50Z INFO  parabit] Iteration 0: 18 nodes, 18 classes
[2026-03-27T17:16:50Z INFO  parabit] Iteration 1: 76 nodes, 38 classes
[2026-03-27T17:16:50Z INFO  parabit] Iteration 2: 136 nodes, 51 classes
[2026-03-27T17:16:50Z INFO  parabit] Iteration 3: 244 nodes, 59 classes
[2026-03-27T17:16:50Z INFO  parabit] Iteration 4: 443 nodes, 81 classes
[2026-03-27T17:16:50Z INFO  parabit] Iteration 5: 980 nodes, 114 classes
[2026-03-27T17:16:50Z INFO  parabit] Iteration 0: 18 nodes, 18 classes
[2026-03-27T17:16:50Z INFO  parabit] Iteration 1: 76 nodes, 38 classes
[2026-03-27T17:16:50Z INFO  parabit] Iteration 2: 136 nodes, 51 classes
[2026-03-27T17:16:50Z INFO  parabit] Iteration 3: 244 nodes, 59 classes
[2026-03-27T17:16:50Z INFO  parabit] Iteration 4: 443 nodes, 81 classes
[2026-03-27T17:16:50Z INFO  parabit] Iteration 5: 980 nodes, 114 classes
[2026-03-27T17:16:50Z INFO  parabit] Iteration 0: 18 nodes, 18 classes
[2026-03-27T17:16:50Z INFO  parabit] Iteration 1: 76 nodes, 38 classes
[2026-03-27T17:16:50Z INFO  parabit] Iteration 2: 136 nodes, 51 classes
[2026-03-27T17:16:50Z INFO  parabit] Iteration 3: 244 nodes, 59 classes
[2026-03-27T17:16:50Z INFO  parabit] Iteration 4: 443 nodes, 81 classes
[2026-03-27T17:16:50Z INFO  parabit] Iteration 5: 980 nodes, 114 classes
[2026-03-27T17:16:50Z INFO  parabit] Iteration 0: 18 nodes, 18 classes
[2026-03-27T17:16:50Z INFO  parabit] Iteration 1: 76 nodes, 38 classes
[2026-03-27T17:16:50Z INFO  parabit] Iteration 2: 136 nodes, 51 classes
[2026-03-27T17:16:50Z INFO  parabit] Iteration 3: 244 nodes, 59 classes
[2026-03-27T17:16:50Z INFO  parabit] Iteration 4: 443 nodes, 81 classes
[2026-03-27T17:16:50Z INFO  parabit] Iteration 5: 980 nodes, 114 classes
[2026-03-27T17:16:50Z INFO  parabit] Iteration 0: 18 nodes, 18 classes
[2026-03-27T17:16:50Z INFO  parabit] Iteration 1: 76 nodes, 38 classes
[2026-03-27T17:16:50Z INFO  parabit] Iteration 2: 136 nodes, 51 classes
[2026-03-27T17:16:50Z INFO  parabit] Iteration 3: 244 nodes, 59 classes
[2026-03-27T17:16:50Z INFO  parabit] Iteration 4: 443 nodes, 81 classes
[2026-03-27T17:16:50Z INFO  parabit] Iteration 5: 980 nodes, 114 classes
[2026-03-27T17:16:50Z INFO  parabit] Iteration 0: 18 nodes, 18 classes
[2026-03-27T17:16:50Z INFO  parabit] Iteration 1: 76 nodes, 38 classes
[2026-03-27T17:16:50Z INFO  parabit] Iteration 2: 136 nodes, 51 classes
[2026-03-27T17:16:50Z INFO  parabit] Iteration 3: 244 nodes, 59 classes
[2026-03-27T17:16:50Z INFO  parabit] Iteration 4: 443 nodes, 81 classes
[2026-03-27T17:16:50Z INFO  parabit] Iteration 5: 980 nodes, 114 classes
[2026-03-27T17:16:50Z INFO  parabit] Iteration 0: 18 nodes, 18 classes
[2026-03-27T17:16:50Z INFO  parabit] Iteration 1: 76 nodes, 38 classes
[2026-03-27T17:16:50Z INFO  parabit] Iteration 2: 136 nodes, 51 classes
[2026-03-27T17:16:50Z INFO  parabit] Iteration 3: 244 nodes, 59 classes
[2026-03-27T17:16:50Z INFO  parabit] Iteration 4: 443 nodes, 81 classes
[2026-03-27T17:16:50Z INFO  parabit] Iteration 5: 980 nodes, 114 classes
[2026-03-27T17:16:50Z INFO  parabit] Iteration 0: 18 nodes, 18 classes
[2026-03-27T17:16:50Z INFO  parabit] Iteration 1: 76 nodes, 38 classes
[2026-03-27T17:16:50Z INFO  parabit] Iteration 2: 136 nodes, 51 classes
[2026-03-27T17:16:50Z INFO  parabit] Iteration 3: 244 nodes, 59 classes
[2026-03-27T17:16:50Z INFO  parabit] Iteration 4: 443 nodes, 81 classes
[2026-03-27T17:16:50Z INFO  parabit] Iteration 5: 980 nodes, 114 classes
[2026-03-27T17:16:50Z INFO  parabit] Iteration 0: 18 nodes, 18 classes
[2026-03-27T17:16:50Z INFO  parabit] Iteration 1: 76 nodes, 38 classes
[2026-03-27T17:16:50Z INFO  parabit] Iteration 2: 136 nodes, 51 classes
[2026-03-27T17:16:50Z INFO  parabit] Iteration 3: 244 nodes, 59 classes
[2026-03-27T17:16:50Z INFO  parabit] Iteration 4: 443 nodes, 81 classes
[2026-03-27T17:16:50Z INFO  parabit] Iteration 5: 980 nodes, 114 classes
[2026-03-27T17:16:50Z INFO  parabit] Iteration 0: 18 nodes, 18 classes
[2026-03-27T17:16:50Z INFO  parabit] Iteration 1: 76 nodes, 38 classes
[2026-03-27T17:16:50Z INFO  parabit] Iteration 2: 136 nodes, 51 classes
[2026-03-27T17:16:50Z INFO  parabit] Iteration 3: 244 nodes, 59 classes
[2026-03-27T17:16:50Z INFO  parabit] Iteration 4: 443 nodes, 81 classes
[2026-03-27T17:16:50Z INFO  parabit] Iteration 5: 980 nodes, 114 classes
[2026-03-27T17:16:50Z INFO  parabit] Iteration 0: 18 nodes, 18 classes
[2026-03-27T17:16:50Z INFO  parabit] Iteration 1: 76 nodes, 38 classes
[2026-03-27T17:16:50Z INFO  parabit] Iteration 2: 136 nodes, 51 classes
[2026-03-27T17:16:50Z INFO  parabit] Iteration 3: 244 nodes, 59 classes
[2026-03-27T17:16:50Z INFO  parabit] Iteration 4: 443 nodes, 81 classes
[2026-03-27T17:16:50Z INFO  parabit] Iteration 5: 980 nodes, 114 classes
[2026-03-27T17:16:50Z INFO  parabit] Iteration 0: 18 nodes, 18 classes
[2026-03-27T17:16:50Z INFO  parabit] Iteration 1: 76 nodes, 38 classes
[2026-03-27T17:16:50Z INFO  parabit] Iteration 2: 136 nodes, 51 classes
[2026-03-27T17:16:50Z INFO  parabit] Iteration 3: 244 nodes, 59 classes
[2026-03-27T17:16:50Z INFO  parabit] Iteration 4: 443 nodes, 81 classes
[2026-03-27T17:16:50Z INFO  parabit] Iteration 5: 980 nodes, 114 classes
[2026-03-27T17:16:50Z INFO  parabit] Iteration 0: 18 nodes, 18 classes
[2026-03-27T17:16:50Z INFO  parabit] Iteration 1: 76 nodes, 38 classes
[2026-03-27T17:16:50Z INFO  parabit] Iteration 2: 136 nodes, 51 classes
[2026-03-27T17:16:50Z INFO  parabit] Iteration 3: 244 nodes, 59 classes
[2026-03-27T17:16:50Z INFO  parabit] Iteration 4: 443 nodes, 81 classes
[2026-03-27T17:16:50Z INFO  parabit] Iteration 5: 980 nodes, 114 classes
[2026-03-27T17:16:50Z INFO  parabit] Iteration 0: 18 nodes, 18 classes
[2026-03-27T17:16:50Z INFO  parabit] Iteration 1: 76 nodes, 38 classes
[2026-03-27T17:16:50Z INFO  parabit] Iteration 2: 136 nodes, 51 classes
[2026-03-27T17:16:50Z INFO  parabit] Iteration 3: 244 nodes, 59 classes
[2026-03-27T17:16:50Z INFO  parabit] Iteration 4: 443 nodes, 81 classes
[2026-03-27T17:16:50Z INFO  parabit] Iteration 5: 980 nodes, 114 classes
[2026-03-27T17:16:50Z INFO  parabit] Iteration 0: 18 nodes, 18 classes
[2026-03-27T17:16:50Z INFO  parabit] Iteration 1: 76 nodes, 38 classes
[2026-03-27T17:16:50Z INFO  parabit] Iteration 2: 136 nodes, 51 classes
[2026-03-27T17:16:50Z INFO  parabit] Iteration 3: 244 nodes, 59 classes
[2026-03-27T17:16:50Z INFO  parabit] Iteration 4: 443 nodes, 81 classes
[2026-03-27T17:16:50Z INFO  parabit] Iteration 5: 980 nodes, 114 classes
[2026-03-27T17:16:50Z INFO  parabit] Iteration 0: 18 nodes, 18 classes
[2026-03-27T17:16:50Z INFO  parabit] Iteration 1: 76 nodes, 38 classes
[2026-03-27T17:16:50Z INFO  parabit] Iteration 2: 136 nodes, 51 classes
[2026-03-27T17:16:50Z INFO  parabit] Iteration 3: 244 nodes, 59 classes
[2026-03-27T17:16:50Z INFO  parabit] Iteration 4: 443 nodes, 81 classes
[2026-03-27T17:16:50Z INFO  parabit] Iteration 5: 980 nodes, 114 classes
{"elapsed":1.03, "maxrss":9172}
