[2026-03-27T17:16:43Z WARN  parabit] Sanitised input expression 0 from:
    (bw k (or (bw k "%A") (bw k (xor (bw k (xor (bw k "%A") (bw k (not (bw k 0))))) (bw k "%B")))))
    to:
    (bw k (or (bw k var_A) (bw k (xor (bw k (xor (bw k var_A) (bw k (not (bw k 0))))) (bw k var_B)))))
[2026-03-27T17:16:43Z WARN  parabit] Sanitised input expression 0 from:
    (bw k (or (bw k "%A") (bw k (xor (bw k "%B") (bw k (not (bw k 0)))))))
    to:
    (bw k (or (bw k var_A) (bw k (xor (bw k var_B) (bw k (not (bw k 0)))))))
[2026-03-27T17:16:43Z INFO  parabit] Running parabit on file: AndOrXor_2264_values_0
[2026-03-27T17:16:43Z INFO  parabit] Iteration 0: 20 nodes, 20 classes
[2026-03-27T17:16:43Z INFO  parabit] Iteration 1: 89 nodes, 45 classes
[2026-03-27T17:16:43Z INFO  parabit] Iteration 2: 184 nodes, 52 classes
[2026-03-27T17:16:43Z INFO  parabit] Iteration 3: 355 nodes, 78 classes
[2026-03-27T17:16:43Z INFO  parabit] Iteration 4: 891 nodes, 148 classes
[2026-03-27T17:16:43Z INFO  parabit] Iteration 5: 2764 nodes, 258 classes
[2026-03-27T17:16:43Z INFO  parabit] Iteration 6: 11871 nodes, 520 classes
[2026-03-27T17:16:44Z INFO  parabit] Iteration 0: 20 nodes, 20 classes
[2026-03-27T17:16:44Z INFO  parabit] Iteration 1: 89 nodes, 45 classes
[2026-03-27T17:16:44Z INFO  parabit] Iteration 2: 184 nodes, 52 classes
[2026-03-27T17:16:44Z INFO  parabit] Iteration 3: 355 nodes, 78 classes
[2026-03-27T17:16:44Z INFO  parabit] Iteration 4: 891 nodes, 148 classes
[2026-03-27T17:16:44Z INFO  parabit] Iteration 5: 2764 nodes, 258 classes
[2026-03-27T17:16:44Z INFO  parabit] Iteration 6: 11871 nodes, 520 classes
[2026-03-27T17:16:44Z INFO  parabit] Iteration 0: 20 nodes, 20 classes
[2026-03-27T17:16:44Z INFO  parabit] Iteration 1: 89 nodes, 45 classes
[2026-03-27T17:16:44Z INFO  parabit] Iteration 2: 184 nodes, 52 classes
[2026-03-27T17:16:44Z INFO  parabit] Iteration 3: 355 nodes, 78 classes
[2026-03-27T17:16:44Z INFO  parabit] Iteration 4: 891 nodes, 148 classes
[2026-03-27T17:16:44Z INFO  parabit] Iteration 5: 2764 nodes, 258 classes
[2026-03-27T17:16:44Z INFO  parabit] Iteration 6: 11871 nodes, 520 classes
[2026-03-27T17:16:44Z INFO  parabit] Iteration 0: 20 nodes, 20 classes
[2026-03-27T17:16:44Z INFO  parabit] Iteration 1: 89 nodes, 45 classes
[2026-03-27T17:16:44Z INFO  parabit] Iteration 2: 184 nodes, 52 classes
[2026-03-27T17:16:44Z INFO  parabit] Iteration 3: 355 nodes, 78 classes
[2026-03-27T17:16:44Z INFO  parabit] Iteration 4: 891 nodes, 148 classes
[2026-03-27T17:16:44Z INFO  parabit] Iteration 5: 2764 nodes, 258 classes
[2026-03-27T17:16:44Z INFO  parabit] Iteration 6: 11871 nodes, 520 classes
{"elapsed":1.12, "maxrss":50540}
