[2026-03-27T17:16:45Z WARN  parabit] Sanitised input expression 0 from:
    (bw k (or (bw k (or (bw k "%A") (bw k C1))) (bw k "%op1")))
    to:
    (bw k (or (bw k (or (bw k var_A) (bw k C1))) (bw k var_op1)))
[2026-03-27T17:16:45Z WARN  parabit] Sanitised input expression 0 from:
    (bw k (or (bw k (or (bw k "%A") (bw k "%op1"))) (bw k C1)))
    to:
    (bw k (or (bw k (or (bw k var_A) (bw k var_op1))) (bw k C1)))
[2026-03-27T17:16:45Z INFO  parabit] Running parabit on file: AndOrXor_2367_values_0
[2026-03-27T17:16:45Z INFO  parabit] Iteration 0: 16 nodes, 16 classes
[2026-03-27T17:16:45Z INFO  parabit] Iteration 1: 55 nodes, 33 classes
[2026-03-27T17:16:45Z INFO  parabit] Iteration 2: 75 nodes, 39 classes
[2026-03-27T17:16:45Z INFO  parabit] Iteration 0: 16 nodes, 16 classes
[2026-03-27T17:16:45Z INFO  parabit] Iteration 1: 55 nodes, 33 classes
[2026-03-27T17:16:45Z INFO  parabit] Iteration 2: 75 nodes, 39 classes
[2026-03-27T17:16:45Z INFO  parabit] Iteration 0: 16 nodes, 16 classes
[2026-03-27T17:16:45Z INFO  parabit] Iteration 1: 55 nodes, 33 classes
[2026-03-27T17:16:45Z INFO  parabit] Iteration 2: 75 nodes, 39 classes
[2026-03-27T17:16:45Z INFO  parabit] Iteration 0: 16 nodes, 16 classes
[2026-03-27T17:16:45Z INFO  parabit] Iteration 1: 55 nodes, 33 classes
[2026-03-27T17:16:45Z INFO  parabit] Iteration 2: 75 nodes, 39 classes
[2026-03-27T17:16:45Z INFO  parabit] Iteration 0: 16 nodes, 16 classes
[2026-03-27T17:16:45Z INFO  parabit] Iteration 1: 55 nodes, 33 classes
[2026-03-27T17:16:45Z INFO  parabit] Iteration 2: 75 nodes, 39 classes
[2026-03-27T17:16:45Z INFO  parabit] Iteration 0: 16 nodes, 16 classes
[2026-03-27T17:16:45Z INFO  parabit] Iteration 1: 55 nodes, 33 classes
[2026-03-27T17:16:45Z INFO  parabit] Iteration 2: 75 nodes, 39 classes
[2026-03-27T17:16:45Z INFO  parabit] Iteration 0: 16 nodes, 16 classes
[2026-03-27T17:16:45Z INFO  parabit] Iteration 1: 55 nodes, 33 classes
[2026-03-27T17:16:45Z INFO  parabit] Iteration 2: 75 nodes, 39 classes
[2026-03-27T17:16:45Z INFO  parabit] Iteration 0: 16 nodes, 16 classes
[2026-03-27T17:16:45Z INFO  parabit] Iteration 1: 55 nodes, 33 classes
[2026-03-27T17:16:45Z INFO  parabit] Iteration 2: 75 nodes, 39 classes
[2026-03-27T17:16:45Z INFO  parabit] Iteration 0: 16 nodes, 16 classes
[2026-03-27T17:16:45Z INFO  parabit] Iteration 1: 55 nodes, 33 classes
[2026-03-27T17:16:45Z INFO  parabit] Iteration 2: 75 nodes, 39 classes
[2026-03-27T17:16:45Z INFO  parabit] Iteration 0: 16 nodes, 16 classes
[2026-03-27T17:16:45Z INFO  parabit] Iteration 1: 55 nodes, 33 classes
[2026-03-27T17:16:45Z INFO  parabit] Iteration 2: 75 nodes, 39 classes
[2026-03-27T17:16:45Z INFO  parabit] Iteration 0: 16 nodes, 16 classes
[2026-03-27T17:16:45Z INFO  parabit] Iteration 1: 55 nodes, 33 classes
[2026-03-27T17:16:45Z INFO  parabit] Iteration 2: 75 nodes, 39 classes
[2026-03-27T17:16:45Z INFO  parabit] Iteration 0: 16 nodes, 16 classes
[2026-03-27T17:16:45Z INFO  parabit] Iteration 1: 55 nodes, 33 classes
[2026-03-27T17:16:45Z INFO  parabit] Iteration 2: 75 nodes, 39 classes
[2026-03-27T17:16:45Z INFO  parabit] Iteration 0: 16 nodes, 16 classes
[2026-03-27T17:16:45Z INFO  parabit] Iteration 1: 55 nodes, 33 classes
[2026-03-27T17:16:45Z INFO  parabit] Iteration 2: 75 nodes, 39 classes
[2026-03-27T17:16:45Z INFO  parabit] Iteration 0: 16 nodes, 16 classes
[2026-03-27T17:16:45Z INFO  parabit] Iteration 1: 55 nodes, 33 classes
[2026-03-27T17:16:45Z INFO  parabit] Iteration 2: 75 nodes, 39 classes
[2026-03-27T17:16:45Z INFO  parabit] Iteration 0: 16 nodes, 16 classes
[2026-03-27T17:16:45Z INFO  parabit] Iteration 1: 55 nodes, 33 classes
[2026-03-27T17:16:45Z INFO  parabit] Iteration 2: 75 nodes, 39 classes
[2026-03-27T17:16:45Z INFO  parabit] Iteration 0: 16 nodes, 16 classes
[2026-03-27T17:16:45Z INFO  parabit] Iteration 1: 55 nodes, 33 classes
[2026-03-27T17:16:45Z INFO  parabit] Iteration 2: 75 nodes, 39 classes
[2026-03-27T17:16:45Z INFO  parabit] Iteration 0: 16 nodes, 16 classes
[2026-03-27T17:16:45Z INFO  parabit] Iteration 1: 55 nodes, 33 classes
[2026-03-27T17:16:45Z INFO  parabit] Iteration 2: 75 nodes, 39 classes
[2026-03-27T17:16:45Z INFO  parabit] Iteration 0: 16 nodes, 16 classes
[2026-03-27T17:16:45Z INFO  parabit] Iteration 1: 55 nodes, 33 classes
[2026-03-27T17:16:45Z INFO  parabit] Iteration 2: 75 nodes, 39 classes
[2026-03-27T17:16:45Z INFO  parabit] Iteration 0: 16 nodes, 16 classes
[2026-03-27T17:16:45Z INFO  parabit] Iteration 1: 55 nodes, 33 classes
[2026-03-27T17:16:45Z INFO  parabit] Iteration 2: 75 nodes, 39 classes
[2026-03-27T17:16:45Z INFO  parabit] Iteration 0: 16 nodes, 16 classes
[2026-03-27T17:16:45Z INFO  parabit] Iteration 1: 55 nodes, 33 classes
[2026-03-27T17:16:45Z INFO  parabit] Iteration 2: 75 nodes, 39 classes
[2026-03-27T17:16:45Z INFO  parabit] Iteration 0: 16 nodes, 16 classes
[2026-03-27T17:16:45Z INFO  parabit] Iteration 1: 55 nodes, 33 classes
[2026-03-27T17:16:45Z INFO  parabit] Iteration 2: 75 nodes, 39 classes
[2026-03-27T17:16:45Z INFO  parabit] Iteration 0: 16 nodes, 16 classes
[2026-03-27T17:16:45Z INFO  parabit] Iteration 1: 55 nodes, 33 classes
[2026-03-27T17:16:45Z INFO  parabit] Iteration 2: 75 nodes, 39 classes
[2026-03-27T17:16:45Z INFO  parabit] Iteration 0: 16 nodes, 16 classes
[2026-03-27T17:16:45Z INFO  parabit] Iteration 1: 55 nodes, 33 classes
[2026-03-27T17:16:45Z INFO  parabit] Iteration 2: 75 nodes, 39 classes
[2026-03-27T17:16:45Z INFO  parabit] Iteration 0: 16 nodes, 16 classes
[2026-03-27T17:16:45Z INFO  parabit] Iteration 1: 55 nodes, 33 classes
[2026-03-27T17:16:45Z INFO  parabit] Iteration 2: 75 nodes, 39 classes
[2026-03-27T17:16:45Z INFO  parabit] Iteration 0: 16 nodes, 16 classes
[2026-03-27T17:16:45Z INFO  parabit] Iteration 1: 55 nodes, 33 classes
[2026-03-27T17:16:45Z INFO  parabit] Iteration 2: 75 nodes, 39 classes
[2026-03-27T17:16:45Z INFO  parabit] Iteration 0: 16 nodes, 16 classes
[2026-03-27T17:16:45Z INFO  parabit] Iteration 1: 55 nodes, 33 classes
[2026-03-27T17:16:45Z INFO  parabit] Iteration 2: 75 nodes, 39 classes
[2026-03-27T17:16:45Z INFO  parabit] Iteration 0: 16 nodes, 16 classes
[2026-03-27T17:16:45Z INFO  parabit] Iteration 1: 55 nodes, 33 classes
[2026-03-27T17:16:45Z INFO  parabit] Iteration 2: 75 nodes, 39 classes
[2026-03-27T17:16:45Z INFO  parabit] Iteration 0: 16 nodes, 16 classes
[2026-03-27T17:16:45Z INFO  parabit] Iteration 1: 55 nodes, 33 classes
[2026-03-27T17:16:45Z INFO  parabit] Iteration 2: 75 nodes, 39 classes
[2026-03-27T17:16:45Z INFO  parabit] Iteration 0: 16 nodes, 16 classes
[2026-03-27T17:16:45Z INFO  parabit] Iteration 1: 55 nodes, 33 classes
[2026-03-27T17:16:45Z INFO  parabit] Iteration 2: 75 nodes, 39 classes
[2026-03-27T17:16:45Z INFO  parabit] Iteration 0: 16 nodes, 16 classes
[2026-03-27T17:16:45Z INFO  parabit] Iteration 1: 55 nodes, 33 classes
[2026-03-27T17:16:45Z INFO  parabit] Iteration 2: 75 nodes, 39 classes
[2026-03-27T17:16:45Z INFO  parabit] Iteration 0: 16 nodes, 16 classes
[2026-03-27T17:16:45Z INFO  parabit] Iteration 1: 55 nodes, 33 classes
[2026-03-27T17:16:45Z INFO  parabit] Iteration 2: 75 nodes, 39 classes
[2026-03-27T17:16:45Z INFO  parabit] Iteration 0: 16 nodes, 16 classes
[2026-03-27T17:16:45Z INFO  parabit] Iteration 1: 55 nodes, 33 classes
[2026-03-27T17:16:45Z INFO  parabit] Iteration 2: 75 nodes, 39 classes
[2026-03-27T17:16:45Z INFO  parabit] Iteration 0: 16 nodes, 16 classes
[2026-03-27T17:16:45Z INFO  parabit] Iteration 1: 55 nodes, 33 classes
[2026-03-27T17:16:45Z INFO  parabit] Iteration 2: 75 nodes, 39 classes
[2026-03-27T17:16:45Z INFO  parabit] Iteration 0: 16 nodes, 16 classes
[2026-03-27T17:16:45Z INFO  parabit] Iteration 1: 55 nodes, 33 classes
[2026-03-27T17:16:45Z INFO  parabit] Iteration 2: 75 nodes, 39 classes
[2026-03-27T17:16:45Z INFO  parabit] Iteration 0: 16 nodes, 16 classes
[2026-03-27T17:16:45Z INFO  parabit] Iteration 1: 55 nodes, 33 classes
[2026-03-27T17:16:45Z INFO  parabit] Iteration 2: 75 nodes, 39 classes
[2026-03-27T17:16:45Z INFO  parabit] Iteration 0: 16 nodes, 16 classes
[2026-03-27T17:16:45Z INFO  parabit] Iteration 1: 55 nodes, 33 classes
[2026-03-27T17:16:45Z INFO  parabit] Iteration 2: 75 nodes, 39 classes
[2026-03-27T17:16:45Z INFO  parabit] Iteration 0: 16 nodes, 16 classes
[2026-03-27T17:16:45Z INFO  parabit] Iteration 1: 55 nodes, 33 classes
[2026-03-27T17:16:45Z INFO  parabit] Iteration 2: 75 nodes, 39 classes
[2026-03-27T17:16:45Z INFO  parabit] Iteration 0: 16 nodes, 16 classes
[2026-03-27T17:16:45Z INFO  parabit] Iteration 1: 55 nodes, 33 classes
[2026-03-27T17:16:45Z INFO  parabit] Iteration 2: 75 nodes, 39 classes
[2026-03-27T17:16:45Z INFO  parabit] Iteration 0: 16 nodes, 16 classes
[2026-03-27T17:16:45Z INFO  parabit] Iteration 1: 55 nodes, 33 classes
[2026-03-27T17:16:45Z INFO  parabit] Iteration 2: 75 nodes, 39 classes
[2026-03-27T17:16:45Z INFO  parabit] Iteration 0: 16 nodes, 16 classes
[2026-03-27T17:16:45Z INFO  parabit] Iteration 1: 55 nodes, 33 classes
[2026-03-27T17:16:45Z INFO  parabit] Iteration 2: 75 nodes, 39 classes
[2026-03-27T17:16:45Z INFO  parabit] Iteration 0: 16 nodes, 16 classes
[2026-03-27T17:16:45Z INFO  parabit] Iteration 1: 55 nodes, 33 classes
[2026-03-27T17:16:45Z INFO  parabit] Iteration 2: 75 nodes, 39 classes
[2026-03-27T17:16:45Z INFO  parabit] Iteration 0: 16 nodes, 16 classes
[2026-03-27T17:16:45Z INFO  parabit] Iteration 1: 55 nodes, 33 classes
[2026-03-27T17:16:45Z INFO  parabit] Iteration 2: 75 nodes, 39 classes
[2026-03-27T17:16:45Z INFO  parabit] Iteration 0: 16 nodes, 16 classes
[2026-03-27T17:16:45Z INFO  parabit] Iteration 1: 55 nodes, 33 classes
[2026-03-27T17:16:45Z INFO  parabit] Iteration 2: 75 nodes, 39 classes
[2026-03-27T17:16:45Z INFO  parabit] Iteration 0: 16 nodes, 16 classes
[2026-03-27T17:16:45Z INFO  parabit] Iteration 1: 55 nodes, 33 classes
[2026-03-27T17:16:45Z INFO  parabit] Iteration 2: 75 nodes, 39 classes
[2026-03-27T17:16:45Z INFO  parabit] Iteration 0: 16 nodes, 16 classes
[2026-03-27T17:16:45Z INFO  parabit] Iteration 1: 55 nodes, 33 classes
[2026-03-27T17:16:45Z INFO  parabit] Iteration 2: 75 nodes, 39 classes
[2026-03-27T17:16:45Z INFO  parabit] Iteration 0: 16 nodes, 16 classes
[2026-03-27T17:16:45Z INFO  parabit] Iteration 1: 55 nodes, 33 classes
[2026-03-27T17:16:45Z INFO  parabit] Iteration 2: 75 nodes, 39 classes
[2026-03-27T17:16:45Z INFO  parabit] Iteration 0: 16 nodes, 16 classes
[2026-03-27T17:16:45Z INFO  parabit] Iteration 1: 55 nodes, 33 classes
[2026-03-27T17:16:45Z INFO  parabit] Iteration 2: 75 nodes, 39 classes
[2026-03-27T17:16:45Z INFO  parabit] Iteration 0: 16 nodes, 16 classes
[2026-03-27T17:16:45Z INFO  parabit] Iteration 1: 55 nodes, 33 classes
[2026-03-27T17:16:45Z INFO  parabit] Iteration 2: 75 nodes, 39 classes
[2026-03-27T17:16:45Z INFO  parabit] Iteration 0: 16 nodes, 16 classes
[2026-03-27T17:16:45Z INFO  parabit] Iteration 1: 55 nodes, 33 classes
[2026-03-27T17:16:45Z INFO  parabit] Iteration 2: 75 nodes, 39 classes
[2026-03-27T17:16:45Z INFO  parabit] Iteration 0: 16 nodes, 16 classes
[2026-03-27T17:16:45Z INFO  parabit] Iteration 1: 55 nodes, 33 classes
[2026-03-27T17:16:45Z INFO  parabit] Iteration 2: 75 nodes, 39 classes
[2026-03-27T17:16:45Z INFO  parabit] Iteration 0: 16 nodes, 16 classes
[2026-03-27T17:16:45Z INFO  parabit] Iteration 1: 55 nodes, 33 classes
[2026-03-27T17:16:45Z INFO  parabit] Iteration 2: 75 nodes, 39 classes
[2026-03-27T17:16:45Z INFO  parabit] Iteration 0: 16 nodes, 16 classes
[2026-03-27T17:16:45Z INFO  parabit] Iteration 1: 55 nodes, 33 classes
[2026-03-27T17:16:45Z INFO  parabit] Iteration 2: 75 nodes, 39 classes
[2026-03-27T17:16:45Z INFO  parabit] Iteration 0: 16 nodes, 16 classes
[2026-03-27T17:16:45Z INFO  parabit] Iteration 1: 55 nodes, 33 classes
[2026-03-27T17:16:45Z INFO  parabit] Iteration 2: 75 nodes, 39 classes
[2026-03-27T17:16:45Z INFO  parabit] Iteration 0: 16 nodes, 16 classes
[2026-03-27T17:16:45Z INFO  parabit] Iteration 1: 55 nodes, 33 classes
[2026-03-27T17:16:45Z INFO  parabit] Iteration 2: 75 nodes, 39 classes
[2026-03-27T17:16:45Z INFO  parabit] Iteration 0: 16 nodes, 16 classes
[2026-03-27T17:16:45Z INFO  parabit] Iteration 1: 55 nodes, 33 classes
[2026-03-27T17:16:45Z INFO  parabit] Iteration 2: 75 nodes, 39 classes
[2026-03-27T17:16:45Z INFO  parabit] Iteration 0: 16 nodes, 16 classes
[2026-03-27T17:16:45Z INFO  parabit] Iteration 1: 55 nodes, 33 classes
[2026-03-27T17:16:45Z INFO  parabit] Iteration 2: 75 nodes, 39 classes
[2026-03-27T17:16:45Z INFO  parabit] Iteration 0: 16 nodes, 16 classes
[2026-03-27T17:16:45Z INFO  parabit] Iteration 1: 55 nodes, 33 classes
[2026-03-27T17:16:45Z INFO  parabit] Iteration 2: 75 nodes, 39 classes
[2026-03-27T17:16:45Z INFO  parabit] Iteration 0: 16 nodes, 16 classes
[2026-03-27T17:16:45Z INFO  parabit] Iteration 1: 55 nodes, 33 classes
[2026-03-27T17:16:45Z INFO  parabit] Iteration 2: 75 nodes, 39 classes
[2026-03-27T17:16:45Z INFO  parabit] Iteration 0: 16 nodes, 16 classes
[2026-03-27T17:16:45Z INFO  parabit] Iteration 1: 55 nodes, 33 classes
[2026-03-27T17:16:45Z INFO  parabit] Iteration 2: 75 nodes, 39 classes
[2026-03-27T17:16:45Z INFO  parabit] Iteration 0: 16 nodes, 16 classes
[2026-03-27T17:16:45Z INFO  parabit] Iteration 1: 55 nodes, 33 classes
[2026-03-27T17:16:45Z INFO  parabit] Iteration 2: 75 nodes, 39 classes
[2026-03-27T17:16:45Z INFO  parabit] Iteration 0: 16 nodes, 16 classes
[2026-03-27T17:16:45Z INFO  parabit] Iteration 1: 55 nodes, 33 classes
[2026-03-27T17:16:45Z INFO  parabit] Iteration 2: 75 nodes, 39 classes
[2026-03-27T17:16:45Z INFO  parabit] Iteration 0: 16 nodes, 16 classes
[2026-03-27T17:16:45Z INFO  parabit] Iteration 1: 55 nodes, 33 classes
[2026-03-27T17:16:45Z INFO  parabit] Iteration 2: 75 nodes, 39 classes
[2026-03-27T17:16:45Z INFO  parabit] Iteration 0: 16 nodes, 16 classes
[2026-03-27T17:16:45Z INFO  parabit] Iteration 1: 55 nodes, 33 classes
[2026-03-27T17:16:45Z INFO  parabit] Iteration 2: 75 nodes, 39 classes
[2026-03-27T17:16:45Z INFO  parabit] Iteration 0: 16 nodes, 16 classes
[2026-03-27T17:16:45Z INFO  parabit] Iteration 1: 55 nodes, 33 classes
[2026-03-27T17:16:45Z INFO  parabit] Iteration 2: 75 nodes, 39 classes
[2026-03-27T17:16:45Z INFO  parabit] Iteration 0: 16 nodes, 16 classes
[2026-03-27T17:16:45Z INFO  parabit] Iteration 1: 55 nodes, 33 classes
[2026-03-27T17:16:45Z INFO  parabit] Iteration 2: 75 nodes, 39 classes
[2026-03-27T17:16:45Z INFO  parabit] Iteration 0: 16 nodes, 16 classes
[2026-03-27T17:16:45Z INFO  parabit] Iteration 1: 55 nodes, 33 classes
[2026-03-27T17:16:45Z INFO  parabit] Iteration 2: 75 nodes, 39 classes
[2026-03-27T17:16:45Z INFO  parabit] Iteration 0: 16 nodes, 16 classes
[2026-03-27T17:16:45Z INFO  parabit] Iteration 1: 55 nodes, 33 classes
[2026-03-27T17:16:45Z INFO  parabit] Iteration 2: 75 nodes, 39 classes
[2026-03-27T17:16:45Z INFO  parabit] Iteration 0: 16 nodes, 16 classes
[2026-03-27T17:16:45Z INFO  parabit] Iteration 1: 55 nodes, 33 classes
[2026-03-27T17:16:45Z INFO  parabit] Iteration 2: 75 nodes, 39 classes
[2026-03-27T17:16:45Z INFO  parabit] Iteration 0: 16 nodes, 16 classes
[2026-03-27T17:16:45Z INFO  parabit] Iteration 1: 55 nodes, 33 classes
[2026-03-27T17:16:45Z INFO  parabit] Iteration 2: 75 nodes, 39 classes
[2026-03-27T17:16:45Z INFO  parabit] Iteration 0: 16 nodes, 16 classes
[2026-03-27T17:16:45Z INFO  parabit] Iteration 1: 55 nodes, 33 classes
[2026-03-27T17:16:45Z INFO  parabit] Iteration 2: 75 nodes, 39 classes
[2026-03-27T17:16:45Z INFO  parabit] Iteration 0: 16 nodes, 16 classes
[2026-03-27T17:16:45Z INFO  parabit] Iteration 1: 55 nodes, 33 classes
[2026-03-27T17:16:45Z INFO  parabit] Iteration 2: 75 nodes, 39 classes
[2026-03-27T17:16:45Z INFO  parabit] Iteration 0: 16 nodes, 16 classes
[2026-03-27T17:16:45Z INFO  parabit] Iteration 1: 55 nodes, 33 classes
[2026-03-27T17:16:45Z INFO  parabit] Iteration 2: 75 nodes, 39 classes
[2026-03-27T17:16:45Z INFO  parabit] Iteration 0: 16 nodes, 16 classes
[2026-03-27T17:16:45Z INFO  parabit] Iteration 1: 55 nodes, 33 classes
[2026-03-27T17:16:45Z INFO  parabit] Iteration 2: 75 nodes, 39 classes
[2026-03-27T17:16:45Z INFO  parabit] Iteration 0: 16 nodes, 16 classes
[2026-03-27T17:16:45Z INFO  parabit] Iteration 1: 55 nodes, 33 classes
[2026-03-27T17:16:45Z INFO  parabit] Iteration 2: 75 nodes, 39 classes
[2026-03-27T17:16:45Z INFO  parabit] Iteration 0: 16 nodes, 16 classes
[2026-03-27T17:16:45Z INFO  parabit] Iteration 1: 55 nodes, 33 classes
[2026-03-27T17:16:45Z INFO  parabit] Iteration 2: 75 nodes, 39 classes
[2026-03-27T17:16:45Z INFO  parabit] Iteration 0: 16 nodes, 16 classes
[2026-03-27T17:16:45Z INFO  parabit] Iteration 1: 55 nodes, 33 classes
[2026-03-27T17:16:45Z INFO  parabit] Iteration 2: 75 nodes, 39 classes
[2026-03-27T17:16:45Z INFO  parabit] Iteration 0: 16 nodes, 16 classes
[2026-03-27T17:16:45Z INFO  parabit] Iteration 1: 55 nodes, 33 classes
[2026-03-27T17:16:45Z INFO  parabit] Iteration 2: 75 nodes, 39 classes
[2026-03-27T17:16:45Z INFO  parabit] Iteration 0: 16 nodes, 16 classes
[2026-03-27T17:16:45Z INFO  parabit] Iteration 1: 55 nodes, 33 classes
[2026-03-27T17:16:45Z INFO  parabit] Iteration 2: 75 nodes, 39 classes
[2026-03-27T17:16:45Z INFO  parabit] Iteration 0: 16 nodes, 16 classes
[2026-03-27T17:16:45Z INFO  parabit] Iteration 1: 55 nodes, 33 classes
[2026-03-27T17:16:45Z INFO  parabit] Iteration 2: 75 nodes, 39 classes
[2026-03-27T17:16:45Z INFO  parabit] Iteration 0: 16 nodes, 16 classes
[2026-03-27T17:16:45Z INFO  parabit] Iteration 1: 55 nodes, 33 classes
[2026-03-27T17:16:45Z INFO  parabit] Iteration 2: 75 nodes, 39 classes
[2026-03-27T17:16:45Z INFO  parabit] Iteration 0: 16 nodes, 16 classes
[2026-03-27T17:16:45Z INFO  parabit] Iteration 1: 55 nodes, 33 classes
[2026-03-27T17:16:45Z INFO  parabit] Iteration 2: 75 nodes, 39 classes
[2026-03-27T17:16:45Z INFO  parabit] Iteration 0: 16 nodes, 16 classes
[2026-03-27T17:16:45Z INFO  parabit] Iteration 1: 55 nodes, 33 classes
[2026-03-27T17:16:45Z INFO  parabit] Iteration 2: 75 nodes, 39 classes
[2026-03-27T17:16:45Z INFO  parabit] Iteration 0: 16 nodes, 16 classes
[2026-03-27T17:16:45Z INFO  parabit] Iteration 1: 55 nodes, 33 classes
[2026-03-27T17:16:45Z INFO  parabit] Iteration 2: 75 nodes, 39 classes
[2026-03-27T17:16:45Z INFO  parabit] Iteration 0: 16 nodes, 16 classes
[2026-03-27T17:16:45Z INFO  parabit] Iteration 1: 55 nodes, 33 classes
[2026-03-27T17:16:45Z INFO  parabit] Iteration 2: 75 nodes, 39 classes
[2026-03-27T17:16:45Z INFO  parabit] Iteration 0: 16 nodes, 16 classes
[2026-03-27T17:16:45Z INFO  parabit] Iteration 1: 55 nodes, 33 classes
[2026-03-27T17:16:45Z INFO  parabit] Iteration 2: 75 nodes, 39 classes
[2026-03-27T17:16:45Z INFO  parabit] Iteration 0: 16 nodes, 16 classes
[2026-03-27T17:16:45Z INFO  parabit] Iteration 1: 55 nodes, 33 classes
[2026-03-27T17:16:45Z INFO  parabit] Iteration 2: 75 nodes, 39 classes
[2026-03-27T17:16:45Z INFO  parabit] Iteration 0: 16 nodes, 16 classes
[2026-03-27T17:16:45Z INFO  parabit] Iteration 1: 55 nodes, 33 classes
[2026-03-27T17:16:45Z INFO  parabit] Iteration 2: 75 nodes, 39 classes
[2026-03-27T17:16:45Z INFO  parabit] Iteration 0: 16 nodes, 16 classes
[2026-03-27T17:16:45Z INFO  parabit] Iteration 1: 55 nodes, 33 classes
[2026-03-27T17:16:45Z INFO  parabit] Iteration 2: 75 nodes, 39 classes
[2026-03-27T17:16:45Z INFO  parabit] Iteration 0: 16 nodes, 16 classes
[2026-03-27T17:16:45Z INFO  parabit] Iteration 1: 55 nodes, 33 classes
[2026-03-27T17:16:45Z INFO  parabit] Iteration 2: 75 nodes, 39 classes
[2026-03-27T17:16:45Z INFO  parabit] Iteration 0: 16 nodes, 16 classes
[2026-03-27T17:16:45Z INFO  parabit] Iteration 1: 55 nodes, 33 classes
[2026-03-27T17:16:45Z INFO  parabit] Iteration 2: 75 nodes, 39 classes
[2026-03-27T17:16:45Z INFO  parabit] Iteration 0: 16 nodes, 16 classes
[2026-03-27T17:16:45Z INFO  parabit] Iteration 1: 55 nodes, 33 classes
[2026-03-27T17:16:45Z INFO  parabit] Iteration 2: 75 nodes, 39 classes
[2026-03-27T17:16:45Z INFO  parabit] Iteration 0: 16 nodes, 16 classes
[2026-03-27T17:16:45Z INFO  parabit] Iteration 1: 55 nodes, 33 classes
[2026-03-27T17:16:45Z INFO  parabit] Iteration 2: 75 nodes, 39 classes
[2026-03-27T17:16:45Z INFO  parabit] Iteration 0: 16 nodes, 16 classes
[2026-03-27T17:16:45Z INFO  parabit] Iteration 1: 55 nodes, 33 classes
[2026-03-27T17:16:45Z INFO  parabit] Iteration 2: 75 nodes, 39 classes
[2026-03-27T17:16:45Z INFO  parabit] Iteration 0: 16 nodes, 16 classes
[2026-03-27T17:16:45Z INFO  parabit] Iteration 1: 55 nodes, 33 classes
[2026-03-27T17:16:45Z INFO  parabit] Iteration 2: 75 nodes, 39 classes
[2026-03-27T17:16:45Z INFO  parabit] Iteration 0: 16 nodes, 16 classes
[2026-03-27T17:16:45Z INFO  parabit] Iteration 1: 55 nodes, 33 classes
[2026-03-27T17:16:45Z INFO  parabit] Iteration 2: 75 nodes, 39 classes
[2026-03-27T17:16:45Z INFO  parabit] Iteration 0: 16 nodes, 16 classes
[2026-03-27T17:16:45Z INFO  parabit] Iteration 1: 55 nodes, 33 classes
[2026-03-27T17:16:45Z INFO  parabit] Iteration 2: 75 nodes, 39 classes
[2026-03-27T17:16:45Z INFO  parabit] Iteration 0: 16 nodes, 16 classes
[2026-03-27T17:16:45Z INFO  parabit] Iteration 1: 55 nodes, 33 classes
[2026-03-27T17:16:45Z INFO  parabit] Iteration 2: 75 nodes, 39 classes
[2026-03-27T17:16:45Z INFO  parabit] Iteration 0: 16 nodes, 16 classes
[2026-03-27T17:16:45Z INFO  parabit] Iteration 1: 55 nodes, 33 classes
[2026-03-27T17:16:45Z INFO  parabit] Iteration 2: 75 nodes, 39 classes
[2026-03-27T17:16:45Z INFO  parabit] Iteration 0: 16 nodes, 16 classes
[2026-03-27T17:16:45Z INFO  parabit] Iteration 1: 55 nodes, 33 classes
[2026-03-27T17:16:45Z INFO  parabit] Iteration 2: 75 nodes, 39 classes
[2026-03-27T17:16:45Z INFO  parabit] Iteration 0: 16 nodes, 16 classes
[2026-03-27T17:16:45Z INFO  parabit] Iteration 1: 55 nodes, 33 classes
[2026-03-27T17:16:45Z INFO  parabit] Iteration 2: 75 nodes, 39 classes
{"elapsed":0.22, "maxrss":5296}
