[2026-03-27T17:16:40Z WARN  parabit] Sanitised input expression 0 from:
    (bw k (and (bw k (xor (bw k "%notOp0") (bw k (not (bw k 0))))) (bw k (xor (bw k "%notOp1") (bw k (not (bw k 0)))))))
    to:
    (bw k (and (bw k (xor (bw k var_notOp0) (bw k (not (bw k 0))))) (bw k (xor (bw k var_notOp1) (bw k (not (bw k 0)))))))
[2026-03-27T17:16:40Z WARN  parabit] Sanitised input expression 0 from:
    (bw k (xor (bw k (or (bw k "%notOp0") (bw k "%notOp1"))) (bw k (not (bw k 0)))))
    to:
    (bw k (xor (bw k (or (bw k var_notOp0) (bw k var_notOp1))) (bw k (not (bw k 0)))))
[2026-03-27T17:16:40Z INFO  parabit] Running parabit on file: AndOrXor_1230_values_0
[2026-03-27T17:16:40Z INFO  parabit] Iteration 0: 20 nodes, 20 classes
[2026-03-27T17:16:40Z INFO  parabit] Iteration 1: 90 nodes, 45 classes
[2026-03-27T17:16:40Z INFO  parabit] Iteration 2: 181 nodes, 35 classes
[2026-03-27T17:16:40Z INFO  parabit] Iteration 0: 20 nodes, 20 classes
[2026-03-27T17:16:40Z INFO  parabit] Iteration 1: 90 nodes, 45 classes
[2026-03-27T17:16:40Z INFO  parabit] Iteration 2: 181 nodes, 35 classes
[2026-03-27T17:16:40Z INFO  parabit] Iteration 0: 20 nodes, 20 classes
[2026-03-27T17:16:40Z INFO  parabit] Iteration 1: 90 nodes, 45 classes
[2026-03-27T17:16:40Z INFO  parabit] Iteration 2: 181 nodes, 35 classes
[2026-03-27T17:16:40Z INFO  parabit] Iteration 0: 20 nodes, 20 classes
[2026-03-27T17:16:40Z INFO  parabit] Iteration 1: 90 nodes, 45 classes
[2026-03-27T17:16:40Z INFO  parabit] Iteration 2: 181 nodes, 35 classes
[2026-03-27T17:16:40Z INFO  parabit] Iteration 0: 20 nodes, 20 classes
[2026-03-27T17:16:40Z INFO  parabit] Iteration 1: 90 nodes, 45 classes
[2026-03-27T17:16:40Z INFO  parabit] Iteration 2: 181 nodes, 35 classes
[2026-03-27T17:16:40Z INFO  parabit] Iteration 0: 20 nodes, 20 classes
[2026-03-27T17:16:40Z INFO  parabit] Iteration 1: 90 nodes, 45 classes
[2026-03-27T17:16:40Z INFO  parabit] Iteration 2: 181 nodes, 35 classes
[2026-03-27T17:16:40Z INFO  parabit] Iteration 0: 20 nodes, 20 classes
[2026-03-27T17:16:40Z INFO  parabit] Iteration 1: 90 nodes, 45 classes
[2026-03-27T17:16:40Z INFO  parabit] Iteration 2: 181 nodes, 35 classes
[2026-03-27T17:16:40Z INFO  parabit] Iteration 0: 20 nodes, 20 classes
[2026-03-27T17:16:40Z INFO  parabit] Iteration 1: 90 nodes, 45 classes
[2026-03-27T17:16:40Z INFO  parabit] Iteration 2: 181 nodes, 35 classes
[2026-03-27T17:16:40Z INFO  parabit] Iteration 0: 20 nodes, 20 classes
[2026-03-27T17:16:40Z INFO  parabit] Iteration 1: 90 nodes, 45 classes
[2026-03-27T17:16:40Z INFO  parabit] Iteration 2: 181 nodes, 35 classes
[2026-03-27T17:16:40Z INFO  parabit] Iteration 0: 20 nodes, 20 classes
[2026-03-27T17:16:40Z INFO  parabit] Iteration 1: 90 nodes, 45 classes
[2026-03-27T17:16:40Z INFO  parabit] Iteration 2: 181 nodes, 35 classes
[2026-03-27T17:16:40Z INFO  parabit] Iteration 0: 20 nodes, 20 classes
[2026-03-27T17:16:40Z INFO  parabit] Iteration 1: 90 nodes, 45 classes
[2026-03-27T17:16:40Z INFO  parabit] Iteration 2: 181 nodes, 35 classes
[2026-03-27T17:16:40Z INFO  parabit] Iteration 0: 20 nodes, 20 classes
[2026-03-27T17:16:40Z INFO  parabit] Iteration 1: 90 nodes, 45 classes
[2026-03-27T17:16:40Z INFO  parabit] Iteration 2: 181 nodes, 35 classes
[2026-03-27T17:16:40Z INFO  parabit] Iteration 0: 20 nodes, 20 classes
[2026-03-27T17:16:40Z INFO  parabit] Iteration 1: 90 nodes, 45 classes
[2026-03-27T17:16:40Z INFO  parabit] Iteration 2: 181 nodes, 35 classes
[2026-03-27T17:16:40Z INFO  parabit] Iteration 0: 20 nodes, 20 classes
[2026-03-27T17:16:40Z INFO  parabit] Iteration 1: 90 nodes, 45 classes
[2026-03-27T17:16:40Z INFO  parabit] Iteration 2: 181 nodes, 35 classes
[2026-03-27T17:16:40Z INFO  parabit] Iteration 0: 20 nodes, 20 classes
[2026-03-27T17:16:40Z INFO  parabit] Iteration 1: 90 nodes, 45 classes
[2026-03-27T17:16:40Z INFO  parabit] Iteration 2: 181 nodes, 35 classes
[2026-03-27T17:16:40Z INFO  parabit] Iteration 0: 20 nodes, 20 classes
[2026-03-27T17:16:40Z INFO  parabit] Iteration 1: 90 nodes, 45 classes
[2026-03-27T17:16:40Z INFO  parabit] Iteration 2: 181 nodes, 35 classes
[2026-03-27T17:16:40Z INFO  parabit] Iteration 0: 20 nodes, 20 classes
[2026-03-27T17:16:40Z INFO  parabit] Iteration 1: 90 nodes, 45 classes
[2026-03-27T17:16:40Z INFO  parabit] Iteration 2: 181 nodes, 35 classes
[2026-03-27T17:16:40Z INFO  parabit] Iteration 0: 20 nodes, 20 classes
[2026-03-27T17:16:40Z INFO  parabit] Iteration 1: 90 nodes, 45 classes
[2026-03-27T17:16:40Z INFO  parabit] Iteration 2: 181 nodes, 35 classes
[2026-03-27T17:16:40Z INFO  parabit] Iteration 0: 20 nodes, 20 classes
[2026-03-27T17:16:40Z INFO  parabit] Iteration 1: 90 nodes, 45 classes
[2026-03-27T17:16:40Z INFO  parabit] Iteration 2: 181 nodes, 35 classes
[2026-03-27T17:16:40Z INFO  parabit] Iteration 0: 20 nodes, 20 classes
[2026-03-27T17:16:40Z INFO  parabit] Iteration 1: 90 nodes, 45 classes
[2026-03-27T17:16:40Z INFO  parabit] Iteration 2: 181 nodes, 35 classes
[2026-03-27T17:16:40Z INFO  parabit] Iteration 0: 20 nodes, 20 classes
[2026-03-27T17:16:40Z INFO  parabit] Iteration 1: 90 nodes, 45 classes
[2026-03-27T17:16:40Z INFO  parabit] Iteration 2: 181 nodes, 35 classes
[2026-03-27T17:16:40Z INFO  parabit] Iteration 0: 20 nodes, 20 classes
[2026-03-27T17:16:40Z INFO  parabit] Iteration 1: 90 nodes, 45 classes
[2026-03-27T17:16:40Z INFO  parabit] Iteration 2: 181 nodes, 35 classes
[2026-03-27T17:16:40Z INFO  parabit] Iteration 0: 20 nodes, 20 classes
[2026-03-27T17:16:40Z INFO  parabit] Iteration 1: 90 nodes, 45 classes
[2026-03-27T17:16:40Z INFO  parabit] Iteration 2: 181 nodes, 35 classes
[2026-03-27T17:16:40Z INFO  parabit] Iteration 0: 20 nodes, 20 classes
[2026-03-27T17:16:40Z INFO  parabit] Iteration 1: 90 nodes, 45 classes
[2026-03-27T17:16:40Z INFO  parabit] Iteration 2: 181 nodes, 35 classes
[2026-03-27T17:16:40Z INFO  parabit] Iteration 0: 20 nodes, 20 classes
[2026-03-27T17:16:40Z INFO  parabit] Iteration 1: 90 nodes, 45 classes
[2026-03-27T17:16:40Z INFO  parabit] Iteration 2: 181 nodes, 35 classes
[2026-03-27T17:16:40Z INFO  parabit] Iteration 0: 20 nodes, 20 classes
[2026-03-27T17:16:40Z INFO  parabit] Iteration 1: 90 nodes, 45 classes
[2026-03-27T17:16:40Z INFO  parabit] Iteration 2: 181 nodes, 35 classes
[2026-03-27T17:16:40Z INFO  parabit] Iteration 0: 20 nodes, 20 classes
[2026-03-27T17:16:40Z INFO  parabit] Iteration 1: 90 nodes, 45 classes
[2026-03-27T17:16:40Z INFO  parabit] Iteration 2: 181 nodes, 35 classes
[2026-03-27T17:16:40Z INFO  parabit] Iteration 0: 20 nodes, 20 classes
[2026-03-27T17:16:40Z INFO  parabit] Iteration 1: 90 nodes, 45 classes
[2026-03-27T17:16:40Z INFO  parabit] Iteration 2: 181 nodes, 35 classes
[2026-03-27T17:16:40Z INFO  parabit] Iteration 0: 20 nodes, 20 classes
[2026-03-27T17:16:40Z INFO  parabit] Iteration 1: 90 nodes, 45 classes
[2026-03-27T17:16:40Z INFO  parabit] Iteration 2: 181 nodes, 35 classes
[2026-03-27T17:16:40Z INFO  parabit] Iteration 0: 20 nodes, 20 classes
[2026-03-27T17:16:40Z INFO  parabit] Iteration 1: 90 nodes, 45 classes
[2026-03-27T17:16:40Z INFO  parabit] Iteration 2: 181 nodes, 35 classes
[2026-03-27T17:16:40Z INFO  parabit] Iteration 0: 20 nodes, 20 classes
[2026-03-27T17:16:40Z INFO  parabit] Iteration 1: 90 nodes, 45 classes
[2026-03-27T17:16:40Z INFO  parabit] Iteration 2: 181 nodes, 35 classes
[2026-03-27T17:16:40Z INFO  parabit] Iteration 0: 20 nodes, 20 classes
[2026-03-27T17:16:40Z INFO  parabit] Iteration 1: 90 nodes, 45 classes
[2026-03-27T17:16:40Z INFO  parabit] Iteration 2: 181 nodes, 35 classes
[2026-03-27T17:16:40Z INFO  parabit] Iteration 0: 20 nodes, 20 classes
[2026-03-27T17:16:40Z INFO  parabit] Iteration 1: 90 nodes, 45 classes
[2026-03-27T17:16:40Z INFO  parabit] Iteration 2: 181 nodes, 35 classes
[2026-03-27T17:16:40Z INFO  parabit] Iteration 0: 20 nodes, 20 classes
[2026-03-27T17:16:40Z INFO  parabit] Iteration 1: 90 nodes, 45 classes
[2026-03-27T17:16:40Z INFO  parabit] Iteration 2: 181 nodes, 35 classes
[2026-03-27T17:16:40Z INFO  parabit] Iteration 0: 20 nodes, 20 classes
[2026-03-27T17:16:40Z INFO  parabit] Iteration 1: 90 nodes, 45 classes
[2026-03-27T17:16:40Z INFO  parabit] Iteration 2: 181 nodes, 35 classes
[2026-03-27T17:16:40Z INFO  parabit] Iteration 0: 20 nodes, 20 classes
[2026-03-27T17:16:40Z INFO  parabit] Iteration 1: 90 nodes, 45 classes
[2026-03-27T17:16:40Z INFO  parabit] Iteration 2: 181 nodes, 35 classes
[2026-03-27T17:16:40Z INFO  parabit] Iteration 0: 20 nodes, 20 classes
[2026-03-27T17:16:40Z INFO  parabit] Iteration 1: 90 nodes, 45 classes
[2026-03-27T17:16:40Z INFO  parabit] Iteration 2: 181 nodes, 35 classes
[2026-03-27T17:16:40Z INFO  parabit] Iteration 0: 20 nodes, 20 classes
[2026-03-27T17:16:40Z INFO  parabit] Iteration 1: 90 nodes, 45 classes
[2026-03-27T17:16:40Z INFO  parabit] Iteration 2: 181 nodes, 35 classes
[2026-03-27T17:16:40Z INFO  parabit] Iteration 0: 20 nodes, 20 classes
[2026-03-27T17:16:40Z INFO  parabit] Iteration 1: 90 nodes, 45 classes
[2026-03-27T17:16:40Z INFO  parabit] Iteration 2: 181 nodes, 35 classes
[2026-03-27T17:16:40Z INFO  parabit] Iteration 0: 20 nodes, 20 classes
[2026-03-27T17:16:40Z INFO  parabit] Iteration 1: 90 nodes, 45 classes
[2026-03-27T17:16:40Z INFO  parabit] Iteration 2: 181 nodes, 35 classes
[2026-03-27T17:16:40Z INFO  parabit] Iteration 0: 20 nodes, 20 classes
[2026-03-27T17:16:40Z INFO  parabit] Iteration 1: 90 nodes, 45 classes
[2026-03-27T17:16:40Z INFO  parabit] Iteration 2: 181 nodes, 35 classes
[2026-03-27T17:16:40Z INFO  parabit] Iteration 0: 20 nodes, 20 classes
[2026-03-27T17:16:40Z INFO  parabit] Iteration 1: 90 nodes, 45 classes
[2026-03-27T17:16:40Z INFO  parabit] Iteration 2: 181 nodes, 35 classes
[2026-03-27T17:16:40Z INFO  parabit] Iteration 0: 20 nodes, 20 classes
[2026-03-27T17:16:40Z INFO  parabit] Iteration 1: 90 nodes, 45 classes
[2026-03-27T17:16:40Z INFO  parabit] Iteration 2: 181 nodes, 35 classes
[2026-03-27T17:16:40Z INFO  parabit] Iteration 0: 20 nodes, 20 classes
[2026-03-27T17:16:40Z INFO  parabit] Iteration 1: 90 nodes, 45 classes
[2026-03-27T17:16:40Z INFO  parabit] Iteration 2: 181 nodes, 35 classes
[2026-03-27T17:16:40Z INFO  parabit] Iteration 0: 20 nodes, 20 classes
[2026-03-27T17:16:40Z INFO  parabit] Iteration 1: 90 nodes, 45 classes
[2026-03-27T17:16:40Z INFO  parabit] Iteration 2: 181 nodes, 35 classes
[2026-03-27T17:16:40Z INFO  parabit] Iteration 0: 20 nodes, 20 classes
[2026-03-27T17:16:40Z INFO  parabit] Iteration 1: 90 nodes, 45 classes
[2026-03-27T17:16:40Z INFO  parabit] Iteration 2: 181 nodes, 35 classes
[2026-03-27T17:16:40Z INFO  parabit] Iteration 0: 20 nodes, 20 classes
[2026-03-27T17:16:40Z INFO  parabit] Iteration 1: 90 nodes, 45 classes
[2026-03-27T17:16:40Z INFO  parabit] Iteration 2: 181 nodes, 35 classes
[2026-03-27T17:16:40Z INFO  parabit] Iteration 0: 20 nodes, 20 classes
[2026-03-27T17:16:40Z INFO  parabit] Iteration 1: 90 nodes, 45 classes
[2026-03-27T17:16:40Z INFO  parabit] Iteration 2: 181 nodes, 35 classes
[2026-03-27T17:16:40Z INFO  parabit] Iteration 0: 20 nodes, 20 classes
[2026-03-27T17:16:40Z INFO  parabit] Iteration 1: 90 nodes, 45 classes
[2026-03-27T17:16:40Z INFO  parabit] Iteration 2: 181 nodes, 35 classes
[2026-03-27T17:16:40Z INFO  parabit] Iteration 0: 20 nodes, 20 classes
[2026-03-27T17:16:40Z INFO  parabit] Iteration 1: 90 nodes, 45 classes
[2026-03-27T17:16:40Z INFO  parabit] Iteration 2: 181 nodes, 35 classes
[2026-03-27T17:16:40Z INFO  parabit] Iteration 0: 20 nodes, 20 classes
[2026-03-27T17:16:40Z INFO  parabit] Iteration 1: 90 nodes, 45 classes
[2026-03-27T17:16:40Z INFO  parabit] Iteration 2: 181 nodes, 35 classes
[2026-03-27T17:16:40Z INFO  parabit] Iteration 0: 20 nodes, 20 classes
[2026-03-27T17:16:40Z INFO  parabit] Iteration 1: 90 nodes, 45 classes
[2026-03-27T17:16:40Z INFO  parabit] Iteration 2: 181 nodes, 35 classes
[2026-03-27T17:16:40Z INFO  parabit] Iteration 0: 20 nodes, 20 classes
[2026-03-27T17:16:40Z INFO  parabit] Iteration 1: 90 nodes, 45 classes
[2026-03-27T17:16:40Z INFO  parabit] Iteration 2: 181 nodes, 35 classes
[2026-03-27T17:16:40Z INFO  parabit] Iteration 0: 20 nodes, 20 classes
[2026-03-27T17:16:40Z INFO  parabit] Iteration 1: 90 nodes, 45 classes
[2026-03-27T17:16:40Z INFO  parabit] Iteration 2: 181 nodes, 35 classes
[2026-03-27T17:16:40Z INFO  parabit] Iteration 0: 20 nodes, 20 classes
[2026-03-27T17:16:40Z INFO  parabit] Iteration 1: 90 nodes, 45 classes
[2026-03-27T17:16:40Z INFO  parabit] Iteration 2: 181 nodes, 35 classes
[2026-03-27T17:16:40Z INFO  parabit] Iteration 0: 20 nodes, 20 classes
[2026-03-27T17:16:40Z INFO  parabit] Iteration 1: 90 nodes, 45 classes
[2026-03-27T17:16:40Z INFO  parabit] Iteration 2: 181 nodes, 35 classes
[2026-03-27T17:16:40Z INFO  parabit] Iteration 0: 20 nodes, 20 classes
[2026-03-27T17:16:40Z INFO  parabit] Iteration 1: 90 nodes, 45 classes
[2026-03-27T17:16:40Z INFO  parabit] Iteration 2: 181 nodes, 35 classes
[2026-03-27T17:16:40Z INFO  parabit] Iteration 0: 20 nodes, 20 classes
[2026-03-27T17:16:40Z INFO  parabit] Iteration 1: 90 nodes, 45 classes
[2026-03-27T17:16:40Z INFO  parabit] Iteration 2: 181 nodes, 35 classes
[2026-03-27T17:16:40Z INFO  parabit] Iteration 0: 20 nodes, 20 classes
[2026-03-27T17:16:40Z INFO  parabit] Iteration 1: 90 nodes, 45 classes
[2026-03-27T17:16:40Z INFO  parabit] Iteration 2: 181 nodes, 35 classes
[2026-03-27T17:16:40Z INFO  parabit] Iteration 0: 20 nodes, 20 classes
[2026-03-27T17:16:40Z INFO  parabit] Iteration 1: 90 nodes, 45 classes
[2026-03-27T17:16:40Z INFO  parabit] Iteration 2: 181 nodes, 35 classes
[2026-03-27T17:16:40Z INFO  parabit] Iteration 0: 20 nodes, 20 classes
[2026-03-27T17:16:40Z INFO  parabit] Iteration 1: 90 nodes, 45 classes
[2026-03-27T17:16:40Z INFO  parabit] Iteration 2: 181 nodes, 35 classes
[2026-03-27T17:16:40Z INFO  parabit] Iteration 0: 20 nodes, 20 classes
[2026-03-27T17:16:40Z INFO  parabit] Iteration 1: 90 nodes, 45 classes
[2026-03-27T17:16:40Z INFO  parabit] Iteration 2: 181 nodes, 35 classes
[2026-03-27T17:16:40Z INFO  parabit] Iteration 0: 20 nodes, 20 classes
[2026-03-27T17:16:40Z INFO  parabit] Iteration 1: 90 nodes, 45 classes
[2026-03-27T17:16:40Z INFO  parabit] Iteration 2: 181 nodes, 35 classes
[2026-03-27T17:16:40Z INFO  parabit] Iteration 0: 20 nodes, 20 classes
[2026-03-27T17:16:40Z INFO  parabit] Iteration 1: 90 nodes, 45 classes
[2026-03-27T17:16:40Z INFO  parabit] Iteration 2: 181 nodes, 35 classes
[2026-03-27T17:16:40Z INFO  parabit] Iteration 0: 20 nodes, 20 classes
[2026-03-27T17:16:40Z INFO  parabit] Iteration 1: 90 nodes, 45 classes
[2026-03-27T17:16:40Z INFO  parabit] Iteration 2: 181 nodes, 35 classes
[2026-03-27T17:16:40Z INFO  parabit] Iteration 0: 20 nodes, 20 classes
[2026-03-27T17:16:40Z INFO  parabit] Iteration 1: 90 nodes, 45 classes
[2026-03-27T17:16:40Z INFO  parabit] Iteration 2: 181 nodes, 35 classes
[2026-03-27T17:16:40Z INFO  parabit] Iteration 0: 20 nodes, 20 classes
[2026-03-27T17:16:40Z INFO  parabit] Iteration 1: 90 nodes, 45 classes
[2026-03-27T17:16:40Z INFO  parabit] Iteration 2: 181 nodes, 35 classes
[2026-03-27T17:16:40Z INFO  parabit] Iteration 0: 20 nodes, 20 classes
[2026-03-27T17:16:40Z INFO  parabit] Iteration 1: 90 nodes, 45 classes
[2026-03-27T17:16:40Z INFO  parabit] Iteration 2: 181 nodes, 35 classes
[2026-03-27T17:16:40Z INFO  parabit] Iteration 0: 20 nodes, 20 classes
[2026-03-27T17:16:40Z INFO  parabit] Iteration 1: 90 nodes, 45 classes
[2026-03-27T17:16:40Z INFO  parabit] Iteration 2: 181 nodes, 35 classes
[2026-03-27T17:16:40Z INFO  parabit] Iteration 0: 20 nodes, 20 classes
[2026-03-27T17:16:40Z INFO  parabit] Iteration 1: 90 nodes, 45 classes
[2026-03-27T17:16:40Z INFO  parabit] Iteration 2: 181 nodes, 35 classes
[2026-03-27T17:16:40Z INFO  parabit] Iteration 0: 20 nodes, 20 classes
[2026-03-27T17:16:40Z INFO  parabit] Iteration 1: 90 nodes, 45 classes
[2026-03-27T17:16:40Z INFO  parabit] Iteration 2: 181 nodes, 35 classes
[2026-03-27T17:16:40Z INFO  parabit] Iteration 0: 20 nodes, 20 classes
[2026-03-27T17:16:40Z INFO  parabit] Iteration 1: 90 nodes, 45 classes
[2026-03-27T17:16:40Z INFO  parabit] Iteration 2: 181 nodes, 35 classes
[2026-03-27T17:16:40Z INFO  parabit] Iteration 0: 20 nodes, 20 classes
[2026-03-27T17:16:40Z INFO  parabit] Iteration 1: 90 nodes, 45 classes
[2026-03-27T17:16:40Z INFO  parabit] Iteration 2: 181 nodes, 35 classes
[2026-03-27T17:16:40Z INFO  parabit] Iteration 0: 20 nodes, 20 classes
[2026-03-27T17:16:40Z INFO  parabit] Iteration 1: 90 nodes, 45 classes
[2026-03-27T17:16:40Z INFO  parabit] Iteration 2: 181 nodes, 35 classes
[2026-03-27T17:16:40Z INFO  parabit] Iteration 0: 20 nodes, 20 classes
[2026-03-27T17:16:40Z INFO  parabit] Iteration 1: 90 nodes, 45 classes
[2026-03-27T17:16:40Z INFO  parabit] Iteration 2: 181 nodes, 35 classes
[2026-03-27T17:16:40Z INFO  parabit] Iteration 0: 20 nodes, 20 classes
[2026-03-27T17:16:40Z INFO  parabit] Iteration 1: 90 nodes, 45 classes
[2026-03-27T17:16:40Z INFO  parabit] Iteration 2: 181 nodes, 35 classes
[2026-03-27T17:16:40Z INFO  parabit] Iteration 0: 20 nodes, 20 classes
[2026-03-27T17:16:40Z INFO  parabit] Iteration 1: 90 nodes, 45 classes
[2026-03-27T17:16:40Z INFO  parabit] Iteration 2: 181 nodes, 35 classes
[2026-03-27T17:16:40Z INFO  parabit] Iteration 0: 20 nodes, 20 classes
[2026-03-27T17:16:40Z INFO  parabit] Iteration 1: 90 nodes, 45 classes
[2026-03-27T17:16:40Z INFO  parabit] Iteration 2: 181 nodes, 35 classes
[2026-03-27T17:16:40Z INFO  parabit] Iteration 0: 20 nodes, 20 classes
[2026-03-27T17:16:40Z INFO  parabit] Iteration 1: 90 nodes, 45 classes
[2026-03-27T17:16:40Z INFO  parabit] Iteration 2: 181 nodes, 35 classes
[2026-03-27T17:16:40Z INFO  parabit] Iteration 0: 20 nodes, 20 classes
[2026-03-27T17:16:40Z INFO  parabit] Iteration 1: 90 nodes, 45 classes
[2026-03-27T17:16:40Z INFO  parabit] Iteration 2: 181 nodes, 35 classes
[2026-03-27T17:16:40Z INFO  parabit] Iteration 0: 20 nodes, 20 classes
[2026-03-27T17:16:40Z INFO  parabit] Iteration 1: 90 nodes, 45 classes
[2026-03-27T17:16:40Z INFO  parabit] Iteration 2: 181 nodes, 35 classes
[2026-03-27T17:16:40Z INFO  parabit] Iteration 0: 20 nodes, 20 classes
[2026-03-27T17:16:40Z INFO  parabit] Iteration 1: 90 nodes, 45 classes
[2026-03-27T17:16:40Z INFO  parabit] Iteration 2: 181 nodes, 35 classes
[2026-03-27T17:16:40Z INFO  parabit] Iteration 0: 20 nodes, 20 classes
[2026-03-27T17:16:40Z INFO  parabit] Iteration 1: 90 nodes, 45 classes
[2026-03-27T17:16:40Z INFO  parabit] Iteration 2: 181 nodes, 35 classes
[2026-03-27T17:16:40Z INFO  parabit] Iteration 0: 20 nodes, 20 classes
[2026-03-27T17:16:40Z INFO  parabit] Iteration 1: 90 nodes, 45 classes
[2026-03-27T17:16:40Z INFO  parabit] Iteration 2: 181 nodes, 35 classes
[2026-03-27T17:16:40Z INFO  parabit] Iteration 0: 20 nodes, 20 classes
[2026-03-27T17:16:40Z INFO  parabit] Iteration 1: 90 nodes, 45 classes
[2026-03-27T17:16:40Z INFO  parabit] Iteration 2: 181 nodes, 35 classes
[2026-03-27T17:16:40Z INFO  parabit] Iteration 0: 20 nodes, 20 classes
[2026-03-27T17:16:40Z INFO  parabit] Iteration 1: 90 nodes, 45 classes
[2026-03-27T17:16:40Z INFO  parabit] Iteration 2: 181 nodes, 35 classes
[2026-03-27T17:16:40Z INFO  parabit] Iteration 0: 20 nodes, 20 classes
[2026-03-27T17:16:40Z INFO  parabit] Iteration 1: 90 nodes, 45 classes
[2026-03-27T17:16:40Z INFO  parabit] Iteration 2: 181 nodes, 35 classes
[2026-03-27T17:16:40Z INFO  parabit] Iteration 0: 20 nodes, 20 classes
[2026-03-27T17:16:40Z INFO  parabit] Iteration 1: 90 nodes, 45 classes
[2026-03-27T17:16:40Z INFO  parabit] Iteration 2: 181 nodes, 35 classes
[2026-03-27T17:16:40Z INFO  parabit] Iteration 0: 20 nodes, 20 classes
[2026-03-27T17:16:40Z INFO  parabit] Iteration 1: 90 nodes, 45 classes
[2026-03-27T17:16:40Z INFO  parabit] Iteration 2: 181 nodes, 35 classes
[2026-03-27T17:16:40Z INFO  parabit] Iteration 0: 20 nodes, 20 classes
[2026-03-27T17:16:40Z INFO  parabit] Iteration 1: 90 nodes, 45 classes
[2026-03-27T17:16:40Z INFO  parabit] Iteration 2: 181 nodes, 35 classes
[2026-03-27T17:16:40Z INFO  parabit] Iteration 0: 20 nodes, 20 classes
[2026-03-27T17:16:40Z INFO  parabit] Iteration 1: 90 nodes, 45 classes
[2026-03-27T17:16:40Z INFO  parabit] Iteration 2: 181 nodes, 35 classes
[2026-03-27T17:16:40Z INFO  parabit] Iteration 0: 20 nodes, 20 classes
[2026-03-27T17:16:40Z INFO  parabit] Iteration 1: 90 nodes, 45 classes
[2026-03-27T17:16:40Z INFO  parabit] Iteration 2: 181 nodes, 35 classes
[2026-03-27T17:16:40Z INFO  parabit] Iteration 0: 20 nodes, 20 classes
[2026-03-27T17:16:40Z INFO  parabit] Iteration 1: 90 nodes, 45 classes
[2026-03-27T17:16:40Z INFO  parabit] Iteration 2: 181 nodes, 35 classes
[2026-03-27T17:16:40Z INFO  parabit] Iteration 0: 20 nodes, 20 classes
[2026-03-27T17:16:40Z INFO  parabit] Iteration 1: 90 nodes, 45 classes
[2026-03-27T17:16:40Z INFO  parabit] Iteration 2: 181 nodes, 35 classes
[2026-03-27T17:16:40Z INFO  parabit] Iteration 0: 20 nodes, 20 classes
[2026-03-27T17:16:40Z INFO  parabit] Iteration 1: 90 nodes, 45 classes
[2026-03-27T17:16:40Z INFO  parabit] Iteration 2: 181 nodes, 35 classes
[2026-03-27T17:16:40Z INFO  parabit] Iteration 0: 20 nodes, 20 classes
[2026-03-27T17:16:40Z INFO  parabit] Iteration 1: 90 nodes, 45 classes
[2026-03-27T17:16:40Z INFO  parabit] Iteration 2: 181 nodes, 35 classes
[2026-03-27T17:16:40Z INFO  parabit] Iteration 0: 20 nodes, 20 classes
[2026-03-27T17:16:40Z INFO  parabit] Iteration 1: 90 nodes, 45 classes
[2026-03-27T17:16:40Z INFO  parabit] Iteration 2: 181 nodes, 35 classes
[2026-03-27T17:16:40Z INFO  parabit] Iteration 0: 20 nodes, 20 classes
[2026-03-27T17:16:40Z INFO  parabit] Iteration 1: 90 nodes, 45 classes
[2026-03-27T17:16:40Z INFO  parabit] Iteration 2: 181 nodes, 35 classes
[2026-03-27T17:16:40Z INFO  parabit] Iteration 0: 20 nodes, 20 classes
[2026-03-27T17:16:40Z INFO  parabit] Iteration 1: 90 nodes, 45 classes
[2026-03-27T17:16:40Z INFO  parabit] Iteration 2: 181 nodes, 35 classes
[2026-03-27T17:16:40Z INFO  parabit] Iteration 0: 20 nodes, 20 classes
[2026-03-27T17:16:40Z INFO  parabit] Iteration 1: 90 nodes, 45 classes
[2026-03-27T17:16:40Z INFO  parabit] Iteration 2: 181 nodes, 35 classes
{"elapsed":0.19, "maxrss":5128}
