[2026-03-27T11:48:06Z WARN  parabit] Sanitised input expression 0 from:
    (bw k (xor (bw k (or (bw k (xor (bw k "%nx") (bw k (not (bw k 0))))) (bw k "%y"))) (bw k (not (bw k 0)))))
    to:
    (bw k (xor (bw k (or (bw k (xor (bw k var_nx) (bw k (not (bw k 0))))) (bw k var_y))) (bw k (not (bw k 0)))))
[2026-03-27T11:48:06Z WARN  parabit] Sanitised input expression 0 from:
    (bw k (and (bw k "%nx") (bw k (xor (bw k "%y") (bw k (not (bw k 0)))))))
    to:
    (bw k (and (bw k var_nx) (bw k (xor (bw k var_y) (bw k (not (bw k 0)))))))
[2026-03-27T11:48:06Z INFO  parabit] Running parabit on file: AndOrXor_2417_values_0
[2026-03-27T11:48:06Z INFO  parabit] Iteration 0: 20 nodes, 20 classes
[2026-03-27T11:48:06Z INFO  parabit] Iteration 1: 86 nodes, 45 classes
[2026-03-27T11:48:06Z INFO  parabit] Iteration 2: 176 nodes, 35 classes
[2026-03-27T11:48:06Z INFO  parabit] Iteration 0: 20 nodes, 20 classes
[2026-03-27T11:48:06Z INFO  parabit] Iteration 1: 86 nodes, 45 classes
[2026-03-27T11:48:06Z INFO  parabit] Iteration 2: 176 nodes, 35 classes
[2026-03-27T11:48:06Z INFO  parabit] Iteration 0: 20 nodes, 20 classes
[2026-03-27T11:48:06Z INFO  parabit] Iteration 1: 86 nodes, 45 classes
[2026-03-27T11:48:06Z INFO  parabit] Iteration 2: 176 nodes, 35 classes
[2026-03-27T11:48:06Z INFO  parabit] Iteration 0: 20 nodes, 20 classes
[2026-03-27T11:48:06Z INFO  parabit] Iteration 1: 86 nodes, 45 classes
[2026-03-27T11:48:06Z INFO  parabit] Iteration 2: 176 nodes, 35 classes
[2026-03-27T11:48:06Z INFO  parabit] Iteration 0: 20 nodes, 20 classes
[2026-03-27T11:48:06Z INFO  parabit] Iteration 1: 86 nodes, 45 classes
[2026-03-27T11:48:06Z INFO  parabit] Iteration 2: 176 nodes, 35 classes
[2026-03-27T11:48:06Z INFO  parabit] Iteration 0: 20 nodes, 20 classes
[2026-03-27T11:48:06Z INFO  parabit] Iteration 1: 86 nodes, 45 classes
[2026-03-27T11:48:06Z INFO  parabit] Iteration 2: 176 nodes, 35 classes
[2026-03-27T11:48:06Z INFO  parabit] Iteration 0: 20 nodes, 20 classes
[2026-03-27T11:48:06Z INFO  parabit] Iteration 1: 86 nodes, 45 classes
[2026-03-27T11:48:06Z INFO  parabit] Iteration 2: 176 nodes, 35 classes
[2026-03-27T11:48:06Z INFO  parabit] Iteration 0: 20 nodes, 20 classes
[2026-03-27T11:48:06Z INFO  parabit] Iteration 1: 86 nodes, 45 classes
[2026-03-27T11:48:06Z INFO  parabit] Iteration 2: 176 nodes, 35 classes
[2026-03-27T11:48:06Z INFO  parabit] Iteration 0: 20 nodes, 20 classes
[2026-03-27T11:48:06Z INFO  parabit] Iteration 1: 86 nodes, 45 classes
[2026-03-27T11:48:06Z INFO  parabit] Iteration 2: 176 nodes, 35 classes
[2026-03-27T11:48:06Z INFO  parabit] Iteration 0: 20 nodes, 20 classes
[2026-03-27T11:48:06Z INFO  parabit] Iteration 1: 86 nodes, 45 classes
[2026-03-27T11:48:06Z INFO  parabit] Iteration 2: 176 nodes, 35 classes
[2026-03-27T11:48:06Z INFO  parabit] Iteration 0: 20 nodes, 20 classes
[2026-03-27T11:48:06Z INFO  parabit] Iteration 1: 86 nodes, 45 classes
[2026-03-27T11:48:06Z INFO  parabit] Iteration 2: 176 nodes, 35 classes
[2026-03-27T11:48:06Z INFO  parabit] Iteration 0: 20 nodes, 20 classes
[2026-03-27T11:48:06Z INFO  parabit] Iteration 1: 86 nodes, 45 classes
[2026-03-27T11:48:06Z INFO  parabit] Iteration 2: 176 nodes, 35 classes
[2026-03-27T11:48:06Z INFO  parabit] Iteration 0: 20 nodes, 20 classes
[2026-03-27T11:48:06Z INFO  parabit] Iteration 1: 86 nodes, 45 classes
[2026-03-27T11:48:06Z INFO  parabit] Iteration 2: 176 nodes, 35 classes
[2026-03-27T11:48:06Z INFO  parabit] Iteration 0: 20 nodes, 20 classes
[2026-03-27T11:48:06Z INFO  parabit] Iteration 1: 86 nodes, 45 classes
[2026-03-27T11:48:06Z INFO  parabit] Iteration 2: 176 nodes, 35 classes
[2026-03-27T11:48:06Z INFO  parabit] Iteration 0: 20 nodes, 20 classes
[2026-03-27T11:48:06Z INFO  parabit] Iteration 1: 86 nodes, 45 classes
[2026-03-27T11:48:06Z INFO  parabit] Iteration 2: 176 nodes, 35 classes
[2026-03-27T11:48:06Z INFO  parabit] Iteration 0: 20 nodes, 20 classes
[2026-03-27T11:48:06Z INFO  parabit] Iteration 1: 86 nodes, 45 classes
[2026-03-27T11:48:06Z INFO  parabit] Iteration 2: 176 nodes, 35 classes
[2026-03-27T11:48:06Z INFO  parabit] Iteration 0: 20 nodes, 20 classes
[2026-03-27T11:48:06Z INFO  parabit] Iteration 1: 86 nodes, 45 classes
[2026-03-27T11:48:06Z INFO  parabit] Iteration 2: 176 nodes, 35 classes
[2026-03-27T11:48:06Z INFO  parabit] Iteration 0: 20 nodes, 20 classes
[2026-03-27T11:48:06Z INFO  parabit] Iteration 1: 86 nodes, 45 classes
[2026-03-27T11:48:06Z INFO  parabit] Iteration 2: 176 nodes, 35 classes
[2026-03-27T11:48:06Z INFO  parabit] Iteration 0: 20 nodes, 20 classes
[2026-03-27T11:48:06Z INFO  parabit] Iteration 1: 86 nodes, 45 classes
[2026-03-27T11:48:06Z INFO  parabit] Iteration 2: 176 nodes, 35 classes
[2026-03-27T11:48:06Z INFO  parabit] Iteration 0: 20 nodes, 20 classes
[2026-03-27T11:48:06Z INFO  parabit] Iteration 1: 86 nodes, 45 classes
[2026-03-27T11:48:06Z INFO  parabit] Iteration 2: 176 nodes, 35 classes
[2026-03-27T11:48:06Z INFO  parabit] Iteration 0: 20 nodes, 20 classes
[2026-03-27T11:48:06Z INFO  parabit] Iteration 1: 86 nodes, 45 classes
[2026-03-27T11:48:06Z INFO  parabit] Iteration 2: 176 nodes, 35 classes
[2026-03-27T11:48:06Z INFO  parabit] Iteration 0: 20 nodes, 20 classes
[2026-03-27T11:48:06Z INFO  parabit] Iteration 1: 86 nodes, 45 classes
[2026-03-27T11:48:06Z INFO  parabit] Iteration 2: 176 nodes, 35 classes
[2026-03-27T11:48:06Z INFO  parabit] Iteration 0: 20 nodes, 20 classes
[2026-03-27T11:48:06Z INFO  parabit] Iteration 1: 86 nodes, 45 classes
[2026-03-27T11:48:06Z INFO  parabit] Iteration 2: 176 nodes, 35 classes
[2026-03-27T11:48:06Z INFO  parabit] Iteration 0: 20 nodes, 20 classes
[2026-03-27T11:48:06Z INFO  parabit] Iteration 1: 86 nodes, 45 classes
[2026-03-27T11:48:06Z INFO  parabit] Iteration 2: 176 nodes, 35 classes
[2026-03-27T11:48:06Z INFO  parabit] Iteration 0: 20 nodes, 20 classes
[2026-03-27T11:48:06Z INFO  parabit] Iteration 1: 86 nodes, 45 classes
[2026-03-27T11:48:06Z INFO  parabit] Iteration 2: 176 nodes, 35 classes
[2026-03-27T11:48:06Z INFO  parabit] Iteration 0: 20 nodes, 20 classes
[2026-03-27T11:48:06Z INFO  parabit] Iteration 1: 86 nodes, 45 classes
[2026-03-27T11:48:06Z INFO  parabit] Iteration 2: 176 nodes, 35 classes
[2026-03-27T11:48:06Z INFO  parabit] Iteration 0: 20 nodes, 20 classes
[2026-03-27T11:48:06Z INFO  parabit] Iteration 1: 86 nodes, 45 classes
[2026-03-27T11:48:06Z INFO  parabit] Iteration 2: 176 nodes, 35 classes
[2026-03-27T11:48:06Z INFO  parabit] Iteration 0: 20 nodes, 20 classes
[2026-03-27T11:48:06Z INFO  parabit] Iteration 1: 86 nodes, 45 classes
[2026-03-27T11:48:06Z INFO  parabit] Iteration 2: 176 nodes, 35 classes
[2026-03-27T11:48:06Z INFO  parabit] Iteration 0: 20 nodes, 20 classes
[2026-03-27T11:48:06Z INFO  parabit] Iteration 1: 86 nodes, 45 classes
[2026-03-27T11:48:06Z INFO  parabit] Iteration 2: 176 nodes, 35 classes
[2026-03-27T11:48:06Z INFO  parabit] Iteration 0: 20 nodes, 20 classes
[2026-03-27T11:48:06Z INFO  parabit] Iteration 1: 86 nodes, 45 classes
[2026-03-27T11:48:06Z INFO  parabit] Iteration 2: 176 nodes, 35 classes
[2026-03-27T11:48:06Z INFO  parabit] Iteration 0: 20 nodes, 20 classes
[2026-03-27T11:48:06Z INFO  parabit] Iteration 1: 86 nodes, 45 classes
[2026-03-27T11:48:06Z INFO  parabit] Iteration 2: 176 nodes, 35 classes
[2026-03-27T11:48:06Z INFO  parabit] Iteration 0: 20 nodes, 20 classes
[2026-03-27T11:48:06Z INFO  parabit] Iteration 1: 86 nodes, 45 classes
[2026-03-27T11:48:06Z INFO  parabit] Iteration 2: 176 nodes, 35 classes
[2026-03-27T11:48:06Z INFO  parabit] Iteration 0: 20 nodes, 20 classes
[2026-03-27T11:48:06Z INFO  parabit] Iteration 1: 86 nodes, 45 classes
[2026-03-27T11:48:06Z INFO  parabit] Iteration 2: 176 nodes, 35 classes
[2026-03-27T11:48:06Z INFO  parabit] Iteration 0: 20 nodes, 20 classes
[2026-03-27T11:48:06Z INFO  parabit] Iteration 1: 86 nodes, 45 classes
[2026-03-27T11:48:06Z INFO  parabit] Iteration 2: 176 nodes, 35 classes
[2026-03-27T11:48:06Z INFO  parabit] Iteration 0: 20 nodes, 20 classes
[2026-03-27T11:48:06Z INFO  parabit] Iteration 1: 86 nodes, 45 classes
[2026-03-27T11:48:06Z INFO  parabit] Iteration 2: 176 nodes, 35 classes
[2026-03-27T11:48:06Z INFO  parabit] Iteration 0: 20 nodes, 20 classes
[2026-03-27T11:48:06Z INFO  parabit] Iteration 1: 86 nodes, 45 classes
[2026-03-27T11:48:06Z INFO  parabit] Iteration 2: 176 nodes, 35 classes
[2026-03-27T11:48:06Z INFO  parabit] Iteration 0: 20 nodes, 20 classes
[2026-03-27T11:48:06Z INFO  parabit] Iteration 1: 86 nodes, 45 classes
[2026-03-27T11:48:06Z INFO  parabit] Iteration 2: 176 nodes, 35 classes
[2026-03-27T11:48:06Z INFO  parabit] Iteration 0: 20 nodes, 20 classes
[2026-03-27T11:48:06Z INFO  parabit] Iteration 1: 86 nodes, 45 classes
[2026-03-27T11:48:06Z INFO  parabit] Iteration 2: 176 nodes, 35 classes
[2026-03-27T11:48:06Z INFO  parabit] Iteration 0: 20 nodes, 20 classes
[2026-03-27T11:48:06Z INFO  parabit] Iteration 1: 86 nodes, 45 classes
[2026-03-27T11:48:06Z INFO  parabit] Iteration 2: 176 nodes, 35 classes
[2026-03-27T11:48:06Z INFO  parabit] Iteration 0: 20 nodes, 20 classes
[2026-03-27T11:48:06Z INFO  parabit] Iteration 1: 86 nodes, 45 classes
[2026-03-27T11:48:06Z INFO  parabit] Iteration 2: 176 nodes, 35 classes
[2026-03-27T11:48:06Z INFO  parabit] Iteration 0: 20 nodes, 20 classes
[2026-03-27T11:48:06Z INFO  parabit] Iteration 1: 86 nodes, 45 classes
[2026-03-27T11:48:06Z INFO  parabit] Iteration 2: 176 nodes, 35 classes
[2026-03-27T11:48:06Z INFO  parabit] Iteration 0: 20 nodes, 20 classes
[2026-03-27T11:48:06Z INFO  parabit] Iteration 1: 86 nodes, 45 classes
[2026-03-27T11:48:06Z INFO  parabit] Iteration 2: 176 nodes, 35 classes
[2026-03-27T11:48:06Z INFO  parabit] Iteration 0: 20 nodes, 20 classes
[2026-03-27T11:48:06Z INFO  parabit] Iteration 1: 86 nodes, 45 classes
[2026-03-27T11:48:06Z INFO  parabit] Iteration 2: 176 nodes, 35 classes
[2026-03-27T11:48:06Z INFO  parabit] Iteration 0: 20 nodes, 20 classes
[2026-03-27T11:48:06Z INFO  parabit] Iteration 1: 86 nodes, 45 classes
[2026-03-27T11:48:06Z INFO  parabit] Iteration 2: 176 nodes, 35 classes
[2026-03-27T11:48:06Z INFO  parabit] Iteration 0: 20 nodes, 20 classes
[2026-03-27T11:48:06Z INFO  parabit] Iteration 1: 86 nodes, 45 classes
[2026-03-27T11:48:06Z INFO  parabit] Iteration 2: 176 nodes, 35 classes
[2026-03-27T11:48:06Z INFO  parabit] Iteration 0: 20 nodes, 20 classes
[2026-03-27T11:48:06Z INFO  parabit] Iteration 1: 86 nodes, 45 classes
[2026-03-27T11:48:06Z INFO  parabit] Iteration 2: 176 nodes, 35 classes
[2026-03-27T11:48:06Z INFO  parabit] Iteration 0: 20 nodes, 20 classes
[2026-03-27T11:48:06Z INFO  parabit] Iteration 1: 86 nodes, 45 classes
[2026-03-27T11:48:06Z INFO  parabit] Iteration 2: 176 nodes, 35 classes
[2026-03-27T11:48:06Z INFO  parabit] Iteration 0: 20 nodes, 20 classes
[2026-03-27T11:48:06Z INFO  parabit] Iteration 1: 86 nodes, 45 classes
[2026-03-27T11:48:06Z INFO  parabit] Iteration 2: 176 nodes, 35 classes
[2026-03-27T11:48:06Z INFO  parabit] Iteration 0: 20 nodes, 20 classes
[2026-03-27T11:48:06Z INFO  parabit] Iteration 1: 86 nodes, 45 classes
[2026-03-27T11:48:06Z INFO  parabit] Iteration 2: 176 nodes, 35 classes
[2026-03-27T11:48:06Z INFO  parabit] Iteration 0: 20 nodes, 20 classes
[2026-03-27T11:48:06Z INFO  parabit] Iteration 1: 86 nodes, 45 classes
[2026-03-27T11:48:06Z INFO  parabit] Iteration 2: 176 nodes, 35 classes
[2026-03-27T11:48:06Z INFO  parabit] Iteration 0: 20 nodes, 20 classes
[2026-03-27T11:48:06Z INFO  parabit] Iteration 1: 86 nodes, 45 classes
[2026-03-27T11:48:06Z INFO  parabit] Iteration 2: 176 nodes, 35 classes
[2026-03-27T11:48:06Z INFO  parabit] Iteration 0: 20 nodes, 20 classes
[2026-03-27T11:48:06Z INFO  parabit] Iteration 1: 86 nodes, 45 classes
[2026-03-27T11:48:06Z INFO  parabit] Iteration 2: 176 nodes, 35 classes
[2026-03-27T11:48:06Z INFO  parabit] Iteration 0: 20 nodes, 20 classes
[2026-03-27T11:48:06Z INFO  parabit] Iteration 1: 86 nodes, 45 classes
[2026-03-27T11:48:06Z INFO  parabit] Iteration 2: 176 nodes, 35 classes
[2026-03-27T11:48:06Z INFO  parabit] Iteration 0: 20 nodes, 20 classes
[2026-03-27T11:48:06Z INFO  parabit] Iteration 1: 86 nodes, 45 classes
[2026-03-27T11:48:06Z INFO  parabit] Iteration 2: 176 nodes, 35 classes
[2026-03-27T11:48:06Z INFO  parabit] Iteration 0: 20 nodes, 20 classes
[2026-03-27T11:48:06Z INFO  parabit] Iteration 1: 86 nodes, 45 classes
[2026-03-27T11:48:06Z INFO  parabit] Iteration 2: 176 nodes, 35 classes
[2026-03-27T11:48:06Z INFO  parabit] Iteration 0: 20 nodes, 20 classes
[2026-03-27T11:48:06Z INFO  parabit] Iteration 1: 86 nodes, 45 classes
[2026-03-27T11:48:06Z INFO  parabit] Iteration 2: 176 nodes, 35 classes
[2026-03-27T11:48:06Z INFO  parabit] Iteration 0: 20 nodes, 20 classes
[2026-03-27T11:48:06Z INFO  parabit] Iteration 1: 86 nodes, 45 classes
[2026-03-27T11:48:06Z INFO  parabit] Iteration 2: 176 nodes, 35 classes
[2026-03-27T11:48:06Z INFO  parabit] Iteration 0: 20 nodes, 20 classes
[2026-03-27T11:48:06Z INFO  parabit] Iteration 1: 86 nodes, 45 classes
[2026-03-27T11:48:06Z INFO  parabit] Iteration 2: 176 nodes, 35 classes
[2026-03-27T11:48:06Z INFO  parabit] Iteration 0: 20 nodes, 20 classes
[2026-03-27T11:48:06Z INFO  parabit] Iteration 1: 86 nodes, 45 classes
[2026-03-27T11:48:06Z INFO  parabit] Iteration 2: 176 nodes, 35 classes
[2026-03-27T11:48:06Z INFO  parabit] Iteration 0: 20 nodes, 20 classes
[2026-03-27T11:48:06Z INFO  parabit] Iteration 1: 86 nodes, 45 classes
[2026-03-27T11:48:06Z INFO  parabit] Iteration 2: 176 nodes, 35 classes
[2026-03-27T11:48:06Z INFO  parabit] Iteration 0: 20 nodes, 20 classes
[2026-03-27T11:48:06Z INFO  parabit] Iteration 1: 86 nodes, 45 classes
[2026-03-27T11:48:06Z INFO  parabit] Iteration 2: 176 nodes, 35 classes
[2026-03-27T11:48:06Z INFO  parabit] Iteration 0: 20 nodes, 20 classes
[2026-03-27T11:48:06Z INFO  parabit] Iteration 1: 86 nodes, 45 classes
[2026-03-27T11:48:06Z INFO  parabit] Iteration 2: 176 nodes, 35 classes
[2026-03-27T11:48:06Z INFO  parabit] Iteration 0: 20 nodes, 20 classes
[2026-03-27T11:48:06Z INFO  parabit] Iteration 1: 86 nodes, 45 classes
[2026-03-27T11:48:06Z INFO  parabit] Iteration 2: 176 nodes, 35 classes
[2026-03-27T11:48:06Z INFO  parabit] Iteration 0: 20 nodes, 20 classes
[2026-03-27T11:48:06Z INFO  parabit] Iteration 1: 86 nodes, 45 classes
[2026-03-27T11:48:06Z INFO  parabit] Iteration 2: 176 nodes, 35 classes
[2026-03-27T11:48:06Z INFO  parabit] Iteration 0: 20 nodes, 20 classes
[2026-03-27T11:48:06Z INFO  parabit] Iteration 1: 86 nodes, 45 classes
[2026-03-27T11:48:06Z INFO  parabit] Iteration 2: 176 nodes, 35 classes
[2026-03-27T11:48:06Z INFO  parabit] Iteration 0: 20 nodes, 20 classes
[2026-03-27T11:48:06Z INFO  parabit] Iteration 1: 86 nodes, 45 classes
[2026-03-27T11:48:06Z INFO  parabit] Iteration 2: 176 nodes, 35 classes
[2026-03-27T11:48:06Z INFO  parabit] Iteration 0: 20 nodes, 20 classes
[2026-03-27T11:48:06Z INFO  parabit] Iteration 1: 86 nodes, 45 classes
[2026-03-27T11:48:06Z INFO  parabit] Iteration 2: 176 nodes, 35 classes
[2026-03-27T11:48:06Z INFO  parabit] Iteration 0: 20 nodes, 20 classes
[2026-03-27T11:48:06Z INFO  parabit] Iteration 1: 86 nodes, 45 classes
[2026-03-27T11:48:06Z INFO  parabit] Iteration 2: 176 nodes, 35 classes
[2026-03-27T11:48:06Z INFO  parabit] Iteration 0: 20 nodes, 20 classes
[2026-03-27T11:48:06Z INFO  parabit] Iteration 1: 86 nodes, 45 classes
[2026-03-27T11:48:06Z INFO  parabit] Iteration 2: 176 nodes, 35 classes
[2026-03-27T11:48:06Z INFO  parabit] Iteration 0: 20 nodes, 20 classes
[2026-03-27T11:48:06Z INFO  parabit] Iteration 1: 86 nodes, 45 classes
[2026-03-27T11:48:06Z INFO  parabit] Iteration 2: 176 nodes, 35 classes
[2026-03-27T11:48:06Z INFO  parabit] Iteration 0: 20 nodes, 20 classes
[2026-03-27T11:48:06Z INFO  parabit] Iteration 1: 86 nodes, 45 classes
[2026-03-27T11:48:06Z INFO  parabit] Iteration 2: 176 nodes, 35 classes
[2026-03-27T11:48:06Z INFO  parabit] Iteration 0: 20 nodes, 20 classes
[2026-03-27T11:48:06Z INFO  parabit] Iteration 1: 86 nodes, 45 classes
[2026-03-27T11:48:06Z INFO  parabit] Iteration 2: 176 nodes, 35 classes
[2026-03-27T11:48:06Z INFO  parabit] Iteration 0: 20 nodes, 20 classes
[2026-03-27T11:48:06Z INFO  parabit] Iteration 1: 86 nodes, 45 classes
[2026-03-27T11:48:06Z INFO  parabit] Iteration 2: 176 nodes, 35 classes
[2026-03-27T11:48:06Z INFO  parabit] Iteration 0: 20 nodes, 20 classes
[2026-03-27T11:48:06Z INFO  parabit] Iteration 1: 86 nodes, 45 classes
[2026-03-27T11:48:06Z INFO  parabit] Iteration 2: 176 nodes, 35 classes
[2026-03-27T11:48:06Z INFO  parabit] Iteration 0: 20 nodes, 20 classes
[2026-03-27T11:48:06Z INFO  parabit] Iteration 1: 86 nodes, 45 classes
[2026-03-27T11:48:06Z INFO  parabit] Iteration 2: 176 nodes, 35 classes
[2026-03-27T11:48:06Z INFO  parabit] Iteration 0: 20 nodes, 20 classes
[2026-03-27T11:48:06Z INFO  parabit] Iteration 1: 86 nodes, 45 classes
[2026-03-27T11:48:06Z INFO  parabit] Iteration 2: 176 nodes, 35 classes
[2026-03-27T11:48:06Z INFO  parabit] Iteration 0: 20 nodes, 20 classes
[2026-03-27T11:48:06Z INFO  parabit] Iteration 1: 86 nodes, 45 classes
[2026-03-27T11:48:06Z INFO  parabit] Iteration 2: 176 nodes, 35 classes
[2026-03-27T11:48:06Z INFO  parabit] Iteration 0: 20 nodes, 20 classes
[2026-03-27T11:48:06Z INFO  parabit] Iteration 1: 86 nodes, 45 classes
[2026-03-27T11:48:06Z INFO  parabit] Iteration 2: 176 nodes, 35 classes
[2026-03-27T11:48:06Z INFO  parabit] Iteration 0: 20 nodes, 20 classes
[2026-03-27T11:48:06Z INFO  parabit] Iteration 1: 86 nodes, 45 classes
[2026-03-27T11:48:06Z INFO  parabit] Iteration 2: 176 nodes, 35 classes
[2026-03-27T11:48:06Z INFO  parabit] Iteration 0: 20 nodes, 20 classes
[2026-03-27T11:48:06Z INFO  parabit] Iteration 1: 86 nodes, 45 classes
[2026-03-27T11:48:06Z INFO  parabit] Iteration 2: 176 nodes, 35 classes
[2026-03-27T11:48:06Z INFO  parabit] Iteration 0: 20 nodes, 20 classes
[2026-03-27T11:48:06Z INFO  parabit] Iteration 1: 86 nodes, 45 classes
[2026-03-27T11:48:06Z INFO  parabit] Iteration 2: 176 nodes, 35 classes
[2026-03-27T11:48:06Z INFO  parabit] Iteration 0: 20 nodes, 20 classes
[2026-03-27T11:48:06Z INFO  parabit] Iteration 1: 86 nodes, 45 classes
[2026-03-27T11:48:06Z INFO  parabit] Iteration 2: 176 nodes, 35 classes
[2026-03-27T11:48:06Z INFO  parabit] Iteration 0: 20 nodes, 20 classes
[2026-03-27T11:48:06Z INFO  parabit] Iteration 1: 86 nodes, 45 classes
[2026-03-27T11:48:06Z INFO  parabit] Iteration 2: 176 nodes, 35 classes
[2026-03-27T11:48:06Z INFO  parabit] Iteration 0: 20 nodes, 20 classes
[2026-03-27T11:48:06Z INFO  parabit] Iteration 1: 86 nodes, 45 classes
[2026-03-27T11:48:06Z INFO  parabit] Iteration 2: 176 nodes, 35 classes
[2026-03-27T11:48:06Z INFO  parabit] Iteration 0: 20 nodes, 20 classes
[2026-03-27T11:48:06Z INFO  parabit] Iteration 1: 86 nodes, 45 classes
[2026-03-27T11:48:06Z INFO  parabit] Iteration 2: 176 nodes, 35 classes
[2026-03-27T11:48:06Z INFO  parabit] Iteration 0: 20 nodes, 20 classes
[2026-03-27T11:48:06Z INFO  parabit] Iteration 1: 86 nodes, 45 classes
[2026-03-27T11:48:06Z INFO  parabit] Iteration 2: 176 nodes, 35 classes
[2026-03-27T11:48:06Z INFO  parabit] Iteration 0: 20 nodes, 20 classes
[2026-03-27T11:48:06Z INFO  parabit] Iteration 1: 86 nodes, 45 classes
[2026-03-27T11:48:06Z INFO  parabit] Iteration 2: 176 nodes, 35 classes
[2026-03-27T11:48:06Z INFO  parabit] Iteration 0: 20 nodes, 20 classes
[2026-03-27T11:48:06Z INFO  parabit] Iteration 1: 86 nodes, 45 classes
[2026-03-27T11:48:06Z INFO  parabit] Iteration 2: 176 nodes, 35 classes
[2026-03-27T11:48:06Z INFO  parabit] Iteration 0: 20 nodes, 20 classes
[2026-03-27T11:48:06Z INFO  parabit] Iteration 1: 86 nodes, 45 classes
[2026-03-27T11:48:06Z INFO  parabit] Iteration 2: 176 nodes, 35 classes
[2026-03-27T11:48:06Z INFO  parabit] Iteration 0: 20 nodes, 20 classes
[2026-03-27T11:48:06Z INFO  parabit] Iteration 1: 86 nodes, 45 classes
[2026-03-27T11:48:06Z INFO  parabit] Iteration 2: 176 nodes, 35 classes
[2026-03-27T11:48:06Z INFO  parabit] Iteration 0: 20 nodes, 20 classes
[2026-03-27T11:48:06Z INFO  parabit] Iteration 1: 86 nodes, 45 classes
[2026-03-27T11:48:06Z INFO  parabit] Iteration 2: 176 nodes, 35 classes
[2026-03-27T11:48:06Z INFO  parabit] Iteration 0: 20 nodes, 20 classes
[2026-03-27T11:48:06Z INFO  parabit] Iteration 1: 86 nodes, 45 classes
[2026-03-27T11:48:06Z INFO  parabit] Iteration 2: 176 nodes, 35 classes
[2026-03-27T11:48:06Z INFO  parabit] Iteration 0: 20 nodes, 20 classes
[2026-03-27T11:48:06Z INFO  parabit] Iteration 1: 86 nodes, 45 classes
[2026-03-27T11:48:06Z INFO  parabit] Iteration 2: 176 nodes, 35 classes
[2026-03-27T11:48:06Z INFO  parabit] Iteration 0: 20 nodes, 20 classes
[2026-03-27T11:48:06Z INFO  parabit] Iteration 1: 86 nodes, 45 classes
[2026-03-27T11:48:06Z INFO  parabit] Iteration 2: 176 nodes, 35 classes
[2026-03-27T11:48:06Z INFO  parabit] Iteration 0: 20 nodes, 20 classes
[2026-03-27T11:48:06Z INFO  parabit] Iteration 1: 86 nodes, 45 classes
[2026-03-27T11:48:06Z INFO  parabit] Iteration 2: 176 nodes, 35 classes
[2026-03-27T11:48:06Z INFO  parabit] Iteration 0: 20 nodes, 20 classes
[2026-03-27T11:48:06Z INFO  parabit] Iteration 1: 86 nodes, 45 classes
[2026-03-27T11:48:06Z INFO  parabit] Iteration 2: 176 nodes, 35 classes
[2026-03-27T11:48:06Z INFO  parabit] Iteration 0: 20 nodes, 20 classes
[2026-03-27T11:48:06Z INFO  parabit] Iteration 1: 86 nodes, 45 classes
[2026-03-27T11:48:06Z INFO  parabit] Iteration 2: 176 nodes, 35 classes
[2026-03-27T11:48:06Z INFO  parabit] Iteration 0: 20 nodes, 20 classes
[2026-03-27T11:48:06Z INFO  parabit] Iteration 1: 86 nodes, 45 classes
[2026-03-27T11:48:06Z INFO  parabit] Iteration 2: 176 nodes, 35 classes
[2026-03-27T11:48:06Z INFO  parabit] Iteration 0: 20 nodes, 20 classes
[2026-03-27T11:48:06Z INFO  parabit] Iteration 1: 86 nodes, 45 classes
[2026-03-27T11:48:06Z INFO  parabit] Iteration 2: 176 nodes, 35 classes
[2026-03-27T11:48:06Z INFO  parabit] Iteration 0: 20 nodes, 20 classes
[2026-03-27T11:48:06Z INFO  parabit] Iteration 1: 86 nodes, 45 classes
[2026-03-27T11:48:06Z INFO  parabit] Iteration 2: 176 nodes, 35 classes
{"elapsed":0.30, "maxrss":4608}
