[2026-03-27T17:16:44Z WARN  parabit] Sanitised input expression 0 from:
    (bw k (or (bw k "%A") (bw k (xor (bw k (or (bw k "%A") (bw k "%B"))) (bw k (not (bw k 0)))))))
    to:
    (bw k (or (bw k var_A) (bw k (xor (bw k (or (bw k var_A) (bw k var_B))) (bw k (not (bw k 0)))))))
[2026-03-27T17:16:44Z WARN  parabit] Sanitised input expression 0 from:
    (bw k (or (bw k "%A") (bw k (xor (bw k "%B") (bw k (not (bw k 0)))))))
    to:
    (bw k (or (bw k var_A) (bw k (xor (bw k var_B) (bw k (not (bw k 0)))))))
[2026-03-27T17:16:44Z INFO  parabit] Running parabit on file: AndOrXor_2284_values_0
[2026-03-27T17:16:44Z INFO  parabit] Iteration 0: 20 nodes, 20 classes
[2026-03-27T17:16:44Z INFO  parabit] Iteration 1: 84 nodes, 42 classes
[2026-03-27T17:16:44Z INFO  parabit] Iteration 2: 157 nodes, 44 classes
[2026-03-27T17:16:44Z INFO  parabit] Iteration 3: 297 nodes, 67 classes
[2026-03-27T17:16:44Z INFO  parabit] Iteration 4: 813 nodes, 95 classes
[2026-03-27T17:16:44Z INFO  parabit] Iteration 5: 1940 nodes, 177 classes
[2026-03-27T17:16:44Z INFO  parabit] Iteration 0: 20 nodes, 20 classes
[2026-03-27T17:16:44Z INFO  parabit] Iteration 1: 84 nodes, 42 classes
[2026-03-27T17:16:44Z INFO  parabit] Iteration 2: 157 nodes, 44 classes
[2026-03-27T17:16:44Z INFO  parabit] Iteration 3: 297 nodes, 67 classes
[2026-03-27T17:16:44Z INFO  parabit] Iteration 4: 813 nodes, 95 classes
[2026-03-27T17:16:44Z INFO  parabit] Iteration 5: 1940 nodes, 177 classes
[2026-03-27T17:16:44Z INFO  parabit] Iteration 0: 20 nodes, 20 classes
[2026-03-27T17:16:44Z INFO  parabit] Iteration 1: 84 nodes, 42 classes
[2026-03-27T17:16:44Z INFO  parabit] Iteration 2: 157 nodes, 44 classes
[2026-03-27T17:16:44Z INFO  parabit] Iteration 3: 297 nodes, 67 classes
[2026-03-27T17:16:44Z INFO  parabit] Iteration 4: 813 nodes, 95 classes
[2026-03-27T17:16:44Z INFO  parabit] Iteration 5: 1940 nodes, 177 classes
[2026-03-27T17:16:44Z INFO  parabit] Iteration 0: 20 nodes, 20 classes
[2026-03-27T17:16:44Z INFO  parabit] Iteration 1: 84 nodes, 42 classes
[2026-03-27T17:16:44Z INFO  parabit] Iteration 2: 157 nodes, 44 classes
[2026-03-27T17:16:44Z INFO  parabit] Iteration 3: 297 nodes, 67 classes
[2026-03-27T17:16:44Z INFO  parabit] Iteration 4: 813 nodes, 95 classes
[2026-03-27T17:16:44Z INFO  parabit] Iteration 5: 1940 nodes, 177 classes
[2026-03-27T17:16:44Z INFO  parabit] Iteration 0: 20 nodes, 20 classes
[2026-03-27T17:16:44Z INFO  parabit] Iteration 1: 84 nodes, 42 classes
[2026-03-27T17:16:44Z INFO  parabit] Iteration 2: 157 nodes, 44 classes
[2026-03-27T17:16:44Z INFO  parabit] Iteration 3: 297 nodes, 67 classes
[2026-03-27T17:16:44Z INFO  parabit] Iteration 4: 813 nodes, 95 classes
[2026-03-27T17:16:44Z INFO  parabit] Iteration 5: 1940 nodes, 177 classes
[2026-03-27T17:16:44Z INFO  parabit] Iteration 0: 20 nodes, 20 classes
[2026-03-27T17:16:44Z INFO  parabit] Iteration 1: 84 nodes, 42 classes
[2026-03-27T17:16:44Z INFO  parabit] Iteration 2: 157 nodes, 44 classes
[2026-03-27T17:16:44Z INFO  parabit] Iteration 3: 297 nodes, 67 classes
[2026-03-27T17:16:44Z INFO  parabit] Iteration 4: 813 nodes, 95 classes
[2026-03-27T17:16:44Z INFO  parabit] Iteration 5: 1940 nodes, 177 classes
[2026-03-27T17:16:44Z INFO  parabit] Iteration 0: 20 nodes, 20 classes
[2026-03-27T17:16:44Z INFO  parabit] Iteration 1: 84 nodes, 42 classes
[2026-03-27T17:16:44Z INFO  parabit] Iteration 2: 157 nodes, 44 classes
[2026-03-27T17:16:44Z INFO  parabit] Iteration 3: 297 nodes, 67 classes
[2026-03-27T17:16:44Z INFO  parabit] Iteration 4: 813 nodes, 95 classes
[2026-03-27T17:16:44Z INFO  parabit] Iteration 5: 1940 nodes, 177 classes
[2026-03-27T17:16:44Z INFO  parabit] Iteration 0: 20 nodes, 20 classes
[2026-03-27T17:16:44Z INFO  parabit] Iteration 1: 84 nodes, 42 classes
[2026-03-27T17:16:44Z INFO  parabit] Iteration 2: 157 nodes, 44 classes
[2026-03-27T17:16:44Z INFO  parabit] Iteration 3: 297 nodes, 67 classes
[2026-03-27T17:16:44Z INFO  parabit] Iteration 4: 813 nodes, 95 classes
[2026-03-27T17:16:44Z INFO  parabit] Iteration 5: 1940 nodes, 177 classes
[2026-03-27T17:16:44Z INFO  parabit] Iteration 0: 20 nodes, 20 classes
[2026-03-27T17:16:44Z INFO  parabit] Iteration 1: 84 nodes, 42 classes
[2026-03-27T17:16:44Z INFO  parabit] Iteration 2: 157 nodes, 44 classes
[2026-03-27T17:16:44Z INFO  parabit] Iteration 3: 297 nodes, 67 classes
[2026-03-27T17:16:44Z INFO  parabit] Iteration 4: 813 nodes, 95 classes
[2026-03-27T17:16:44Z INFO  parabit] Iteration 5: 1940 nodes, 177 classes
[2026-03-27T17:16:44Z INFO  parabit] Iteration 0: 20 nodes, 20 classes
[2026-03-27T17:16:44Z INFO  parabit] Iteration 1: 84 nodes, 42 classes
[2026-03-27T17:16:44Z INFO  parabit] Iteration 2: 157 nodes, 44 classes
[2026-03-27T17:16:44Z INFO  parabit] Iteration 3: 297 nodes, 67 classes
[2026-03-27T17:16:44Z INFO  parabit] Iteration 4: 813 nodes, 95 classes
[2026-03-27T17:16:44Z INFO  parabit] Iteration 5: 1940 nodes, 177 classes
[2026-03-27T17:16:44Z INFO  parabit] Iteration 0: 20 nodes, 20 classes
[2026-03-27T17:16:44Z INFO  parabit] Iteration 1: 84 nodes, 42 classes
[2026-03-27T17:16:44Z INFO  parabit] Iteration 2: 157 nodes, 44 classes
[2026-03-27T17:16:44Z INFO  parabit] Iteration 3: 297 nodes, 67 classes
[2026-03-27T17:16:44Z INFO  parabit] Iteration 4: 813 nodes, 95 classes
[2026-03-27T17:16:44Z INFO  parabit] Iteration 5: 1940 nodes, 177 classes
[2026-03-27T17:16:44Z INFO  parabit] Iteration 0: 20 nodes, 20 classes
[2026-03-27T17:16:44Z INFO  parabit] Iteration 1: 84 nodes, 42 classes
[2026-03-27T17:16:44Z INFO  parabit] Iteration 2: 157 nodes, 44 classes
[2026-03-27T17:16:44Z INFO  parabit] Iteration 3: 297 nodes, 67 classes
[2026-03-27T17:16:44Z INFO  parabit] Iteration 4: 813 nodes, 95 classes
[2026-03-27T17:16:44Z INFO  parabit] Iteration 5: 1940 nodes, 177 classes
[2026-03-27T17:16:44Z INFO  parabit] Iteration 0: 20 nodes, 20 classes
[2026-03-27T17:16:44Z INFO  parabit] Iteration 1: 84 nodes, 42 classes
[2026-03-27T17:16:44Z INFO  parabit] Iteration 2: 157 nodes, 44 classes
[2026-03-27T17:16:44Z INFO  parabit] Iteration 3: 297 nodes, 67 classes
[2026-03-27T17:16:44Z INFO  parabit] Iteration 4: 813 nodes, 95 classes
[2026-03-27T17:16:44Z INFO  parabit] Iteration 5: 1940 nodes, 177 classes
[2026-03-27T17:16:44Z INFO  parabit] Iteration 0: 20 nodes, 20 classes
[2026-03-27T17:16:44Z INFO  parabit] Iteration 1: 84 nodes, 42 classes
[2026-03-27T17:16:44Z INFO  parabit] Iteration 2: 157 nodes, 44 classes
[2026-03-27T17:16:44Z INFO  parabit] Iteration 3: 297 nodes, 67 classes
[2026-03-27T17:16:44Z INFO  parabit] Iteration 4: 813 nodes, 95 classes
[2026-03-27T17:16:44Z INFO  parabit] Iteration 5: 1940 nodes, 177 classes
[2026-03-27T17:16:44Z INFO  parabit] Iteration 0: 20 nodes, 20 classes
[2026-03-27T17:16:44Z INFO  parabit] Iteration 1: 84 nodes, 42 classes
[2026-03-27T17:16:44Z INFO  parabit] Iteration 2: 157 nodes, 44 classes
[2026-03-27T17:16:44Z INFO  parabit] Iteration 3: 297 nodes, 67 classes
[2026-03-27T17:16:44Z INFO  parabit] Iteration 4: 813 nodes, 95 classes
[2026-03-27T17:16:44Z INFO  parabit] Iteration 5: 1940 nodes, 177 classes
[2026-03-27T17:16:44Z INFO  parabit] Iteration 0: 20 nodes, 20 classes
[2026-03-27T17:16:44Z INFO  parabit] Iteration 1: 84 nodes, 42 classes
[2026-03-27T17:16:44Z INFO  parabit] Iteration 2: 157 nodes, 44 classes
[2026-03-27T17:16:44Z INFO  parabit] Iteration 3: 297 nodes, 67 classes
[2026-03-27T17:16:44Z INFO  parabit] Iteration 4: 813 nodes, 95 classes
[2026-03-27T17:16:44Z INFO  parabit] Iteration 5: 1940 nodes, 177 classes
[2026-03-27T17:16:44Z INFO  parabit] Iteration 0: 20 nodes, 20 classes
[2026-03-27T17:16:44Z INFO  parabit] Iteration 1: 84 nodes, 42 classes
[2026-03-27T17:16:44Z INFO  parabit] Iteration 2: 157 nodes, 44 classes
[2026-03-27T17:16:44Z INFO  parabit] Iteration 3: 297 nodes, 67 classes
[2026-03-27T17:16:44Z INFO  parabit] Iteration 4: 813 nodes, 95 classes
[2026-03-27T17:16:44Z INFO  parabit] Iteration 5: 1940 nodes, 177 classes
[2026-03-27T17:16:44Z INFO  parabit] Iteration 0: 20 nodes, 20 classes
[2026-03-27T17:16:44Z INFO  parabit] Iteration 1: 84 nodes, 42 classes
[2026-03-27T17:16:44Z INFO  parabit] Iteration 2: 157 nodes, 44 classes
[2026-03-27T17:16:44Z INFO  parabit] Iteration 3: 297 nodes, 67 classes
[2026-03-27T17:16:44Z INFO  parabit] Iteration 4: 813 nodes, 95 classes
[2026-03-27T17:16:44Z INFO  parabit] Iteration 5: 1940 nodes, 177 classes
[2026-03-27T17:16:45Z INFO  parabit] Iteration 0: 20 nodes, 20 classes
[2026-03-27T17:16:45Z INFO  parabit] Iteration 1: 84 nodes, 42 classes
[2026-03-27T17:16:45Z INFO  parabit] Iteration 2: 157 nodes, 44 classes
[2026-03-27T17:16:45Z INFO  parabit] Iteration 3: 297 nodes, 67 classes
[2026-03-27T17:16:45Z INFO  parabit] Iteration 4: 813 nodes, 95 classes
[2026-03-27T17:16:45Z INFO  parabit] Iteration 5: 1940 nodes, 177 classes
[2026-03-27T17:16:45Z INFO  parabit] Iteration 0: 20 nodes, 20 classes
[2026-03-27T17:16:45Z INFO  parabit] Iteration 1: 84 nodes, 42 classes
[2026-03-27T17:16:45Z INFO  parabit] Iteration 2: 157 nodes, 44 classes
[2026-03-27T17:16:45Z INFO  parabit] Iteration 3: 297 nodes, 67 classes
[2026-03-27T17:16:45Z INFO  parabit] Iteration 4: 813 nodes, 95 classes
[2026-03-27T17:16:45Z INFO  parabit] Iteration 5: 1940 nodes, 177 classes
[2026-03-27T17:16:45Z INFO  parabit] Iteration 0: 20 nodes, 20 classes
[2026-03-27T17:16:45Z INFO  parabit] Iteration 1: 84 nodes, 42 classes
[2026-03-27T17:16:45Z INFO  parabit] Iteration 2: 157 nodes, 44 classes
[2026-03-27T17:16:45Z INFO  parabit] Iteration 3: 297 nodes, 67 classes
[2026-03-27T17:16:45Z INFO  parabit] Iteration 4: 813 nodes, 95 classes
[2026-03-27T17:16:45Z INFO  parabit] Iteration 5: 1940 nodes, 177 classes
[2026-03-27T17:16:45Z INFO  parabit] Iteration 0: 20 nodes, 20 classes
[2026-03-27T17:16:45Z INFO  parabit] Iteration 1: 84 nodes, 42 classes
[2026-03-27T17:16:45Z INFO  parabit] Iteration 2: 157 nodes, 44 classes
[2026-03-27T17:16:45Z INFO  parabit] Iteration 3: 297 nodes, 67 classes
[2026-03-27T17:16:45Z INFO  parabit] Iteration 4: 813 nodes, 95 classes
[2026-03-27T17:16:45Z INFO  parabit] Iteration 5: 1940 nodes, 177 classes
[2026-03-27T17:16:45Z INFO  parabit] Iteration 0: 20 nodes, 20 classes
[2026-03-27T17:16:45Z INFO  parabit] Iteration 1: 84 nodes, 42 classes
[2026-03-27T17:16:45Z INFO  parabit] Iteration 2: 157 nodes, 44 classes
[2026-03-27T17:16:45Z INFO  parabit] Iteration 3: 297 nodes, 67 classes
[2026-03-27T17:16:45Z INFO  parabit] Iteration 4: 813 nodes, 95 classes
[2026-03-27T17:16:45Z INFO  parabit] Iteration 5: 1940 nodes, 177 classes
[2026-03-27T17:16:45Z INFO  parabit] Iteration 0: 20 nodes, 20 classes
[2026-03-27T17:16:45Z INFO  parabit] Iteration 1: 84 nodes, 42 classes
[2026-03-27T17:16:45Z INFO  parabit] Iteration 2: 157 nodes, 44 classes
[2026-03-27T17:16:45Z INFO  parabit] Iteration 3: 297 nodes, 67 classes
[2026-03-27T17:16:45Z INFO  parabit] Iteration 4: 813 nodes, 95 classes
[2026-03-27T17:16:45Z INFO  parabit] Iteration 5: 1940 nodes, 177 classes
[2026-03-27T17:16:45Z INFO  parabit] Iteration 0: 20 nodes, 20 classes
[2026-03-27T17:16:45Z INFO  parabit] Iteration 1: 84 nodes, 42 classes
[2026-03-27T17:16:45Z INFO  parabit] Iteration 2: 157 nodes, 44 classes
[2026-03-27T17:16:45Z INFO  parabit] Iteration 3: 297 nodes, 67 classes
[2026-03-27T17:16:45Z INFO  parabit] Iteration 4: 813 nodes, 95 classes
[2026-03-27T17:16:45Z INFO  parabit] Iteration 5: 1940 nodes, 177 classes
[2026-03-27T17:16:45Z INFO  parabit] Iteration 0: 20 nodes, 20 classes
[2026-03-27T17:16:45Z INFO  parabit] Iteration 1: 84 nodes, 42 classes
[2026-03-27T17:16:45Z INFO  parabit] Iteration 2: 157 nodes, 44 classes
[2026-03-27T17:16:45Z INFO  parabit] Iteration 3: 297 nodes, 67 classes
[2026-03-27T17:16:45Z INFO  parabit] Iteration 4: 813 nodes, 95 classes
[2026-03-27T17:16:45Z INFO  parabit] Iteration 5: 1940 nodes, 177 classes
[2026-03-27T17:16:45Z INFO  parabit] Iteration 0: 20 nodes, 20 classes
[2026-03-27T17:16:45Z INFO  parabit] Iteration 1: 84 nodes, 42 classes
[2026-03-27T17:16:45Z INFO  parabit] Iteration 2: 157 nodes, 44 classes
[2026-03-27T17:16:45Z INFO  parabit] Iteration 3: 297 nodes, 67 classes
[2026-03-27T17:16:45Z INFO  parabit] Iteration 4: 813 nodes, 95 classes
[2026-03-27T17:16:45Z INFO  parabit] Iteration 5: 1940 nodes, 177 classes
{"elapsed":1.05, "maxrss":13032}
