[2026-03-27T17:16:42Z WARN  parabit] Sanitised input expression 0 from:
    (bw k (or (bw k (and (bw k (xor (bw k "%A") (bw k (not (bw k 0))))) (bw k "%B"))) (bw k "%A")))
    to:
    (bw k (or (bw k (and (bw k (xor (bw k var_A) (bw k (not (bw k 0))))) (bw k var_B))) (bw k var_A)))
[2026-03-27T17:16:42Z WARN  parabit] Sanitised input expression 0 from:
    (bw k (or (bw k "%A") (bw k "%B")))
    to:
    (bw k (or (bw k var_A) (bw k var_B)))
[2026-03-27T17:16:42Z INFO  parabit] Running parabit on file: AndOrXor_2113_values_0
[2026-03-27T17:16:42Z INFO  parabit] Iteration 0: 18 nodes, 18 classes
[2026-03-27T17:16:42Z INFO  parabit] Iteration 1: 70 nodes, 35 classes
[2026-03-27T17:16:42Z INFO  parabit] Iteration 2: 115 nodes, 41 classes
[2026-03-27T17:16:42Z INFO  parabit] Iteration 3: 188 nodes, 48 classes
[2026-03-27T17:16:42Z INFO  parabit] Iteration 4: 356 nodes, 49 classes
[2026-03-27T17:16:42Z INFO  parabit] Iteration 0: 18 nodes, 18 classes
[2026-03-27T17:16:42Z INFO  parabit] Iteration 1: 70 nodes, 35 classes
[2026-03-27T17:16:42Z INFO  parabit] Iteration 2: 115 nodes, 41 classes
[2026-03-27T17:16:42Z INFO  parabit] Iteration 3: 188 nodes, 48 classes
[2026-03-27T17:16:42Z INFO  parabit] Iteration 4: 356 nodes, 49 classes
[2026-03-27T17:16:42Z INFO  parabit] Iteration 0: 18 nodes, 18 classes
[2026-03-27T17:16:42Z INFO  parabit] Iteration 1: 70 nodes, 35 classes
[2026-03-27T17:16:42Z INFO  parabit] Iteration 2: 115 nodes, 41 classes
[2026-03-27T17:16:42Z INFO  parabit] Iteration 3: 188 nodes, 48 classes
[2026-03-27T17:16:42Z INFO  parabit] Iteration 4: 356 nodes, 49 classes
[2026-03-27T17:16:42Z INFO  parabit] Iteration 0: 18 nodes, 18 classes
[2026-03-27T17:16:42Z INFO  parabit] Iteration 1: 70 nodes, 35 classes
[2026-03-27T17:16:42Z INFO  parabit] Iteration 2: 115 nodes, 41 classes
[2026-03-27T17:16:42Z INFO  parabit] Iteration 3: 188 nodes, 48 classes
[2026-03-27T17:16:42Z INFO  parabit] Iteration 4: 356 nodes, 49 classes
[2026-03-27T17:16:42Z INFO  parabit] Iteration 0: 18 nodes, 18 classes
[2026-03-27T17:16:42Z INFO  parabit] Iteration 1: 70 nodes, 35 classes
[2026-03-27T17:16:42Z INFO  parabit] Iteration 2: 115 nodes, 41 classes
[2026-03-27T17:16:42Z INFO  parabit] Iteration 3: 188 nodes, 48 classes
[2026-03-27T17:16:42Z INFO  parabit] Iteration 4: 356 nodes, 49 classes
[2026-03-27T17:16:42Z INFO  parabit] Iteration 0: 18 nodes, 18 classes
[2026-03-27T17:16:42Z INFO  parabit] Iteration 1: 70 nodes, 35 classes
[2026-03-27T17:16:42Z INFO  parabit] Iteration 2: 115 nodes, 41 classes
[2026-03-27T17:16:42Z INFO  parabit] Iteration 3: 188 nodes, 48 classes
[2026-03-27T17:16:42Z INFO  parabit] Iteration 4: 356 nodes, 49 classes
[2026-03-27T17:16:42Z INFO  parabit] Iteration 0: 18 nodes, 18 classes
[2026-03-27T17:16:42Z INFO  parabit] Iteration 1: 70 nodes, 35 classes
[2026-03-27T17:16:42Z INFO  parabit] Iteration 2: 115 nodes, 41 classes
[2026-03-27T17:16:42Z INFO  parabit] Iteration 3: 188 nodes, 48 classes
[2026-03-27T17:16:42Z INFO  parabit] Iteration 4: 356 nodes, 49 classes
[2026-03-27T17:16:42Z INFO  parabit] Iteration 0: 18 nodes, 18 classes
[2026-03-27T17:16:42Z INFO  parabit] Iteration 1: 70 nodes, 35 classes
[2026-03-27T17:16:42Z INFO  parabit] Iteration 2: 115 nodes, 41 classes
[2026-03-27T17:16:42Z INFO  parabit] Iteration 3: 188 nodes, 48 classes
[2026-03-27T17:16:42Z INFO  parabit] Iteration 4: 356 nodes, 49 classes
[2026-03-27T17:16:42Z INFO  parabit] Iteration 0: 18 nodes, 18 classes
[2026-03-27T17:16:42Z INFO  parabit] Iteration 1: 70 nodes, 35 classes
[2026-03-27T17:16:42Z INFO  parabit] Iteration 2: 115 nodes, 41 classes
[2026-03-27T17:16:42Z INFO  parabit] Iteration 3: 188 nodes, 48 classes
[2026-03-27T17:16:42Z INFO  parabit] Iteration 4: 356 nodes, 49 classes
[2026-03-27T17:16:42Z INFO  parabit] Iteration 0: 18 nodes, 18 classes
[2026-03-27T17:16:42Z INFO  parabit] Iteration 1: 70 nodes, 35 classes
[2026-03-27T17:16:42Z INFO  parabit] Iteration 2: 115 nodes, 41 classes
[2026-03-27T17:16:42Z INFO  parabit] Iteration 3: 188 nodes, 48 classes
[2026-03-27T17:16:42Z INFO  parabit] Iteration 4: 356 nodes, 49 classes
[2026-03-27T17:16:42Z INFO  parabit] Iteration 0: 18 nodes, 18 classes
[2026-03-27T17:16:42Z INFO  parabit] Iteration 1: 70 nodes, 35 classes
[2026-03-27T17:16:42Z INFO  parabit] Iteration 2: 115 nodes, 41 classes
[2026-03-27T17:16:42Z INFO  parabit] Iteration 3: 188 nodes, 48 classes
[2026-03-27T17:16:42Z INFO  parabit] Iteration 4: 356 nodes, 49 classes
[2026-03-27T17:16:42Z INFO  parabit] Iteration 0: 18 nodes, 18 classes
[2026-03-27T17:16:42Z INFO  parabit] Iteration 1: 70 nodes, 35 classes
[2026-03-27T17:16:42Z INFO  parabit] Iteration 2: 115 nodes, 41 classes
[2026-03-27T17:16:42Z INFO  parabit] Iteration 3: 188 nodes, 48 classes
[2026-03-27T17:16:42Z INFO  parabit] Iteration 4: 356 nodes, 49 classes
[2026-03-27T17:16:42Z INFO  parabit] Iteration 0: 18 nodes, 18 classes
[2026-03-27T17:16:42Z INFO  parabit] Iteration 1: 70 nodes, 35 classes
[2026-03-27T17:16:42Z INFO  parabit] Iteration 2: 115 nodes, 41 classes
[2026-03-27T17:16:42Z INFO  parabit] Iteration 3: 188 nodes, 48 classes
[2026-03-27T17:16:42Z INFO  parabit] Iteration 4: 356 nodes, 49 classes
[2026-03-27T17:16:42Z INFO  parabit] Iteration 0: 18 nodes, 18 classes
[2026-03-27T17:16:42Z INFO  parabit] Iteration 1: 70 nodes, 35 classes
[2026-03-27T17:16:42Z INFO  parabit] Iteration 2: 115 nodes, 41 classes
[2026-03-27T17:16:42Z INFO  parabit] Iteration 3: 188 nodes, 48 classes
[2026-03-27T17:16:42Z INFO  parabit] Iteration 4: 356 nodes, 49 classes
[2026-03-27T17:16:42Z INFO  parabit] Iteration 0: 18 nodes, 18 classes
[2026-03-27T17:16:42Z INFO  parabit] Iteration 1: 70 nodes, 35 classes
[2026-03-27T17:16:42Z INFO  parabit] Iteration 2: 115 nodes, 41 classes
[2026-03-27T17:16:42Z INFO  parabit] Iteration 3: 188 nodes, 48 classes
[2026-03-27T17:16:42Z INFO  parabit] Iteration 4: 356 nodes, 49 classes
[2026-03-27T17:16:42Z INFO  parabit] Iteration 0: 18 nodes, 18 classes
[2026-03-27T17:16:42Z INFO  parabit] Iteration 1: 70 nodes, 35 classes
[2026-03-27T17:16:42Z INFO  parabit] Iteration 2: 115 nodes, 41 classes
[2026-03-27T17:16:42Z INFO  parabit] Iteration 3: 188 nodes, 48 classes
[2026-03-27T17:16:42Z INFO  parabit] Iteration 4: 356 nodes, 49 classes
[2026-03-27T17:16:42Z INFO  parabit] Iteration 0: 18 nodes, 18 classes
[2026-03-27T17:16:42Z INFO  parabit] Iteration 1: 70 nodes, 35 classes
[2026-03-27T17:16:42Z INFO  parabit] Iteration 2: 115 nodes, 41 classes
[2026-03-27T17:16:42Z INFO  parabit] Iteration 3: 188 nodes, 48 classes
[2026-03-27T17:16:42Z INFO  parabit] Iteration 4: 356 nodes, 49 classes
[2026-03-27T17:16:42Z INFO  parabit] Iteration 0: 18 nodes, 18 classes
[2026-03-27T17:16:42Z INFO  parabit] Iteration 1: 70 nodes, 35 classes
[2026-03-27T17:16:42Z INFO  parabit] Iteration 2: 115 nodes, 41 classes
[2026-03-27T17:16:42Z INFO  parabit] Iteration 3: 188 nodes, 48 classes
[2026-03-27T17:16:42Z INFO  parabit] Iteration 4: 356 nodes, 49 classes
[2026-03-27T17:16:42Z INFO  parabit] Iteration 0: 18 nodes, 18 classes
[2026-03-27T17:16:42Z INFO  parabit] Iteration 1: 70 nodes, 35 classes
[2026-03-27T17:16:42Z INFO  parabit] Iteration 2: 115 nodes, 41 classes
[2026-03-27T17:16:42Z INFO  parabit] Iteration 3: 188 nodes, 48 classes
[2026-03-27T17:16:42Z INFO  parabit] Iteration 4: 356 nodes, 49 classes
[2026-03-27T17:16:42Z INFO  parabit] Iteration 0: 18 nodes, 18 classes
[2026-03-27T17:16:42Z INFO  parabit] Iteration 1: 70 nodes, 35 classes
[2026-03-27T17:16:42Z INFO  parabit] Iteration 2: 115 nodes, 41 classes
[2026-03-27T17:16:42Z INFO  parabit] Iteration 3: 188 nodes, 48 classes
[2026-03-27T17:16:42Z INFO  parabit] Iteration 4: 356 nodes, 49 classes
[2026-03-27T17:16:42Z INFO  parabit] Iteration 0: 18 nodes, 18 classes
[2026-03-27T17:16:42Z INFO  parabit] Iteration 1: 70 nodes, 35 classes
[2026-03-27T17:16:42Z INFO  parabit] Iteration 2: 115 nodes, 41 classes
[2026-03-27T17:16:42Z INFO  parabit] Iteration 3: 188 nodes, 48 classes
[2026-03-27T17:16:42Z INFO  parabit] Iteration 4: 356 nodes, 49 classes
[2026-03-27T17:16:42Z INFO  parabit] Iteration 0: 18 nodes, 18 classes
[2026-03-27T17:16:42Z INFO  parabit] Iteration 1: 70 nodes, 35 classes
[2026-03-27T17:16:42Z INFO  parabit] Iteration 2: 115 nodes, 41 classes
[2026-03-27T17:16:42Z INFO  parabit] Iteration 3: 188 nodes, 48 classes
[2026-03-27T17:16:42Z INFO  parabit] Iteration 4: 356 nodes, 49 classes
[2026-03-27T17:16:42Z INFO  parabit] Iteration 0: 18 nodes, 18 classes
[2026-03-27T17:16:42Z INFO  parabit] Iteration 1: 70 nodes, 35 classes
[2026-03-27T17:16:42Z INFO  parabit] Iteration 2: 115 nodes, 41 classes
[2026-03-27T17:16:42Z INFO  parabit] Iteration 3: 188 nodes, 48 classes
[2026-03-27T17:16:42Z INFO  parabit] Iteration 4: 356 nodes, 49 classes
[2026-03-27T17:16:42Z INFO  parabit] Iteration 0: 18 nodes, 18 classes
[2026-03-27T17:16:42Z INFO  parabit] Iteration 1: 70 nodes, 35 classes
[2026-03-27T17:16:42Z INFO  parabit] Iteration 2: 115 nodes, 41 classes
[2026-03-27T17:16:42Z INFO  parabit] Iteration 3: 188 nodes, 48 classes
[2026-03-27T17:16:42Z INFO  parabit] Iteration 4: 356 nodes, 49 classes
[2026-03-27T17:16:42Z INFO  parabit] Iteration 0: 18 nodes, 18 classes
[2026-03-27T17:16:42Z INFO  parabit] Iteration 1: 70 nodes, 35 classes
[2026-03-27T17:16:42Z INFO  parabit] Iteration 2: 115 nodes, 41 classes
[2026-03-27T17:16:42Z INFO  parabit] Iteration 3: 188 nodes, 48 classes
[2026-03-27T17:16:42Z INFO  parabit] Iteration 4: 356 nodes, 49 classes
[2026-03-27T17:16:42Z INFO  parabit] Iteration 0: 18 nodes, 18 classes
[2026-03-27T17:16:42Z INFO  parabit] Iteration 1: 70 nodes, 35 classes
[2026-03-27T17:16:42Z INFO  parabit] Iteration 2: 115 nodes, 41 classes
[2026-03-27T17:16:42Z INFO  parabit] Iteration 3: 188 nodes, 48 classes
[2026-03-27T17:16:42Z INFO  parabit] Iteration 4: 356 nodes, 49 classes
[2026-03-27T17:16:42Z INFO  parabit] Iteration 0: 18 nodes, 18 classes
[2026-03-27T17:16:42Z INFO  parabit] Iteration 1: 70 nodes, 35 classes
[2026-03-27T17:16:42Z INFO  parabit] Iteration 2: 115 nodes, 41 classes
[2026-03-27T17:16:42Z INFO  parabit] Iteration 3: 188 nodes, 48 classes
[2026-03-27T17:16:42Z INFO  parabit] Iteration 4: 356 nodes, 49 classes
[2026-03-27T17:16:42Z INFO  parabit] Iteration 0: 18 nodes, 18 classes
[2026-03-27T17:16:42Z INFO  parabit] Iteration 1: 70 nodes, 35 classes
[2026-03-27T17:16:42Z INFO  parabit] Iteration 2: 115 nodes, 41 classes
[2026-03-27T17:16:42Z INFO  parabit] Iteration 3: 188 nodes, 48 classes
[2026-03-27T17:16:42Z INFO  parabit] Iteration 4: 356 nodes, 49 classes
[2026-03-27T17:16:42Z INFO  parabit] Iteration 0: 18 nodes, 18 classes
[2026-03-27T17:16:42Z INFO  parabit] Iteration 1: 70 nodes, 35 classes
[2026-03-27T17:16:42Z INFO  parabit] Iteration 2: 115 nodes, 41 classes
[2026-03-27T17:16:42Z INFO  parabit] Iteration 3: 188 nodes, 48 classes
[2026-03-27T17:16:42Z INFO  parabit] Iteration 4: 356 nodes, 49 classes
[2026-03-27T17:16:42Z INFO  parabit] Iteration 0: 18 nodes, 18 classes
[2026-03-27T17:16:42Z INFO  parabit] Iteration 1: 70 nodes, 35 classes
[2026-03-27T17:16:42Z INFO  parabit] Iteration 2: 115 nodes, 41 classes
[2026-03-27T17:16:42Z INFO  parabit] Iteration 3: 188 nodes, 48 classes
[2026-03-27T17:16:42Z INFO  parabit] Iteration 4: 356 nodes, 49 classes
[2026-03-27T17:16:42Z INFO  parabit] Iteration 0: 18 nodes, 18 classes
[2026-03-27T17:16:42Z INFO  parabit] Iteration 1: 70 nodes, 35 classes
[2026-03-27T17:16:42Z INFO  parabit] Iteration 2: 115 nodes, 41 classes
[2026-03-27T17:16:42Z INFO  parabit] Iteration 3: 188 nodes, 48 classes
[2026-03-27T17:16:42Z INFO  parabit] Iteration 4: 356 nodes, 49 classes
[2026-03-27T17:16:42Z INFO  parabit] Iteration 0: 18 nodes, 18 classes
[2026-03-27T17:16:42Z INFO  parabit] Iteration 1: 70 nodes, 35 classes
[2026-03-27T17:16:42Z INFO  parabit] Iteration 2: 115 nodes, 41 classes
[2026-03-27T17:16:42Z INFO  parabit] Iteration 3: 188 nodes, 48 classes
[2026-03-27T17:16:42Z INFO  parabit] Iteration 4: 356 nodes, 49 classes
[2026-03-27T17:16:42Z INFO  parabit] Iteration 0: 18 nodes, 18 classes
[2026-03-27T17:16:42Z INFO  parabit] Iteration 1: 70 nodes, 35 classes
[2026-03-27T17:16:42Z INFO  parabit] Iteration 2: 115 nodes, 41 classes
[2026-03-27T17:16:42Z INFO  parabit] Iteration 3: 188 nodes, 48 classes
[2026-03-27T17:16:42Z INFO  parabit] Iteration 4: 356 nodes, 49 classes
[2026-03-27T17:16:42Z INFO  parabit] Iteration 0: 18 nodes, 18 classes
[2026-03-27T17:16:42Z INFO  parabit] Iteration 1: 70 nodes, 35 classes
[2026-03-27T17:16:42Z INFO  parabit] Iteration 2: 115 nodes, 41 classes
[2026-03-27T17:16:42Z INFO  parabit] Iteration 3: 188 nodes, 48 classes
[2026-03-27T17:16:42Z INFO  parabit] Iteration 4: 356 nodes, 49 classes
[2026-03-27T17:16:42Z INFO  parabit] Iteration 0: 18 nodes, 18 classes
[2026-03-27T17:16:42Z INFO  parabit] Iteration 1: 70 nodes, 35 classes
[2026-03-27T17:16:42Z INFO  parabit] Iteration 2: 115 nodes, 41 classes
[2026-03-27T17:16:42Z INFO  parabit] Iteration 3: 188 nodes, 48 classes
[2026-03-27T17:16:42Z INFO  parabit] Iteration 4: 356 nodes, 49 classes
[2026-03-27T17:16:42Z INFO  parabit] Iteration 0: 18 nodes, 18 classes
[2026-03-27T17:16:42Z INFO  parabit] Iteration 1: 70 nodes, 35 classes
[2026-03-27T17:16:42Z INFO  parabit] Iteration 2: 115 nodes, 41 classes
[2026-03-27T17:16:42Z INFO  parabit] Iteration 3: 188 nodes, 48 classes
[2026-03-27T17:16:42Z INFO  parabit] Iteration 4: 356 nodes, 49 classes
[2026-03-27T17:16:42Z INFO  parabit] Iteration 0: 18 nodes, 18 classes
[2026-03-27T17:16:42Z INFO  parabit] Iteration 1: 70 nodes, 35 classes
[2026-03-27T17:16:42Z INFO  parabit] Iteration 2: 115 nodes, 41 classes
[2026-03-27T17:16:42Z INFO  parabit] Iteration 3: 188 nodes, 48 classes
[2026-03-27T17:16:42Z INFO  parabit] Iteration 4: 356 nodes, 49 classes
[2026-03-27T17:16:42Z INFO  parabit] Iteration 0: 18 nodes, 18 classes
[2026-03-27T17:16:42Z INFO  parabit] Iteration 1: 70 nodes, 35 classes
[2026-03-27T17:16:42Z INFO  parabit] Iteration 2: 115 nodes, 41 classes
[2026-03-27T17:16:42Z INFO  parabit] Iteration 3: 188 nodes, 48 classes
[2026-03-27T17:16:42Z INFO  parabit] Iteration 4: 356 nodes, 49 classes
[2026-03-27T17:16:42Z INFO  parabit] Iteration 0: 18 nodes, 18 classes
[2026-03-27T17:16:42Z INFO  parabit] Iteration 1: 70 nodes, 35 classes
[2026-03-27T17:16:42Z INFO  parabit] Iteration 2: 115 nodes, 41 classes
[2026-03-27T17:16:42Z INFO  parabit] Iteration 3: 188 nodes, 48 classes
[2026-03-27T17:16:42Z INFO  parabit] Iteration 4: 356 nodes, 49 classes
[2026-03-27T17:16:42Z INFO  parabit] Iteration 0: 18 nodes, 18 classes
[2026-03-27T17:16:42Z INFO  parabit] Iteration 1: 70 nodes, 35 classes
[2026-03-27T17:16:42Z INFO  parabit] Iteration 2: 115 nodes, 41 classes
[2026-03-27T17:16:42Z INFO  parabit] Iteration 3: 188 nodes, 48 classes
[2026-03-27T17:16:42Z INFO  parabit] Iteration 4: 356 nodes, 49 classes
[2026-03-27T17:16:42Z INFO  parabit] Iteration 0: 18 nodes, 18 classes
[2026-03-27T17:16:42Z INFO  parabit] Iteration 1: 70 nodes, 35 classes
[2026-03-27T17:16:42Z INFO  parabit] Iteration 2: 115 nodes, 41 classes
[2026-03-27T17:16:42Z INFO  parabit] Iteration 3: 188 nodes, 48 classes
[2026-03-27T17:16:42Z INFO  parabit] Iteration 4: 356 nodes, 49 classes
[2026-03-27T17:16:42Z INFO  parabit] Iteration 0: 18 nodes, 18 classes
[2026-03-27T17:16:42Z INFO  parabit] Iteration 1: 70 nodes, 35 classes
[2026-03-27T17:16:42Z INFO  parabit] Iteration 2: 115 nodes, 41 classes
[2026-03-27T17:16:42Z INFO  parabit] Iteration 3: 188 nodes, 48 classes
[2026-03-27T17:16:42Z INFO  parabit] Iteration 4: 356 nodes, 49 classes
[2026-03-27T17:16:42Z INFO  parabit] Iteration 0: 18 nodes, 18 classes
[2026-03-27T17:16:42Z INFO  parabit] Iteration 1: 70 nodes, 35 classes
[2026-03-27T17:16:42Z INFO  parabit] Iteration 2: 115 nodes, 41 classes
[2026-03-27T17:16:42Z INFO  parabit] Iteration 3: 188 nodes, 48 classes
[2026-03-27T17:16:42Z INFO  parabit] Iteration 4: 356 nodes, 49 classes
[2026-03-27T17:16:42Z INFO  parabit] Iteration 0: 18 nodes, 18 classes
[2026-03-27T17:16:42Z INFO  parabit] Iteration 1: 70 nodes, 35 classes
[2026-03-27T17:16:42Z INFO  parabit] Iteration 2: 115 nodes, 41 classes
[2026-03-27T17:16:42Z INFO  parabit] Iteration 3: 188 nodes, 48 classes
[2026-03-27T17:16:42Z INFO  parabit] Iteration 4: 356 nodes, 49 classes
[2026-03-27T17:16:42Z INFO  parabit] Iteration 0: 18 nodes, 18 classes
[2026-03-27T17:16:42Z INFO  parabit] Iteration 1: 70 nodes, 35 classes
[2026-03-27T17:16:42Z INFO  parabit] Iteration 2: 115 nodes, 41 classes
[2026-03-27T17:16:42Z INFO  parabit] Iteration 3: 188 nodes, 48 classes
[2026-03-27T17:16:42Z INFO  parabit] Iteration 4: 356 nodes, 49 classes
[2026-03-27T17:16:42Z INFO  parabit] Iteration 0: 18 nodes, 18 classes
[2026-03-27T17:16:42Z INFO  parabit] Iteration 1: 70 nodes, 35 classes
[2026-03-27T17:16:42Z INFO  parabit] Iteration 2: 115 nodes, 41 classes
[2026-03-27T17:16:42Z INFO  parabit] Iteration 3: 188 nodes, 48 classes
[2026-03-27T17:16:42Z INFO  parabit] Iteration 4: 356 nodes, 49 classes
[2026-03-27T17:16:42Z INFO  parabit] Iteration 0: 18 nodes, 18 classes
[2026-03-27T17:16:42Z INFO  parabit] Iteration 1: 70 nodes, 35 classes
[2026-03-27T17:16:42Z INFO  parabit] Iteration 2: 115 nodes, 41 classes
[2026-03-27T17:16:42Z INFO  parabit] Iteration 3: 188 nodes, 48 classes
[2026-03-27T17:16:42Z INFO  parabit] Iteration 4: 356 nodes, 49 classes
[2026-03-27T17:16:42Z INFO  parabit] Iteration 0: 18 nodes, 18 classes
[2026-03-27T17:16:42Z INFO  parabit] Iteration 1: 70 nodes, 35 classes
[2026-03-27T17:16:42Z INFO  parabit] Iteration 2: 115 nodes, 41 classes
[2026-03-27T17:16:42Z INFO  parabit] Iteration 3: 188 nodes, 48 classes
[2026-03-27T17:16:42Z INFO  parabit] Iteration 4: 356 nodes, 49 classes
[2026-03-27T17:16:42Z INFO  parabit] Iteration 0: 18 nodes, 18 classes
[2026-03-27T17:16:42Z INFO  parabit] Iteration 1: 70 nodes, 35 classes
[2026-03-27T17:16:42Z INFO  parabit] Iteration 2: 115 nodes, 41 classes
[2026-03-27T17:16:42Z INFO  parabit] Iteration 3: 188 nodes, 48 classes
[2026-03-27T17:16:42Z INFO  parabit] Iteration 4: 356 nodes, 49 classes
[2026-03-27T17:16:42Z INFO  parabit] Iteration 0: 18 nodes, 18 classes
[2026-03-27T17:16:42Z INFO  parabit] Iteration 1: 70 nodes, 35 classes
[2026-03-27T17:16:42Z INFO  parabit] Iteration 2: 115 nodes, 41 classes
[2026-03-27T17:16:42Z INFO  parabit] Iteration 3: 188 nodes, 48 classes
[2026-03-27T17:16:42Z INFO  parabit] Iteration 4: 356 nodes, 49 classes
[2026-03-27T17:16:42Z INFO  parabit] Iteration 0: 18 nodes, 18 classes
[2026-03-27T17:16:42Z INFO  parabit] Iteration 1: 70 nodes, 35 classes
[2026-03-27T17:16:42Z INFO  parabit] Iteration 2: 115 nodes, 41 classes
[2026-03-27T17:16:42Z INFO  parabit] Iteration 3: 188 nodes, 48 classes
[2026-03-27T17:16:42Z INFO  parabit] Iteration 4: 356 nodes, 49 classes
[2026-03-27T17:16:42Z INFO  parabit] Iteration 0: 18 nodes, 18 classes
[2026-03-27T17:16:42Z INFO  parabit] Iteration 1: 70 nodes, 35 classes
[2026-03-27T17:16:42Z INFO  parabit] Iteration 2: 115 nodes, 41 classes
[2026-03-27T17:16:42Z INFO  parabit] Iteration 3: 188 nodes, 48 classes
[2026-03-27T17:16:42Z INFO  parabit] Iteration 4: 356 nodes, 49 classes
[2026-03-27T17:16:42Z INFO  parabit] Iteration 0: 18 nodes, 18 classes
[2026-03-27T17:16:42Z INFO  parabit] Iteration 1: 70 nodes, 35 classes
[2026-03-27T17:16:42Z INFO  parabit] Iteration 2: 115 nodes, 41 classes
[2026-03-27T17:16:42Z INFO  parabit] Iteration 3: 188 nodes, 48 classes
[2026-03-27T17:16:42Z INFO  parabit] Iteration 4: 356 nodes, 49 classes
[2026-03-27T17:16:42Z INFO  parabit] Iteration 0: 18 nodes, 18 classes
[2026-03-27T17:16:42Z INFO  parabit] Iteration 1: 70 nodes, 35 classes
[2026-03-27T17:16:42Z INFO  parabit] Iteration 2: 115 nodes, 41 classes
[2026-03-27T17:16:42Z INFO  parabit] Iteration 3: 188 nodes, 48 classes
[2026-03-27T17:16:42Z INFO  parabit] Iteration 4: 356 nodes, 49 classes
[2026-03-27T17:16:42Z INFO  parabit] Iteration 0: 18 nodes, 18 classes
[2026-03-27T17:16:42Z INFO  parabit] Iteration 1: 70 nodes, 35 classes
[2026-03-27T17:16:42Z INFO  parabit] Iteration 2: 115 nodes, 41 classes
[2026-03-27T17:16:42Z INFO  parabit] Iteration 3: 188 nodes, 48 classes
[2026-03-27T17:16:42Z INFO  parabit] Iteration 4: 356 nodes, 49 classes
[2026-03-27T17:16:42Z INFO  parabit] Iteration 0: 18 nodes, 18 classes
[2026-03-27T17:16:42Z INFO  parabit] Iteration 1: 70 nodes, 35 classes
[2026-03-27T17:16:42Z INFO  parabit] Iteration 2: 115 nodes, 41 classes
[2026-03-27T17:16:42Z INFO  parabit] Iteration 3: 188 nodes, 48 classes
[2026-03-27T17:16:42Z INFO  parabit] Iteration 4: 356 nodes, 49 classes
[2026-03-27T17:16:42Z INFO  parabit] Iteration 0: 18 nodes, 18 classes
[2026-03-27T17:16:42Z INFO  parabit] Iteration 1: 70 nodes, 35 classes
[2026-03-27T17:16:42Z INFO  parabit] Iteration 2: 115 nodes, 41 classes
[2026-03-27T17:16:42Z INFO  parabit] Iteration 3: 188 nodes, 48 classes
[2026-03-27T17:16:42Z INFO  parabit] Iteration 4: 356 nodes, 49 classes
[2026-03-27T17:16:42Z INFO  parabit] Iteration 0: 18 nodes, 18 classes
[2026-03-27T17:16:42Z INFO  parabit] Iteration 1: 70 nodes, 35 classes
[2026-03-27T17:16:42Z INFO  parabit] Iteration 2: 115 nodes, 41 classes
[2026-03-27T17:16:42Z INFO  parabit] Iteration 3: 188 nodes, 48 classes
[2026-03-27T17:16:42Z INFO  parabit] Iteration 4: 356 nodes, 49 classes
[2026-03-27T17:16:42Z INFO  parabit] Iteration 0: 18 nodes, 18 classes
[2026-03-27T17:16:42Z INFO  parabit] Iteration 1: 70 nodes, 35 classes
[2026-03-27T17:16:42Z INFO  parabit] Iteration 2: 115 nodes, 41 classes
[2026-03-27T17:16:42Z INFO  parabit] Iteration 3: 188 nodes, 48 classes
[2026-03-27T17:16:42Z INFO  parabit] Iteration 4: 356 nodes, 49 classes
[2026-03-27T17:16:42Z INFO  parabit] Iteration 0: 18 nodes, 18 classes
[2026-03-27T17:16:42Z INFO  parabit] Iteration 1: 70 nodes, 35 classes
[2026-03-27T17:16:42Z INFO  parabit] Iteration 2: 115 nodes, 41 classes
[2026-03-27T17:16:42Z INFO  parabit] Iteration 3: 188 nodes, 48 classes
[2026-03-27T17:16:42Z INFO  parabit] Iteration 4: 356 nodes, 49 classes
[2026-03-27T17:16:42Z INFO  parabit] Iteration 0: 18 nodes, 18 classes
[2026-03-27T17:16:42Z INFO  parabit] Iteration 1: 70 nodes, 35 classes
[2026-03-27T17:16:42Z INFO  parabit] Iteration 2: 115 nodes, 41 classes
[2026-03-27T17:16:42Z INFO  parabit] Iteration 3: 188 nodes, 48 classes
[2026-03-27T17:16:42Z INFO  parabit] Iteration 4: 356 nodes, 49 classes
[2026-03-27T17:16:42Z INFO  parabit] Iteration 0: 18 nodes, 18 classes
[2026-03-27T17:16:42Z INFO  parabit] Iteration 1: 70 nodes, 35 classes
[2026-03-27T17:16:42Z INFO  parabit] Iteration 2: 115 nodes, 41 classes
[2026-03-27T17:16:42Z INFO  parabit] Iteration 3: 188 nodes, 48 classes
[2026-03-27T17:16:42Z INFO  parabit] Iteration 4: 356 nodes, 49 classes
[2026-03-27T17:16:42Z INFO  parabit] Iteration 0: 18 nodes, 18 classes
[2026-03-27T17:16:42Z INFO  parabit] Iteration 1: 70 nodes, 35 classes
[2026-03-27T17:16:42Z INFO  parabit] Iteration 2: 115 nodes, 41 classes
[2026-03-27T17:16:42Z INFO  parabit] Iteration 3: 188 nodes, 48 classes
[2026-03-27T17:16:42Z INFO  parabit] Iteration 4: 356 nodes, 49 classes
[2026-03-27T17:16:42Z INFO  parabit] Iteration 0: 18 nodes, 18 classes
[2026-03-27T17:16:42Z INFO  parabit] Iteration 1: 70 nodes, 35 classes
[2026-03-27T17:16:42Z INFO  parabit] Iteration 2: 115 nodes, 41 classes
[2026-03-27T17:16:42Z INFO  parabit] Iteration 3: 188 nodes, 48 classes
[2026-03-27T17:16:42Z INFO  parabit] Iteration 4: 356 nodes, 49 classes
[2026-03-27T17:16:42Z INFO  parabit] Iteration 0: 18 nodes, 18 classes
[2026-03-27T17:16:42Z INFO  parabit] Iteration 1: 70 nodes, 35 classes
[2026-03-27T17:16:42Z INFO  parabit] Iteration 2: 115 nodes, 41 classes
[2026-03-27T17:16:42Z INFO  parabit] Iteration 3: 188 nodes, 48 classes
[2026-03-27T17:16:42Z INFO  parabit] Iteration 4: 356 nodes, 49 classes
[2026-03-27T17:16:42Z INFO  parabit] Iteration 0: 18 nodes, 18 classes
[2026-03-27T17:16:42Z INFO  parabit] Iteration 1: 70 nodes, 35 classes
[2026-03-27T17:16:42Z INFO  parabit] Iteration 2: 115 nodes, 41 classes
[2026-03-27T17:16:42Z INFO  parabit] Iteration 3: 188 nodes, 48 classes
[2026-03-27T17:16:42Z INFO  parabit] Iteration 4: 356 nodes, 49 classes
[2026-03-27T17:16:42Z INFO  parabit] Iteration 0: 18 nodes, 18 classes
[2026-03-27T17:16:42Z INFO  parabit] Iteration 1: 70 nodes, 35 classes
[2026-03-27T17:16:42Z INFO  parabit] Iteration 2: 115 nodes, 41 classes
[2026-03-27T17:16:42Z INFO  parabit] Iteration 3: 188 nodes, 48 classes
[2026-03-27T17:16:42Z INFO  parabit] Iteration 4: 356 nodes, 49 classes
[2026-03-27T17:16:42Z INFO  parabit] Iteration 0: 18 nodes, 18 classes
[2026-03-27T17:16:42Z INFO  parabit] Iteration 1: 70 nodes, 35 classes
[2026-03-27T17:16:42Z INFO  parabit] Iteration 2: 115 nodes, 41 classes
[2026-03-27T17:16:42Z INFO  parabit] Iteration 3: 188 nodes, 48 classes
[2026-03-27T17:16:42Z INFO  parabit] Iteration 4: 356 nodes, 49 classes
[2026-03-27T17:16:42Z INFO  parabit] Iteration 0: 18 nodes, 18 classes
[2026-03-27T17:16:42Z INFO  parabit] Iteration 1: 70 nodes, 35 classes
[2026-03-27T17:16:42Z INFO  parabit] Iteration 2: 115 nodes, 41 classes
[2026-03-27T17:16:42Z INFO  parabit] Iteration 3: 188 nodes, 48 classes
[2026-03-27T17:16:42Z INFO  parabit] Iteration 4: 356 nodes, 49 classes
[2026-03-27T17:16:42Z INFO  parabit] Iteration 0: 18 nodes, 18 classes
[2026-03-27T17:16:42Z INFO  parabit] Iteration 1: 70 nodes, 35 classes
[2026-03-27T17:16:42Z INFO  parabit] Iteration 2: 115 nodes, 41 classes
[2026-03-27T17:16:42Z INFO  parabit] Iteration 3: 188 nodes, 48 classes
[2026-03-27T17:16:42Z INFO  parabit] Iteration 4: 356 nodes, 49 classes
[2026-03-27T17:16:42Z INFO  parabit] Iteration 0: 18 nodes, 18 classes
[2026-03-27T17:16:42Z INFO  parabit] Iteration 1: 70 nodes, 35 classes
[2026-03-27T17:16:42Z INFO  parabit] Iteration 2: 115 nodes, 41 classes
[2026-03-27T17:16:42Z INFO  parabit] Iteration 3: 188 nodes, 48 classes
[2026-03-27T17:16:42Z INFO  parabit] Iteration 4: 356 nodes, 49 classes
[2026-03-27T17:16:42Z INFO  parabit] Iteration 0: 18 nodes, 18 classes
[2026-03-27T17:16:42Z INFO  parabit] Iteration 1: 70 nodes, 35 classes
[2026-03-27T17:16:42Z INFO  parabit] Iteration 2: 115 nodes, 41 classes
[2026-03-27T17:16:42Z INFO  parabit] Iteration 3: 188 nodes, 48 classes
[2026-03-27T17:16:42Z INFO  parabit] Iteration 4: 356 nodes, 49 classes
[2026-03-27T17:16:42Z INFO  parabit] Iteration 0: 18 nodes, 18 classes
[2026-03-27T17:16:42Z INFO  parabit] Iteration 1: 70 nodes, 35 classes
[2026-03-27T17:16:42Z INFO  parabit] Iteration 2: 115 nodes, 41 classes
[2026-03-27T17:16:42Z INFO  parabit] Iteration 3: 188 nodes, 48 classes
[2026-03-27T17:16:42Z INFO  parabit] Iteration 4: 356 nodes, 49 classes
[2026-03-27T17:16:42Z INFO  parabit] Iteration 0: 18 nodes, 18 classes
[2026-03-27T17:16:42Z INFO  parabit] Iteration 1: 70 nodes, 35 classes
[2026-03-27T17:16:42Z INFO  parabit] Iteration 2: 115 nodes, 41 classes
[2026-03-27T17:16:42Z INFO  parabit] Iteration 3: 188 nodes, 48 classes
[2026-03-27T17:16:43Z INFO  parabit] Iteration 4: 356 nodes, 49 classes
[2026-03-27T17:16:43Z INFO  parabit] Iteration 0: 18 nodes, 18 classes
[2026-03-27T17:16:43Z INFO  parabit] Iteration 1: 70 nodes, 35 classes
[2026-03-27T17:16:43Z INFO  parabit] Iteration 2: 115 nodes, 41 classes
[2026-03-27T17:16:43Z INFO  parabit] Iteration 3: 188 nodes, 48 classes
[2026-03-27T17:16:43Z INFO  parabit] Iteration 4: 356 nodes, 49 classes
[2026-03-27T17:16:43Z INFO  parabit] Iteration 0: 18 nodes, 18 classes
[2026-03-27T17:16:43Z INFO  parabit] Iteration 1: 70 nodes, 35 classes
[2026-03-27T17:16:43Z INFO  parabit] Iteration 2: 115 nodes, 41 classes
[2026-03-27T17:16:43Z INFO  parabit] Iteration 3: 188 nodes, 48 classes
[2026-03-27T17:16:43Z INFO  parabit] Iteration 4: 356 nodes, 49 classes
[2026-03-27T17:16:43Z INFO  parabit] Iteration 0: 18 nodes, 18 classes
[2026-03-27T17:16:43Z INFO  parabit] Iteration 1: 70 nodes, 35 classes
[2026-03-27T17:16:43Z INFO  parabit] Iteration 2: 115 nodes, 41 classes
[2026-03-27T17:16:43Z INFO  parabit] Iteration 3: 188 nodes, 48 classes
[2026-03-27T17:16:43Z INFO  parabit] Iteration 4: 356 nodes, 49 classes
[2026-03-27T17:16:43Z INFO  parabit] Iteration 0: 18 nodes, 18 classes
[2026-03-27T17:16:43Z INFO  parabit] Iteration 1: 70 nodes, 35 classes
[2026-03-27T17:16:43Z INFO  parabit] Iteration 2: 115 nodes, 41 classes
[2026-03-27T17:16:43Z INFO  parabit] Iteration 3: 188 nodes, 48 classes
[2026-03-27T17:16:43Z INFO  parabit] Iteration 4: 356 nodes, 49 classes
[2026-03-27T17:16:43Z INFO  parabit] Iteration 0: 18 nodes, 18 classes
[2026-03-27T17:16:43Z INFO  parabit] Iteration 1: 70 nodes, 35 classes
[2026-03-27T17:16:43Z INFO  parabit] Iteration 2: 115 nodes, 41 classes
[2026-03-27T17:16:43Z INFO  parabit] Iteration 3: 188 nodes, 48 classes
[2026-03-27T17:16:43Z INFO  parabit] Iteration 4: 356 nodes, 49 classes
[2026-03-27T17:16:43Z INFO  parabit] Iteration 0: 18 nodes, 18 classes
[2026-03-27T17:16:43Z INFO  parabit] Iteration 1: 70 nodes, 35 classes
[2026-03-27T17:16:43Z INFO  parabit] Iteration 2: 115 nodes, 41 classes
[2026-03-27T17:16:43Z INFO  parabit] Iteration 3: 188 nodes, 48 classes
[2026-03-27T17:16:43Z INFO  parabit] Iteration 4: 356 nodes, 49 classes
[2026-03-27T17:16:43Z INFO  parabit] Iteration 0: 18 nodes, 18 classes
[2026-03-27T17:16:43Z INFO  parabit] Iteration 1: 70 nodes, 35 classes
[2026-03-27T17:16:43Z INFO  parabit] Iteration 2: 115 nodes, 41 classes
[2026-03-27T17:16:43Z INFO  parabit] Iteration 3: 188 nodes, 48 classes
[2026-03-27T17:16:43Z INFO  parabit] Iteration 4: 356 nodes, 49 classes
[2026-03-27T17:16:43Z INFO  parabit] Iteration 0: 18 nodes, 18 classes
[2026-03-27T17:16:43Z INFO  parabit] Iteration 1: 70 nodes, 35 classes
[2026-03-27T17:16:43Z INFO  parabit] Iteration 2: 115 nodes, 41 classes
[2026-03-27T17:16:43Z INFO  parabit] Iteration 3: 188 nodes, 48 classes
[2026-03-27T17:16:43Z INFO  parabit] Iteration 4: 356 nodes, 49 classes
[2026-03-27T17:16:43Z INFO  parabit] Iteration 0: 18 nodes, 18 classes
[2026-03-27T17:16:43Z INFO  parabit] Iteration 1: 70 nodes, 35 classes
[2026-03-27T17:16:43Z INFO  parabit] Iteration 2: 115 nodes, 41 classes
[2026-03-27T17:16:43Z INFO  parabit] Iteration 3: 188 nodes, 48 classes
[2026-03-27T17:16:43Z INFO  parabit] Iteration 4: 356 nodes, 49 classes
[2026-03-27T17:16:43Z INFO  parabit] Iteration 0: 18 nodes, 18 classes
[2026-03-27T17:16:43Z INFO  parabit] Iteration 1: 70 nodes, 35 classes
[2026-03-27T17:16:43Z INFO  parabit] Iteration 2: 115 nodes, 41 classes
[2026-03-27T17:16:43Z INFO  parabit] Iteration 3: 188 nodes, 48 classes
[2026-03-27T17:16:43Z INFO  parabit] Iteration 4: 356 nodes, 49 classes
[2026-03-27T17:16:43Z INFO  parabit] Iteration 0: 18 nodes, 18 classes
[2026-03-27T17:16:43Z INFO  parabit] Iteration 1: 70 nodes, 35 classes
[2026-03-27T17:16:43Z INFO  parabit] Iteration 2: 115 nodes, 41 classes
[2026-03-27T17:16:43Z INFO  parabit] Iteration 3: 188 nodes, 48 classes
[2026-03-27T17:16:43Z INFO  parabit] Iteration 4: 356 nodes, 49 classes
[2026-03-27T17:16:43Z INFO  parabit] Iteration 0: 18 nodes, 18 classes
[2026-03-27T17:16:43Z INFO  parabit] Iteration 1: 70 nodes, 35 classes
[2026-03-27T17:16:43Z INFO  parabit] Iteration 2: 115 nodes, 41 classes
[2026-03-27T17:16:43Z INFO  parabit] Iteration 3: 188 nodes, 48 classes
[2026-03-27T17:16:43Z INFO  parabit] Iteration 4: 356 nodes, 49 classes
[2026-03-27T17:16:43Z INFO  parabit] Iteration 0: 18 nodes, 18 classes
[2026-03-27T17:16:43Z INFO  parabit] Iteration 1: 70 nodes, 35 classes
[2026-03-27T17:16:43Z INFO  parabit] Iteration 2: 115 nodes, 41 classes
[2026-03-27T17:16:43Z INFO  parabit] Iteration 3: 188 nodes, 48 classes
[2026-03-27T17:16:43Z INFO  parabit] Iteration 4: 356 nodes, 49 classes
[2026-03-27T17:16:43Z INFO  parabit] Iteration 0: 18 nodes, 18 classes
[2026-03-27T17:16:43Z INFO  parabit] Iteration 1: 70 nodes, 35 classes
[2026-03-27T17:16:43Z INFO  parabit] Iteration 2: 115 nodes, 41 classes
[2026-03-27T17:16:43Z INFO  parabit] Iteration 3: 188 nodes, 48 classes
[2026-03-27T17:16:43Z INFO  parabit] Iteration 4: 356 nodes, 49 classes
[2026-03-27T17:16:43Z INFO  parabit] Iteration 0: 18 nodes, 18 classes
[2026-03-27T17:16:43Z INFO  parabit] Iteration 1: 70 nodes, 35 classes
[2026-03-27T17:16:43Z INFO  parabit] Iteration 2: 115 nodes, 41 classes
[2026-03-27T17:16:43Z INFO  parabit] Iteration 3: 188 nodes, 48 classes
[2026-03-27T17:16:43Z INFO  parabit] Iteration 4: 356 nodes, 49 classes
[2026-03-27T17:16:43Z INFO  parabit] Iteration 0: 18 nodes, 18 classes
[2026-03-27T17:16:43Z INFO  parabit] Iteration 1: 70 nodes, 35 classes
[2026-03-27T17:16:43Z INFO  parabit] Iteration 2: 115 nodes, 41 classes
[2026-03-27T17:16:43Z INFO  parabit] Iteration 3: 188 nodes, 48 classes
[2026-03-27T17:16:43Z INFO  parabit] Iteration 4: 356 nodes, 49 classes
[2026-03-27T17:16:43Z INFO  parabit] Iteration 0: 18 nodes, 18 classes
[2026-03-27T17:16:43Z INFO  parabit] Iteration 1: 70 nodes, 35 classes
[2026-03-27T17:16:43Z INFO  parabit] Iteration 2: 115 nodes, 41 classes
[2026-03-27T17:16:43Z INFO  parabit] Iteration 3: 188 nodes, 48 classes
[2026-03-27T17:16:43Z INFO  parabit] Iteration 4: 356 nodes, 49 classes
[2026-03-27T17:16:43Z INFO  parabit] Iteration 0: 18 nodes, 18 classes
[2026-03-27T17:16:43Z INFO  parabit] Iteration 1: 70 nodes, 35 classes
[2026-03-27T17:16:43Z INFO  parabit] Iteration 2: 115 nodes, 41 classes
[2026-03-27T17:16:43Z INFO  parabit] Iteration 3: 188 nodes, 48 classes
[2026-03-27T17:16:43Z INFO  parabit] Iteration 4: 356 nodes, 49 classes
[2026-03-27T17:16:43Z INFO  parabit] Iteration 0: 18 nodes, 18 classes
[2026-03-27T17:16:43Z INFO  parabit] Iteration 1: 70 nodes, 35 classes
[2026-03-27T17:16:43Z INFO  parabit] Iteration 2: 115 nodes, 41 classes
[2026-03-27T17:16:43Z INFO  parabit] Iteration 3: 188 nodes, 48 classes
[2026-03-27T17:16:43Z INFO  parabit] Iteration 4: 356 nodes, 49 classes
[2026-03-27T17:16:43Z INFO  parabit] Iteration 0: 18 nodes, 18 classes
[2026-03-27T17:16:43Z INFO  parabit] Iteration 1: 70 nodes, 35 classes
[2026-03-27T17:16:43Z INFO  parabit] Iteration 2: 115 nodes, 41 classes
[2026-03-27T17:16:43Z INFO  parabit] Iteration 3: 188 nodes, 48 classes
[2026-03-27T17:16:43Z INFO  parabit] Iteration 4: 356 nodes, 49 classes
[2026-03-27T17:16:43Z INFO  parabit] Iteration 0: 18 nodes, 18 classes
[2026-03-27T17:16:43Z INFO  parabit] Iteration 1: 70 nodes, 35 classes
[2026-03-27T17:16:43Z INFO  parabit] Iteration 2: 115 nodes, 41 classes
[2026-03-27T17:16:43Z INFO  parabit] Iteration 3: 188 nodes, 48 classes
[2026-03-27T17:16:43Z INFO  parabit] Iteration 4: 356 nodes, 49 classes
[2026-03-27T17:16:43Z INFO  parabit] Iteration 0: 18 nodes, 18 classes
[2026-03-27T17:16:43Z INFO  parabit] Iteration 1: 70 nodes, 35 classes
[2026-03-27T17:16:43Z INFO  parabit] Iteration 2: 115 nodes, 41 classes
[2026-03-27T17:16:43Z INFO  parabit] Iteration 3: 188 nodes, 48 classes
[2026-03-27T17:16:43Z INFO  parabit] Iteration 4: 356 nodes, 49 classes
[2026-03-27T17:16:43Z INFO  parabit] Iteration 0: 18 nodes, 18 classes
[2026-03-27T17:16:43Z INFO  parabit] Iteration 1: 70 nodes, 35 classes
[2026-03-27T17:16:43Z INFO  parabit] Iteration 2: 115 nodes, 41 classes
[2026-03-27T17:16:43Z INFO  parabit] Iteration 3: 188 nodes, 48 classes
[2026-03-27T17:16:43Z INFO  parabit] Iteration 4: 356 nodes, 49 classes
[2026-03-27T17:16:43Z INFO  parabit] Iteration 0: 18 nodes, 18 classes
[2026-03-27T17:16:43Z INFO  parabit] Iteration 1: 70 nodes, 35 classes
[2026-03-27T17:16:43Z INFO  parabit] Iteration 2: 115 nodes, 41 classes
[2026-03-27T17:16:43Z INFO  parabit] Iteration 3: 188 nodes, 48 classes
[2026-03-27T17:16:43Z INFO  parabit] Iteration 4: 356 nodes, 49 classes
[2026-03-27T17:16:43Z INFO  parabit] Iteration 0: 18 nodes, 18 classes
[2026-03-27T17:16:43Z INFO  parabit] Iteration 1: 70 nodes, 35 classes
[2026-03-27T17:16:43Z INFO  parabit] Iteration 2: 115 nodes, 41 classes
[2026-03-27T17:16:43Z INFO  parabit] Iteration 3: 188 nodes, 48 classes
[2026-03-27T17:16:43Z INFO  parabit] Iteration 4: 356 nodes, 49 classes
[2026-03-27T17:16:43Z INFO  parabit] Iteration 0: 18 nodes, 18 classes
[2026-03-27T17:16:43Z INFO  parabit] Iteration 1: 70 nodes, 35 classes
[2026-03-27T17:16:43Z INFO  parabit] Iteration 2: 115 nodes, 41 classes
[2026-03-27T17:16:43Z INFO  parabit] Iteration 3: 188 nodes, 48 classes
[2026-03-27T17:16:43Z INFO  parabit] Iteration 4: 356 nodes, 49 classes
{"elapsed":0.85, "maxrss":6884}
