[2026-03-27T11:47:27Z WARN  parabit] Sanitised input expression 0 from:
    (bw k (or (bw k "%A") (bw k (xor (bw k (xor (bw k "%A") (bw k "%B"))) (bw k (not (bw k 0)))))))
    to:
    (bw k (or (bw k var_A) (bw k (xor (bw k (xor (bw k var_A) (bw k var_B))) (bw k (not (bw k 0)))))))
[2026-03-27T11:47:27Z WARN  parabit] Sanitised input expression 0 from:
    (bw k (or (bw k "%A") (bw k (xor (bw k "%B") (bw k (not (bw k 0)))))))
    to:
    (bw k (or (bw k var_A) (bw k (xor (bw k var_B) (bw k (not (bw k 0)))))))
[2026-03-27T11:47:27Z INFO  parabit] Running parabit on file: AndOrXor_2285_values_0
[2026-03-27T11:47:27Z INFO  parabit] Iteration 0: 20 nodes, 20 classes
[2026-03-27T11:47:27Z INFO  parabit] Iteration 1: 85 nodes, 45 classes
[2026-03-27T11:47:27Z INFO  parabit] Iteration 2: 170 nodes, 54 classes
[2026-03-27T11:47:27Z INFO  parabit] Iteration 3: 378 nodes, 94 classes
[2026-03-27T11:47:27Z INFO  parabit] Iteration 4: 1167 nodes, 231 classes
[2026-03-27T11:47:27Z INFO  parabit] Iteration 5: 6631 nodes, 341 classes
memory allocation of 96 bytes failed
note: run with `RUST_BACKTRACE=1` environment variable to display a backtrace
timeout: the monitored command dumped core
Command terminated by signal 6
{"elapsed":57.06, "maxrss":8385336}
