[2026-03-27T17:16:40Z WARN  parabit] Sanitised input expression 0 from:
    (bw (+ (- (- k 1) 0) 1) (and (bw (+ (- (- k 1) 0) 1) (>> (bw m (and (bw m "%x") (bw m C1))) (bw 1 0))) (bw k C2)))
    to:
    (bw (+ (- (- k 1) 0) 1) (and (bw (+ (- (- k 1) 0) 1) (>> (bw m (and (bw m var_x) (bw m C1))) (bw 1 0))) (bw k C2)))
[2026-03-27T17:16:40Z WARN  parabit] Sanitised input expression 0 from:
    (bw (+ (- (- k 1) 0) 1) (and (bw (+ (- (- k 1) 0) 1) (>> (bw m "%x") (bw 1 0))) (bw (+ (- (- k 1) 0) 1) (and (bw (+ (- (- k 1) 0) 1) (>> (bw m C1) (bw 1 0))) (bw k C2)))))
    to:
    (bw (+ (- (- k 1) 0) 1) (and (bw (+ (- (- k 1) 0) 1) (>> (bw m var_x) (bw 1 0))) (bw (+ (- (- k 1) 0) 1) (and (bw (+ (- (- k 1) 0) 1) (>> (bw m C1) (bw 1 0))) (bw k C2)))))
[2026-03-27T17:16:40Z INFO  parabit] Running parabit on file: AndOrXor_1207_values_0
[2026-03-27T17:16:40Z INFO  parabit] Iteration 0: 30 nodes, 28 classes
[2026-03-27T17:16:40Z INFO  parabit] Iteration 1: 93 nodes, 59 classes
[2026-03-27T17:16:40Z INFO  parabit] Iteration 2: 146 nodes, 62 classes
[2026-03-27T17:16:40Z INFO  parabit] Iteration 3: 190 nodes, 64 classes
[2026-03-27T17:16:40Z INFO  parabit] Iteration 4: 296 nodes, 74 classes
[2026-03-27T17:16:40Z INFO  parabit] Iteration 5: 488 nodes, 85 classes
[2026-03-27T17:16:40Z INFO  parabit] Iteration 6: 1238 nodes, 141 classes
[2026-03-27T17:16:40Z INFO  parabit] Iteration 0: 30 nodes, 28 classes
[2026-03-27T17:16:40Z INFO  parabit] Iteration 1: 93 nodes, 59 classes
[2026-03-27T17:16:40Z INFO  parabit] Iteration 2: 146 nodes, 62 classes
[2026-03-27T17:16:40Z INFO  parabit] Iteration 3: 190 nodes, 64 classes
[2026-03-27T17:16:40Z INFO  parabit] Iteration 4: 296 nodes, 74 classes
[2026-03-27T17:16:40Z INFO  parabit] Iteration 5: 488 nodes, 85 classes
[2026-03-27T17:16:40Z INFO  parabit] Iteration 6: 1238 nodes, 141 classes
[2026-03-27T17:16:40Z INFO  parabit] Iteration 0: 30 nodes, 28 classes
[2026-03-27T17:16:40Z INFO  parabit] Iteration 1: 93 nodes, 59 classes
[2026-03-27T17:16:40Z INFO  parabit] Iteration 2: 146 nodes, 62 classes
[2026-03-27T17:16:40Z INFO  parabit] Iteration 3: 190 nodes, 64 classes
[2026-03-27T17:16:40Z INFO  parabit] Iteration 4: 296 nodes, 74 classes
[2026-03-27T17:16:40Z INFO  parabit] Iteration 5: 488 nodes, 85 classes
[2026-03-27T17:16:40Z INFO  parabit] Iteration 6: 1238 nodes, 141 classes
[2026-03-27T17:16:40Z INFO  parabit] Iteration 0: 30 nodes, 28 classes
[2026-03-27T17:16:40Z INFO  parabit] Iteration 1: 93 nodes, 59 classes
[2026-03-27T17:16:40Z INFO  parabit] Iteration 2: 146 nodes, 62 classes
[2026-03-27T17:16:40Z INFO  parabit] Iteration 3: 190 nodes, 64 classes
[2026-03-27T17:16:40Z INFO  parabit] Iteration 4: 296 nodes, 74 classes
[2026-03-27T17:16:40Z INFO  parabit] Iteration 5: 488 nodes, 85 classes
[2026-03-27T17:16:40Z INFO  parabit] Iteration 6: 1238 nodes, 141 classes
[2026-03-27T17:16:40Z INFO  parabit] Iteration 0: 30 nodes, 28 classes
[2026-03-27T17:16:40Z INFO  parabit] Iteration 1: 93 nodes, 59 classes
[2026-03-27T17:16:40Z INFO  parabit] Iteration 2: 146 nodes, 62 classes
[2026-03-27T17:16:40Z INFO  parabit] Iteration 3: 190 nodes, 64 classes
[2026-03-27T17:16:40Z INFO  parabit] Iteration 4: 296 nodes, 74 classes
[2026-03-27T17:16:40Z INFO  parabit] Iteration 5: 488 nodes, 85 classes
[2026-03-27T17:16:40Z INFO  parabit] Iteration 6: 1238 nodes, 141 classes
[2026-03-27T17:16:40Z INFO  parabit] Iteration 0: 30 nodes, 28 classes
[2026-03-27T17:16:40Z INFO  parabit] Iteration 1: 93 nodes, 59 classes
[2026-03-27T17:16:40Z INFO  parabit] Iteration 2: 146 nodes, 62 classes
[2026-03-27T17:16:40Z INFO  parabit] Iteration 3: 190 nodes, 64 classes
[2026-03-27T17:16:40Z INFO  parabit] Iteration 4: 296 nodes, 74 classes
[2026-03-27T17:16:40Z INFO  parabit] Iteration 5: 488 nodes, 85 classes
[2026-03-27T17:16:40Z INFO  parabit] Iteration 6: 1238 nodes, 141 classes
[2026-03-27T17:16:41Z INFO  parabit] Iteration 0: 30 nodes, 28 classes
[2026-03-27T17:16:41Z INFO  parabit] Iteration 1: 93 nodes, 59 classes
[2026-03-27T17:16:41Z INFO  parabit] Iteration 2: 146 nodes, 62 classes
[2026-03-27T17:16:41Z INFO  parabit] Iteration 3: 190 nodes, 64 classes
[2026-03-27T17:16:41Z INFO  parabit] Iteration 4: 296 nodes, 74 classes
[2026-03-27T17:16:41Z INFO  parabit] Iteration 5: 488 nodes, 85 classes
[2026-03-27T17:16:41Z INFO  parabit] Iteration 6: 1238 nodes, 141 classes
[2026-03-27T17:16:41Z INFO  parabit] Iteration 0: 30 nodes, 28 classes
[2026-03-27T17:16:41Z INFO  parabit] Iteration 1: 93 nodes, 59 classes
[2026-03-27T17:16:41Z INFO  parabit] Iteration 2: 146 nodes, 62 classes
[2026-03-27T17:16:41Z INFO  parabit] Iteration 3: 190 nodes, 64 classes
[2026-03-27T17:16:41Z INFO  parabit] Iteration 4: 296 nodes, 74 classes
[2026-03-27T17:16:41Z INFO  parabit] Iteration 5: 488 nodes, 85 classes
[2026-03-27T17:16:41Z INFO  parabit] Iteration 6: 1238 nodes, 141 classes
[2026-03-27T17:16:41Z INFO  parabit] Iteration 0: 30 nodes, 28 classes
[2026-03-27T17:16:41Z INFO  parabit] Iteration 1: 93 nodes, 59 classes
[2026-03-27T17:16:41Z INFO  parabit] Iteration 2: 146 nodes, 62 classes
[2026-03-27T17:16:41Z INFO  parabit] Iteration 3: 190 nodes, 64 classes
[2026-03-27T17:16:41Z INFO  parabit] Iteration 4: 296 nodes, 74 classes
[2026-03-27T17:16:41Z INFO  parabit] Iteration 5: 488 nodes, 85 classes
[2026-03-27T17:16:41Z INFO  parabit] Iteration 6: 1238 nodes, 141 classes
[2026-03-27T17:16:41Z INFO  parabit] Iteration 0: 30 nodes, 28 classes
[2026-03-27T17:16:41Z INFO  parabit] Iteration 1: 93 nodes, 59 classes
[2026-03-27T17:16:41Z INFO  parabit] Iteration 2: 146 nodes, 62 classes
[2026-03-27T17:16:41Z INFO  parabit] Iteration 3: 190 nodes, 64 classes
[2026-03-27T17:16:41Z INFO  parabit] Iteration 4: 296 nodes, 74 classes
[2026-03-27T17:16:41Z INFO  parabit] Iteration 5: 488 nodes, 85 classes
[2026-03-27T17:16:41Z INFO  parabit] Iteration 6: 1238 nodes, 141 classes
[2026-03-27T17:16:41Z INFO  parabit] Iteration 0: 30 nodes, 28 classes
[2026-03-27T17:16:41Z INFO  parabit] Iteration 1: 93 nodes, 59 classes
[2026-03-27T17:16:41Z INFO  parabit] Iteration 2: 146 nodes, 62 classes
[2026-03-27T17:16:41Z INFO  parabit] Iteration 3: 190 nodes, 64 classes
[2026-03-27T17:16:41Z INFO  parabit] Iteration 4: 296 nodes, 74 classes
[2026-03-27T17:16:41Z INFO  parabit] Iteration 5: 488 nodes, 85 classes
[2026-03-27T17:16:41Z INFO  parabit] Iteration 6: 1238 nodes, 141 classes
[2026-03-27T17:16:41Z INFO  parabit] Iteration 0: 30 nodes, 28 classes
[2026-03-27T17:16:41Z INFO  parabit] Iteration 1: 93 nodes, 59 classes
[2026-03-27T17:16:41Z INFO  parabit] Iteration 2: 146 nodes, 62 classes
[2026-03-27T17:16:41Z INFO  parabit] Iteration 3: 190 nodes, 64 classes
[2026-03-27T17:16:41Z INFO  parabit] Iteration 4: 296 nodes, 74 classes
[2026-03-27T17:16:41Z INFO  parabit] Iteration 5: 488 nodes, 85 classes
[2026-03-27T17:16:41Z INFO  parabit] Iteration 6: 1238 nodes, 141 classes
[2026-03-27T17:16:41Z INFO  parabit] Iteration 0: 30 nodes, 28 classes
[2026-03-27T17:16:41Z INFO  parabit] Iteration 1: 93 nodes, 59 classes
[2026-03-27T17:16:41Z INFO  parabit] Iteration 2: 146 nodes, 62 classes
[2026-03-27T17:16:41Z INFO  parabit] Iteration 3: 190 nodes, 64 classes
[2026-03-27T17:16:41Z INFO  parabit] Iteration 4: 296 nodes, 74 classes
[2026-03-27T17:16:41Z INFO  parabit] Iteration 5: 488 nodes, 85 classes
[2026-03-27T17:16:41Z INFO  parabit] Iteration 6: 1238 nodes, 141 classes
[2026-03-27T17:16:41Z INFO  parabit] Iteration 0: 30 nodes, 28 classes
[2026-03-27T17:16:41Z INFO  parabit] Iteration 1: 93 nodes, 59 classes
[2026-03-27T17:16:41Z INFO  parabit] Iteration 2: 146 nodes, 62 classes
[2026-03-27T17:16:41Z INFO  parabit] Iteration 3: 190 nodes, 64 classes
[2026-03-27T17:16:41Z INFO  parabit] Iteration 4: 296 nodes, 74 classes
[2026-03-27T17:16:41Z INFO  parabit] Iteration 5: 488 nodes, 85 classes
[2026-03-27T17:16:41Z INFO  parabit] Iteration 6: 1238 nodes, 141 classes
[2026-03-27T17:16:41Z INFO  parabit] Iteration 0: 30 nodes, 28 classes
[2026-03-27T17:16:41Z INFO  parabit] Iteration 1: 93 nodes, 59 classes
[2026-03-27T17:16:41Z INFO  parabit] Iteration 2: 146 nodes, 62 classes
[2026-03-27T17:16:41Z INFO  parabit] Iteration 3: 190 nodes, 64 classes
[2026-03-27T17:16:41Z INFO  parabit] Iteration 4: 296 nodes, 74 classes
[2026-03-27T17:16:41Z INFO  parabit] Iteration 5: 488 nodes, 85 classes
[2026-03-27T17:16:41Z INFO  parabit] Iteration 6: 1238 nodes, 141 classes
[2026-03-27T17:16:41Z INFO  parabit] Iteration 0: 30 nodes, 28 classes
[2026-03-27T17:16:41Z INFO  parabit] Iteration 1: 93 nodes, 59 classes
[2026-03-27T17:16:41Z INFO  parabit] Iteration 2: 146 nodes, 62 classes
[2026-03-27T17:16:41Z INFO  parabit] Iteration 3: 190 nodes, 64 classes
[2026-03-27T17:16:41Z INFO  parabit] Iteration 4: 296 nodes, 74 classes
[2026-03-27T17:16:41Z INFO  parabit] Iteration 5: 488 nodes, 85 classes
[2026-03-27T17:16:41Z INFO  parabit] Iteration 6: 1238 nodes, 141 classes
[2026-03-27T17:16:41Z INFO  parabit] Iteration 0: 30 nodes, 28 classes
[2026-03-27T17:16:41Z INFO  parabit] Iteration 1: 93 nodes, 59 classes
[2026-03-27T17:16:41Z INFO  parabit] Iteration 2: 146 nodes, 62 classes
[2026-03-27T17:16:41Z INFO  parabit] Iteration 3: 190 nodes, 64 classes
[2026-03-27T17:16:41Z INFO  parabit] Iteration 4: 296 nodes, 74 classes
[2026-03-27T17:16:41Z INFO  parabit] Iteration 5: 488 nodes, 85 classes
[2026-03-27T17:16:41Z INFO  parabit] Iteration 6: 1238 nodes, 141 classes
[2026-03-27T17:16:41Z INFO  parabit] Iteration 0: 30 nodes, 28 classes
[2026-03-27T17:16:41Z INFO  parabit] Iteration 1: 93 nodes, 59 classes
[2026-03-27T17:16:41Z INFO  parabit] Iteration 2: 146 nodes, 62 classes
[2026-03-27T17:16:41Z INFO  parabit] Iteration 3: 190 nodes, 64 classes
[2026-03-27T17:16:41Z INFO  parabit] Iteration 4: 296 nodes, 74 classes
[2026-03-27T17:16:41Z INFO  parabit] Iteration 5: 488 nodes, 85 classes
[2026-03-27T17:16:41Z INFO  parabit] Iteration 6: 1238 nodes, 141 classes
[2026-03-27T17:16:41Z INFO  parabit] Iteration 0: 30 nodes, 28 classes
[2026-03-27T17:16:41Z INFO  parabit] Iteration 1: 93 nodes, 59 classes
[2026-03-27T17:16:41Z INFO  parabit] Iteration 2: 146 nodes, 62 classes
[2026-03-27T17:16:41Z INFO  parabit] Iteration 3: 190 nodes, 64 classes
[2026-03-27T17:16:41Z INFO  parabit] Iteration 4: 296 nodes, 74 classes
[2026-03-27T17:16:41Z INFO  parabit] Iteration 5: 488 nodes, 85 classes
[2026-03-27T17:16:41Z INFO  parabit] Iteration 6: 1238 nodes, 141 classes
[2026-03-27T17:16:41Z INFO  parabit] Iteration 0: 30 nodes, 28 classes
[2026-03-27T17:16:41Z INFO  parabit] Iteration 1: 93 nodes, 59 classes
[2026-03-27T17:16:41Z INFO  parabit] Iteration 2: 146 nodes, 62 classes
[2026-03-27T17:16:41Z INFO  parabit] Iteration 3: 190 nodes, 64 classes
[2026-03-27T17:16:41Z INFO  parabit] Iteration 4: 296 nodes, 74 classes
[2026-03-27T17:16:41Z INFO  parabit] Iteration 5: 488 nodes, 85 classes
[2026-03-27T17:16:41Z INFO  parabit] Iteration 6: 1238 nodes, 141 classes
[2026-03-27T17:16:41Z INFO  parabit] Iteration 0: 30 nodes, 28 classes
[2026-03-27T17:16:41Z INFO  parabit] Iteration 1: 93 nodes, 59 classes
[2026-03-27T17:16:41Z INFO  parabit] Iteration 2: 146 nodes, 62 classes
[2026-03-27T17:16:41Z INFO  parabit] Iteration 3: 190 nodes, 64 classes
[2026-03-27T17:16:41Z INFO  parabit] Iteration 4: 296 nodes, 74 classes
[2026-03-27T17:16:41Z INFO  parabit] Iteration 5: 488 nodes, 85 classes
[2026-03-27T17:16:41Z INFO  parabit] Iteration 6: 1238 nodes, 141 classes
[2026-03-27T17:16:41Z INFO  parabit] Iteration 0: 30 nodes, 28 classes
[2026-03-27T17:16:41Z INFO  parabit] Iteration 1: 93 nodes, 59 classes
[2026-03-27T17:16:41Z INFO  parabit] Iteration 2: 146 nodes, 62 classes
[2026-03-27T17:16:41Z INFO  parabit] Iteration 3: 190 nodes, 64 classes
[2026-03-27T17:16:41Z INFO  parabit] Iteration 4: 296 nodes, 74 classes
[2026-03-27T17:16:41Z INFO  parabit] Iteration 5: 488 nodes, 85 classes
[2026-03-27T17:16:41Z INFO  parabit] Iteration 6: 1238 nodes, 141 classes
[2026-03-27T17:16:41Z INFO  parabit] Iteration 0: 30 nodes, 28 classes
[2026-03-27T17:16:41Z INFO  parabit] Iteration 1: 93 nodes, 59 classes
[2026-03-27T17:16:41Z INFO  parabit] Iteration 2: 146 nodes, 62 classes
[2026-03-27T17:16:41Z INFO  parabit] Iteration 3: 190 nodes, 64 classes
[2026-03-27T17:16:41Z INFO  parabit] Iteration 4: 296 nodes, 74 classes
[2026-03-27T17:16:41Z INFO  parabit] Iteration 5: 488 nodes, 85 classes
[2026-03-27T17:16:41Z INFO  parabit] Iteration 6: 1238 nodes, 141 classes
[2026-03-27T17:16:41Z INFO  parabit] Iteration 0: 30 nodes, 28 classes
[2026-03-27T17:16:41Z INFO  parabit] Iteration 1: 93 nodes, 59 classes
[2026-03-27T17:16:41Z INFO  parabit] Iteration 2: 146 nodes, 62 classes
[2026-03-27T17:16:41Z INFO  parabit] Iteration 3: 190 nodes, 64 classes
[2026-03-27T17:16:41Z INFO  parabit] Iteration 4: 296 nodes, 74 classes
[2026-03-27T17:16:41Z INFO  parabit] Iteration 5: 488 nodes, 85 classes
[2026-03-27T17:16:41Z INFO  parabit] Iteration 6: 1238 nodes, 141 classes
[2026-03-27T17:16:41Z INFO  parabit] Iteration 0: 30 nodes, 28 classes
[2026-03-27T17:16:41Z INFO  parabit] Iteration 1: 93 nodes, 59 classes
[2026-03-27T17:16:41Z INFO  parabit] Iteration 2: 146 nodes, 62 classes
[2026-03-27T17:16:41Z INFO  parabit] Iteration 3: 190 nodes, 64 classes
[2026-03-27T17:16:41Z INFO  parabit] Iteration 4: 296 nodes, 74 classes
[2026-03-27T17:16:41Z INFO  parabit] Iteration 5: 488 nodes, 85 classes
[2026-03-27T17:16:41Z INFO  parabit] Iteration 6: 1238 nodes, 141 classes
[2026-03-27T17:16:41Z INFO  parabit] Iteration 0: 30 nodes, 28 classes
[2026-03-27T17:16:41Z INFO  parabit] Iteration 1: 93 nodes, 59 classes
[2026-03-27T17:16:41Z INFO  parabit] Iteration 2: 146 nodes, 62 classes
[2026-03-27T17:16:41Z INFO  parabit] Iteration 3: 190 nodes, 64 classes
[2026-03-27T17:16:41Z INFO  parabit] Iteration 4: 296 nodes, 74 classes
[2026-03-27T17:16:41Z INFO  parabit] Iteration 5: 488 nodes, 85 classes
[2026-03-27T17:16:41Z INFO  parabit] Iteration 6: 1238 nodes, 141 classes
{"elapsed":1.05, "maxrss":17096}
