[2026-03-27T17:16:42Z WARN  parabit] Sanitised input expression 0 from:
    (bw k (or (bw k (xor (bw k "%x") (bw k C1))) (bw k C)))
    to:
    (bw k (or (bw k (xor (bw k var_x) (bw k C1))) (bw k C)))
[2026-03-27T17:16:42Z WARN  parabit] Sanitised input expression 0 from:
    (bw k (xor (bw k (or (bw k "%x") (bw k C))) (bw k (and (bw k C1) (bw k (not (bw k C)))))))
    to:
    (bw k (xor (bw k (or (bw k var_x) (bw k C))) (bw k (and (bw k C1) (bw k (not (bw k C)))))))
[2026-03-27T17:16:42Z INFO  parabit] Running parabit on file: AndOrXor_2063_values_0
[2026-03-27T17:16:42Z INFO  parabit] Iteration 0: 20 nodes, 20 classes
[2026-03-27T17:16:42Z INFO  parabit] Iteration 1: 77 nodes, 43 classes
[2026-03-27T17:16:42Z INFO  parabit] Iteration 2: 128 nodes, 68 classes
[2026-03-27T17:16:42Z INFO  parabit] Iteration 3: 222 nodes, 85 classes
[2026-03-27T17:16:42Z INFO  parabit] Iteration 4: 396 nodes, 148 classes
[2026-03-27T17:16:42Z INFO  parabit] Iteration 5: 862 nodes, 275 classes
[2026-03-27T17:16:42Z INFO  parabit] Iteration 6: 2031 nodes, 363 classes
[2026-03-27T17:16:42Z INFO  parabit] Iteration 7: 4867 nodes, 1104 classes
[2026-03-27T17:16:42Z INFO  parabit] Iteration 0: 20 nodes, 20 classes
[2026-03-27T17:16:42Z INFO  parabit] Iteration 1: 77 nodes, 43 classes
[2026-03-27T17:16:42Z INFO  parabit] Iteration 2: 128 nodes, 68 classes
[2026-03-27T17:16:42Z INFO  parabit] Iteration 3: 222 nodes, 85 classes
[2026-03-27T17:16:42Z INFO  parabit] Iteration 4: 396 nodes, 148 classes
[2026-03-27T17:16:42Z INFO  parabit] Iteration 5: 862 nodes, 275 classes
[2026-03-27T17:16:42Z INFO  parabit] Iteration 6: 2031 nodes, 363 classes
[2026-03-27T17:16:42Z INFO  parabit] Iteration 7: 4867 nodes, 1104 classes
[2026-03-27T17:16:42Z INFO  parabit] Iteration 0: 20 nodes, 20 classes
[2026-03-27T17:16:42Z INFO  parabit] Iteration 1: 77 nodes, 43 classes
[2026-03-27T17:16:42Z INFO  parabit] Iteration 2: 128 nodes, 68 classes
[2026-03-27T17:16:42Z INFO  parabit] Iteration 3: 222 nodes, 85 classes
[2026-03-27T17:16:42Z INFO  parabit] Iteration 4: 396 nodes, 148 classes
[2026-03-27T17:16:42Z INFO  parabit] Iteration 5: 862 nodes, 275 classes
[2026-03-27T17:16:42Z INFO  parabit] Iteration 6: 2031 nodes, 363 classes
[2026-03-27T17:16:42Z INFO  parabit] Iteration 7: 4867 nodes, 1104 classes
[2026-03-27T17:16:42Z INFO  parabit] Iteration 0: 20 nodes, 20 classes
[2026-03-27T17:16:42Z INFO  parabit] Iteration 1: 77 nodes, 43 classes
[2026-03-27T17:16:42Z INFO  parabit] Iteration 2: 128 nodes, 68 classes
[2026-03-27T17:16:42Z INFO  parabit] Iteration 3: 222 nodes, 85 classes
[2026-03-27T17:16:42Z INFO  parabit] Iteration 4: 396 nodes, 148 classes
[2026-03-27T17:16:42Z INFO  parabit] Iteration 5: 862 nodes, 275 classes
[2026-03-27T17:16:42Z INFO  parabit] Iteration 6: 2031 nodes, 363 classes
[2026-03-27T17:16:42Z INFO  parabit] Iteration 7: 4867 nodes, 1104 classes
[2026-03-27T17:16:42Z INFO  parabit] Iteration 0: 20 nodes, 20 classes
[2026-03-27T17:16:42Z INFO  parabit] Iteration 1: 77 nodes, 43 classes
[2026-03-27T17:16:42Z INFO  parabit] Iteration 2: 128 nodes, 68 classes
[2026-03-27T17:16:42Z INFO  parabit] Iteration 3: 222 nodes, 85 classes
[2026-03-27T17:16:42Z INFO  parabit] Iteration 4: 396 nodes, 148 classes
[2026-03-27T17:16:42Z INFO  parabit] Iteration 5: 862 nodes, 275 classes
[2026-03-27T17:16:42Z INFO  parabit] Iteration 6: 2031 nodes, 363 classes
[2026-03-27T17:16:42Z INFO  parabit] Iteration 7: 4867 nodes, 1104 classes
[2026-03-27T17:16:42Z INFO  parabit] Iteration 0: 20 nodes, 20 classes
[2026-03-27T17:16:42Z INFO  parabit] Iteration 1: 77 nodes, 43 classes
[2026-03-27T17:16:42Z INFO  parabit] Iteration 2: 128 nodes, 68 classes
[2026-03-27T17:16:42Z INFO  parabit] Iteration 3: 222 nodes, 85 classes
[2026-03-27T17:16:42Z INFO  parabit] Iteration 4: 396 nodes, 148 classes
[2026-03-27T17:16:42Z INFO  parabit] Iteration 5: 862 nodes, 275 classes
[2026-03-27T17:16:42Z INFO  parabit] Iteration 6: 2031 nodes, 363 classes
[2026-03-27T17:16:42Z INFO  parabit] Iteration 7: 4867 nodes, 1104 classes
[2026-03-27T17:16:42Z INFO  parabit] Iteration 0: 20 nodes, 20 classes
[2026-03-27T17:16:42Z INFO  parabit] Iteration 1: 77 nodes, 43 classes
[2026-03-27T17:16:42Z INFO  parabit] Iteration 2: 128 nodes, 68 classes
[2026-03-27T17:16:42Z INFO  parabit] Iteration 3: 222 nodes, 85 classes
[2026-03-27T17:16:42Z INFO  parabit] Iteration 4: 396 nodes, 148 classes
[2026-03-27T17:16:42Z INFO  parabit] Iteration 5: 862 nodes, 275 classes
[2026-03-27T17:16:42Z INFO  parabit] Iteration 6: 2031 nodes, 363 classes
[2026-03-27T17:16:42Z INFO  parabit] Iteration 7: 4867 nodes, 1104 classes
[2026-03-27T17:16:42Z INFO  parabit] Iteration 0: 20 nodes, 20 classes
[2026-03-27T17:16:42Z INFO  parabit] Iteration 1: 77 nodes, 43 classes
[2026-03-27T17:16:42Z INFO  parabit] Iteration 2: 128 nodes, 68 classes
[2026-03-27T17:16:42Z INFO  parabit] Iteration 3: 222 nodes, 85 classes
[2026-03-27T17:16:42Z INFO  parabit] Iteration 4: 396 nodes, 148 classes
[2026-03-27T17:16:42Z INFO  parabit] Iteration 5: 862 nodes, 275 classes
[2026-03-27T17:16:42Z INFO  parabit] Iteration 6: 2031 nodes, 363 classes
[2026-03-27T17:16:42Z INFO  parabit] Iteration 7: 4867 nodes, 1104 classes
[2026-03-27T17:16:42Z INFO  parabit] Iteration 0: 20 nodes, 20 classes
[2026-03-27T17:16:42Z INFO  parabit] Iteration 1: 77 nodes, 43 classes
[2026-03-27T17:16:42Z INFO  parabit] Iteration 2: 128 nodes, 68 classes
[2026-03-27T17:16:42Z INFO  parabit] Iteration 3: 222 nodes, 85 classes
[2026-03-27T17:16:42Z INFO  parabit] Iteration 4: 396 nodes, 148 classes
[2026-03-27T17:16:42Z INFO  parabit] Iteration 5: 862 nodes, 275 classes
[2026-03-27T17:16:42Z INFO  parabit] Iteration 6: 2031 nodes, 363 classes
[2026-03-27T17:16:42Z INFO  parabit] Iteration 7: 4867 nodes, 1104 classes
[2026-03-27T17:16:42Z INFO  parabit] Iteration 0: 20 nodes, 20 classes
[2026-03-27T17:16:42Z INFO  parabit] Iteration 1: 77 nodes, 43 classes
[2026-03-27T17:16:42Z INFO  parabit] Iteration 2: 128 nodes, 68 classes
[2026-03-27T17:16:42Z INFO  parabit] Iteration 3: 222 nodes, 85 classes
[2026-03-27T17:16:42Z INFO  parabit] Iteration 4: 396 nodes, 148 classes
[2026-03-27T17:16:42Z INFO  parabit] Iteration 5: 862 nodes, 275 classes
[2026-03-27T17:16:42Z INFO  parabit] Iteration 6: 2031 nodes, 363 classes
[2026-03-27T17:16:42Z INFO  parabit] Iteration 7: 4867 nodes, 1104 classes
[2026-03-27T17:16:42Z INFO  parabit] Iteration 0: 20 nodes, 20 classes
[2026-03-27T17:16:42Z INFO  parabit] Iteration 1: 77 nodes, 43 classes
[2026-03-27T17:16:42Z INFO  parabit] Iteration 2: 128 nodes, 68 classes
[2026-03-27T17:16:42Z INFO  parabit] Iteration 3: 222 nodes, 85 classes
[2026-03-27T17:16:42Z INFO  parabit] Iteration 4: 396 nodes, 148 classes
[2026-03-27T17:16:42Z INFO  parabit] Iteration 5: 862 nodes, 275 classes
[2026-03-27T17:16:42Z INFO  parabit] Iteration 6: 2031 nodes, 363 classes
[2026-03-27T17:16:42Z INFO  parabit] Iteration 7: 4867 nodes, 1104 classes
[2026-03-27T17:16:42Z INFO  parabit] Iteration 0: 20 nodes, 20 classes
[2026-03-27T17:16:42Z INFO  parabit] Iteration 1: 77 nodes, 43 classes
[2026-03-27T17:16:42Z INFO  parabit] Iteration 2: 128 nodes, 68 classes
[2026-03-27T17:16:42Z INFO  parabit] Iteration 3: 222 nodes, 85 classes
[2026-03-27T17:16:42Z INFO  parabit] Iteration 4: 396 nodes, 148 classes
[2026-03-27T17:16:42Z INFO  parabit] Iteration 5: 862 nodes, 275 classes
[2026-03-27T17:16:42Z INFO  parabit] Iteration 6: 2031 nodes, 363 classes
[2026-03-27T17:16:42Z INFO  parabit] Iteration 7: 4867 nodes, 1104 classes
[2026-03-27T17:16:42Z INFO  parabit] Iteration 0: 20 nodes, 20 classes
[2026-03-27T17:16:42Z INFO  parabit] Iteration 1: 77 nodes, 43 classes
[2026-03-27T17:16:42Z INFO  parabit] Iteration 2: 128 nodes, 68 classes
[2026-03-27T17:16:42Z INFO  parabit] Iteration 3: 222 nodes, 85 classes
[2026-03-27T17:16:42Z INFO  parabit] Iteration 4: 396 nodes, 148 classes
[2026-03-27T17:16:42Z INFO  parabit] Iteration 5: 862 nodes, 275 classes
[2026-03-27T17:16:42Z INFO  parabit] Iteration 6: 2031 nodes, 363 classes
[2026-03-27T17:16:42Z INFO  parabit] Iteration 7: 4867 nodes, 1104 classes
[2026-03-27T17:16:43Z INFO  parabit] Iteration 0: 20 nodes, 20 classes
[2026-03-27T17:16:43Z INFO  parabit] Iteration 1: 77 nodes, 43 classes
[2026-03-27T17:16:43Z INFO  parabit] Iteration 2: 128 nodes, 68 classes
[2026-03-27T17:16:43Z INFO  parabit] Iteration 3: 222 nodes, 85 classes
[2026-03-27T17:16:43Z INFO  parabit] Iteration 4: 396 nodes, 148 classes
[2026-03-27T17:16:43Z INFO  parabit] Iteration 5: 862 nodes, 275 classes
[2026-03-27T17:16:43Z INFO  parabit] Iteration 6: 2031 nodes, 363 classes
[2026-03-27T17:16:43Z INFO  parabit] Iteration 7: 4867 nodes, 1104 classes
[2026-03-27T17:16:43Z INFO  parabit] Iteration 0: 20 nodes, 20 classes
[2026-03-27T17:16:43Z INFO  parabit] Iteration 1: 77 nodes, 43 classes
[2026-03-27T17:16:43Z INFO  parabit] Iteration 2: 128 nodes, 68 classes
[2026-03-27T17:16:43Z INFO  parabit] Iteration 3: 222 nodes, 85 classes
[2026-03-27T17:16:43Z INFO  parabit] Iteration 4: 396 nodes, 148 classes
[2026-03-27T17:16:43Z INFO  parabit] Iteration 5: 862 nodes, 275 classes
[2026-03-27T17:16:43Z INFO  parabit] Iteration 6: 2031 nodes, 363 classes
[2026-03-27T17:16:43Z INFO  parabit] Iteration 7: 4867 nodes, 1104 classes
[2026-03-27T17:16:43Z INFO  parabit] Iteration 0: 20 nodes, 20 classes
[2026-03-27T17:16:43Z INFO  parabit] Iteration 1: 77 nodes, 43 classes
[2026-03-27T17:16:43Z INFO  parabit] Iteration 2: 128 nodes, 68 classes
[2026-03-27T17:16:43Z INFO  parabit] Iteration 3: 222 nodes, 85 classes
[2026-03-27T17:16:43Z INFO  parabit] Iteration 4: 396 nodes, 148 classes
[2026-03-27T17:16:43Z INFO  parabit] Iteration 5: 862 nodes, 275 classes
[2026-03-27T17:16:43Z INFO  parabit] Iteration 6: 2031 nodes, 363 classes
[2026-03-27T17:16:43Z INFO  parabit] Iteration 7: 4867 nodes, 1104 classes
[2026-03-27T17:16:43Z INFO  parabit] Iteration 0: 20 nodes, 20 classes
[2026-03-27T17:16:43Z INFO  parabit] Iteration 1: 77 nodes, 43 classes
[2026-03-27T17:16:43Z INFO  parabit] Iteration 2: 128 nodes, 68 classes
[2026-03-27T17:16:43Z INFO  parabit] Iteration 3: 222 nodes, 85 classes
[2026-03-27T17:16:43Z INFO  parabit] Iteration 4: 396 nodes, 148 classes
[2026-03-27T17:16:43Z INFO  parabit] Iteration 5: 862 nodes, 275 classes
[2026-03-27T17:16:43Z INFO  parabit] Iteration 6: 2031 nodes, 363 classes
[2026-03-27T17:16:43Z INFO  parabit] Iteration 7: 4867 nodes, 1104 classes
[2026-03-27T17:16:43Z INFO  parabit] Iteration 0: 20 nodes, 20 classes
[2026-03-27T17:16:43Z INFO  parabit] Iteration 1: 77 nodes, 43 classes
[2026-03-27T17:16:43Z INFO  parabit] Iteration 2: 128 nodes, 68 classes
[2026-03-27T17:16:43Z INFO  parabit] Iteration 3: 222 nodes, 85 classes
[2026-03-27T17:16:43Z INFO  parabit] Iteration 4: 396 nodes, 148 classes
[2026-03-27T17:16:43Z INFO  parabit] Iteration 5: 862 nodes, 275 classes
[2026-03-27T17:16:43Z INFO  parabit] Iteration 6: 2031 nodes, 363 classes
[2026-03-27T17:16:43Z INFO  parabit] Iteration 7: 4867 nodes, 1104 classes
[2026-03-27T17:16:43Z INFO  parabit] Iteration 0: 20 nodes, 20 classes
[2026-03-27T17:16:43Z INFO  parabit] Iteration 1: 77 nodes, 43 classes
[2026-03-27T17:16:43Z INFO  parabit] Iteration 2: 128 nodes, 68 classes
[2026-03-27T17:16:43Z INFO  parabit] Iteration 3: 222 nodes, 85 classes
[2026-03-27T17:16:43Z INFO  parabit] Iteration 4: 396 nodes, 148 classes
[2026-03-27T17:16:43Z INFO  parabit] Iteration 5: 862 nodes, 275 classes
[2026-03-27T17:16:43Z INFO  parabit] Iteration 6: 2031 nodes, 363 classes
[2026-03-27T17:16:43Z INFO  parabit] Iteration 7: 4867 nodes, 1104 classes
{"elapsed":1.06, "maxrss":19508}
