[2026-04-20T10:47:03Z WARN  parabit] Sanitised input expression 0 from:
    (bw k (xor (bw k (and (bw k "%a") (bw k "%b"))) (bw k (or (bw k "%a") (bw k "%b")))))
    to:
    (bw k (xor (bw k (and (bw k var_a) (bw k var_b))) (bw k (or (bw k var_a) (bw k var_b)))))
[2026-04-20T10:47:03Z WARN  parabit] Sanitised input expression 0 from:
    (bw k (xor (bw k "%a") (bw k "%b")))
    to:
    (bw k (xor (bw k var_a) (bw k var_b)))
[2026-04-20T10:47:03Z INFO  parabit] Running parabit on file: AndOrXor_2595_values_0
[2026-04-20T10:47:03Z INFO  parabit] Iteration 0: 14 nodes, 14 classes
[2026-04-20T10:47:03Z INFO  parabit] Iteration 1: 59 nodes, 32 classes
[2026-04-20T10:47:04Z INFO  parabit] Iteration 2: 102 nodes, 52 classes
[2026-04-20T10:47:04Z INFO  parabit] Iteration 3: 187 nodes, 70 classes
[2026-04-20T10:47:04Z INFO  parabit] Iteration 4: 336 nodes, 110 classes
[2026-04-20T10:47:04Z INFO  parabit] Iteration 5: 749 nodes, 147 classes
[2026-04-20T10:47:04Z INFO  parabit] Iteration 0: 14 nodes, 14 classes
[2026-04-20T10:47:04Z INFO  parabit] Iteration 1: 59 nodes, 32 classes
[2026-04-20T10:47:04Z INFO  parabit] Iteration 2: 102 nodes, 52 classes
[2026-04-20T10:47:04Z INFO  parabit] Iteration 3: 187 nodes, 70 classes
[2026-04-20T10:47:04Z INFO  parabit] Iteration 4: 336 nodes, 110 classes
[2026-04-20T10:47:04Z INFO  parabit] Iteration 5: 749 nodes, 147 classes
[2026-04-20T10:47:04Z INFO  parabit] Iteration 0: 14 nodes, 14 classes
[2026-04-20T10:47:04Z INFO  parabit] Iteration 1: 59 nodes, 32 classes
[2026-04-20T10:47:04Z INFO  parabit] Iteration 2: 102 nodes, 52 classes
[2026-04-20T10:47:04Z INFO  parabit] Iteration 3: 187 nodes, 70 classes
[2026-04-20T10:47:04Z INFO  parabit] Iteration 4: 336 nodes, 110 classes
[2026-04-20T10:47:04Z INFO  parabit] Iteration 5: 749 nodes, 147 classes
[2026-04-20T10:47:04Z INFO  parabit] Iteration 0: 14 nodes, 14 classes
[2026-04-20T10:47:04Z INFO  parabit] Iteration 1: 59 nodes, 32 classes
[2026-04-20T10:47:04Z INFO  parabit] Iteration 2: 102 nodes, 52 classes
[2026-04-20T10:47:04Z INFO  parabit] Iteration 3: 187 nodes, 70 classes
[2026-04-20T10:47:04Z INFO  parabit] Iteration 4: 336 nodes, 110 classes
[2026-04-20T10:47:04Z INFO  parabit] Iteration 5: 749 nodes, 147 classes
[2026-04-20T10:47:04Z INFO  parabit] Iteration 0: 14 nodes, 14 classes
[2026-04-20T10:47:04Z INFO  parabit] Iteration 1: 59 nodes, 32 classes
[2026-04-20T10:47:04Z INFO  parabit] Iteration 2: 102 nodes, 52 classes
[2026-04-20T10:47:04Z INFO  parabit] Iteration 3: 187 nodes, 70 classes
[2026-04-20T10:47:04Z INFO  parabit] Iteration 4: 336 nodes, 110 classes
[2026-04-20T10:47:04Z INFO  parabit] Iteration 5: 749 nodes, 147 classes
[2026-04-20T10:47:04Z INFO  parabit] Iteration 0: 14 nodes, 14 classes
[2026-04-20T10:47:04Z INFO  parabit] Iteration 1: 59 nodes, 32 classes
[2026-04-20T10:47:04Z INFO  parabit] Iteration 2: 102 nodes, 52 classes
[2026-04-20T10:47:04Z INFO  parabit] Iteration 3: 187 nodes, 70 classes
[2026-04-20T10:47:04Z INFO  parabit] Iteration 4: 336 nodes, 110 classes
[2026-04-20T10:47:04Z INFO  parabit] Iteration 5: 749 nodes, 147 classes
[2026-04-20T10:47:04Z INFO  parabit] Iteration 0: 14 nodes, 14 classes
[2026-04-20T10:47:04Z INFO  parabit] Iteration 1: 59 nodes, 32 classes
[2026-04-20T10:47:04Z INFO  parabit] Iteration 2: 102 nodes, 52 classes
[2026-04-20T10:47:04Z INFO  parabit] Iteration 3: 187 nodes, 70 classes
[2026-04-20T10:47:04Z INFO  parabit] Iteration 4: 336 nodes, 110 classes
[2026-04-20T10:47:04Z INFO  parabit] Iteration 5: 749 nodes, 147 classes
[2026-04-20T10:47:04Z INFO  parabit] Iteration 0: 14 nodes, 14 classes
[2026-04-20T10:47:04Z INFO  parabit] Iteration 1: 59 nodes, 32 classes
[2026-04-20T10:47:04Z INFO  parabit] Iteration 2: 102 nodes, 52 classes
[2026-04-20T10:47:04Z INFO  parabit] Iteration 3: 187 nodes, 70 classes
[2026-04-20T10:47:04Z INFO  parabit] Iteration 4: 336 nodes, 110 classes
[2026-04-20T10:47:04Z INFO  parabit] Iteration 5: 749 nodes, 147 classes
[2026-04-20T10:47:04Z INFO  parabit] Iteration 0: 14 nodes, 14 classes
[2026-04-20T10:47:04Z INFO  parabit] Iteration 1: 59 nodes, 32 classes
[2026-04-20T10:47:04Z INFO  parabit] Iteration 2: 102 nodes, 52 classes
[2026-04-20T10:47:04Z INFO  parabit] Iteration 3: 187 nodes, 70 classes
[2026-04-20T10:47:04Z INFO  parabit] Iteration 4: 336 nodes, 110 classes
[2026-04-20T10:47:04Z INFO  parabit] Iteration 5: 749 nodes, 147 classes
[2026-04-20T10:47:04Z INFO  parabit] Iteration 0: 14 nodes, 14 classes
[2026-04-20T10:47:04Z INFO  parabit] Iteration 1: 59 nodes, 32 classes
[2026-04-20T10:47:04Z INFO  parabit] Iteration 2: 102 nodes, 52 classes
[2026-04-20T10:47:04Z INFO  parabit] Iteration 3: 187 nodes, 70 classes
[2026-04-20T10:47:04Z INFO  parabit] Iteration 4: 336 nodes, 110 classes
[2026-04-20T10:47:04Z INFO  parabit] Iteration 5: 749 nodes, 147 classes
[2026-04-20T10:47:04Z INFO  parabit] Iteration 0: 14 nodes, 14 classes
[2026-04-20T10:47:04Z INFO  parabit] Iteration 1: 59 nodes, 32 classes
[2026-04-20T10:47:04Z INFO  parabit] Iteration 2: 102 nodes, 52 classes
[2026-04-20T10:47:04Z INFO  parabit] Iteration 3: 187 nodes, 70 classes
[2026-04-20T10:47:04Z INFO  parabit] Iteration 4: 336 nodes, 110 classes
[2026-04-20T10:47:04Z INFO  parabit] Iteration 5: 749 nodes, 147 classes
[2026-04-20T10:47:04Z INFO  parabit] Iteration 0: 14 nodes, 14 classes
[2026-04-20T10:47:04Z INFO  parabit] Iteration 1: 59 nodes, 32 classes
[2026-04-20T10:47:04Z INFO  parabit] Iteration 2: 102 nodes, 52 classes
[2026-04-20T10:47:04Z INFO  parabit] Iteration 3: 187 nodes, 70 classes
[2026-04-20T10:47:04Z INFO  parabit] Iteration 4: 336 nodes, 110 classes
[2026-04-20T10:47:04Z INFO  parabit] Iteration 5: 749 nodes, 147 classes
[2026-04-20T10:47:04Z INFO  parabit] Iteration 0: 14 nodes, 14 classes
[2026-04-20T10:47:04Z INFO  parabit] Iteration 1: 59 nodes, 32 classes
[2026-04-20T10:47:04Z INFO  parabit] Iteration 2: 102 nodes, 52 classes
[2026-04-20T10:47:04Z INFO  parabit] Iteration 3: 187 nodes, 70 classes
[2026-04-20T10:47:04Z INFO  parabit] Iteration 4: 336 nodes, 110 classes
[2026-04-20T10:47:04Z INFO  parabit] Iteration 5: 749 nodes, 147 classes
[2026-04-20T10:47:04Z INFO  parabit] Iteration 0: 14 nodes, 14 classes
[2026-04-20T10:47:04Z INFO  parabit] Iteration 1: 59 nodes, 32 classes
[2026-04-20T10:47:04Z INFO  parabit] Iteration 2: 102 nodes, 52 classes
[2026-04-20T10:47:04Z INFO  parabit] Iteration 3: 187 nodes, 70 classes
[2026-04-20T10:47:04Z INFO  parabit] Iteration 4: 336 nodes, 110 classes
[2026-04-20T10:47:04Z INFO  parabit] Iteration 5: 749 nodes, 147 classes
[2026-04-20T10:47:04Z INFO  parabit] Iteration 0: 14 nodes, 14 classes
[2026-04-20T10:47:04Z INFO  parabit] Iteration 1: 59 nodes, 32 classes
[2026-04-20T10:47:04Z INFO  parabit] Iteration 2: 102 nodes, 52 classes
[2026-04-20T10:47:04Z INFO  parabit] Iteration 3: 187 nodes, 70 classes
[2026-04-20T10:47:04Z INFO  parabit] Iteration 4: 336 nodes, 110 classes
[2026-04-20T10:47:04Z INFO  parabit] Iteration 5: 749 nodes, 147 classes
[2026-04-20T10:47:04Z INFO  parabit] Iteration 0: 14 nodes, 14 classes
[2026-04-20T10:47:04Z INFO  parabit] Iteration 1: 59 nodes, 32 classes
[2026-04-20T10:47:04Z INFO  parabit] Iteration 2: 102 nodes, 52 classes
[2026-04-20T10:47:04Z INFO  parabit] Iteration 3: 187 nodes, 70 classes
[2026-04-20T10:47:04Z INFO  parabit] Iteration 4: 336 nodes, 110 classes
[2026-04-20T10:47:04Z INFO  parabit] Iteration 5: 749 nodes, 147 classes
[2026-04-20T10:47:04Z INFO  parabit] Iteration 0: 14 nodes, 14 classes
[2026-04-20T10:47:04Z INFO  parabit] Iteration 1: 59 nodes, 32 classes
[2026-04-20T10:47:04Z INFO  parabit] Iteration 2: 102 nodes, 52 classes
[2026-04-20T10:47:04Z INFO  parabit] Iteration 3: 187 nodes, 70 classes
[2026-04-20T10:47:04Z INFO  parabit] Iteration 4: 336 nodes, 110 classes
[2026-04-20T10:47:04Z INFO  parabit] Iteration 5: 749 nodes, 147 classes
[2026-04-20T10:47:04Z INFO  parabit] Iteration 0: 14 nodes, 14 classes
[2026-04-20T10:47:04Z INFO  parabit] Iteration 1: 59 nodes, 32 classes
[2026-04-20T10:47:04Z INFO  parabit] Iteration 2: 102 nodes, 52 classes
[2026-04-20T10:47:04Z INFO  parabit] Iteration 3: 187 nodes, 70 classes
[2026-04-20T10:47:04Z INFO  parabit] Iteration 4: 336 nodes, 110 classes
[2026-04-20T10:47:04Z INFO  parabit] Iteration 5: 749 nodes, 147 classes
[2026-04-20T10:47:04Z INFO  parabit] Iteration 0: 14 nodes, 14 classes
[2026-04-20T10:47:04Z INFO  parabit] Iteration 1: 59 nodes, 32 classes
[2026-04-20T10:47:04Z INFO  parabit] Iteration 2: 102 nodes, 52 classes
[2026-04-20T10:47:04Z INFO  parabit] Iteration 3: 187 nodes, 70 classes
[2026-04-20T10:47:04Z INFO  parabit] Iteration 4: 336 nodes, 110 classes
[2026-04-20T10:47:04Z INFO  parabit] Iteration 5: 749 nodes, 147 classes
[2026-04-20T10:47:04Z INFO  parabit] Iteration 0: 14 nodes, 14 classes
[2026-04-20T10:47:04Z INFO  parabit] Iteration 1: 59 nodes, 32 classes
[2026-04-20T10:47:04Z INFO  parabit] Iteration 2: 102 nodes, 52 classes
[2026-04-20T10:47:04Z INFO  parabit] Iteration 3: 187 nodes, 70 classes
[2026-04-20T10:47:04Z INFO  parabit] Iteration 4: 336 nodes, 110 classes
[2026-04-20T10:47:04Z INFO  parabit] Iteration 5: 749 nodes, 147 classes
[2026-04-20T10:47:04Z INFO  parabit] Iteration 0: 14 nodes, 14 classes
[2026-04-20T10:47:04Z INFO  parabit] Iteration 1: 59 nodes, 32 classes
[2026-04-20T10:47:04Z INFO  parabit] Iteration 2: 102 nodes, 52 classes
[2026-04-20T10:47:04Z INFO  parabit] Iteration 3: 187 nodes, 70 classes
[2026-04-20T10:47:04Z INFO  parabit] Iteration 4: 336 nodes, 110 classes
[2026-04-20T10:47:04Z INFO  parabit] Iteration 5: 749 nodes, 147 classes
[2026-04-20T10:47:04Z INFO  parabit] Iteration 0: 14 nodes, 14 classes
[2026-04-20T10:47:04Z INFO  parabit] Iteration 1: 59 nodes, 32 classes
[2026-04-20T10:47:04Z INFO  parabit] Iteration 2: 102 nodes, 52 classes
[2026-04-20T10:47:04Z INFO  parabit] Iteration 3: 187 nodes, 70 classes
[2026-04-20T10:47:04Z INFO  parabit] Iteration 4: 336 nodes, 110 classes
[2026-04-20T10:47:04Z INFO  parabit] Iteration 5: 749 nodes, 147 classes
[2026-04-20T10:47:04Z INFO  parabit] Iteration 0: 14 nodes, 14 classes
[2026-04-20T10:47:04Z INFO  parabit] Iteration 1: 59 nodes, 32 classes
[2026-04-20T10:47:04Z INFO  parabit] Iteration 2: 102 nodes, 52 classes
[2026-04-20T10:47:04Z INFO  parabit] Iteration 3: 187 nodes, 70 classes
[2026-04-20T10:47:04Z INFO  parabit] Iteration 4: 336 nodes, 110 classes
[2026-04-20T10:47:04Z INFO  parabit] Iteration 5: 749 nodes, 147 classes
[2026-04-20T10:47:04Z INFO  parabit] Iteration 0: 14 nodes, 14 classes
[2026-04-20T10:47:04Z INFO  parabit] Iteration 1: 59 nodes, 32 classes
[2026-04-20T10:47:04Z INFO  parabit] Iteration 2: 102 nodes, 52 classes
[2026-04-20T10:47:04Z INFO  parabit] Iteration 3: 187 nodes, 70 classes
[2026-04-20T10:47:04Z INFO  parabit] Iteration 4: 336 nodes, 110 classes
[2026-04-20T10:47:04Z INFO  parabit] Iteration 5: 749 nodes, 147 classes
[2026-04-20T10:47:04Z INFO  parabit] Iteration 0: 14 nodes, 14 classes
[2026-04-20T10:47:04Z INFO  parabit] Iteration 1: 59 nodes, 32 classes
[2026-04-20T10:47:04Z INFO  parabit] Iteration 2: 102 nodes, 52 classes
[2026-04-20T10:47:04Z INFO  parabit] Iteration 3: 187 nodes, 70 classes
[2026-04-20T10:47:04Z INFO  parabit] Iteration 4: 336 nodes, 110 classes
[2026-04-20T10:47:04Z INFO  parabit] Iteration 5: 749 nodes, 147 classes
[2026-04-20T10:47:04Z INFO  parabit] Iteration 0: 14 nodes, 14 classes
[2026-04-20T10:47:04Z INFO  parabit] Iteration 1: 59 nodes, 32 classes
[2026-04-20T10:47:04Z INFO  parabit] Iteration 2: 102 nodes, 52 classes
[2026-04-20T10:47:04Z INFO  parabit] Iteration 3: 187 nodes, 70 classes
[2026-04-20T10:47:04Z INFO  parabit] Iteration 4: 336 nodes, 110 classes
[2026-04-20T10:47:04Z INFO  parabit] Iteration 5: 749 nodes, 147 classes
[2026-04-20T10:47:04Z INFO  parabit] Iteration 0: 14 nodes, 14 classes
[2026-04-20T10:47:04Z INFO  parabit] Iteration 1: 59 nodes, 32 classes
[2026-04-20T10:47:04Z INFO  parabit] Iteration 2: 102 nodes, 52 classes
[2026-04-20T10:47:04Z INFO  parabit] Iteration 3: 187 nodes, 70 classes
[2026-04-20T10:47:04Z INFO  parabit] Iteration 4: 336 nodes, 110 classes
[2026-04-20T10:47:04Z INFO  parabit] Iteration 5: 749 nodes, 147 classes
[2026-04-20T10:47:04Z INFO  parabit] Iteration 0: 14 nodes, 14 classes
[2026-04-20T10:47:04Z INFO  parabit] Iteration 1: 59 nodes, 32 classes
[2026-04-20T10:47:04Z INFO  parabit] Iteration 2: 102 nodes, 52 classes
[2026-04-20T10:47:04Z INFO  parabit] Iteration 3: 187 nodes, 70 classes
[2026-04-20T10:47:04Z INFO  parabit] Iteration 4: 336 nodes, 110 classes
[2026-04-20T10:47:04Z INFO  parabit] Iteration 5: 749 nodes, 147 classes
[2026-04-20T10:47:04Z INFO  parabit] Iteration 0: 14 nodes, 14 classes
[2026-04-20T10:47:04Z INFO  parabit] Iteration 1: 59 nodes, 32 classes
[2026-04-20T10:47:04Z INFO  parabit] Iteration 2: 102 nodes, 52 classes
[2026-04-20T10:47:04Z INFO  parabit] Iteration 3: 187 nodes, 70 classes
[2026-04-20T10:47:04Z INFO  parabit] Iteration 4: 336 nodes, 110 classes
[2026-04-20T10:47:04Z INFO  parabit] Iteration 5: 749 nodes, 147 classes
[2026-04-20T10:47:04Z INFO  parabit] Iteration 0: 14 nodes, 14 classes
[2026-04-20T10:47:04Z INFO  parabit] Iteration 1: 59 nodes, 32 classes
[2026-04-20T10:47:04Z INFO  parabit] Iteration 2: 102 nodes, 52 classes
[2026-04-20T10:47:04Z INFO  parabit] Iteration 3: 187 nodes, 70 classes
[2026-04-20T10:47:04Z INFO  parabit] Iteration 4: 336 nodes, 110 classes
[2026-04-20T10:47:04Z INFO  parabit] Iteration 5: 749 nodes, 147 classes
[2026-04-20T10:47:04Z INFO  parabit] Iteration 0: 14 nodes, 14 classes
[2026-04-20T10:47:04Z INFO  parabit] Iteration 1: 59 nodes, 32 classes
[2026-04-20T10:47:04Z INFO  parabit] Iteration 2: 102 nodes, 52 classes
[2026-04-20T10:47:04Z INFO  parabit] Iteration 3: 187 nodes, 70 classes
[2026-04-20T10:47:04Z INFO  parabit] Iteration 4: 336 nodes, 110 classes
[2026-04-20T10:47:04Z INFO  parabit] Iteration 5: 749 nodes, 147 classes
[2026-04-20T10:47:04Z INFO  parabit] Iteration 0: 14 nodes, 14 classes
[2026-04-20T10:47:04Z INFO  parabit] Iteration 1: 59 nodes, 32 classes
[2026-04-20T10:47:04Z INFO  parabit] Iteration 2: 102 nodes, 52 classes
[2026-04-20T10:47:04Z INFO  parabit] Iteration 3: 187 nodes, 70 classes
[2026-04-20T10:47:04Z INFO  parabit] Iteration 4: 336 nodes, 110 classes
[2026-04-20T10:47:04Z INFO  parabit] Iteration 5: 749 nodes, 147 classes
[2026-04-20T10:47:04Z INFO  parabit] Iteration 0: 14 nodes, 14 classes
[2026-04-20T10:47:04Z INFO  parabit] Iteration 1: 59 nodes, 32 classes
[2026-04-20T10:47:04Z INFO  parabit] Iteration 2: 102 nodes, 52 classes
[2026-04-20T10:47:04Z INFO  parabit] Iteration 3: 187 nodes, 70 classes
[2026-04-20T10:47:04Z INFO  parabit] Iteration 4: 336 nodes, 110 classes
[2026-04-20T10:47:04Z INFO  parabit] Iteration 5: 749 nodes, 147 classes
[2026-04-20T10:47:04Z INFO  parabit] Iteration 0: 14 nodes, 14 classes
[2026-04-20T10:47:04Z INFO  parabit] Iteration 1: 59 nodes, 32 classes
[2026-04-20T10:47:04Z INFO  parabit] Iteration 2: 102 nodes, 52 classes
[2026-04-20T10:47:04Z INFO  parabit] Iteration 3: 187 nodes, 70 classes
[2026-04-20T10:47:04Z INFO  parabit] Iteration 4: 336 nodes, 110 classes
[2026-04-20T10:47:04Z INFO  parabit] Iteration 5: 749 nodes, 147 classes
[2026-04-20T10:47:04Z INFO  parabit] Iteration 0: 14 nodes, 14 classes
[2026-04-20T10:47:04Z INFO  parabit] Iteration 1: 59 nodes, 32 classes
[2026-04-20T10:47:04Z INFO  parabit] Iteration 2: 102 nodes, 52 classes
[2026-04-20T10:47:04Z INFO  parabit] Iteration 3: 187 nodes, 70 classes
[2026-04-20T10:47:04Z INFO  parabit] Iteration 4: 336 nodes, 110 classes
[2026-04-20T10:47:04Z INFO  parabit] Iteration 5: 749 nodes, 147 classes
[2026-04-20T10:47:04Z INFO  parabit] Iteration 0: 14 nodes, 14 classes
[2026-04-20T10:47:04Z INFO  parabit] Iteration 1: 59 nodes, 32 classes
[2026-04-20T10:47:04Z INFO  parabit] Iteration 2: 102 nodes, 52 classes
[2026-04-20T10:47:04Z INFO  parabit] Iteration 3: 187 nodes, 70 classes
[2026-04-20T10:47:04Z INFO  parabit] Iteration 4: 336 nodes, 110 classes
[2026-04-20T10:47:04Z INFO  parabit] Iteration 5: 749 nodes, 147 classes
[2026-04-20T10:47:04Z INFO  parabit] Iteration 0: 14 nodes, 14 classes
[2026-04-20T10:47:04Z INFO  parabit] Iteration 1: 59 nodes, 32 classes
[2026-04-20T10:47:04Z INFO  parabit] Iteration 2: 102 nodes, 52 classes
[2026-04-20T10:47:04Z INFO  parabit] Iteration 3: 187 nodes, 70 classes
[2026-04-20T10:47:04Z INFO  parabit] Iteration 4: 336 nodes, 110 classes
[2026-04-20T10:47:04Z INFO  parabit] Iteration 5: 749 nodes, 147 classes
[2026-04-20T10:47:04Z INFO  parabit] Iteration 0: 14 nodes, 14 classes
[2026-04-20T10:47:04Z INFO  parabit] Iteration 1: 59 nodes, 32 classes
[2026-04-20T10:47:04Z INFO  parabit] Iteration 2: 102 nodes, 52 classes
[2026-04-20T10:47:04Z INFO  parabit] Iteration 3: 187 nodes, 70 classes
[2026-04-20T10:47:04Z INFO  parabit] Iteration 4: 336 nodes, 110 classes
[2026-04-20T10:47:04Z INFO  parabit] Iteration 5: 749 nodes, 147 classes
[2026-04-20T10:47:04Z INFO  parabit] Iteration 0: 14 nodes, 14 classes
[2026-04-20T10:47:04Z INFO  parabit] Iteration 1: 59 nodes, 32 classes
[2026-04-20T10:47:04Z INFO  parabit] Iteration 2: 102 nodes, 52 classes
[2026-04-20T10:47:04Z INFO  parabit] Iteration 3: 187 nodes, 70 classes
[2026-04-20T10:47:04Z INFO  parabit] Iteration 4: 336 nodes, 110 classes
[2026-04-20T10:47:04Z INFO  parabit] Iteration 5: 749 nodes, 147 classes
[2026-04-20T10:47:04Z INFO  parabit] Iteration 0: 14 nodes, 14 classes
[2026-04-20T10:47:04Z INFO  parabit] Iteration 1: 59 nodes, 32 classes
[2026-04-20T10:47:04Z INFO  parabit] Iteration 2: 102 nodes, 52 classes
[2026-04-20T10:47:04Z INFO  parabit] Iteration 3: 187 nodes, 70 classes
[2026-04-20T10:47:04Z INFO  parabit] Iteration 4: 336 nodes, 110 classes
[2026-04-20T10:47:04Z INFO  parabit] Iteration 5: 749 nodes, 147 classes
[2026-04-20T10:47:04Z INFO  parabit] Iteration 0: 14 nodes, 14 classes
[2026-04-20T10:47:04Z INFO  parabit] Iteration 1: 59 nodes, 32 classes
[2026-04-20T10:47:04Z INFO  parabit] Iteration 2: 102 nodes, 52 classes
[2026-04-20T10:47:04Z INFO  parabit] Iteration 3: 187 nodes, 70 classes
[2026-04-20T10:47:04Z INFO  parabit] Iteration 4: 336 nodes, 110 classes
[2026-04-20T10:47:04Z INFO  parabit] Iteration 5: 749 nodes, 147 classes
[2026-04-20T10:47:04Z INFO  parabit] Iteration 0: 14 nodes, 14 classes
[2026-04-20T10:47:04Z INFO  parabit] Iteration 1: 59 nodes, 32 classes
[2026-04-20T10:47:04Z INFO  parabit] Iteration 2: 102 nodes, 52 classes
[2026-04-20T10:47:04Z INFO  parabit] Iteration 3: 187 nodes, 70 classes
[2026-04-20T10:47:04Z INFO  parabit] Iteration 4: 336 nodes, 110 classes
[2026-04-20T10:47:04Z INFO  parabit] Iteration 5: 749 nodes, 147 classes
[2026-04-20T10:47:04Z INFO  parabit] Iteration 0: 14 nodes, 14 classes
[2026-04-20T10:47:04Z INFO  parabit] Iteration 1: 59 nodes, 32 classes
[2026-04-20T10:47:04Z INFO  parabit] Iteration 2: 102 nodes, 52 classes
[2026-04-20T10:47:04Z INFO  parabit] Iteration 3: 187 nodes, 70 classes
[2026-04-20T10:47:04Z INFO  parabit] Iteration 4: 336 nodes, 110 classes
[2026-04-20T10:47:04Z INFO  parabit] Iteration 5: 749 nodes, 147 classes
[2026-04-20T10:47:04Z INFO  parabit] Iteration 0: 14 nodes, 14 classes
[2026-04-20T10:47:04Z INFO  parabit] Iteration 1: 59 nodes, 32 classes
[2026-04-20T10:47:04Z INFO  parabit] Iteration 2: 102 nodes, 52 classes
[2026-04-20T10:47:04Z INFO  parabit] Iteration 3: 187 nodes, 70 classes
[2026-04-20T10:47:04Z INFO  parabit] Iteration 4: 336 nodes, 110 classes
[2026-04-20T10:47:04Z INFO  parabit] Iteration 5: 749 nodes, 147 classes
[2026-04-20T10:47:04Z INFO  parabit] Iteration 0: 14 nodes, 14 classes
[2026-04-20T10:47:04Z INFO  parabit] Iteration 1: 59 nodes, 32 classes
[2026-04-20T10:47:04Z INFO  parabit] Iteration 2: 102 nodes, 52 classes
[2026-04-20T10:47:04Z INFO  parabit] Iteration 3: 187 nodes, 70 classes
[2026-04-20T10:47:04Z INFO  parabit] Iteration 4: 336 nodes, 110 classes
[2026-04-20T10:47:04Z INFO  parabit] Iteration 5: 749 nodes, 147 classes
[2026-04-20T10:47:04Z INFO  parabit] Iteration 0: 14 nodes, 14 classes
[2026-04-20T10:47:04Z INFO  parabit] Iteration 1: 59 nodes, 32 classes
[2026-04-20T10:47:04Z INFO  parabit] Iteration 2: 102 nodes, 52 classes
[2026-04-20T10:47:04Z INFO  parabit] Iteration 3: 187 nodes, 70 classes
[2026-04-20T10:47:04Z INFO  parabit] Iteration 4: 336 nodes, 110 classes
[2026-04-20T10:47:04Z INFO  parabit] Iteration 5: 749 nodes, 147 classes
[2026-04-20T10:47:04Z INFO  parabit] Iteration 0: 14 nodes, 14 classes
[2026-04-20T10:47:04Z INFO  parabit] Iteration 1: 59 nodes, 32 classes
[2026-04-20T10:47:04Z INFO  parabit] Iteration 2: 102 nodes, 52 classes
[2026-04-20T10:47:04Z INFO  parabit] Iteration 3: 187 nodes, 70 classes
[2026-04-20T10:47:04Z INFO  parabit] Iteration 4: 336 nodes, 110 classes
[2026-04-20T10:47:04Z INFO  parabit] Iteration 5: 749 nodes, 147 classes
[2026-04-20T10:47:04Z INFO  parabit] Iteration 0: 14 nodes, 14 classes
[2026-04-20T10:47:04Z INFO  parabit] Iteration 1: 59 nodes, 32 classes
[2026-04-20T10:47:04Z INFO  parabit] Iteration 2: 102 nodes, 52 classes
[2026-04-20T10:47:04Z INFO  parabit] Iteration 3: 187 nodes, 70 classes
[2026-04-20T10:47:04Z INFO  parabit] Iteration 4: 336 nodes, 110 classes
[2026-04-20T10:47:04Z INFO  parabit] Iteration 5: 749 nodes, 147 classes
[2026-04-20T10:47:04Z INFO  parabit] Iteration 0: 14 nodes, 14 classes
[2026-04-20T10:47:04Z INFO  parabit] Iteration 1: 59 nodes, 32 classes
[2026-04-20T10:47:04Z INFO  parabit] Iteration 2: 102 nodes, 52 classes
[2026-04-20T10:47:04Z INFO  parabit] Iteration 3: 187 nodes, 70 classes
[2026-04-20T10:47:04Z INFO  parabit] Iteration 4: 336 nodes, 110 classes
[2026-04-20T10:47:04Z INFO  parabit] Iteration 5: 749 nodes, 147 classes
[2026-04-20T10:47:04Z INFO  parabit] Iteration 0: 14 nodes, 14 classes
[2026-04-20T10:47:04Z INFO  parabit] Iteration 1: 59 nodes, 32 classes
[2026-04-20T10:47:04Z INFO  parabit] Iteration 2: 102 nodes, 52 classes
[2026-04-20T10:47:04Z INFO  parabit] Iteration 3: 187 nodes, 70 classes
[2026-04-20T10:47:04Z INFO  parabit] Iteration 4: 336 nodes, 110 classes
[2026-04-20T10:47:04Z INFO  parabit] Iteration 5: 749 nodes, 147 classes
[2026-04-20T10:47:04Z INFO  parabit] Iteration 0: 14 nodes, 14 classes
[2026-04-20T10:47:04Z INFO  parabit] Iteration 1: 59 nodes, 32 classes
[2026-04-20T10:47:04Z INFO  parabit] Iteration 2: 102 nodes, 52 classes
[2026-04-20T10:47:04Z INFO  parabit] Iteration 3: 187 nodes, 70 classes
[2026-04-20T10:47:04Z INFO  parabit] Iteration 4: 336 nodes, 110 classes
[2026-04-20T10:47:04Z INFO  parabit] Iteration 5: 749 nodes, 147 classes
[2026-04-20T10:47:04Z INFO  parabit] Iteration 0: 14 nodes, 14 classes
[2026-04-20T10:47:04Z INFO  parabit] Iteration 1: 59 nodes, 32 classes
[2026-04-20T10:47:04Z INFO  parabit] Iteration 2: 102 nodes, 52 classes
[2026-04-20T10:47:04Z INFO  parabit] Iteration 3: 187 nodes, 70 classes
[2026-04-20T10:47:04Z INFO  parabit] Iteration 4: 336 nodes, 110 classes
[2026-04-20T10:47:04Z INFO  parabit] Iteration 5: 749 nodes, 147 classes
[2026-04-20T10:47:04Z INFO  parabit] Iteration 0: 14 nodes, 14 classes
[2026-04-20T10:47:04Z INFO  parabit] Iteration 1: 59 nodes, 32 classes
[2026-04-20T10:47:04Z INFO  parabit] Iteration 2: 102 nodes, 52 classes
[2026-04-20T10:47:04Z INFO  parabit] Iteration 3: 187 nodes, 70 classes
[2026-04-20T10:47:04Z INFO  parabit] Iteration 4: 336 nodes, 110 classes
[2026-04-20T10:47:04Z INFO  parabit] Iteration 5: 749 nodes, 147 classes
[2026-04-20T10:47:04Z INFO  parabit] Iteration 0: 14 nodes, 14 classes
[2026-04-20T10:47:04Z INFO  parabit] Iteration 1: 59 nodes, 32 classes
[2026-04-20T10:47:04Z INFO  parabit] Iteration 2: 102 nodes, 52 classes
[2026-04-20T10:47:04Z INFO  parabit] Iteration 3: 187 nodes, 70 classes
[2026-04-20T10:47:04Z INFO  parabit] Iteration 4: 336 nodes, 110 classes
[2026-04-20T10:47:04Z INFO  parabit] Iteration 5: 749 nodes, 147 classes
[2026-04-20T10:47:04Z INFO  parabit] Iteration 0: 14 nodes, 14 classes
[2026-04-20T10:47:04Z INFO  parabit] Iteration 1: 59 nodes, 32 classes
[2026-04-20T10:47:04Z INFO  parabit] Iteration 2: 102 nodes, 52 classes
[2026-04-20T10:47:04Z INFO  parabit] Iteration 3: 187 nodes, 70 classes
[2026-04-20T10:47:04Z INFO  parabit] Iteration 4: 336 nodes, 110 classes
[2026-04-20T10:47:04Z INFO  parabit] Iteration 5: 749 nodes, 147 classes
[2026-04-20T10:47:04Z INFO  parabit] Iteration 0: 14 nodes, 14 classes
[2026-04-20T10:47:04Z INFO  parabit] Iteration 1: 59 nodes, 32 classes
[2026-04-20T10:47:04Z INFO  parabit] Iteration 2: 102 nodes, 52 classes
[2026-04-20T10:47:04Z INFO  parabit] Iteration 3: 187 nodes, 70 classes
[2026-04-20T10:47:04Z INFO  parabit] Iteration 4: 336 nodes, 110 classes
[2026-04-20T10:47:04Z INFO  parabit] Iteration 5: 749 nodes, 147 classes
[2026-04-20T10:47:04Z INFO  parabit] Iteration 0: 14 nodes, 14 classes
[2026-04-20T10:47:04Z INFO  parabit] Iteration 1: 59 nodes, 32 classes
[2026-04-20T10:47:04Z INFO  parabit] Iteration 2: 102 nodes, 52 classes
[2026-04-20T10:47:04Z INFO  parabit] Iteration 3: 187 nodes, 70 classes
[2026-04-20T10:47:04Z INFO  parabit] Iteration 4: 336 nodes, 110 classes
[2026-04-20T10:47:04Z INFO  parabit] Iteration 5: 749 nodes, 147 classes
[2026-04-20T10:47:04Z INFO  parabit] Iteration 0: 14 nodes, 14 classes
[2026-04-20T10:47:04Z INFO  parabit] Iteration 1: 59 nodes, 32 classes
[2026-04-20T10:47:04Z INFO  parabit] Iteration 2: 102 nodes, 52 classes
[2026-04-20T10:47:04Z INFO  parabit] Iteration 3: 187 nodes, 70 classes
[2026-04-20T10:47:04Z INFO  parabit] Iteration 4: 336 nodes, 110 classes
[2026-04-20T10:47:04Z INFO  parabit] Iteration 5: 749 nodes, 147 classes
[2026-04-20T10:47:04Z INFO  parabit] Iteration 0: 14 nodes, 14 classes
[2026-04-20T10:47:04Z INFO  parabit] Iteration 1: 59 nodes, 32 classes
[2026-04-20T10:47:04Z INFO  parabit] Iteration 2: 102 nodes, 52 classes
[2026-04-20T10:47:04Z INFO  parabit] Iteration 3: 187 nodes, 70 classes
[2026-04-20T10:47:04Z INFO  parabit] Iteration 4: 336 nodes, 110 classes
[2026-04-20T10:47:04Z INFO  parabit] Iteration 5: 749 nodes, 147 classes
[2026-04-20T10:47:04Z INFO  parabit] Iteration 0: 14 nodes, 14 classes
[2026-04-20T10:47:04Z INFO  parabit] Iteration 1: 59 nodes, 32 classes
[2026-04-20T10:47:04Z INFO  parabit] Iteration 2: 102 nodes, 52 classes
[2026-04-20T10:47:04Z INFO  parabit] Iteration 3: 187 nodes, 70 classes
[2026-04-20T10:47:04Z INFO  parabit] Iteration 4: 336 nodes, 110 classes
[2026-04-20T10:47:04Z INFO  parabit] Iteration 5: 749 nodes, 147 classes
[2026-04-20T10:47:04Z INFO  parabit] Iteration 0: 14 nodes, 14 classes
[2026-04-20T10:47:04Z INFO  parabit] Iteration 1: 59 nodes, 32 classes
[2026-04-20T10:47:04Z INFO  parabit] Iteration 2: 102 nodes, 52 classes
[2026-04-20T10:47:04Z INFO  parabit] Iteration 3: 187 nodes, 70 classes
[2026-04-20T10:47:04Z INFO  parabit] Iteration 4: 336 nodes, 110 classes
[2026-04-20T10:47:04Z INFO  parabit] Iteration 5: 749 nodes, 147 classes
[2026-04-20T10:47:04Z INFO  parabit] Iteration 0: 14 nodes, 14 classes
[2026-04-20T10:47:04Z INFO  parabit] Iteration 1: 59 nodes, 32 classes
[2026-04-20T10:47:04Z INFO  parabit] Iteration 2: 102 nodes, 52 classes
[2026-04-20T10:47:04Z INFO  parabit] Iteration 3: 187 nodes, 70 classes
[2026-04-20T10:47:04Z INFO  parabit] Iteration 4: 336 nodes, 110 classes
[2026-04-20T10:47:04Z INFO  parabit] Iteration 5: 749 nodes, 147 classes
[2026-04-20T10:47:04Z INFO  parabit] Iteration 0: 14 nodes, 14 classes
[2026-04-20T10:47:04Z INFO  parabit] Iteration 1: 59 nodes, 32 classes
[2026-04-20T10:47:04Z INFO  parabit] Iteration 2: 102 nodes, 52 classes
[2026-04-20T10:47:04Z INFO  parabit] Iteration 3: 187 nodes, 70 classes
[2026-04-20T10:47:04Z INFO  parabit] Iteration 4: 336 nodes, 110 classes
[2026-04-20T10:47:04Z INFO  parabit] Iteration 5: 749 nodes, 147 classes
[2026-04-20T10:47:04Z INFO  parabit] Iteration 0: 14 nodes, 14 classes
[2026-04-20T10:47:04Z INFO  parabit] Iteration 1: 59 nodes, 32 classes
[2026-04-20T10:47:04Z INFO  parabit] Iteration 2: 102 nodes, 52 classes
[2026-04-20T10:47:04Z INFO  parabit] Iteration 3: 187 nodes, 70 classes
[2026-04-20T10:47:04Z INFO  parabit] Iteration 4: 336 nodes, 110 classes
[2026-04-20T10:47:04Z INFO  parabit] Iteration 5: 749 nodes, 147 classes
[2026-04-20T10:47:04Z INFO  parabit] Iteration 0: 14 nodes, 14 classes
[2026-04-20T10:47:04Z INFO  parabit] Iteration 1: 59 nodes, 32 classes
[2026-04-20T10:47:04Z INFO  parabit] Iteration 2: 102 nodes, 52 classes
[2026-04-20T10:47:04Z INFO  parabit] Iteration 3: 187 nodes, 70 classes
[2026-04-20T10:47:04Z INFO  parabit] Iteration 4: 336 nodes, 110 classes
[2026-04-20T10:47:04Z INFO  parabit] Iteration 5: 749 nodes, 147 classes
[2026-04-20T10:47:04Z INFO  parabit] Iteration 0: 14 nodes, 14 classes
[2026-04-20T10:47:04Z INFO  parabit] Iteration 1: 59 nodes, 32 classes
[2026-04-20T10:47:04Z INFO  parabit] Iteration 2: 102 nodes, 52 classes
[2026-04-20T10:47:04Z INFO  parabit] Iteration 3: 187 nodes, 70 classes
[2026-04-20T10:47:04Z INFO  parabit] Iteration 4: 336 nodes, 110 classes
[2026-04-20T10:47:04Z INFO  parabit] Iteration 5: 749 nodes, 147 classes
[2026-04-20T10:47:04Z INFO  parabit] Iteration 0: 14 nodes, 14 classes
[2026-04-20T10:47:04Z INFO  parabit] Iteration 1: 59 nodes, 32 classes
[2026-04-20T10:47:04Z INFO  parabit] Iteration 2: 102 nodes, 52 classes
[2026-04-20T10:47:04Z INFO  parabit] Iteration 3: 187 nodes, 70 classes
[2026-04-20T10:47:04Z INFO  parabit] Iteration 4: 336 nodes, 110 classes
[2026-04-20T10:47:04Z INFO  parabit] Iteration 5: 749 nodes, 147 classes
[2026-04-20T10:47:04Z INFO  parabit] Iteration 0: 14 nodes, 14 classes
[2026-04-20T10:47:04Z INFO  parabit] Iteration 1: 59 nodes, 32 classes
[2026-04-20T10:47:04Z INFO  parabit] Iteration 2: 102 nodes, 52 classes
[2026-04-20T10:47:04Z INFO  parabit] Iteration 3: 187 nodes, 70 classes
[2026-04-20T10:47:04Z INFO  parabit] Iteration 4: 336 nodes, 110 classes
[2026-04-20T10:47:04Z INFO  parabit] Iteration 5: 749 nodes, 147 classes
[2026-04-20T10:47:04Z INFO  parabit] Iteration 0: 14 nodes, 14 classes
[2026-04-20T10:47:04Z INFO  parabit] Iteration 1: 59 nodes, 32 classes
[2026-04-20T10:47:04Z INFO  parabit] Iteration 2: 102 nodes, 52 classes
[2026-04-20T10:47:04Z INFO  parabit] Iteration 3: 187 nodes, 70 classes
[2026-04-20T10:47:04Z INFO  parabit] Iteration 4: 336 nodes, 110 classes
[2026-04-20T10:47:04Z INFO  parabit] Iteration 5: 749 nodes, 147 classes
[2026-04-20T10:47:04Z INFO  parabit] Iteration 0: 14 nodes, 14 classes
[2026-04-20T10:47:04Z INFO  parabit] Iteration 1: 59 nodes, 32 classes
[2026-04-20T10:47:04Z INFO  parabit] Iteration 2: 102 nodes, 52 classes
[2026-04-20T10:47:04Z INFO  parabit] Iteration 3: 187 nodes, 70 classes
[2026-04-20T10:47:04Z INFO  parabit] Iteration 4: 336 nodes, 110 classes
[2026-04-20T10:47:04Z INFO  parabit] Iteration 5: 749 nodes, 147 classes
[2026-04-20T10:47:04Z INFO  parabit] Iteration 0: 14 nodes, 14 classes
[2026-04-20T10:47:04Z INFO  parabit] Iteration 1: 59 nodes, 32 classes
[2026-04-20T10:47:04Z INFO  parabit] Iteration 2: 102 nodes, 52 classes
[2026-04-20T10:47:04Z INFO  parabit] Iteration 3: 187 nodes, 70 classes
[2026-04-20T10:47:04Z INFO  parabit] Iteration 4: 336 nodes, 110 classes
[2026-04-20T10:47:04Z INFO  parabit] Iteration 5: 749 nodes, 147 classes
[2026-04-20T10:47:04Z INFO  parabit] Iteration 0: 14 nodes, 14 classes
[2026-04-20T10:47:04Z INFO  parabit] Iteration 1: 59 nodes, 32 classes
[2026-04-20T10:47:04Z INFO  parabit] Iteration 2: 102 nodes, 52 classes
[2026-04-20T10:47:04Z INFO  parabit] Iteration 3: 187 nodes, 70 classes
[2026-04-20T10:47:04Z INFO  parabit] Iteration 4: 336 nodes, 110 classes
[2026-04-20T10:47:04Z INFO  parabit] Iteration 5: 749 nodes, 147 classes
[2026-04-20T10:47:04Z INFO  parabit] Iteration 0: 14 nodes, 14 classes
[2026-04-20T10:47:04Z INFO  parabit] Iteration 1: 59 nodes, 32 classes
[2026-04-20T10:47:04Z INFO  parabit] Iteration 2: 102 nodes, 52 classes
[2026-04-20T10:47:04Z INFO  parabit] Iteration 3: 187 nodes, 70 classes
[2026-04-20T10:47:04Z INFO  parabit] Iteration 4: 336 nodes, 110 classes
[2026-04-20T10:47:04Z INFO  parabit] Iteration 5: 749 nodes, 147 classes
[2026-04-20T10:47:04Z INFO  parabit] Iteration 0: 14 nodes, 14 classes
[2026-04-20T10:47:04Z INFO  parabit] Iteration 1: 59 nodes, 32 classes
[2026-04-20T10:47:04Z INFO  parabit] Iteration 2: 102 nodes, 52 classes
[2026-04-20T10:47:04Z INFO  parabit] Iteration 3: 187 nodes, 70 classes
[2026-04-20T10:47:04Z INFO  parabit] Iteration 4: 336 nodes, 110 classes
[2026-04-20T10:47:04Z INFO  parabit] Iteration 5: 749 nodes, 147 classes
[2026-04-20T10:47:04Z INFO  parabit] Iteration 0: 14 nodes, 14 classes
[2026-04-20T10:47:04Z INFO  parabit] Iteration 1: 59 nodes, 32 classes
[2026-04-20T10:47:04Z INFO  parabit] Iteration 2: 102 nodes, 52 classes
[2026-04-20T10:47:04Z INFO  parabit] Iteration 3: 187 nodes, 70 classes
[2026-04-20T10:47:04Z INFO  parabit] Iteration 4: 336 nodes, 110 classes
[2026-04-20T10:47:04Z INFO  parabit] Iteration 5: 749 nodes, 147 classes
[2026-04-20T10:47:04Z INFO  parabit] Iteration 0: 14 nodes, 14 classes
[2026-04-20T10:47:04Z INFO  parabit] Iteration 1: 59 nodes, 32 classes
[2026-04-20T10:47:04Z INFO  parabit] Iteration 2: 102 nodes, 52 classes
[2026-04-20T10:47:04Z INFO  parabit] Iteration 3: 187 nodes, 70 classes
[2026-04-20T10:47:04Z INFO  parabit] Iteration 4: 336 nodes, 110 classes
[2026-04-20T10:47:04Z INFO  parabit] Iteration 5: 749 nodes, 147 classes
[2026-04-20T10:47:04Z INFO  parabit] Iteration 0: 14 nodes, 14 classes
[2026-04-20T10:47:04Z INFO  parabit] Iteration 1: 59 nodes, 32 classes
[2026-04-20T10:47:04Z INFO  parabit] Iteration 2: 102 nodes, 52 classes
[2026-04-20T10:47:04Z INFO  parabit] Iteration 3: 187 nodes, 70 classes
[2026-04-20T10:47:04Z INFO  parabit] Iteration 4: 336 nodes, 110 classes
[2026-04-20T10:47:04Z INFO  parabit] Iteration 5: 749 nodes, 147 classes
[2026-04-20T10:47:04Z INFO  parabit] Iteration 0: 14 nodes, 14 classes
[2026-04-20T10:47:04Z INFO  parabit] Iteration 1: 59 nodes, 32 classes
[2026-04-20T10:47:04Z INFO  parabit] Iteration 2: 102 nodes, 52 classes
[2026-04-20T10:47:04Z INFO  parabit] Iteration 3: 187 nodes, 70 classes
[2026-04-20T10:47:04Z INFO  parabit] Iteration 4: 336 nodes, 110 classes
[2026-04-20T10:47:04Z INFO  parabit] Iteration 5: 749 nodes, 147 classes
[2026-04-20T10:47:04Z INFO  parabit] Iteration 0: 14 nodes, 14 classes
[2026-04-20T10:47:04Z INFO  parabit] Iteration 1: 59 nodes, 32 classes
[2026-04-20T10:47:04Z INFO  parabit] Iteration 2: 102 nodes, 52 classes
[2026-04-20T10:47:04Z INFO  parabit] Iteration 3: 187 nodes, 70 classes
[2026-04-20T10:47:04Z INFO  parabit] Iteration 4: 336 nodes, 110 classes
[2026-04-20T10:47:04Z INFO  parabit] Iteration 5: 749 nodes, 147 classes
[2026-04-20T10:47:04Z INFO  parabit] Iteration 0: 14 nodes, 14 classes
[2026-04-20T10:47:04Z INFO  parabit] Iteration 1: 59 nodes, 32 classes
[2026-04-20T10:47:04Z INFO  parabit] Iteration 2: 102 nodes, 52 classes
[2026-04-20T10:47:04Z INFO  parabit] Iteration 3: 187 nodes, 70 classes
[2026-04-20T10:47:04Z INFO  parabit] Iteration 4: 336 nodes, 110 classes
[2026-04-20T10:47:04Z INFO  parabit] Iteration 5: 749 nodes, 147 classes
[2026-04-20T10:47:04Z INFO  parabit] Iteration 0: 14 nodes, 14 classes
[2026-04-20T10:47:04Z INFO  parabit] Iteration 1: 59 nodes, 32 classes
[2026-04-20T10:47:04Z INFO  parabit] Iteration 2: 102 nodes, 52 classes
[2026-04-20T10:47:04Z INFO  parabit] Iteration 3: 187 nodes, 70 classes
[2026-04-20T10:47:04Z INFO  parabit] Iteration 4: 336 nodes, 110 classes
[2026-04-20T10:47:04Z INFO  parabit] Iteration 5: 749 nodes, 147 classes
[2026-04-20T10:47:04Z INFO  parabit] Iteration 0: 14 nodes, 14 classes
[2026-04-20T10:47:04Z INFO  parabit] Iteration 1: 59 nodes, 32 classes
[2026-04-20T10:47:04Z INFO  parabit] Iteration 2: 102 nodes, 52 classes
[2026-04-20T10:47:04Z INFO  parabit] Iteration 3: 187 nodes, 70 classes
[2026-04-20T10:47:04Z INFO  parabit] Iteration 4: 336 nodes, 110 classes
[2026-04-20T10:47:04Z INFO  parabit] Iteration 5: 749 nodes, 147 classes
[2026-04-20T10:47:04Z INFO  parabit] Iteration 0: 14 nodes, 14 classes
[2026-04-20T10:47:04Z INFO  parabit] Iteration 1: 59 nodes, 32 classes
[2026-04-20T10:47:04Z INFO  parabit] Iteration 2: 102 nodes, 52 classes
[2026-04-20T10:47:04Z INFO  parabit] Iteration 3: 187 nodes, 70 classes
[2026-04-20T10:47:04Z INFO  parabit] Iteration 4: 336 nodes, 110 classes
[2026-04-20T10:47:04Z INFO  parabit] Iteration 5: 749 nodes, 147 classes
[2026-04-20T10:47:04Z INFO  parabit] Iteration 0: 14 nodes, 14 classes
[2026-04-20T10:47:04Z INFO  parabit] Iteration 1: 59 nodes, 32 classes
[2026-04-20T10:47:04Z INFO  parabit] Iteration 2: 102 nodes, 52 classes
[2026-04-20T10:47:04Z INFO  parabit] Iteration 3: 187 nodes, 70 classes
[2026-04-20T10:47:04Z INFO  parabit] Iteration 4: 336 nodes, 110 classes
[2026-04-20T10:47:04Z INFO  parabit] Iteration 5: 749 nodes, 147 classes
[2026-04-20T10:47:04Z INFO  parabit] Iteration 0: 14 nodes, 14 classes
[2026-04-20T10:47:04Z INFO  parabit] Iteration 1: 59 nodes, 32 classes
[2026-04-20T10:47:04Z INFO  parabit] Iteration 2: 102 nodes, 52 classes
[2026-04-20T10:47:04Z INFO  parabit] Iteration 3: 187 nodes, 70 classes
[2026-04-20T10:47:04Z INFO  parabit] Iteration 4: 336 nodes, 110 classes
[2026-04-20T10:47:04Z INFO  parabit] Iteration 5: 749 nodes, 147 classes
[2026-04-20T10:47:04Z INFO  parabit] Iteration 0: 14 nodes, 14 classes
[2026-04-20T10:47:04Z INFO  parabit] Iteration 1: 59 nodes, 32 classes
[2026-04-20T10:47:04Z INFO  parabit] Iteration 2: 102 nodes, 52 classes
[2026-04-20T10:47:04Z INFO  parabit] Iteration 3: 187 nodes, 70 classes
[2026-04-20T10:47:04Z INFO  parabit] Iteration 4: 336 nodes, 110 classes
[2026-04-20T10:47:04Z INFO  parabit] Iteration 5: 749 nodes, 147 classes
[2026-04-20T10:47:04Z INFO  parabit] Iteration 0: 14 nodes, 14 classes
[2026-04-20T10:47:04Z INFO  parabit] Iteration 1: 59 nodes, 32 classes
[2026-04-20T10:47:04Z INFO  parabit] Iteration 2: 102 nodes, 52 classes
[2026-04-20T10:47:04Z INFO  parabit] Iteration 3: 187 nodes, 70 classes
[2026-04-20T10:47:04Z INFO  parabit] Iteration 4: 336 nodes, 110 classes
[2026-04-20T10:47:04Z INFO  parabit] Iteration 5: 749 nodes, 147 classes
[2026-04-20T10:47:04Z INFO  parabit] Iteration 0: 14 nodes, 14 classes
[2026-04-20T10:47:04Z INFO  parabit] Iteration 1: 59 nodes, 32 classes
[2026-04-20T10:47:04Z INFO  parabit] Iteration 2: 102 nodes, 52 classes
[2026-04-20T10:47:04Z INFO  parabit] Iteration 3: 187 nodes, 70 classes
[2026-04-20T10:47:04Z INFO  parabit] Iteration 4: 336 nodes, 110 classes
[2026-04-20T10:47:04Z INFO  parabit] Iteration 5: 749 nodes, 147 classes
[2026-04-20T10:47:04Z INFO  parabit] Iteration 0: 14 nodes, 14 classes
[2026-04-20T10:47:04Z INFO  parabit] Iteration 1: 59 nodes, 32 classes
[2026-04-20T10:47:04Z INFO  parabit] Iteration 2: 102 nodes, 52 classes
[2026-04-20T10:47:04Z INFO  parabit] Iteration 3: 187 nodes, 70 classes
[2026-04-20T10:47:04Z INFO  parabit] Iteration 4: 336 nodes, 110 classes
[2026-04-20T10:47:04Z INFO  parabit] Iteration 5: 749 nodes, 147 classes
[2026-04-20T10:47:04Z INFO  parabit] Iteration 0: 14 nodes, 14 classes
[2026-04-20T10:47:04Z INFO  parabit] Iteration 1: 59 nodes, 32 classes
[2026-04-20T10:47:04Z INFO  parabit] Iteration 2: 102 nodes, 52 classes
[2026-04-20T10:47:04Z INFO  parabit] Iteration 3: 187 nodes, 70 classes
[2026-04-20T10:47:04Z INFO  parabit] Iteration 4: 336 nodes, 110 classes
[2026-04-20T10:47:04Z INFO  parabit] Iteration 5: 749 nodes, 147 classes
[2026-04-20T10:47:04Z INFO  parabit] Iteration 0: 14 nodes, 14 classes
[2026-04-20T10:47:04Z INFO  parabit] Iteration 1: 59 nodes, 32 classes
[2026-04-20T10:47:04Z INFO  parabit] Iteration 2: 102 nodes, 52 classes
[2026-04-20T10:47:04Z INFO  parabit] Iteration 3: 187 nodes, 70 classes
[2026-04-20T10:47:04Z INFO  parabit] Iteration 4: 336 nodes, 110 classes
[2026-04-20T10:47:04Z INFO  parabit] Iteration 5: 749 nodes, 147 classes
[2026-04-20T10:47:04Z INFO  parabit] Iteration 0: 14 nodes, 14 classes
[2026-04-20T10:47:04Z INFO  parabit] Iteration 1: 59 nodes, 32 classes
[2026-04-20T10:47:04Z INFO  parabit] Iteration 2: 102 nodes, 52 classes
[2026-04-20T10:47:04Z INFO  parabit] Iteration 3: 187 nodes, 70 classes
[2026-04-20T10:47:04Z INFO  parabit] Iteration 4: 336 nodes, 110 classes
[2026-04-20T10:47:04Z INFO  parabit] Iteration 5: 749 nodes, 147 classes
[2026-04-20T10:47:04Z INFO  parabit] Iteration 0: 14 nodes, 14 classes
[2026-04-20T10:47:04Z INFO  parabit] Iteration 1: 59 nodes, 32 classes
[2026-04-20T10:47:04Z INFO  parabit] Iteration 2: 102 nodes, 52 classes
[2026-04-20T10:47:04Z INFO  parabit] Iteration 3: 187 nodes, 70 classes
[2026-04-20T10:47:04Z INFO  parabit] Iteration 4: 336 nodes, 110 classes
[2026-04-20T10:47:04Z INFO  parabit] Iteration 5: 749 nodes, 147 classes
[2026-04-20T10:47:04Z INFO  parabit] Iteration 0: 14 nodes, 14 classes
[2026-04-20T10:47:04Z INFO  parabit] Iteration 1: 59 nodes, 32 classes
[2026-04-20T10:47:04Z INFO  parabit] Iteration 2: 102 nodes, 52 classes
[2026-04-20T10:47:04Z INFO  parabit] Iteration 3: 187 nodes, 70 classes
[2026-04-20T10:47:04Z INFO  parabit] Iteration 4: 336 nodes, 110 classes
[2026-04-20T10:47:04Z INFO  parabit] Iteration 5: 749 nodes, 147 classes
[2026-04-20T10:47:04Z INFO  parabit] Iteration 0: 14 nodes, 14 classes
[2026-04-20T10:47:04Z INFO  parabit] Iteration 1: 59 nodes, 32 classes
[2026-04-20T10:47:04Z INFO  parabit] Iteration 2: 102 nodes, 52 classes
[2026-04-20T10:47:04Z INFO  parabit] Iteration 3: 187 nodes, 70 classes
[2026-04-20T10:47:04Z INFO  parabit] Iteration 4: 336 nodes, 110 classes
[2026-04-20T10:47:04Z INFO  parabit] Iteration 5: 749 nodes, 147 classes
[2026-04-20T10:47:04Z INFO  parabit] Iteration 0: 14 nodes, 14 classes
[2026-04-20T10:47:04Z INFO  parabit] Iteration 1: 59 nodes, 32 classes
[2026-04-20T10:47:04Z INFO  parabit] Iteration 2: 102 nodes, 52 classes
[2026-04-20T10:47:04Z INFO  parabit] Iteration 3: 187 nodes, 70 classes
[2026-04-20T10:47:04Z INFO  parabit] Iteration 4: 336 nodes, 110 classes
[2026-04-20T10:47:04Z INFO  parabit] Iteration 5: 749 nodes, 147 classes
[2026-04-20T10:47:04Z INFO  parabit] Iteration 0: 14 nodes, 14 classes
[2026-04-20T10:47:04Z INFO  parabit] Iteration 1: 59 nodes, 32 classes
[2026-04-20T10:47:04Z INFO  parabit] Iteration 2: 102 nodes, 52 classes
[2026-04-20T10:47:04Z INFO  parabit] Iteration 3: 187 nodes, 70 classes
[2026-04-20T10:47:04Z INFO  parabit] Iteration 4: 336 nodes, 110 classes
[2026-04-20T10:47:04Z INFO  parabit] Iteration 5: 749 nodes, 147 classes
[2026-04-20T10:47:04Z INFO  parabit] Iteration 0: 14 nodes, 14 classes
[2026-04-20T10:47:04Z INFO  parabit] Iteration 1: 59 nodes, 32 classes
[2026-04-20T10:47:04Z INFO  parabit] Iteration 2: 102 nodes, 52 classes
[2026-04-20T10:47:04Z INFO  parabit] Iteration 3: 187 nodes, 70 classes
[2026-04-20T10:47:04Z INFO  parabit] Iteration 4: 336 nodes, 110 classes
[2026-04-20T10:47:04Z INFO  parabit] Iteration 5: 749 nodes, 147 classes
[2026-04-20T10:47:04Z INFO  parabit] Iteration 0: 14 nodes, 14 classes
[2026-04-20T10:47:04Z INFO  parabit] Iteration 1: 59 nodes, 32 classes
[2026-04-20T10:47:04Z INFO  parabit] Iteration 2: 102 nodes, 52 classes
[2026-04-20T10:47:04Z INFO  parabit] Iteration 3: 187 nodes, 70 classes
[2026-04-20T10:47:04Z INFO  parabit] Iteration 4: 336 nodes, 110 classes
[2026-04-20T10:47:04Z INFO  parabit] Iteration 5: 749 nodes, 147 classes
[2026-04-20T10:47:04Z INFO  parabit] Iteration 0: 14 nodes, 14 classes
[2026-04-20T10:47:04Z INFO  parabit] Iteration 1: 59 nodes, 32 classes
[2026-04-20T10:47:04Z INFO  parabit] Iteration 2: 102 nodes, 52 classes
[2026-04-20T10:47:04Z INFO  parabit] Iteration 3: 187 nodes, 70 classes
[2026-04-20T10:47:04Z INFO  parabit] Iteration 4: 336 nodes, 110 classes
[2026-04-20T10:47:04Z INFO  parabit] Iteration 5: 749 nodes, 147 classes
{"elapsed":0.27, "maxrss":5664}
