[2026-04-20T10:45:54Z WARN  parabit] Sanitised input expression 0 from:
    (bw k (and (bw k (or (bw k (xor (bw k "%A") (bw k (not (bw k 0))))) (bw k "%B"))) (bw k "%A")))
    to:
    (bw k (and (bw k (or (bw k (xor (bw k var_A) (bw k (not (bw k 0))))) (bw k var_B))) (bw k var_A)))
[2026-04-20T10:45:54Z WARN  parabit] Sanitised input expression 0 from:
    (bw k (and (bw k "%A") (bw k "%B")))
    to:
    (bw k (and (bw k var_A) (bw k var_B)))
[2026-04-20T10:45:54Z INFO  parabit] Running parabit on file: AndOrXor_1280_values_0
[2026-04-20T10:45:54Z INFO  parabit] Iteration 0: 18 nodes, 18 classes
[2026-04-20T10:45:54Z INFO  parabit] Iteration 1: 66 nodes, 35 classes
[2026-04-20T10:45:54Z INFO  parabit] Iteration 2: 110 nodes, 42 classes
[2026-04-20T10:45:54Z INFO  parabit] Iteration 3: 197 nodes, 47 classes
[2026-04-20T10:45:54Z INFO  parabit] Iteration 4: 365 nodes, 57 classes
[2026-04-20T10:45:54Z INFO  parabit] Iteration 0: 18 nodes, 18 classes
[2026-04-20T10:45:54Z INFO  parabit] Iteration 1: 66 nodes, 35 classes
[2026-04-20T10:45:54Z INFO  parabit] Iteration 2: 110 nodes, 42 classes
[2026-04-20T10:45:54Z INFO  parabit] Iteration 3: 197 nodes, 47 classes
[2026-04-20T10:45:54Z INFO  parabit] Iteration 4: 365 nodes, 57 classes
[2026-04-20T10:45:54Z INFO  parabit] Iteration 0: 18 nodes, 18 classes
[2026-04-20T10:45:54Z INFO  parabit] Iteration 1: 66 nodes, 35 classes
[2026-04-20T10:45:54Z INFO  parabit] Iteration 2: 110 nodes, 42 classes
[2026-04-20T10:45:54Z INFO  parabit] Iteration 3: 197 nodes, 47 classes
[2026-04-20T10:45:54Z INFO  parabit] Iteration 4: 365 nodes, 57 classes
[2026-04-20T10:45:54Z INFO  parabit] Iteration 0: 18 nodes, 18 classes
[2026-04-20T10:45:54Z INFO  parabit] Iteration 1: 66 nodes, 35 classes
[2026-04-20T10:45:54Z INFO  parabit] Iteration 2: 110 nodes, 42 classes
[2026-04-20T10:45:54Z INFO  parabit] Iteration 3: 197 nodes, 47 classes
[2026-04-20T10:45:54Z INFO  parabit] Iteration 4: 365 nodes, 57 classes
[2026-04-20T10:45:54Z INFO  parabit] Iteration 0: 18 nodes, 18 classes
[2026-04-20T10:45:54Z INFO  parabit] Iteration 1: 66 nodes, 35 classes
[2026-04-20T10:45:54Z INFO  parabit] Iteration 2: 110 nodes, 42 classes
[2026-04-20T10:45:54Z INFO  parabit] Iteration 3: 197 nodes, 47 classes
[2026-04-20T10:45:54Z INFO  parabit] Iteration 4: 365 nodes, 57 classes
[2026-04-20T10:45:54Z INFO  parabit] Iteration 0: 18 nodes, 18 classes
[2026-04-20T10:45:54Z INFO  parabit] Iteration 1: 66 nodes, 35 classes
[2026-04-20T10:45:54Z INFO  parabit] Iteration 2: 110 nodes, 42 classes
[2026-04-20T10:45:54Z INFO  parabit] Iteration 3: 197 nodes, 47 classes
[2026-04-20T10:45:54Z INFO  parabit] Iteration 4: 365 nodes, 57 classes
[2026-04-20T10:45:54Z INFO  parabit] Iteration 0: 18 nodes, 18 classes
[2026-04-20T10:45:54Z INFO  parabit] Iteration 1: 66 nodes, 35 classes
[2026-04-20T10:45:54Z INFO  parabit] Iteration 2: 110 nodes, 42 classes
[2026-04-20T10:45:54Z INFO  parabit] Iteration 3: 197 nodes, 47 classes
[2026-04-20T10:45:54Z INFO  parabit] Iteration 4: 365 nodes, 57 classes
[2026-04-20T10:45:54Z INFO  parabit] Iteration 0: 18 nodes, 18 classes
[2026-04-20T10:45:54Z INFO  parabit] Iteration 1: 66 nodes, 35 classes
[2026-04-20T10:45:54Z INFO  parabit] Iteration 2: 110 nodes, 42 classes
[2026-04-20T10:45:54Z INFO  parabit] Iteration 3: 197 nodes, 47 classes
[2026-04-20T10:45:54Z INFO  parabit] Iteration 4: 365 nodes, 57 classes
[2026-04-20T10:45:54Z INFO  parabit] Iteration 0: 18 nodes, 18 classes
[2026-04-20T10:45:54Z INFO  parabit] Iteration 1: 66 nodes, 35 classes
[2026-04-20T10:45:54Z INFO  parabit] Iteration 2: 110 nodes, 42 classes
[2026-04-20T10:45:54Z INFO  parabit] Iteration 3: 197 nodes, 47 classes
[2026-04-20T10:45:54Z INFO  parabit] Iteration 4: 365 nodes, 57 classes
[2026-04-20T10:45:54Z INFO  parabit] Iteration 0: 18 nodes, 18 classes
[2026-04-20T10:45:54Z INFO  parabit] Iteration 1: 66 nodes, 35 classes
[2026-04-20T10:45:54Z INFO  parabit] Iteration 2: 110 nodes, 42 classes
[2026-04-20T10:45:54Z INFO  parabit] Iteration 3: 197 nodes, 47 classes
[2026-04-20T10:45:54Z INFO  parabit] Iteration 4: 365 nodes, 57 classes
[2026-04-20T10:45:54Z INFO  parabit] Iteration 0: 18 nodes, 18 classes
[2026-04-20T10:45:54Z INFO  parabit] Iteration 1: 66 nodes, 35 classes
[2026-04-20T10:45:54Z INFO  parabit] Iteration 2: 110 nodes, 42 classes
[2026-04-20T10:45:54Z INFO  parabit] Iteration 3: 197 nodes, 47 classes
[2026-04-20T10:45:54Z INFO  parabit] Iteration 4: 365 nodes, 57 classes
[2026-04-20T10:45:54Z INFO  parabit] Iteration 0: 18 nodes, 18 classes
[2026-04-20T10:45:54Z INFO  parabit] Iteration 1: 66 nodes, 35 classes
[2026-04-20T10:45:54Z INFO  parabit] Iteration 2: 110 nodes, 42 classes
[2026-04-20T10:45:54Z INFO  parabit] Iteration 3: 197 nodes, 47 classes
[2026-04-20T10:45:54Z INFO  parabit] Iteration 4: 365 nodes, 57 classes
[2026-04-20T10:45:54Z INFO  parabit] Iteration 0: 18 nodes, 18 classes
[2026-04-20T10:45:54Z INFO  parabit] Iteration 1: 66 nodes, 35 classes
[2026-04-20T10:45:54Z INFO  parabit] Iteration 2: 110 nodes, 42 classes
[2026-04-20T10:45:54Z INFO  parabit] Iteration 3: 197 nodes, 47 classes
[2026-04-20T10:45:54Z INFO  parabit] Iteration 4: 365 nodes, 57 classes
[2026-04-20T10:45:54Z INFO  parabit] Iteration 0: 18 nodes, 18 classes
[2026-04-20T10:45:54Z INFO  parabit] Iteration 1: 66 nodes, 35 classes
[2026-04-20T10:45:54Z INFO  parabit] Iteration 2: 110 nodes, 42 classes
[2026-04-20T10:45:54Z INFO  parabit] Iteration 3: 197 nodes, 47 classes
[2026-04-20T10:45:54Z INFO  parabit] Iteration 4: 365 nodes, 57 classes
[2026-04-20T10:45:54Z INFO  parabit] Iteration 0: 18 nodes, 18 classes
[2026-04-20T10:45:54Z INFO  parabit] Iteration 1: 66 nodes, 35 classes
[2026-04-20T10:45:54Z INFO  parabit] Iteration 2: 110 nodes, 42 classes
[2026-04-20T10:45:54Z INFO  parabit] Iteration 3: 197 nodes, 47 classes
[2026-04-20T10:45:54Z INFO  parabit] Iteration 4: 365 nodes, 57 classes
[2026-04-20T10:45:54Z INFO  parabit] Iteration 0: 18 nodes, 18 classes
[2026-04-20T10:45:54Z INFO  parabit] Iteration 1: 66 nodes, 35 classes
[2026-04-20T10:45:54Z INFO  parabit] Iteration 2: 110 nodes, 42 classes
[2026-04-20T10:45:54Z INFO  parabit] Iteration 3: 197 nodes, 47 classes
[2026-04-20T10:45:54Z INFO  parabit] Iteration 4: 365 nodes, 57 classes
[2026-04-20T10:45:54Z INFO  parabit] Iteration 0: 18 nodes, 18 classes
[2026-04-20T10:45:54Z INFO  parabit] Iteration 1: 66 nodes, 35 classes
[2026-04-20T10:45:54Z INFO  parabit] Iteration 2: 110 nodes, 42 classes
[2026-04-20T10:45:54Z INFO  parabit] Iteration 3: 197 nodes, 47 classes
[2026-04-20T10:45:54Z INFO  parabit] Iteration 4: 365 nodes, 57 classes
[2026-04-20T10:45:54Z INFO  parabit] Iteration 0: 18 nodes, 18 classes
[2026-04-20T10:45:54Z INFO  parabit] Iteration 1: 66 nodes, 35 classes
[2026-04-20T10:45:54Z INFO  parabit] Iteration 2: 110 nodes, 42 classes
[2026-04-20T10:45:54Z INFO  parabit] Iteration 3: 197 nodes, 47 classes
[2026-04-20T10:45:54Z INFO  parabit] Iteration 4: 365 nodes, 57 classes
[2026-04-20T10:45:54Z INFO  parabit] Iteration 0: 18 nodes, 18 classes
[2026-04-20T10:45:54Z INFO  parabit] Iteration 1: 66 nodes, 35 classes
[2026-04-20T10:45:54Z INFO  parabit] Iteration 2: 110 nodes, 42 classes
[2026-04-20T10:45:54Z INFO  parabit] Iteration 3: 197 nodes, 47 classes
[2026-04-20T10:45:54Z INFO  parabit] Iteration 4: 365 nodes, 57 classes
[2026-04-20T10:45:54Z INFO  parabit] Iteration 0: 18 nodes, 18 classes
[2026-04-20T10:45:54Z INFO  parabit] Iteration 1: 66 nodes, 35 classes
[2026-04-20T10:45:54Z INFO  parabit] Iteration 2: 110 nodes, 42 classes
[2026-04-20T10:45:54Z INFO  parabit] Iteration 3: 197 nodes, 47 classes
[2026-04-20T10:45:54Z INFO  parabit] Iteration 4: 365 nodes, 57 classes
[2026-04-20T10:45:54Z INFO  parabit] Iteration 0: 18 nodes, 18 classes
[2026-04-20T10:45:54Z INFO  parabit] Iteration 1: 66 nodes, 35 classes
[2026-04-20T10:45:54Z INFO  parabit] Iteration 2: 110 nodes, 42 classes
[2026-04-20T10:45:54Z INFO  parabit] Iteration 3: 197 nodes, 47 classes
[2026-04-20T10:45:54Z INFO  parabit] Iteration 4: 365 nodes, 57 classes
[2026-04-20T10:45:54Z INFO  parabit] Iteration 0: 18 nodes, 18 classes
[2026-04-20T10:45:54Z INFO  parabit] Iteration 1: 66 nodes, 35 classes
[2026-04-20T10:45:54Z INFO  parabit] Iteration 2: 110 nodes, 42 classes
[2026-04-20T10:45:54Z INFO  parabit] Iteration 3: 197 nodes, 47 classes
[2026-04-20T10:45:54Z INFO  parabit] Iteration 4: 365 nodes, 57 classes
[2026-04-20T10:45:54Z INFO  parabit] Iteration 0: 18 nodes, 18 classes
[2026-04-20T10:45:54Z INFO  parabit] Iteration 1: 66 nodes, 35 classes
[2026-04-20T10:45:54Z INFO  parabit] Iteration 2: 110 nodes, 42 classes
[2026-04-20T10:45:54Z INFO  parabit] Iteration 3: 197 nodes, 47 classes
[2026-04-20T10:45:54Z INFO  parabit] Iteration 4: 365 nodes, 57 classes
[2026-04-20T10:45:54Z INFO  parabit] Iteration 0: 18 nodes, 18 classes
[2026-04-20T10:45:54Z INFO  parabit] Iteration 1: 66 nodes, 35 classes
[2026-04-20T10:45:54Z INFO  parabit] Iteration 2: 110 nodes, 42 classes
[2026-04-20T10:45:54Z INFO  parabit] Iteration 3: 197 nodes, 47 classes
[2026-04-20T10:45:54Z INFO  parabit] Iteration 4: 365 nodes, 57 classes
[2026-04-20T10:45:54Z INFO  parabit] Iteration 0: 18 nodes, 18 classes
[2026-04-20T10:45:54Z INFO  parabit] Iteration 1: 66 nodes, 35 classes
[2026-04-20T10:45:54Z INFO  parabit] Iteration 2: 110 nodes, 42 classes
[2026-04-20T10:45:54Z INFO  parabit] Iteration 3: 197 nodes, 47 classes
[2026-04-20T10:45:54Z INFO  parabit] Iteration 4: 365 nodes, 57 classes
[2026-04-20T10:45:54Z INFO  parabit] Iteration 0: 18 nodes, 18 classes
[2026-04-20T10:45:54Z INFO  parabit] Iteration 1: 66 nodes, 35 classes
[2026-04-20T10:45:54Z INFO  parabit] Iteration 2: 110 nodes, 42 classes
[2026-04-20T10:45:54Z INFO  parabit] Iteration 3: 197 nodes, 47 classes
[2026-04-20T10:45:54Z INFO  parabit] Iteration 4: 365 nodes, 57 classes
[2026-04-20T10:45:54Z INFO  parabit] Iteration 0: 18 nodes, 18 classes
[2026-04-20T10:45:54Z INFO  parabit] Iteration 1: 66 nodes, 35 classes
[2026-04-20T10:45:54Z INFO  parabit] Iteration 2: 110 nodes, 42 classes
[2026-04-20T10:45:54Z INFO  parabit] Iteration 3: 197 nodes, 47 classes
[2026-04-20T10:45:54Z INFO  parabit] Iteration 4: 365 nodes, 57 classes
[2026-04-20T10:45:54Z INFO  parabit] Iteration 0: 18 nodes, 18 classes
[2026-04-20T10:45:54Z INFO  parabit] Iteration 1: 66 nodes, 35 classes
[2026-04-20T10:45:54Z INFO  parabit] Iteration 2: 110 nodes, 42 classes
[2026-04-20T10:45:54Z INFO  parabit] Iteration 3: 197 nodes, 47 classes
[2026-04-20T10:45:54Z INFO  parabit] Iteration 4: 365 nodes, 57 classes
[2026-04-20T10:45:54Z INFO  parabit] Iteration 0: 18 nodes, 18 classes
[2026-04-20T10:45:54Z INFO  parabit] Iteration 1: 66 nodes, 35 classes
[2026-04-20T10:45:54Z INFO  parabit] Iteration 2: 110 nodes, 42 classes
[2026-04-20T10:45:54Z INFO  parabit] Iteration 3: 197 nodes, 47 classes
[2026-04-20T10:45:54Z INFO  parabit] Iteration 4: 365 nodes, 57 classes
[2026-04-20T10:45:54Z INFO  parabit] Iteration 0: 18 nodes, 18 classes
[2026-04-20T10:45:54Z INFO  parabit] Iteration 1: 66 nodes, 35 classes
[2026-04-20T10:45:54Z INFO  parabit] Iteration 2: 110 nodes, 42 classes
[2026-04-20T10:45:54Z INFO  parabit] Iteration 3: 197 nodes, 47 classes
[2026-04-20T10:45:54Z INFO  parabit] Iteration 4: 365 nodes, 57 classes
[2026-04-20T10:45:54Z INFO  parabit] Iteration 0: 18 nodes, 18 classes
[2026-04-20T10:45:54Z INFO  parabit] Iteration 1: 66 nodes, 35 classes
[2026-04-20T10:45:54Z INFO  parabit] Iteration 2: 110 nodes, 42 classes
[2026-04-20T10:45:54Z INFO  parabit] Iteration 3: 197 nodes, 47 classes
[2026-04-20T10:45:54Z INFO  parabit] Iteration 4: 365 nodes, 57 classes
[2026-04-20T10:45:54Z INFO  parabit] Iteration 0: 18 nodes, 18 classes
[2026-04-20T10:45:54Z INFO  parabit] Iteration 1: 66 nodes, 35 classes
[2026-04-20T10:45:54Z INFO  parabit] Iteration 2: 110 nodes, 42 classes
[2026-04-20T10:45:54Z INFO  parabit] Iteration 3: 197 nodes, 47 classes
[2026-04-20T10:45:54Z INFO  parabit] Iteration 4: 365 nodes, 57 classes
[2026-04-20T10:45:54Z INFO  parabit] Iteration 0: 18 nodes, 18 classes
[2026-04-20T10:45:54Z INFO  parabit] Iteration 1: 66 nodes, 35 classes
[2026-04-20T10:45:54Z INFO  parabit] Iteration 2: 110 nodes, 42 classes
[2026-04-20T10:45:54Z INFO  parabit] Iteration 3: 197 nodes, 47 classes
[2026-04-20T10:45:54Z INFO  parabit] Iteration 4: 365 nodes, 57 classes
[2026-04-20T10:45:54Z INFO  parabit] Iteration 0: 18 nodes, 18 classes
[2026-04-20T10:45:54Z INFO  parabit] Iteration 1: 66 nodes, 35 classes
[2026-04-20T10:45:54Z INFO  parabit] Iteration 2: 110 nodes, 42 classes
[2026-04-20T10:45:54Z INFO  parabit] Iteration 3: 197 nodes, 47 classes
[2026-04-20T10:45:54Z INFO  parabit] Iteration 4: 365 nodes, 57 classes
[2026-04-20T10:45:54Z INFO  parabit] Iteration 0: 18 nodes, 18 classes
[2026-04-20T10:45:54Z INFO  parabit] Iteration 1: 66 nodes, 35 classes
[2026-04-20T10:45:54Z INFO  parabit] Iteration 2: 110 nodes, 42 classes
[2026-04-20T10:45:54Z INFO  parabit] Iteration 3: 197 nodes, 47 classes
[2026-04-20T10:45:54Z INFO  parabit] Iteration 4: 365 nodes, 57 classes
[2026-04-20T10:45:54Z INFO  parabit] Iteration 0: 18 nodes, 18 classes
[2026-04-20T10:45:54Z INFO  parabit] Iteration 1: 66 nodes, 35 classes
[2026-04-20T10:45:54Z INFO  parabit] Iteration 2: 110 nodes, 42 classes
[2026-04-20T10:45:54Z INFO  parabit] Iteration 3: 197 nodes, 47 classes
[2026-04-20T10:45:54Z INFO  parabit] Iteration 4: 365 nodes, 57 classes
[2026-04-20T10:45:54Z INFO  parabit] Iteration 0: 18 nodes, 18 classes
[2026-04-20T10:45:54Z INFO  parabit] Iteration 1: 66 nodes, 35 classes
[2026-04-20T10:45:54Z INFO  parabit] Iteration 2: 110 nodes, 42 classes
[2026-04-20T10:45:54Z INFO  parabit] Iteration 3: 197 nodes, 47 classes
[2026-04-20T10:45:54Z INFO  parabit] Iteration 4: 365 nodes, 57 classes
[2026-04-20T10:45:54Z INFO  parabit] Iteration 0: 18 nodes, 18 classes
[2026-04-20T10:45:54Z INFO  parabit] Iteration 1: 66 nodes, 35 classes
[2026-04-20T10:45:54Z INFO  parabit] Iteration 2: 110 nodes, 42 classes
[2026-04-20T10:45:54Z INFO  parabit] Iteration 3: 197 nodes, 47 classes
[2026-04-20T10:45:54Z INFO  parabit] Iteration 4: 365 nodes, 57 classes
[2026-04-20T10:45:54Z INFO  parabit] Iteration 0: 18 nodes, 18 classes
[2026-04-20T10:45:54Z INFO  parabit] Iteration 1: 66 nodes, 35 classes
[2026-04-20T10:45:54Z INFO  parabit] Iteration 2: 110 nodes, 42 classes
[2026-04-20T10:45:54Z INFO  parabit] Iteration 3: 197 nodes, 47 classes
[2026-04-20T10:45:54Z INFO  parabit] Iteration 4: 365 nodes, 57 classes
[2026-04-20T10:45:54Z INFO  parabit] Iteration 0: 18 nodes, 18 classes
[2026-04-20T10:45:54Z INFO  parabit] Iteration 1: 66 nodes, 35 classes
[2026-04-20T10:45:54Z INFO  parabit] Iteration 2: 110 nodes, 42 classes
[2026-04-20T10:45:54Z INFO  parabit] Iteration 3: 197 nodes, 47 classes
[2026-04-20T10:45:54Z INFO  parabit] Iteration 4: 365 nodes, 57 classes
[2026-04-20T10:45:54Z INFO  parabit] Iteration 0: 18 nodes, 18 classes
[2026-04-20T10:45:54Z INFO  parabit] Iteration 1: 66 nodes, 35 classes
[2026-04-20T10:45:54Z INFO  parabit] Iteration 2: 110 nodes, 42 classes
[2026-04-20T10:45:54Z INFO  parabit] Iteration 3: 197 nodes, 47 classes
[2026-04-20T10:45:54Z INFO  parabit] Iteration 4: 365 nodes, 57 classes
[2026-04-20T10:45:54Z INFO  parabit] Iteration 0: 18 nodes, 18 classes
[2026-04-20T10:45:54Z INFO  parabit] Iteration 1: 66 nodes, 35 classes
[2026-04-20T10:45:54Z INFO  parabit] Iteration 2: 110 nodes, 42 classes
[2026-04-20T10:45:54Z INFO  parabit] Iteration 3: 197 nodes, 47 classes
[2026-04-20T10:45:54Z INFO  parabit] Iteration 4: 365 nodes, 57 classes
[2026-04-20T10:45:54Z INFO  parabit] Iteration 0: 18 nodes, 18 classes
[2026-04-20T10:45:54Z INFO  parabit] Iteration 1: 66 nodes, 35 classes
[2026-04-20T10:45:54Z INFO  parabit] Iteration 2: 110 nodes, 42 classes
[2026-04-20T10:45:54Z INFO  parabit] Iteration 3: 197 nodes, 47 classes
[2026-04-20T10:45:54Z INFO  parabit] Iteration 4: 365 nodes, 57 classes
[2026-04-20T10:45:54Z INFO  parabit] Iteration 0: 18 nodes, 18 classes
[2026-04-20T10:45:54Z INFO  parabit] Iteration 1: 66 nodes, 35 classes
[2026-04-20T10:45:54Z INFO  parabit] Iteration 2: 110 nodes, 42 classes
[2026-04-20T10:45:54Z INFO  parabit] Iteration 3: 197 nodes, 47 classes
[2026-04-20T10:45:54Z INFO  parabit] Iteration 4: 365 nodes, 57 classes
[2026-04-20T10:45:54Z INFO  parabit] Iteration 0: 18 nodes, 18 classes
[2026-04-20T10:45:54Z INFO  parabit] Iteration 1: 66 nodes, 35 classes
[2026-04-20T10:45:54Z INFO  parabit] Iteration 2: 110 nodes, 42 classes
[2026-04-20T10:45:54Z INFO  parabit] Iteration 3: 197 nodes, 47 classes
[2026-04-20T10:45:54Z INFO  parabit] Iteration 4: 365 nodes, 57 classes
[2026-04-20T10:45:54Z INFO  parabit] Iteration 0: 18 nodes, 18 classes
[2026-04-20T10:45:54Z INFO  parabit] Iteration 1: 66 nodes, 35 classes
[2026-04-20T10:45:54Z INFO  parabit] Iteration 2: 110 nodes, 42 classes
[2026-04-20T10:45:54Z INFO  parabit] Iteration 3: 197 nodes, 47 classes
[2026-04-20T10:45:54Z INFO  parabit] Iteration 4: 365 nodes, 57 classes
[2026-04-20T10:45:54Z INFO  parabit] Iteration 0: 18 nodes, 18 classes
[2026-04-20T10:45:54Z INFO  parabit] Iteration 1: 66 nodes, 35 classes
[2026-04-20T10:45:54Z INFO  parabit] Iteration 2: 110 nodes, 42 classes
[2026-04-20T10:45:54Z INFO  parabit] Iteration 3: 197 nodes, 47 classes
[2026-04-20T10:45:54Z INFO  parabit] Iteration 4: 365 nodes, 57 classes
[2026-04-20T10:45:54Z INFO  parabit] Iteration 0: 18 nodes, 18 classes
[2026-04-20T10:45:54Z INFO  parabit] Iteration 1: 66 nodes, 35 classes
[2026-04-20T10:45:54Z INFO  parabit] Iteration 2: 110 nodes, 42 classes
[2026-04-20T10:45:54Z INFO  parabit] Iteration 3: 197 nodes, 47 classes
[2026-04-20T10:45:54Z INFO  parabit] Iteration 4: 365 nodes, 57 classes
[2026-04-20T10:45:54Z INFO  parabit] Iteration 0: 18 nodes, 18 classes
[2026-04-20T10:45:54Z INFO  parabit] Iteration 1: 66 nodes, 35 classes
[2026-04-20T10:45:54Z INFO  parabit] Iteration 2: 110 nodes, 42 classes
[2026-04-20T10:45:54Z INFO  parabit] Iteration 3: 197 nodes, 47 classes
[2026-04-20T10:45:54Z INFO  parabit] Iteration 4: 365 nodes, 57 classes
[2026-04-20T10:45:54Z INFO  parabit] Iteration 0: 18 nodes, 18 classes
[2026-04-20T10:45:54Z INFO  parabit] Iteration 1: 66 nodes, 35 classes
[2026-04-20T10:45:54Z INFO  parabit] Iteration 2: 110 nodes, 42 classes
[2026-04-20T10:45:54Z INFO  parabit] Iteration 3: 197 nodes, 47 classes
[2026-04-20T10:45:54Z INFO  parabit] Iteration 4: 365 nodes, 57 classes
[2026-04-20T10:45:54Z INFO  parabit] Iteration 0: 18 nodes, 18 classes
[2026-04-20T10:45:54Z INFO  parabit] Iteration 1: 66 nodes, 35 classes
[2026-04-20T10:45:54Z INFO  parabit] Iteration 2: 110 nodes, 42 classes
[2026-04-20T10:45:54Z INFO  parabit] Iteration 3: 197 nodes, 47 classes
[2026-04-20T10:45:54Z INFO  parabit] Iteration 4: 365 nodes, 57 classes
[2026-04-20T10:45:54Z INFO  parabit] Iteration 0: 18 nodes, 18 classes
[2026-04-20T10:45:54Z INFO  parabit] Iteration 1: 66 nodes, 35 classes
[2026-04-20T10:45:54Z INFO  parabit] Iteration 2: 110 nodes, 42 classes
[2026-04-20T10:45:54Z INFO  parabit] Iteration 3: 197 nodes, 47 classes
[2026-04-20T10:45:54Z INFO  parabit] Iteration 4: 365 nodes, 57 classes
[2026-04-20T10:45:54Z INFO  parabit] Iteration 0: 18 nodes, 18 classes
[2026-04-20T10:45:54Z INFO  parabit] Iteration 1: 66 nodes, 35 classes
[2026-04-20T10:45:54Z INFO  parabit] Iteration 2: 110 nodes, 42 classes
[2026-04-20T10:45:54Z INFO  parabit] Iteration 3: 197 nodes, 47 classes
[2026-04-20T10:45:54Z INFO  parabit] Iteration 4: 365 nodes, 57 classes
[2026-04-20T10:45:54Z INFO  parabit] Iteration 0: 18 nodes, 18 classes
[2026-04-20T10:45:54Z INFO  parabit] Iteration 1: 66 nodes, 35 classes
[2026-04-20T10:45:54Z INFO  parabit] Iteration 2: 110 nodes, 42 classes
[2026-04-20T10:45:54Z INFO  parabit] Iteration 3: 197 nodes, 47 classes
[2026-04-20T10:45:54Z INFO  parabit] Iteration 4: 365 nodes, 57 classes
[2026-04-20T10:45:54Z INFO  parabit] Iteration 0: 18 nodes, 18 classes
[2026-04-20T10:45:54Z INFO  parabit] Iteration 1: 66 nodes, 35 classes
[2026-04-20T10:45:54Z INFO  parabit] Iteration 2: 110 nodes, 42 classes
[2026-04-20T10:45:54Z INFO  parabit] Iteration 3: 197 nodes, 47 classes
[2026-04-20T10:45:54Z INFO  parabit] Iteration 4: 365 nodes, 57 classes
[2026-04-20T10:45:54Z INFO  parabit] Iteration 0: 18 nodes, 18 classes
[2026-04-20T10:45:54Z INFO  parabit] Iteration 1: 66 nodes, 35 classes
[2026-04-20T10:45:54Z INFO  parabit] Iteration 2: 110 nodes, 42 classes
[2026-04-20T10:45:54Z INFO  parabit] Iteration 3: 197 nodes, 47 classes
[2026-04-20T10:45:54Z INFO  parabit] Iteration 4: 365 nodes, 57 classes
[2026-04-20T10:45:54Z INFO  parabit] Iteration 0: 18 nodes, 18 classes
[2026-04-20T10:45:54Z INFO  parabit] Iteration 1: 66 nodes, 35 classes
[2026-04-20T10:45:54Z INFO  parabit] Iteration 2: 110 nodes, 42 classes
[2026-04-20T10:45:54Z INFO  parabit] Iteration 3: 197 nodes, 47 classes
[2026-04-20T10:45:54Z INFO  parabit] Iteration 4: 365 nodes, 57 classes
[2026-04-20T10:45:54Z INFO  parabit] Iteration 0: 18 nodes, 18 classes
[2026-04-20T10:45:54Z INFO  parabit] Iteration 1: 66 nodes, 35 classes
[2026-04-20T10:45:54Z INFO  parabit] Iteration 2: 110 nodes, 42 classes
[2026-04-20T10:45:54Z INFO  parabit] Iteration 3: 197 nodes, 47 classes
[2026-04-20T10:45:54Z INFO  parabit] Iteration 4: 365 nodes, 57 classes
[2026-04-20T10:45:54Z INFO  parabit] Iteration 0: 18 nodes, 18 classes
[2026-04-20T10:45:54Z INFO  parabit] Iteration 1: 66 nodes, 35 classes
[2026-04-20T10:45:54Z INFO  parabit] Iteration 2: 110 nodes, 42 classes
[2026-04-20T10:45:54Z INFO  parabit] Iteration 3: 197 nodes, 47 classes
[2026-04-20T10:45:54Z INFO  parabit] Iteration 4: 365 nodes, 57 classes
[2026-04-20T10:45:54Z INFO  parabit] Iteration 0: 18 nodes, 18 classes
[2026-04-20T10:45:54Z INFO  parabit] Iteration 1: 66 nodes, 35 classes
[2026-04-20T10:45:54Z INFO  parabit] Iteration 2: 110 nodes, 42 classes
[2026-04-20T10:45:54Z INFO  parabit] Iteration 3: 197 nodes, 47 classes
[2026-04-20T10:45:54Z INFO  parabit] Iteration 4: 365 nodes, 57 classes
[2026-04-20T10:45:54Z INFO  parabit] Iteration 0: 18 nodes, 18 classes
[2026-04-20T10:45:54Z INFO  parabit] Iteration 1: 66 nodes, 35 classes
[2026-04-20T10:45:54Z INFO  parabit] Iteration 2: 110 nodes, 42 classes
[2026-04-20T10:45:54Z INFO  parabit] Iteration 3: 197 nodes, 47 classes
[2026-04-20T10:45:54Z INFO  parabit] Iteration 4: 365 nodes, 57 classes
[2026-04-20T10:45:54Z INFO  parabit] Iteration 0: 18 nodes, 18 classes
[2026-04-20T10:45:54Z INFO  parabit] Iteration 1: 66 nodes, 35 classes
[2026-04-20T10:45:54Z INFO  parabit] Iteration 2: 110 nodes, 42 classes
[2026-04-20T10:45:54Z INFO  parabit] Iteration 3: 197 nodes, 47 classes
[2026-04-20T10:45:54Z INFO  parabit] Iteration 4: 365 nodes, 57 classes
[2026-04-20T10:45:55Z INFO  parabit] Iteration 0: 18 nodes, 18 classes
[2026-04-20T10:45:55Z INFO  parabit] Iteration 1: 66 nodes, 35 classes
[2026-04-20T10:45:55Z INFO  parabit] Iteration 2: 110 nodes, 42 classes
[2026-04-20T10:45:55Z INFO  parabit] Iteration 3: 197 nodes, 47 classes
[2026-04-20T10:45:55Z INFO  parabit] Iteration 4: 365 nodes, 57 classes
[2026-04-20T10:45:55Z INFO  parabit] Iteration 0: 18 nodes, 18 classes
[2026-04-20T10:45:55Z INFO  parabit] Iteration 1: 66 nodes, 35 classes
[2026-04-20T10:45:55Z INFO  parabit] Iteration 2: 110 nodes, 42 classes
[2026-04-20T10:45:55Z INFO  parabit] Iteration 3: 197 nodes, 47 classes
[2026-04-20T10:45:55Z INFO  parabit] Iteration 4: 365 nodes, 57 classes
[2026-04-20T10:45:55Z INFO  parabit] Iteration 0: 18 nodes, 18 classes
[2026-04-20T10:45:55Z INFO  parabit] Iteration 1: 66 nodes, 35 classes
[2026-04-20T10:45:55Z INFO  parabit] Iteration 2: 110 nodes, 42 classes
[2026-04-20T10:45:55Z INFO  parabit] Iteration 3: 197 nodes, 47 classes
[2026-04-20T10:45:55Z INFO  parabit] Iteration 4: 365 nodes, 57 classes
[2026-04-20T10:45:55Z INFO  parabit] Iteration 0: 18 nodes, 18 classes
[2026-04-20T10:45:55Z INFO  parabit] Iteration 1: 66 nodes, 35 classes
[2026-04-20T10:45:55Z INFO  parabit] Iteration 2: 110 nodes, 42 classes
[2026-04-20T10:45:55Z INFO  parabit] Iteration 3: 197 nodes, 47 classes
[2026-04-20T10:45:55Z INFO  parabit] Iteration 4: 365 nodes, 57 classes
[2026-04-20T10:45:55Z INFO  parabit] Iteration 0: 18 nodes, 18 classes
[2026-04-20T10:45:55Z INFO  parabit] Iteration 1: 66 nodes, 35 classes
[2026-04-20T10:45:55Z INFO  parabit] Iteration 2: 110 nodes, 42 classes
[2026-04-20T10:45:55Z INFO  parabit] Iteration 3: 197 nodes, 47 classes
[2026-04-20T10:45:55Z INFO  parabit] Iteration 4: 365 nodes, 57 classes
[2026-04-20T10:45:55Z INFO  parabit] Iteration 0: 18 nodes, 18 classes
[2026-04-20T10:45:55Z INFO  parabit] Iteration 1: 66 nodes, 35 classes
[2026-04-20T10:45:55Z INFO  parabit] Iteration 2: 110 nodes, 42 classes
[2026-04-20T10:45:55Z INFO  parabit] Iteration 3: 197 nodes, 47 classes
[2026-04-20T10:45:55Z INFO  parabit] Iteration 4: 365 nodes, 57 classes
[2026-04-20T10:45:55Z INFO  parabit] Iteration 0: 18 nodes, 18 classes
[2026-04-20T10:45:55Z INFO  parabit] Iteration 1: 66 nodes, 35 classes
[2026-04-20T10:45:55Z INFO  parabit] Iteration 2: 110 nodes, 42 classes
[2026-04-20T10:45:55Z INFO  parabit] Iteration 3: 197 nodes, 47 classes
[2026-04-20T10:45:55Z INFO  parabit] Iteration 4: 365 nodes, 57 classes
[2026-04-20T10:45:55Z INFO  parabit] Iteration 0: 18 nodes, 18 classes
[2026-04-20T10:45:55Z INFO  parabit] Iteration 1: 66 nodes, 35 classes
[2026-04-20T10:45:55Z INFO  parabit] Iteration 2: 110 nodes, 42 classes
[2026-04-20T10:45:55Z INFO  parabit] Iteration 3: 197 nodes, 47 classes
[2026-04-20T10:45:55Z INFO  parabit] Iteration 4: 365 nodes, 57 classes
[2026-04-20T10:45:55Z INFO  parabit] Iteration 0: 18 nodes, 18 classes
[2026-04-20T10:45:55Z INFO  parabit] Iteration 1: 66 nodes, 35 classes
[2026-04-20T10:45:55Z INFO  parabit] Iteration 2: 110 nodes, 42 classes
[2026-04-20T10:45:55Z INFO  parabit] Iteration 3: 197 nodes, 47 classes
[2026-04-20T10:45:55Z INFO  parabit] Iteration 4: 365 nodes, 57 classes
[2026-04-20T10:45:55Z INFO  parabit] Iteration 0: 18 nodes, 18 classes
[2026-04-20T10:45:55Z INFO  parabit] Iteration 1: 66 nodes, 35 classes
[2026-04-20T10:45:55Z INFO  parabit] Iteration 2: 110 nodes, 42 classes
[2026-04-20T10:45:55Z INFO  parabit] Iteration 3: 197 nodes, 47 classes
[2026-04-20T10:45:55Z INFO  parabit] Iteration 4: 365 nodes, 57 classes
[2026-04-20T10:45:55Z INFO  parabit] Iteration 0: 18 nodes, 18 classes
[2026-04-20T10:45:55Z INFO  parabit] Iteration 1: 66 nodes, 35 classes
[2026-04-20T10:45:55Z INFO  parabit] Iteration 2: 110 nodes, 42 classes
[2026-04-20T10:45:55Z INFO  parabit] Iteration 3: 197 nodes, 47 classes
[2026-04-20T10:45:55Z INFO  parabit] Iteration 4: 365 nodes, 57 classes
[2026-04-20T10:45:55Z INFO  parabit] Iteration 0: 18 nodes, 18 classes
[2026-04-20T10:45:55Z INFO  parabit] Iteration 1: 66 nodes, 35 classes
[2026-04-20T10:45:55Z INFO  parabit] Iteration 2: 110 nodes, 42 classes
[2026-04-20T10:45:55Z INFO  parabit] Iteration 3: 197 nodes, 47 classes
[2026-04-20T10:45:55Z INFO  parabit] Iteration 4: 365 nodes, 57 classes
[2026-04-20T10:45:55Z INFO  parabit] Iteration 0: 18 nodes, 18 classes
[2026-04-20T10:45:55Z INFO  parabit] Iteration 1: 66 nodes, 35 classes
[2026-04-20T10:45:55Z INFO  parabit] Iteration 2: 110 nodes, 42 classes
[2026-04-20T10:45:55Z INFO  parabit] Iteration 3: 197 nodes, 47 classes
[2026-04-20T10:45:55Z INFO  parabit] Iteration 4: 365 nodes, 57 classes
[2026-04-20T10:45:55Z INFO  parabit] Iteration 0: 18 nodes, 18 classes
[2026-04-20T10:45:55Z INFO  parabit] Iteration 1: 66 nodes, 35 classes
[2026-04-20T10:45:55Z INFO  parabit] Iteration 2: 110 nodes, 42 classes
[2026-04-20T10:45:55Z INFO  parabit] Iteration 3: 197 nodes, 47 classes
[2026-04-20T10:45:55Z INFO  parabit] Iteration 4: 365 nodes, 57 classes
[2026-04-20T10:45:55Z INFO  parabit] Iteration 0: 18 nodes, 18 classes
[2026-04-20T10:45:55Z INFO  parabit] Iteration 1: 66 nodes, 35 classes
[2026-04-20T10:45:55Z INFO  parabit] Iteration 2: 110 nodes, 42 classes
[2026-04-20T10:45:55Z INFO  parabit] Iteration 3: 197 nodes, 47 classes
[2026-04-20T10:45:55Z INFO  parabit] Iteration 4: 365 nodes, 57 classes
[2026-04-20T10:45:55Z INFO  parabit] Iteration 0: 18 nodes, 18 classes
[2026-04-20T10:45:55Z INFO  parabit] Iteration 1: 66 nodes, 35 classes
[2026-04-20T10:45:55Z INFO  parabit] Iteration 2: 110 nodes, 42 classes
[2026-04-20T10:45:55Z INFO  parabit] Iteration 3: 197 nodes, 47 classes
[2026-04-20T10:45:55Z INFO  parabit] Iteration 4: 365 nodes, 57 classes
[2026-04-20T10:45:55Z INFO  parabit] Iteration 0: 18 nodes, 18 classes
[2026-04-20T10:45:55Z INFO  parabit] Iteration 1: 66 nodes, 35 classes
[2026-04-20T10:45:55Z INFO  parabit] Iteration 2: 110 nodes, 42 classes
[2026-04-20T10:45:55Z INFO  parabit] Iteration 3: 197 nodes, 47 classes
[2026-04-20T10:45:55Z INFO  parabit] Iteration 4: 365 nodes, 57 classes
[2026-04-20T10:45:55Z INFO  parabit] Iteration 0: 18 nodes, 18 classes
[2026-04-20T10:45:55Z INFO  parabit] Iteration 1: 66 nodes, 35 classes
[2026-04-20T10:45:55Z INFO  parabit] Iteration 2: 110 nodes, 42 classes
[2026-04-20T10:45:55Z INFO  parabit] Iteration 3: 197 nodes, 47 classes
[2026-04-20T10:45:55Z INFO  parabit] Iteration 4: 365 nodes, 57 classes
[2026-04-20T10:45:55Z INFO  parabit] Iteration 0: 18 nodes, 18 classes
[2026-04-20T10:45:55Z INFO  parabit] Iteration 1: 66 nodes, 35 classes
[2026-04-20T10:45:55Z INFO  parabit] Iteration 2: 110 nodes, 42 classes
[2026-04-20T10:45:55Z INFO  parabit] Iteration 3: 197 nodes, 47 classes
[2026-04-20T10:45:55Z INFO  parabit] Iteration 4: 365 nodes, 57 classes
[2026-04-20T10:45:55Z INFO  parabit] Iteration 0: 18 nodes, 18 classes
[2026-04-20T10:45:55Z INFO  parabit] Iteration 1: 66 nodes, 35 classes
[2026-04-20T10:45:55Z INFO  parabit] Iteration 2: 110 nodes, 42 classes
[2026-04-20T10:45:55Z INFO  parabit] Iteration 3: 197 nodes, 47 classes
[2026-04-20T10:45:55Z INFO  parabit] Iteration 4: 365 nodes, 57 classes
[2026-04-20T10:45:55Z INFO  parabit] Iteration 0: 18 nodes, 18 classes
[2026-04-20T10:45:55Z INFO  parabit] Iteration 1: 66 nodes, 35 classes
[2026-04-20T10:45:55Z INFO  parabit] Iteration 2: 110 nodes, 42 classes
[2026-04-20T10:45:55Z INFO  parabit] Iteration 3: 197 nodes, 47 classes
[2026-04-20T10:45:55Z INFO  parabit] Iteration 4: 365 nodes, 57 classes
[2026-04-20T10:45:55Z INFO  parabit] Iteration 0: 18 nodes, 18 classes
[2026-04-20T10:45:55Z INFO  parabit] Iteration 1: 66 nodes, 35 classes
[2026-04-20T10:45:55Z INFO  parabit] Iteration 2: 110 nodes, 42 classes
[2026-04-20T10:45:55Z INFO  parabit] Iteration 3: 197 nodes, 47 classes
[2026-04-20T10:45:55Z INFO  parabit] Iteration 4: 365 nodes, 57 classes
[2026-04-20T10:45:55Z INFO  parabit] Iteration 0: 18 nodes, 18 classes
[2026-04-20T10:45:55Z INFO  parabit] Iteration 1: 66 nodes, 35 classes
[2026-04-20T10:45:55Z INFO  parabit] Iteration 2: 110 nodes, 42 classes
[2026-04-20T10:45:55Z INFO  parabit] Iteration 3: 197 nodes, 47 classes
[2026-04-20T10:45:55Z INFO  parabit] Iteration 4: 365 nodes, 57 classes
[2026-04-20T10:45:55Z INFO  parabit] Iteration 0: 18 nodes, 18 classes
[2026-04-20T10:45:55Z INFO  parabit] Iteration 1: 66 nodes, 35 classes
[2026-04-20T10:45:55Z INFO  parabit] Iteration 2: 110 nodes, 42 classes
[2026-04-20T10:45:55Z INFO  parabit] Iteration 3: 197 nodes, 47 classes
[2026-04-20T10:45:55Z INFO  parabit] Iteration 4: 365 nodes, 57 classes
[2026-04-20T10:45:55Z INFO  parabit] Iteration 0: 18 nodes, 18 classes
[2026-04-20T10:45:55Z INFO  parabit] Iteration 1: 66 nodes, 35 classes
[2026-04-20T10:45:55Z INFO  parabit] Iteration 2: 110 nodes, 42 classes
[2026-04-20T10:45:55Z INFO  parabit] Iteration 3: 197 nodes, 47 classes
[2026-04-20T10:45:55Z INFO  parabit] Iteration 4: 365 nodes, 57 classes
[2026-04-20T10:45:55Z INFO  parabit] Iteration 0: 18 nodes, 18 classes
[2026-04-20T10:45:55Z INFO  parabit] Iteration 1: 66 nodes, 35 classes
[2026-04-20T10:45:55Z INFO  parabit] Iteration 2: 110 nodes, 42 classes
[2026-04-20T10:45:55Z INFO  parabit] Iteration 3: 197 nodes, 47 classes
[2026-04-20T10:45:55Z INFO  parabit] Iteration 4: 365 nodes, 57 classes
[2026-04-20T10:45:55Z INFO  parabit] Iteration 0: 18 nodes, 18 classes
[2026-04-20T10:45:55Z INFO  parabit] Iteration 1: 66 nodes, 35 classes
[2026-04-20T10:45:55Z INFO  parabit] Iteration 2: 110 nodes, 42 classes
[2026-04-20T10:45:55Z INFO  parabit] Iteration 3: 197 nodes, 47 classes
[2026-04-20T10:45:55Z INFO  parabit] Iteration 4: 365 nodes, 57 classes
[2026-04-20T10:45:55Z INFO  parabit] Iteration 0: 18 nodes, 18 classes
[2026-04-20T10:45:55Z INFO  parabit] Iteration 1: 66 nodes, 35 classes
[2026-04-20T10:45:55Z INFO  parabit] Iteration 2: 110 nodes, 42 classes
[2026-04-20T10:45:55Z INFO  parabit] Iteration 3: 197 nodes, 47 classes
[2026-04-20T10:45:55Z INFO  parabit] Iteration 4: 365 nodes, 57 classes
[2026-04-20T10:45:55Z INFO  parabit] Iteration 0: 18 nodes, 18 classes
[2026-04-20T10:45:55Z INFO  parabit] Iteration 1: 66 nodes, 35 classes
[2026-04-20T10:45:55Z INFO  parabit] Iteration 2: 110 nodes, 42 classes
[2026-04-20T10:45:55Z INFO  parabit] Iteration 3: 197 nodes, 47 classes
[2026-04-20T10:45:55Z INFO  parabit] Iteration 4: 365 nodes, 57 classes
[2026-04-20T10:45:55Z INFO  parabit] Iteration 0: 18 nodes, 18 classes
[2026-04-20T10:45:55Z INFO  parabit] Iteration 1: 66 nodes, 35 classes
[2026-04-20T10:45:55Z INFO  parabit] Iteration 2: 110 nodes, 42 classes
[2026-04-20T10:45:55Z INFO  parabit] Iteration 3: 197 nodes, 47 classes
[2026-04-20T10:45:55Z INFO  parabit] Iteration 4: 365 nodes, 57 classes
[2026-04-20T10:45:55Z INFO  parabit] Iteration 0: 18 nodes, 18 classes
[2026-04-20T10:45:55Z INFO  parabit] Iteration 1: 66 nodes, 35 classes
[2026-04-20T10:45:55Z INFO  parabit] Iteration 2: 110 nodes, 42 classes
[2026-04-20T10:45:55Z INFO  parabit] Iteration 3: 197 nodes, 47 classes
[2026-04-20T10:45:55Z INFO  parabit] Iteration 4: 365 nodes, 57 classes
[2026-04-20T10:45:55Z INFO  parabit] Iteration 0: 18 nodes, 18 classes
[2026-04-20T10:45:55Z INFO  parabit] Iteration 1: 66 nodes, 35 classes
[2026-04-20T10:45:55Z INFO  parabit] Iteration 2: 110 nodes, 42 classes
[2026-04-20T10:45:55Z INFO  parabit] Iteration 3: 197 nodes, 47 classes
[2026-04-20T10:45:55Z INFO  parabit] Iteration 4: 365 nodes, 57 classes
[2026-04-20T10:45:55Z INFO  parabit] Iteration 0: 18 nodes, 18 classes
[2026-04-20T10:45:55Z INFO  parabit] Iteration 1: 66 nodes, 35 classes
[2026-04-20T10:45:55Z INFO  parabit] Iteration 2: 110 nodes, 42 classes
[2026-04-20T10:45:55Z INFO  parabit] Iteration 3: 197 nodes, 47 classes
[2026-04-20T10:45:55Z INFO  parabit] Iteration 4: 365 nodes, 57 classes
[2026-04-20T10:45:55Z INFO  parabit] Iteration 0: 18 nodes, 18 classes
[2026-04-20T10:45:55Z INFO  parabit] Iteration 1: 66 nodes, 35 classes
[2026-04-20T10:45:55Z INFO  parabit] Iteration 2: 110 nodes, 42 classes
[2026-04-20T10:45:55Z INFO  parabit] Iteration 3: 197 nodes, 47 classes
[2026-04-20T10:45:55Z INFO  parabit] Iteration 4: 365 nodes, 57 classes
[2026-04-20T10:45:55Z INFO  parabit] Iteration 0: 18 nodes, 18 classes
[2026-04-20T10:45:55Z INFO  parabit] Iteration 1: 66 nodes, 35 classes
[2026-04-20T10:45:55Z INFO  parabit] Iteration 2: 110 nodes, 42 classes
[2026-04-20T10:45:55Z INFO  parabit] Iteration 3: 197 nodes, 47 classes
[2026-04-20T10:45:55Z INFO  parabit] Iteration 4: 365 nodes, 57 classes
[2026-04-20T10:45:55Z INFO  parabit] Iteration 0: 18 nodes, 18 classes
[2026-04-20T10:45:55Z INFO  parabit] Iteration 1: 66 nodes, 35 classes
[2026-04-20T10:45:55Z INFO  parabit] Iteration 2: 110 nodes, 42 classes
[2026-04-20T10:45:55Z INFO  parabit] Iteration 3: 197 nodes, 47 classes
[2026-04-20T10:45:55Z INFO  parabit] Iteration 4: 365 nodes, 57 classes
[2026-04-20T10:45:55Z INFO  parabit] Iteration 0: 18 nodes, 18 classes
[2026-04-20T10:45:55Z INFO  parabit] Iteration 1: 66 nodes, 35 classes
[2026-04-20T10:45:55Z INFO  parabit] Iteration 2: 110 nodes, 42 classes
[2026-04-20T10:45:55Z INFO  parabit] Iteration 3: 197 nodes, 47 classes
[2026-04-20T10:45:55Z INFO  parabit] Iteration 4: 365 nodes, 57 classes
[2026-04-20T10:45:55Z INFO  parabit] Iteration 0: 18 nodes, 18 classes
[2026-04-20T10:45:55Z INFO  parabit] Iteration 1: 66 nodes, 35 classes
[2026-04-20T10:45:55Z INFO  parabit] Iteration 2: 110 nodes, 42 classes
[2026-04-20T10:45:55Z INFO  parabit] Iteration 3: 197 nodes, 47 classes
[2026-04-20T10:45:55Z INFO  parabit] Iteration 4: 365 nodes, 57 classes
{"elapsed":0.27, "maxrss":5676}
