[2026-03-27T17:16:41Z WARN  parabit] Sanitised input expression 0 from:
    (bw k (and (bw k (or (bw k "%A") (bw k "%B"))) (bw k (xor (bw k (xor (bw k "%A") (bw k (not (bw k 0))))) (bw k "%B")))))
    to:
    (bw k (and (bw k (or (bw k var_A) (bw k var_B))) (bw k (xor (bw k (xor (bw k var_A) (bw k (not (bw k 0))))) (bw k var_B)))))
[2026-03-27T17:16:41Z WARN  parabit] Sanitised input expression 0 from:
    (bw k (and (bw k "%A") (bw k "%B")))
    to:
    (bw k (and (bw k var_A) (bw k var_B)))
[2026-03-27T17:16:41Z INFO  parabit] Running parabit on file: AndOrXor_1294_values_0
[2026-03-27T17:16:41Z INFO  parabit] Iteration 0: 20 nodes, 20 classes
[2026-03-27T17:16:41Z INFO  parabit] Iteration 1: 83 nodes, 42 classes
[2026-03-27T17:16:41Z INFO  parabit] Iteration 2: 156 nodes, 61 classes
[2026-03-27T17:16:41Z INFO  parabit] Iteration 3: 301 nodes, 84 classes
[2026-03-27T17:16:41Z INFO  parabit] Iteration 4: 640 nodes, 148 classes
[2026-03-27T17:16:41Z INFO  parabit] Iteration 5: 1613 nodes, 198 classes
[2026-03-27T17:16:41Z INFO  parabit] Iteration 6: 4839 nodes, 441 classes
[2026-03-27T17:16:41Z INFO  parabit] Iteration 0: 20 nodes, 20 classes
[2026-03-27T17:16:41Z INFO  parabit] Iteration 1: 83 nodes, 42 classes
[2026-03-27T17:16:41Z INFO  parabit] Iteration 2: 156 nodes, 61 classes
[2026-03-27T17:16:41Z INFO  parabit] Iteration 3: 301 nodes, 84 classes
[2026-03-27T17:16:41Z INFO  parabit] Iteration 4: 640 nodes, 148 classes
[2026-03-27T17:16:41Z INFO  parabit] Iteration 5: 1613 nodes, 198 classes
[2026-03-27T17:16:41Z INFO  parabit] Iteration 6: 4839 nodes, 441 classes
[2026-03-27T17:16:41Z INFO  parabit] Iteration 0: 20 nodes, 20 classes
[2026-03-27T17:16:41Z INFO  parabit] Iteration 1: 83 nodes, 42 classes
[2026-03-27T17:16:41Z INFO  parabit] Iteration 2: 156 nodes, 61 classes
[2026-03-27T17:16:41Z INFO  parabit] Iteration 3: 301 nodes, 84 classes
[2026-03-27T17:16:41Z INFO  parabit] Iteration 4: 640 nodes, 148 classes
[2026-03-27T17:16:41Z INFO  parabit] Iteration 5: 1613 nodes, 198 classes
[2026-03-27T17:16:41Z INFO  parabit] Iteration 6: 4839 nodes, 441 classes
[2026-03-27T17:16:41Z INFO  parabit] Iteration 0: 20 nodes, 20 classes
[2026-03-27T17:16:41Z INFO  parabit] Iteration 1: 83 nodes, 42 classes
[2026-03-27T17:16:41Z INFO  parabit] Iteration 2: 156 nodes, 61 classes
[2026-03-27T17:16:41Z INFO  parabit] Iteration 3: 301 nodes, 84 classes
[2026-03-27T17:16:41Z INFO  parabit] Iteration 4: 640 nodes, 148 classes
[2026-03-27T17:16:41Z INFO  parabit] Iteration 5: 1613 nodes, 198 classes
[2026-03-27T17:16:41Z INFO  parabit] Iteration 6: 4839 nodes, 441 classes
[2026-03-27T17:16:41Z INFO  parabit] Iteration 0: 20 nodes, 20 classes
[2026-03-27T17:16:41Z INFO  parabit] Iteration 1: 83 nodes, 42 classes
[2026-03-27T17:16:41Z INFO  parabit] Iteration 2: 156 nodes, 61 classes
[2026-03-27T17:16:41Z INFO  parabit] Iteration 3: 301 nodes, 84 classes
[2026-03-27T17:16:41Z INFO  parabit] Iteration 4: 640 nodes, 148 classes
[2026-03-27T17:16:41Z INFO  parabit] Iteration 5: 1613 nodes, 198 classes
[2026-03-27T17:16:41Z INFO  parabit] Iteration 6: 4839 nodes, 441 classes
[2026-03-27T17:16:41Z INFO  parabit] Iteration 0: 20 nodes, 20 classes
[2026-03-27T17:16:41Z INFO  parabit] Iteration 1: 83 nodes, 42 classes
[2026-03-27T17:16:41Z INFO  parabit] Iteration 2: 156 nodes, 61 classes
[2026-03-27T17:16:41Z INFO  parabit] Iteration 3: 301 nodes, 84 classes
[2026-03-27T17:16:41Z INFO  parabit] Iteration 4: 640 nodes, 148 classes
[2026-03-27T17:16:41Z INFO  parabit] Iteration 5: 1613 nodes, 198 classes
[2026-03-27T17:16:41Z INFO  parabit] Iteration 6: 4839 nodes, 441 classes
[2026-03-27T17:16:41Z INFO  parabit] Iteration 0: 20 nodes, 20 classes
[2026-03-27T17:16:41Z INFO  parabit] Iteration 1: 83 nodes, 42 classes
[2026-03-27T17:16:41Z INFO  parabit] Iteration 2: 156 nodes, 61 classes
[2026-03-27T17:16:41Z INFO  parabit] Iteration 3: 301 nodes, 84 classes
[2026-03-27T17:16:41Z INFO  parabit] Iteration 4: 640 nodes, 148 classes
[2026-03-27T17:16:41Z INFO  parabit] Iteration 5: 1613 nodes, 198 classes
[2026-03-27T17:16:41Z INFO  parabit] Iteration 6: 4839 nodes, 441 classes
[2026-03-27T17:16:41Z INFO  parabit] Iteration 0: 20 nodes, 20 classes
[2026-03-27T17:16:41Z INFO  parabit] Iteration 1: 83 nodes, 42 classes
[2026-03-27T17:16:41Z INFO  parabit] Iteration 2: 156 nodes, 61 classes
[2026-03-27T17:16:41Z INFO  parabit] Iteration 3: 301 nodes, 84 classes
[2026-03-27T17:16:41Z INFO  parabit] Iteration 4: 640 nodes, 148 classes
[2026-03-27T17:16:41Z INFO  parabit] Iteration 5: 1613 nodes, 198 classes
[2026-03-27T17:16:41Z INFO  parabit] Iteration 6: 4839 nodes, 441 classes
[2026-03-27T17:16:41Z INFO  parabit] Iteration 0: 20 nodes, 20 classes
[2026-03-27T17:16:41Z INFO  parabit] Iteration 1: 83 nodes, 42 classes
[2026-03-27T17:16:41Z INFO  parabit] Iteration 2: 156 nodes, 61 classes
[2026-03-27T17:16:41Z INFO  parabit] Iteration 3: 301 nodes, 84 classes
[2026-03-27T17:16:41Z INFO  parabit] Iteration 4: 640 nodes, 148 classes
[2026-03-27T17:16:41Z INFO  parabit] Iteration 5: 1613 nodes, 198 classes
[2026-03-27T17:16:41Z INFO  parabit] Iteration 6: 4839 nodes, 441 classes
[2026-03-27T17:16:41Z INFO  parabit] Iteration 0: 20 nodes, 20 classes
[2026-03-27T17:16:41Z INFO  parabit] Iteration 1: 83 nodes, 42 classes
[2026-03-27T17:16:41Z INFO  parabit] Iteration 2: 156 nodes, 61 classes
[2026-03-27T17:16:41Z INFO  parabit] Iteration 3: 301 nodes, 84 classes
[2026-03-27T17:16:41Z INFO  parabit] Iteration 4: 640 nodes, 148 classes
[2026-03-27T17:16:41Z INFO  parabit] Iteration 5: 1613 nodes, 198 classes
[2026-03-27T17:16:41Z INFO  parabit] Iteration 6: 4839 nodes, 441 classes
[2026-03-27T17:16:41Z INFO  parabit] Iteration 0: 20 nodes, 20 classes
[2026-03-27T17:16:41Z INFO  parabit] Iteration 1: 83 nodes, 42 classes
[2026-03-27T17:16:41Z INFO  parabit] Iteration 2: 156 nodes, 61 classes
[2026-03-27T17:16:41Z INFO  parabit] Iteration 3: 301 nodes, 84 classes
[2026-03-27T17:16:41Z INFO  parabit] Iteration 4: 640 nodes, 148 classes
[2026-03-27T17:16:41Z INFO  parabit] Iteration 5: 1613 nodes, 198 classes
[2026-03-27T17:16:41Z INFO  parabit] Iteration 6: 4839 nodes, 441 classes
[2026-03-27T17:16:42Z INFO  parabit] Iteration 0: 20 nodes, 20 classes
[2026-03-27T17:16:42Z INFO  parabit] Iteration 1: 83 nodes, 42 classes
[2026-03-27T17:16:42Z INFO  parabit] Iteration 2: 156 nodes, 61 classes
[2026-03-27T17:16:42Z INFO  parabit] Iteration 3: 301 nodes, 84 classes
[2026-03-27T17:16:42Z INFO  parabit] Iteration 4: 640 nodes, 148 classes
[2026-03-27T17:16:42Z INFO  parabit] Iteration 5: 1613 nodes, 198 classes
[2026-03-27T17:16:42Z INFO  parabit] Iteration 6: 4839 nodes, 441 classes
[2026-03-27T17:16:42Z INFO  parabit] Iteration 0: 20 nodes, 20 classes
[2026-03-27T17:16:42Z INFO  parabit] Iteration 1: 83 nodes, 42 classes
[2026-03-27T17:16:42Z INFO  parabit] Iteration 2: 156 nodes, 61 classes
[2026-03-27T17:16:42Z INFO  parabit] Iteration 3: 301 nodes, 84 classes
[2026-03-27T17:16:42Z INFO  parabit] Iteration 4: 640 nodes, 148 classes
[2026-03-27T17:16:42Z INFO  parabit] Iteration 5: 1613 nodes, 198 classes
[2026-03-27T17:16:42Z INFO  parabit] Iteration 6: 4839 nodes, 441 classes
[2026-03-27T17:16:42Z INFO  parabit] Iteration 0: 20 nodes, 20 classes
[2026-03-27T17:16:42Z INFO  parabit] Iteration 1: 83 nodes, 42 classes
[2026-03-27T17:16:42Z INFO  parabit] Iteration 2: 156 nodes, 61 classes
[2026-03-27T17:16:42Z INFO  parabit] Iteration 3: 301 nodes, 84 classes
[2026-03-27T17:16:42Z INFO  parabit] Iteration 4: 640 nodes, 148 classes
[2026-03-27T17:16:42Z INFO  parabit] Iteration 5: 1613 nodes, 198 classes
[2026-03-27T17:16:42Z INFO  parabit] Iteration 6: 4839 nodes, 441 classes
{"elapsed":1.13, "maxrss":31000}
