[2026-03-27T17:16:52Z WARN  parabit] Sanitised input expression 0 from:
    (bw k (xor (bw k (xor (bw k "%a") (bw k "%c"))) (bw k (or (bw k "%a") (bw k "%b")))))
    to:
    (bw k (xor (bw k (xor (bw k var_a) (bw k var_c))) (bw k (or (bw k var_a) (bw k var_b)))))
[2026-03-27T17:16:52Z WARN  parabit] Sanitised input expression 0 from:
    (bw k (xor (bw k (and (bw k (xor (bw k "%a") (bw k (not (bw k 0))))) (bw k "%b"))) (bw k "%c")))
    to:
    (bw k (xor (bw k (and (bw k (xor (bw k var_a) (bw k (not (bw k 0))))) (bw k var_b))) (bw k var_c)))
[2026-03-27T17:16:52Z INFO  parabit] Running parabit on file: AndOrXor_2627_values_0
[2026-03-27T17:16:52Z INFO  parabit] Iteration 0: 24 nodes, 24 classes
[2026-03-27T17:16:52Z INFO  parabit] Iteration 1: 117 nodes, 57 classes
[2026-03-27T17:16:52Z INFO  parabit] Iteration 2: 227 nodes, 92 classes
[2026-03-27T17:16:52Z INFO  parabit] Iteration 3: 459 nodes, 143 classes
[2026-03-27T17:16:52Z INFO  parabit] Iteration 4: 1050 nodes, 280 classes
[2026-03-27T17:16:52Z INFO  parabit] Iteration 5: 3030 nodes, 526 classes
[2026-03-27T17:16:52Z INFO  parabit] Iteration 0: 24 nodes, 24 classes
[2026-03-27T17:16:52Z INFO  parabit] Iteration 1: 117 nodes, 57 classes
[2026-03-27T17:16:52Z INFO  parabit] Iteration 2: 227 nodes, 92 classes
[2026-03-27T17:16:52Z INFO  parabit] Iteration 3: 459 nodes, 143 classes
[2026-03-27T17:16:52Z INFO  parabit] Iteration 4: 1050 nodes, 280 classes
[2026-03-27T17:16:52Z INFO  parabit] Iteration 5: 3030 nodes, 526 classes
[2026-03-27T17:16:52Z INFO  parabit] Iteration 0: 24 nodes, 24 classes
[2026-03-27T17:16:52Z INFO  parabit] Iteration 1: 117 nodes, 57 classes
[2026-03-27T17:16:52Z INFO  parabit] Iteration 2: 227 nodes, 92 classes
[2026-03-27T17:16:52Z INFO  parabit] Iteration 3: 459 nodes, 143 classes
[2026-03-27T17:16:52Z INFO  parabit] Iteration 4: 1050 nodes, 280 classes
[2026-03-27T17:16:52Z INFO  parabit] Iteration 5: 3030 nodes, 526 classes
[2026-03-27T17:16:52Z INFO  parabit] Iteration 0: 24 nodes, 24 classes
[2026-03-27T17:16:52Z INFO  parabit] Iteration 1: 117 nodes, 57 classes
[2026-03-27T17:16:52Z INFO  parabit] Iteration 2: 227 nodes, 92 classes
[2026-03-27T17:16:52Z INFO  parabit] Iteration 3: 459 nodes, 143 classes
[2026-03-27T17:16:52Z INFO  parabit] Iteration 4: 1050 nodes, 280 classes
[2026-03-27T17:16:52Z INFO  parabit] Iteration 5: 3030 nodes, 526 classes
[2026-03-27T17:16:52Z INFO  parabit] Iteration 0: 24 nodes, 24 classes
[2026-03-27T17:16:52Z INFO  parabit] Iteration 1: 117 nodes, 57 classes
[2026-03-27T17:16:52Z INFO  parabit] Iteration 2: 227 nodes, 92 classes
[2026-03-27T17:16:52Z INFO  parabit] Iteration 3: 459 nodes, 143 classes
[2026-03-27T17:16:52Z INFO  parabit] Iteration 4: 1050 nodes, 280 classes
[2026-03-27T17:16:52Z INFO  parabit] Iteration 5: 3030 nodes, 526 classes
[2026-03-27T17:16:52Z INFO  parabit] Iteration 0: 24 nodes, 24 classes
[2026-03-27T17:16:52Z INFO  parabit] Iteration 1: 117 nodes, 57 classes
[2026-03-27T17:16:52Z INFO  parabit] Iteration 2: 227 nodes, 92 classes
[2026-03-27T17:16:52Z INFO  parabit] Iteration 3: 459 nodes, 143 classes
[2026-03-27T17:16:52Z INFO  parabit] Iteration 4: 1050 nodes, 280 classes
[2026-03-27T17:16:52Z INFO  parabit] Iteration 5: 3030 nodes, 526 classes
[2026-03-27T17:16:52Z INFO  parabit] Iteration 0: 24 nodes, 24 classes
[2026-03-27T17:16:52Z INFO  parabit] Iteration 1: 117 nodes, 57 classes
[2026-03-27T17:16:52Z INFO  parabit] Iteration 2: 227 nodes, 92 classes
[2026-03-27T17:16:52Z INFO  parabit] Iteration 3: 459 nodes, 143 classes
[2026-03-27T17:16:52Z INFO  parabit] Iteration 4: 1050 nodes, 280 classes
[2026-03-27T17:16:52Z INFO  parabit] Iteration 5: 3030 nodes, 526 classes
[2026-03-27T17:16:52Z INFO  parabit] Iteration 0: 24 nodes, 24 classes
[2026-03-27T17:16:52Z INFO  parabit] Iteration 1: 117 nodes, 57 classes
[2026-03-27T17:16:52Z INFO  parabit] Iteration 2: 227 nodes, 92 classes
[2026-03-27T17:16:52Z INFO  parabit] Iteration 3: 459 nodes, 143 classes
[2026-03-27T17:16:52Z INFO  parabit] Iteration 4: 1050 nodes, 280 classes
[2026-03-27T17:16:52Z INFO  parabit] Iteration 5: 3030 nodes, 526 classes
[2026-03-27T17:16:52Z INFO  parabit] Iteration 0: 24 nodes, 24 classes
[2026-03-27T17:16:52Z INFO  parabit] Iteration 1: 117 nodes, 57 classes
[2026-03-27T17:16:52Z INFO  parabit] Iteration 2: 227 nodes, 92 classes
[2026-03-27T17:16:52Z INFO  parabit] Iteration 3: 459 nodes, 143 classes
[2026-03-27T17:16:52Z INFO  parabit] Iteration 4: 1050 nodes, 280 classes
[2026-03-27T17:16:52Z INFO  parabit] Iteration 5: 3030 nodes, 526 classes
[2026-03-27T17:16:52Z INFO  parabit] Iteration 0: 24 nodes, 24 classes
[2026-03-27T17:16:52Z INFO  parabit] Iteration 1: 117 nodes, 57 classes
[2026-03-27T17:16:52Z INFO  parabit] Iteration 2: 227 nodes, 92 classes
[2026-03-27T17:16:52Z INFO  parabit] Iteration 3: 459 nodes, 143 classes
[2026-03-27T17:16:52Z INFO  parabit] Iteration 4: 1050 nodes, 280 classes
[2026-03-27T17:16:52Z INFO  parabit] Iteration 5: 3030 nodes, 526 classes
[2026-03-27T17:16:52Z INFO  parabit] Iteration 0: 24 nodes, 24 classes
[2026-03-27T17:16:52Z INFO  parabit] Iteration 1: 117 nodes, 57 classes
[2026-03-27T17:16:52Z INFO  parabit] Iteration 2: 227 nodes, 92 classes
[2026-03-27T17:16:52Z INFO  parabit] Iteration 3: 459 nodes, 143 classes
[2026-03-27T17:16:52Z INFO  parabit] Iteration 4: 1050 nodes, 280 classes
[2026-03-27T17:16:52Z INFO  parabit] Iteration 5: 3030 nodes, 526 classes
[2026-03-27T17:16:52Z INFO  parabit] Iteration 0: 24 nodes, 24 classes
[2026-03-27T17:16:52Z INFO  parabit] Iteration 1: 117 nodes, 57 classes
[2026-03-27T17:16:52Z INFO  parabit] Iteration 2: 227 nodes, 92 classes
[2026-03-27T17:16:52Z INFO  parabit] Iteration 3: 459 nodes, 143 classes
[2026-03-27T17:16:52Z INFO  parabit] Iteration 4: 1050 nodes, 280 classes
[2026-03-27T17:16:52Z INFO  parabit] Iteration 5: 3030 nodes, 526 classes
[2026-03-27T17:16:52Z INFO  parabit] Iteration 0: 24 nodes, 24 classes
[2026-03-27T17:16:52Z INFO  parabit] Iteration 1: 117 nodes, 57 classes
[2026-03-27T17:16:52Z INFO  parabit] Iteration 2: 227 nodes, 92 classes
[2026-03-27T17:16:52Z INFO  parabit] Iteration 3: 459 nodes, 143 classes
[2026-03-27T17:16:52Z INFO  parabit] Iteration 4: 1050 nodes, 280 classes
[2026-03-27T17:16:52Z INFO  parabit] Iteration 5: 3030 nodes, 526 classes
[2026-03-27T17:16:52Z INFO  parabit] Iteration 0: 24 nodes, 24 classes
[2026-03-27T17:16:52Z INFO  parabit] Iteration 1: 117 nodes, 57 classes
[2026-03-27T17:16:52Z INFO  parabit] Iteration 2: 227 nodes, 92 classes
[2026-03-27T17:16:52Z INFO  parabit] Iteration 3: 459 nodes, 143 classes
[2026-03-27T17:16:52Z INFO  parabit] Iteration 4: 1050 nodes, 280 classes
[2026-03-27T17:16:52Z INFO  parabit] Iteration 5: 3030 nodes, 526 classes
[2026-03-27T17:16:52Z INFO  parabit] Iteration 0: 24 nodes, 24 classes
[2026-03-27T17:16:52Z INFO  parabit] Iteration 1: 117 nodes, 57 classes
[2026-03-27T17:16:52Z INFO  parabit] Iteration 2: 227 nodes, 92 classes
[2026-03-27T17:16:52Z INFO  parabit] Iteration 3: 459 nodes, 143 classes
[2026-03-27T17:16:52Z INFO  parabit] Iteration 4: 1050 nodes, 280 classes
[2026-03-27T17:16:52Z INFO  parabit] Iteration 5: 3030 nodes, 526 classes
[2026-03-27T17:16:52Z INFO  parabit] Iteration 0: 24 nodes, 24 classes
[2026-03-27T17:16:52Z INFO  parabit] Iteration 1: 117 nodes, 57 classes
[2026-03-27T17:16:52Z INFO  parabit] Iteration 2: 227 nodes, 92 classes
[2026-03-27T17:16:52Z INFO  parabit] Iteration 3: 459 nodes, 143 classes
[2026-03-27T17:16:52Z INFO  parabit] Iteration 4: 1050 nodes, 280 classes
[2026-03-27T17:16:52Z INFO  parabit] Iteration 5: 3030 nodes, 526 classes
[2026-03-27T17:16:52Z INFO  parabit] Iteration 0: 24 nodes, 24 classes
[2026-03-27T17:16:52Z INFO  parabit] Iteration 1: 117 nodes, 57 classes
[2026-03-27T17:16:52Z INFO  parabit] Iteration 2: 227 nodes, 92 classes
[2026-03-27T17:16:52Z INFO  parabit] Iteration 3: 459 nodes, 143 classes
[2026-03-27T17:16:52Z INFO  parabit] Iteration 4: 1050 nodes, 280 classes
[2026-03-27T17:16:52Z INFO  parabit] Iteration 5: 3030 nodes, 526 classes
[2026-03-27T17:16:53Z INFO  parabit] Iteration 0: 24 nodes, 24 classes
[2026-03-27T17:16:53Z INFO  parabit] Iteration 1: 117 nodes, 57 classes
[2026-03-27T17:16:53Z INFO  parabit] Iteration 2: 227 nodes, 92 classes
[2026-03-27T17:16:53Z INFO  parabit] Iteration 3: 459 nodes, 143 classes
[2026-03-27T17:16:53Z INFO  parabit] Iteration 4: 1050 nodes, 280 classes
[2026-03-27T17:16:53Z INFO  parabit] Iteration 5: 3030 nodes, 526 classes
[2026-03-27T17:16:53Z INFO  parabit] Iteration 0: 24 nodes, 24 classes
[2026-03-27T17:16:53Z INFO  parabit] Iteration 1: 117 nodes, 57 classes
[2026-03-27T17:16:53Z INFO  parabit] Iteration 2: 227 nodes, 92 classes
[2026-03-27T17:16:53Z INFO  parabit] Iteration 3: 459 nodes, 143 classes
[2026-03-27T17:16:53Z INFO  parabit] Iteration 4: 1050 nodes, 280 classes
[2026-03-27T17:16:53Z INFO  parabit] Iteration 5: 3030 nodes, 526 classes
[2026-03-27T17:16:53Z INFO  parabit] Iteration 0: 24 nodes, 24 classes
[2026-03-27T17:16:53Z INFO  parabit] Iteration 1: 117 nodes, 57 classes
[2026-03-27T17:16:53Z INFO  parabit] Iteration 2: 227 nodes, 92 classes
[2026-03-27T17:16:53Z INFO  parabit] Iteration 3: 459 nodes, 143 classes
[2026-03-27T17:16:53Z INFO  parabit] Iteration 4: 1050 nodes, 280 classes
[2026-03-27T17:16:53Z INFO  parabit] Iteration 5: 3030 nodes, 526 classes
[2026-03-27T17:16:53Z INFO  parabit] Iteration 0: 24 nodes, 24 classes
[2026-03-27T17:16:53Z INFO  parabit] Iteration 1: 117 nodes, 57 classes
[2026-03-27T17:16:53Z INFO  parabit] Iteration 2: 227 nodes, 92 classes
[2026-03-27T17:16:53Z INFO  parabit] Iteration 3: 459 nodes, 143 classes
[2026-03-27T17:16:53Z INFO  parabit] Iteration 4: 1050 nodes, 280 classes
[2026-03-27T17:16:53Z INFO  parabit] Iteration 5: 3030 nodes, 526 classes
[2026-03-27T17:16:53Z INFO  parabit] Iteration 0: 24 nodes, 24 classes
[2026-03-27T17:16:53Z INFO  parabit] Iteration 1: 117 nodes, 57 classes
[2026-03-27T17:16:53Z INFO  parabit] Iteration 2: 227 nodes, 92 classes
[2026-03-27T17:16:53Z INFO  parabit] Iteration 3: 459 nodes, 143 classes
[2026-03-27T17:16:53Z INFO  parabit] Iteration 4: 1050 nodes, 280 classes
[2026-03-27T17:16:53Z INFO  parabit] Iteration 5: 3030 nodes, 526 classes
[2026-03-27T17:16:53Z INFO  parabit] Iteration 0: 24 nodes, 24 classes
[2026-03-27T17:16:53Z INFO  parabit] Iteration 1: 117 nodes, 57 classes
[2026-03-27T17:16:53Z INFO  parabit] Iteration 2: 227 nodes, 92 classes
[2026-03-27T17:16:53Z INFO  parabit] Iteration 3: 459 nodes, 143 classes
[2026-03-27T17:16:53Z INFO  parabit] Iteration 4: 1050 nodes, 280 classes
[2026-03-27T17:16:53Z INFO  parabit] Iteration 5: 3030 nodes, 526 classes
[2026-03-27T17:16:53Z INFO  parabit] Iteration 0: 24 nodes, 24 classes
[2026-03-27T17:16:53Z INFO  parabit] Iteration 1: 117 nodes, 57 classes
[2026-03-27T17:16:53Z INFO  parabit] Iteration 2: 227 nodes, 92 classes
[2026-03-27T17:16:53Z INFO  parabit] Iteration 3: 459 nodes, 143 classes
[2026-03-27T17:16:53Z INFO  parabit] Iteration 4: 1050 nodes, 280 classes
[2026-03-27T17:16:53Z INFO  parabit] Iteration 5: 3030 nodes, 526 classes
[2026-03-27T17:16:53Z INFO  parabit] Iteration 0: 24 nodes, 24 classes
[2026-03-27T17:16:53Z INFO  parabit] Iteration 1: 117 nodes, 57 classes
[2026-03-27T17:16:53Z INFO  parabit] Iteration 2: 227 nodes, 92 classes
[2026-03-27T17:16:53Z INFO  parabit] Iteration 3: 459 nodes, 143 classes
[2026-03-27T17:16:53Z INFO  parabit] Iteration 4: 1050 nodes, 280 classes
[2026-03-27T17:16:53Z INFO  parabit] Iteration 5: 3030 nodes, 526 classes
[2026-03-27T17:16:53Z INFO  parabit] Iteration 0: 24 nodes, 24 classes
[2026-03-27T17:16:53Z INFO  parabit] Iteration 1: 117 nodes, 57 classes
[2026-03-27T17:16:53Z INFO  parabit] Iteration 2: 227 nodes, 92 classes
[2026-03-27T17:16:53Z INFO  parabit] Iteration 3: 459 nodes, 143 classes
[2026-03-27T17:16:53Z INFO  parabit] Iteration 4: 1050 nodes, 280 classes
[2026-03-27T17:16:53Z INFO  parabit] Iteration 5: 3030 nodes, 526 classes
[2026-03-27T17:16:53Z INFO  parabit] Iteration 0: 24 nodes, 24 classes
[2026-03-27T17:16:53Z INFO  parabit] Iteration 1: 117 nodes, 57 classes
[2026-03-27T17:16:53Z INFO  parabit] Iteration 2: 227 nodes, 92 classes
[2026-03-27T17:16:53Z INFO  parabit] Iteration 3: 459 nodes, 143 classes
[2026-03-27T17:16:53Z INFO  parabit] Iteration 4: 1050 nodes, 280 classes
[2026-03-27T17:16:53Z INFO  parabit] Iteration 5: 3030 nodes, 526 classes
[2026-03-27T17:16:53Z INFO  parabit] Iteration 0: 24 nodes, 24 classes
[2026-03-27T17:16:53Z INFO  parabit] Iteration 1: 117 nodes, 57 classes
[2026-03-27T17:16:53Z INFO  parabit] Iteration 2: 227 nodes, 92 classes
[2026-03-27T17:16:53Z INFO  parabit] Iteration 3: 459 nodes, 143 classes
[2026-03-27T17:16:53Z INFO  parabit] Iteration 4: 1050 nodes, 280 classes
[2026-03-27T17:16:53Z INFO  parabit] Iteration 5: 3030 nodes, 526 classes
{"elapsed":1.08, "maxrss":13596}
