[2026-03-27T17:16:50Z WARN  parabit] Sanitised input expression 0 from:
    (bw k (xor (bw k (or (bw k "%a") (bw k (xor (bw k "%b") (bw k (not (bw k 0))))))) (bw k (or (bw k (xor (bw k "%a") (bw k (not (bw k 0))))) (bw k "%b")))))
    to:
    (bw k (xor (bw k (or (bw k var_a) (bw k (xor (bw k var_b) (bw k (not (bw k 0))))))) (bw k (or (bw k (xor (bw k var_a) (bw k (not (bw k 0))))) (bw k var_b)))))
[2026-03-27T17:16:50Z WARN  parabit] Sanitised input expression 0 from:
    (bw k (xor (bw k "%a") (bw k "%b")))
    to:
    (bw k (xor (bw k var_a) (bw k var_b)))
[2026-03-27T17:16:50Z INFO  parabit] Running parabit on file: AndOrXor_2607_values_0
[2026-03-27T17:16:50Z INFO  parabit] Iteration 0: 22 nodes, 22 classes
[2026-03-27T17:16:50Z INFO  parabit] Iteration 1: 107 nodes, 52 classes
[2026-03-27T17:16:50Z INFO  parabit] Iteration 2: 220 nodes, 74 classes
[2026-03-27T17:16:50Z INFO  parabit] Iteration 3: 458 nodes, 114 classes
[2026-03-27T17:16:50Z INFO  parabit] Iteration 4: 1223 nodes, 221 classes
[2026-03-27T17:16:50Z INFO  parabit] Iteration 5: 3874 nodes, 338 classes
[2026-03-27T17:16:51Z INFO  parabit] Iteration 0: 22 nodes, 22 classes
[2026-03-27T17:16:51Z INFO  parabit] Iteration 1: 107 nodes, 52 classes
[2026-03-27T17:16:51Z INFO  parabit] Iteration 2: 220 nodes, 74 classes
[2026-03-27T17:16:51Z INFO  parabit] Iteration 3: 458 nodes, 114 classes
[2026-03-27T17:16:51Z INFO  parabit] Iteration 4: 1223 nodes, 221 classes
[2026-03-27T17:16:51Z INFO  parabit] Iteration 5: 3874 nodes, 338 classes
[2026-03-27T17:16:51Z INFO  parabit] Iteration 0: 22 nodes, 22 classes
[2026-03-27T17:16:51Z INFO  parabit] Iteration 1: 107 nodes, 52 classes
[2026-03-27T17:16:51Z INFO  parabit] Iteration 2: 220 nodes, 74 classes
[2026-03-27T17:16:51Z INFO  parabit] Iteration 3: 458 nodes, 114 classes
[2026-03-27T17:16:51Z INFO  parabit] Iteration 4: 1223 nodes, 221 classes
[2026-03-27T17:16:51Z INFO  parabit] Iteration 5: 3874 nodes, 338 classes
[2026-03-27T17:16:51Z INFO  parabit] Iteration 0: 22 nodes, 22 classes
[2026-03-27T17:16:51Z INFO  parabit] Iteration 1: 107 nodes, 52 classes
[2026-03-27T17:16:51Z INFO  parabit] Iteration 2: 220 nodes, 74 classes
[2026-03-27T17:16:51Z INFO  parabit] Iteration 3: 458 nodes, 114 classes
[2026-03-27T17:16:51Z INFO  parabit] Iteration 4: 1223 nodes, 221 classes
[2026-03-27T17:16:51Z INFO  parabit] Iteration 5: 3874 nodes, 338 classes
{"elapsed":1.31, "maxrss":158448}
