[2026-03-27T17:16:43Z WARN  parabit] Sanitised input expression 0 from:
    (bw k (or (bw k (and (bw k "%A") (bw k "%B"))) (bw k (xor (bw k "%A") (bw k "%B")))))
    to:
    (bw k (or (bw k (and (bw k var_A) (bw k var_B))) (bw k (xor (bw k var_A) (bw k var_B)))))
[2026-03-27T17:16:43Z WARN  parabit] Sanitised input expression 0 from:
    (bw k (or (bw k "%A") (bw k "%B")))
    to:
    (bw k (or (bw k var_A) (bw k var_B)))
[2026-03-27T17:16:43Z INFO  parabit] Running parabit on file: AndOrXor_2265_values_0
[2026-03-27T17:16:43Z INFO  parabit] Iteration 0: 14 nodes, 14 classes
[2026-03-27T17:16:43Z INFO  parabit] Iteration 1: 52 nodes, 29 classes
[2026-03-27T17:16:43Z INFO  parabit] Iteration 2: 73 nodes, 39 classes
[2026-03-27T17:16:43Z INFO  parabit] Iteration 3: 106 nodes, 41 classes
[2026-03-27T17:16:43Z INFO  parabit] Iteration 4: 160 nodes, 62 classes
[2026-03-27T17:16:43Z INFO  parabit] Iteration 5: 292 nodes, 96 classes
[2026-03-27T17:16:43Z INFO  parabit] Iteration 6: 492 nodes, 126 classes
[2026-03-27T17:16:43Z INFO  parabit] Iteration 7: 750 nodes, 198 classes
[2026-03-27T17:16:43Z INFO  parabit] Iteration 8: 1354 nodes, 308 classes
[2026-03-27T17:16:44Z INFO  parabit] Iteration 9: 4203 nodes, 417 classes
{"elapsed":9.28, "maxrss":1594712}
