[2026-03-27T17:16:42Z WARN  parabit] Sanitised input expression 0 from:
    (bw k (or (bw k (and (bw k "%A") (bw k (xor (bw k "%B") (bw k (not (bw k 0))))))) (bw k (xor (bw k "%A") (bw k "%B")))))
    to:
    (bw k (or (bw k (and (bw k var_A) (bw k (xor (bw k var_B) (bw k (not (bw k 0))))))) (bw k (xor (bw k var_A) (bw k var_B)))))
[2026-03-27T17:16:42Z WARN  parabit] Sanitised input expression 0 from:
    (bw k (xor (bw k "%A") (bw k "%B")))
    to:
    (bw k (xor (bw k var_A) (bw k var_B)))
[2026-03-27T17:16:42Z INFO  parabit] Running parabit on file: AndOrXor_2123_values_0
[2026-03-27T17:16:42Z INFO  parabit] Iteration 0: 18 nodes, 18 classes
[2026-03-27T17:16:42Z INFO  parabit] Iteration 1: 77 nodes, 38 classes
[2026-03-27T17:16:42Z INFO  parabit] Iteration 2: 139 nodes, 50 classes
[2026-03-27T17:16:42Z INFO  parabit] Iteration 3: 245 nodes, 65 classes
[2026-03-27T17:16:42Z INFO  parabit] Iteration 4: 472 nodes, 91 classes
[2026-03-27T17:16:42Z INFO  parabit] Iteration 5: 984 nodes, 163 classes
[2026-03-27T17:16:42Z INFO  parabit] Iteration 0: 18 nodes, 18 classes
[2026-03-27T17:16:42Z INFO  parabit] Iteration 1: 77 nodes, 38 classes
[2026-03-27T17:16:42Z INFO  parabit] Iteration 2: 139 nodes, 50 classes
[2026-03-27T17:16:42Z INFO  parabit] Iteration 3: 245 nodes, 65 classes
[2026-03-27T17:16:42Z INFO  parabit] Iteration 4: 472 nodes, 91 classes
[2026-03-27T17:16:42Z INFO  parabit] Iteration 5: 984 nodes, 163 classes
[2026-03-27T17:16:42Z INFO  parabit] Iteration 0: 18 nodes, 18 classes
[2026-03-27T17:16:42Z INFO  parabit] Iteration 1: 77 nodes, 38 classes
[2026-03-27T17:16:42Z INFO  parabit] Iteration 2: 139 nodes, 50 classes
[2026-03-27T17:16:42Z INFO  parabit] Iteration 3: 245 nodes, 65 classes
[2026-03-27T17:16:42Z INFO  parabit] Iteration 4: 472 nodes, 91 classes
[2026-03-27T17:16:42Z INFO  parabit] Iteration 5: 984 nodes, 163 classes
[2026-03-27T17:16:42Z INFO  parabit] Iteration 0: 18 nodes, 18 classes
[2026-03-27T17:16:42Z INFO  parabit] Iteration 1: 77 nodes, 38 classes
[2026-03-27T17:16:42Z INFO  parabit] Iteration 2: 139 nodes, 50 classes
[2026-03-27T17:16:42Z INFO  parabit] Iteration 3: 245 nodes, 65 classes
[2026-03-27T17:16:42Z INFO  parabit] Iteration 4: 472 nodes, 91 classes
[2026-03-27T17:16:42Z INFO  parabit] Iteration 5: 984 nodes, 163 classes
[2026-03-27T17:16:42Z INFO  parabit] Iteration 0: 18 nodes, 18 classes
[2026-03-27T17:16:42Z INFO  parabit] Iteration 1: 77 nodes, 38 classes
[2026-03-27T17:16:42Z INFO  parabit] Iteration 2: 139 nodes, 50 classes
[2026-03-27T17:16:42Z INFO  parabit] Iteration 3: 245 nodes, 65 classes
[2026-03-27T17:16:42Z INFO  parabit] Iteration 4: 472 nodes, 91 classes
[2026-03-27T17:16:42Z INFO  parabit] Iteration 5: 984 nodes, 163 classes
[2026-03-27T17:16:42Z INFO  parabit] Iteration 0: 18 nodes, 18 classes
[2026-03-27T17:16:42Z INFO  parabit] Iteration 1: 77 nodes, 38 classes
[2026-03-27T17:16:42Z INFO  parabit] Iteration 2: 139 nodes, 50 classes
[2026-03-27T17:16:42Z INFO  parabit] Iteration 3: 245 nodes, 65 classes
[2026-03-27T17:16:42Z INFO  parabit] Iteration 4: 472 nodes, 91 classes
[2026-03-27T17:16:42Z INFO  parabit] Iteration 5: 984 nodes, 163 classes
[2026-03-27T17:16:42Z INFO  parabit] Iteration 0: 18 nodes, 18 classes
[2026-03-27T17:16:42Z INFO  parabit] Iteration 1: 77 nodes, 38 classes
[2026-03-27T17:16:42Z INFO  parabit] Iteration 2: 139 nodes, 50 classes
[2026-03-27T17:16:42Z INFO  parabit] Iteration 3: 245 nodes, 65 classes
[2026-03-27T17:16:42Z INFO  parabit] Iteration 4: 472 nodes, 91 classes
[2026-03-27T17:16:42Z INFO  parabit] Iteration 5: 984 nodes, 163 classes
[2026-03-27T17:16:42Z INFO  parabit] Iteration 0: 18 nodes, 18 classes
[2026-03-27T17:16:42Z INFO  parabit] Iteration 1: 77 nodes, 38 classes
[2026-03-27T17:16:42Z INFO  parabit] Iteration 2: 139 nodes, 50 classes
[2026-03-27T17:16:42Z INFO  parabit] Iteration 3: 245 nodes, 65 classes
[2026-03-27T17:16:42Z INFO  parabit] Iteration 4: 472 nodes, 91 classes
[2026-03-27T17:16:42Z INFO  parabit] Iteration 5: 984 nodes, 163 classes
[2026-03-27T17:16:42Z INFO  parabit] Iteration 0: 18 nodes, 18 classes
[2026-03-27T17:16:42Z INFO  parabit] Iteration 1: 77 nodes, 38 classes
[2026-03-27T17:16:42Z INFO  parabit] Iteration 2: 139 nodes, 50 classes
[2026-03-27T17:16:42Z INFO  parabit] Iteration 3: 245 nodes, 65 classes
[2026-03-27T17:16:42Z INFO  parabit] Iteration 4: 472 nodes, 91 classes
[2026-03-27T17:16:42Z INFO  parabit] Iteration 5: 984 nodes, 163 classes
[2026-03-27T17:16:42Z INFO  parabit] Iteration 0: 18 nodes, 18 classes
[2026-03-27T17:16:42Z INFO  parabit] Iteration 1: 77 nodes, 38 classes
[2026-03-27T17:16:42Z INFO  parabit] Iteration 2: 139 nodes, 50 classes
[2026-03-27T17:16:42Z INFO  parabit] Iteration 3: 245 nodes, 65 classes
[2026-03-27T17:16:42Z INFO  parabit] Iteration 4: 472 nodes, 91 classes
[2026-03-27T17:16:42Z INFO  parabit] Iteration 5: 984 nodes, 163 classes
[2026-03-27T17:16:42Z INFO  parabit] Iteration 0: 18 nodes, 18 classes
[2026-03-27T17:16:42Z INFO  parabit] Iteration 1: 77 nodes, 38 classes
[2026-03-27T17:16:42Z INFO  parabit] Iteration 2: 139 nodes, 50 classes
[2026-03-27T17:16:42Z INFO  parabit] Iteration 3: 245 nodes, 65 classes
[2026-03-27T17:16:42Z INFO  parabit] Iteration 4: 472 nodes, 91 classes
[2026-03-27T17:16:42Z INFO  parabit] Iteration 5: 984 nodes, 163 classes
[2026-03-27T17:16:42Z INFO  parabit] Iteration 0: 18 nodes, 18 classes
[2026-03-27T17:16:42Z INFO  parabit] Iteration 1: 77 nodes, 38 classes
[2026-03-27T17:16:42Z INFO  parabit] Iteration 2: 139 nodes, 50 classes
[2026-03-27T17:16:42Z INFO  parabit] Iteration 3: 245 nodes, 65 classes
[2026-03-27T17:16:42Z INFO  parabit] Iteration 4: 472 nodes, 91 classes
[2026-03-27T17:16:42Z INFO  parabit] Iteration 5: 984 nodes, 163 classes
[2026-03-27T17:16:42Z INFO  parabit] Iteration 0: 18 nodes, 18 classes
[2026-03-27T17:16:42Z INFO  parabit] Iteration 1: 77 nodes, 38 classes
[2026-03-27T17:16:42Z INFO  parabit] Iteration 2: 139 nodes, 50 classes
[2026-03-27T17:16:42Z INFO  parabit] Iteration 3: 245 nodes, 65 classes
[2026-03-27T17:16:42Z INFO  parabit] Iteration 4: 472 nodes, 91 classes
[2026-03-27T17:16:42Z INFO  parabit] Iteration 5: 984 nodes, 163 classes
[2026-03-27T17:16:42Z INFO  parabit] Iteration 0: 18 nodes, 18 classes
[2026-03-27T17:16:42Z INFO  parabit] Iteration 1: 77 nodes, 38 classes
[2026-03-27T17:16:42Z INFO  parabit] Iteration 2: 139 nodes, 50 classes
[2026-03-27T17:16:42Z INFO  parabit] Iteration 3: 245 nodes, 65 classes
[2026-03-27T17:16:42Z INFO  parabit] Iteration 4: 472 nodes, 91 classes
[2026-03-27T17:16:42Z INFO  parabit] Iteration 5: 984 nodes, 163 classes
[2026-03-27T17:16:42Z INFO  parabit] Iteration 0: 18 nodes, 18 classes
[2026-03-27T17:16:42Z INFO  parabit] Iteration 1: 77 nodes, 38 classes
[2026-03-27T17:16:42Z INFO  parabit] Iteration 2: 139 nodes, 50 classes
[2026-03-27T17:16:42Z INFO  parabit] Iteration 3: 245 nodes, 65 classes
[2026-03-27T17:16:42Z INFO  parabit] Iteration 4: 472 nodes, 91 classes
[2026-03-27T17:16:42Z INFO  parabit] Iteration 5: 984 nodes, 163 classes
[2026-03-27T17:16:42Z INFO  parabit] Iteration 0: 18 nodes, 18 classes
[2026-03-27T17:16:42Z INFO  parabit] Iteration 1: 77 nodes, 38 classes
[2026-03-27T17:16:42Z INFO  parabit] Iteration 2: 139 nodes, 50 classes
[2026-03-27T17:16:42Z INFO  parabit] Iteration 3: 245 nodes, 65 classes
[2026-03-27T17:16:42Z INFO  parabit] Iteration 4: 472 nodes, 91 classes
[2026-03-27T17:16:42Z INFO  parabit] Iteration 5: 984 nodes, 163 classes
[2026-03-27T17:16:42Z INFO  parabit] Iteration 0: 18 nodes, 18 classes
[2026-03-27T17:16:42Z INFO  parabit] Iteration 1: 77 nodes, 38 classes
[2026-03-27T17:16:42Z INFO  parabit] Iteration 2: 139 nodes, 50 classes
[2026-03-27T17:16:42Z INFO  parabit] Iteration 3: 245 nodes, 65 classes
[2026-03-27T17:16:42Z INFO  parabit] Iteration 4: 472 nodes, 91 classes
[2026-03-27T17:16:42Z INFO  parabit] Iteration 5: 984 nodes, 163 classes
[2026-03-27T17:16:42Z INFO  parabit] Iteration 0: 18 nodes, 18 classes
[2026-03-27T17:16:42Z INFO  parabit] Iteration 1: 77 nodes, 38 classes
[2026-03-27T17:16:42Z INFO  parabit] Iteration 2: 139 nodes, 50 classes
[2026-03-27T17:16:42Z INFO  parabit] Iteration 3: 245 nodes, 65 classes
[2026-03-27T17:16:42Z INFO  parabit] Iteration 4: 472 nodes, 91 classes
[2026-03-27T17:16:42Z INFO  parabit] Iteration 5: 984 nodes, 163 classes
[2026-03-27T17:16:42Z INFO  parabit] Iteration 0: 18 nodes, 18 classes
[2026-03-27T17:16:42Z INFO  parabit] Iteration 1: 77 nodes, 38 classes
[2026-03-27T17:16:42Z INFO  parabit] Iteration 2: 139 nodes, 50 classes
[2026-03-27T17:16:42Z INFO  parabit] Iteration 3: 245 nodes, 65 classes
[2026-03-27T17:16:42Z INFO  parabit] Iteration 4: 472 nodes, 91 classes
[2026-03-27T17:16:42Z INFO  parabit] Iteration 5: 984 nodes, 163 classes
[2026-03-27T17:16:42Z INFO  parabit] Iteration 0: 18 nodes, 18 classes
[2026-03-27T17:16:42Z INFO  parabit] Iteration 1: 77 nodes, 38 classes
[2026-03-27T17:16:42Z INFO  parabit] Iteration 2: 139 nodes, 50 classes
[2026-03-27T17:16:42Z INFO  parabit] Iteration 3: 245 nodes, 65 classes
[2026-03-27T17:16:42Z INFO  parabit] Iteration 4: 472 nodes, 91 classes
[2026-03-27T17:16:42Z INFO  parabit] Iteration 5: 984 nodes, 163 classes
[2026-03-27T17:16:42Z INFO  parabit] Iteration 0: 18 nodes, 18 classes
[2026-03-27T17:16:42Z INFO  parabit] Iteration 1: 77 nodes, 38 classes
[2026-03-27T17:16:42Z INFO  parabit] Iteration 2: 139 nodes, 50 classes
[2026-03-27T17:16:42Z INFO  parabit] Iteration 3: 245 nodes, 65 classes
[2026-03-27T17:16:42Z INFO  parabit] Iteration 4: 472 nodes, 91 classes
[2026-03-27T17:16:42Z INFO  parabit] Iteration 5: 984 nodes, 163 classes
[2026-03-27T17:16:42Z INFO  parabit] Iteration 0: 18 nodes, 18 classes
[2026-03-27T17:16:42Z INFO  parabit] Iteration 1: 77 nodes, 38 classes
[2026-03-27T17:16:42Z INFO  parabit] Iteration 2: 139 nodes, 50 classes
[2026-03-27T17:16:42Z INFO  parabit] Iteration 3: 245 nodes, 65 classes
[2026-03-27T17:16:42Z INFO  parabit] Iteration 4: 472 nodes, 91 classes
[2026-03-27T17:16:42Z INFO  parabit] Iteration 5: 984 nodes, 163 classes
[2026-03-27T17:16:42Z INFO  parabit] Iteration 0: 18 nodes, 18 classes
[2026-03-27T17:16:42Z INFO  parabit] Iteration 1: 77 nodes, 38 classes
[2026-03-27T17:16:42Z INFO  parabit] Iteration 2: 139 nodes, 50 classes
[2026-03-27T17:16:42Z INFO  parabit] Iteration 3: 245 nodes, 65 classes
[2026-03-27T17:16:42Z INFO  parabit] Iteration 4: 472 nodes, 91 classes
[2026-03-27T17:16:42Z INFO  parabit] Iteration 5: 984 nodes, 163 classes
[2026-03-27T17:16:42Z INFO  parabit] Iteration 0: 18 nodes, 18 classes
[2026-03-27T17:16:42Z INFO  parabit] Iteration 1: 77 nodes, 38 classes
[2026-03-27T17:16:42Z INFO  parabit] Iteration 2: 139 nodes, 50 classes
[2026-03-27T17:16:43Z INFO  parabit] Iteration 3: 245 nodes, 65 classes
[2026-03-27T17:16:43Z INFO  parabit] Iteration 4: 472 nodes, 91 classes
[2026-03-27T17:16:43Z INFO  parabit] Iteration 5: 984 nodes, 163 classes
[2026-03-27T17:16:43Z INFO  parabit] Iteration 0: 18 nodes, 18 classes
[2026-03-27T17:16:43Z INFO  parabit] Iteration 1: 77 nodes, 38 classes
[2026-03-27T17:16:43Z INFO  parabit] Iteration 2: 139 nodes, 50 classes
[2026-03-27T17:16:43Z INFO  parabit] Iteration 3: 245 nodes, 65 classes
[2026-03-27T17:16:43Z INFO  parabit] Iteration 4: 472 nodes, 91 classes
[2026-03-27T17:16:43Z INFO  parabit] Iteration 5: 984 nodes, 163 classes
[2026-03-27T17:16:43Z INFO  parabit] Iteration 0: 18 nodes, 18 classes
[2026-03-27T17:16:43Z INFO  parabit] Iteration 1: 77 nodes, 38 classes
[2026-03-27T17:16:43Z INFO  parabit] Iteration 2: 139 nodes, 50 classes
[2026-03-27T17:16:43Z INFO  parabit] Iteration 3: 245 nodes, 65 classes
[2026-03-27T17:16:43Z INFO  parabit] Iteration 4: 472 nodes, 91 classes
[2026-03-27T17:16:43Z INFO  parabit] Iteration 5: 984 nodes, 163 classes
[2026-03-27T17:16:43Z INFO  parabit] Iteration 0: 18 nodes, 18 classes
[2026-03-27T17:16:43Z INFO  parabit] Iteration 1: 77 nodes, 38 classes
[2026-03-27T17:16:43Z INFO  parabit] Iteration 2: 139 nodes, 50 classes
[2026-03-27T17:16:43Z INFO  parabit] Iteration 3: 245 nodes, 65 classes
[2026-03-27T17:16:43Z INFO  parabit] Iteration 4: 472 nodes, 91 classes
[2026-03-27T17:16:43Z INFO  parabit] Iteration 5: 984 nodes, 163 classes
[2026-03-27T17:16:43Z INFO  parabit] Iteration 0: 18 nodes, 18 classes
[2026-03-27T17:16:43Z INFO  parabit] Iteration 1: 77 nodes, 38 classes
[2026-03-27T17:16:43Z INFO  parabit] Iteration 2: 139 nodes, 50 classes
[2026-03-27T17:16:43Z INFO  parabit] Iteration 3: 245 nodes, 65 classes
[2026-03-27T17:16:43Z INFO  parabit] Iteration 4: 472 nodes, 91 classes
[2026-03-27T17:16:43Z INFO  parabit] Iteration 5: 984 nodes, 163 classes
[2026-03-27T17:16:43Z INFO  parabit] Iteration 0: 18 nodes, 18 classes
[2026-03-27T17:16:43Z INFO  parabit] Iteration 1: 77 nodes, 38 classes
[2026-03-27T17:16:43Z INFO  parabit] Iteration 2: 139 nodes, 50 classes
[2026-03-27T17:16:43Z INFO  parabit] Iteration 3: 245 nodes, 65 classes
[2026-03-27T17:16:43Z INFO  parabit] Iteration 4: 472 nodes, 91 classes
[2026-03-27T17:16:43Z INFO  parabit] Iteration 5: 984 nodes, 163 classes
[2026-03-27T17:16:43Z INFO  parabit] Iteration 0: 18 nodes, 18 classes
[2026-03-27T17:16:43Z INFO  parabit] Iteration 1: 77 nodes, 38 classes
[2026-03-27T17:16:43Z INFO  parabit] Iteration 2: 139 nodes, 50 classes
[2026-03-27T17:16:43Z INFO  parabit] Iteration 3: 245 nodes, 65 classes
[2026-03-27T17:16:43Z INFO  parabit] Iteration 4: 472 nodes, 91 classes
[2026-03-27T17:16:43Z INFO  parabit] Iteration 5: 984 nodes, 163 classes
[2026-03-27T17:16:43Z INFO  parabit] Iteration 0: 18 nodes, 18 classes
[2026-03-27T17:16:43Z INFO  parabit] Iteration 1: 77 nodes, 38 classes
[2026-03-27T17:16:43Z INFO  parabit] Iteration 2: 139 nodes, 50 classes
[2026-03-27T17:16:43Z INFO  parabit] Iteration 3: 245 nodes, 65 classes
[2026-03-27T17:16:43Z INFO  parabit] Iteration 4: 472 nodes, 91 classes
[2026-03-27T17:16:43Z INFO  parabit] Iteration 5: 984 nodes, 163 classes
[2026-03-27T17:16:43Z INFO  parabit] Iteration 0: 18 nodes, 18 classes
[2026-03-27T17:16:43Z INFO  parabit] Iteration 1: 77 nodes, 38 classes
[2026-03-27T17:16:43Z INFO  parabit] Iteration 2: 139 nodes, 50 classes
[2026-03-27T17:16:43Z INFO  parabit] Iteration 3: 245 nodes, 65 classes
[2026-03-27T17:16:43Z INFO  parabit] Iteration 4: 472 nodes, 91 classes
[2026-03-27T17:16:43Z INFO  parabit] Iteration 5: 984 nodes, 163 classes
[2026-03-27T17:16:43Z INFO  parabit] Iteration 0: 18 nodes, 18 classes
[2026-03-27T17:16:43Z INFO  parabit] Iteration 1: 77 nodes, 38 classes
[2026-03-27T17:16:43Z INFO  parabit] Iteration 2: 139 nodes, 50 classes
[2026-03-27T17:16:43Z INFO  parabit] Iteration 3: 245 nodes, 65 classes
[2026-03-27T17:16:43Z INFO  parabit] Iteration 4: 472 nodes, 91 classes
[2026-03-27T17:16:43Z INFO  parabit] Iteration 5: 984 nodes, 163 classes
[2026-03-27T17:16:43Z INFO  parabit] Iteration 0: 18 nodes, 18 classes
[2026-03-27T17:16:43Z INFO  parabit] Iteration 1: 77 nodes, 38 classes
[2026-03-27T17:16:43Z INFO  parabit] Iteration 2: 139 nodes, 50 classes
[2026-03-27T17:16:43Z INFO  parabit] Iteration 3: 245 nodes, 65 classes
[2026-03-27T17:16:43Z INFO  parabit] Iteration 4: 472 nodes, 91 classes
[2026-03-27T17:16:43Z INFO  parabit] Iteration 5: 984 nodes, 163 classes
[2026-03-27T17:16:43Z INFO  parabit] Iteration 0: 18 nodes, 18 classes
[2026-03-27T17:16:43Z INFO  parabit] Iteration 1: 77 nodes, 38 classes
[2026-03-27T17:16:43Z INFO  parabit] Iteration 2: 139 nodes, 50 classes
[2026-03-27T17:16:43Z INFO  parabit] Iteration 3: 245 nodes, 65 classes
[2026-03-27T17:16:43Z INFO  parabit] Iteration 4: 472 nodes, 91 classes
[2026-03-27T17:16:43Z INFO  parabit] Iteration 5: 984 nodes, 163 classes
[2026-03-27T17:16:43Z INFO  parabit] Iteration 0: 18 nodes, 18 classes
[2026-03-27T17:16:43Z INFO  parabit] Iteration 1: 77 nodes, 38 classes
[2026-03-27T17:16:43Z INFO  parabit] Iteration 2: 139 nodes, 50 classes
[2026-03-27T17:16:43Z INFO  parabit] Iteration 3: 245 nodes, 65 classes
[2026-03-27T17:16:43Z INFO  parabit] Iteration 4: 472 nodes, 91 classes
[2026-03-27T17:16:43Z INFO  parabit] Iteration 5: 984 nodes, 163 classes
[2026-03-27T17:16:43Z INFO  parabit] Iteration 0: 18 nodes, 18 classes
[2026-03-27T17:16:43Z INFO  parabit] Iteration 1: 77 nodes, 38 classes
[2026-03-27T17:16:43Z INFO  parabit] Iteration 2: 139 nodes, 50 classes
[2026-03-27T17:16:43Z INFO  parabit] Iteration 3: 245 nodes, 65 classes
[2026-03-27T17:16:43Z INFO  parabit] Iteration 4: 472 nodes, 91 classes
[2026-03-27T17:16:43Z INFO  parabit] Iteration 5: 984 nodes, 163 classes
[2026-03-27T17:16:43Z INFO  parabit] Iteration 0: 18 nodes, 18 classes
[2026-03-27T17:16:43Z INFO  parabit] Iteration 1: 77 nodes, 38 classes
[2026-03-27T17:16:43Z INFO  parabit] Iteration 2: 139 nodes, 50 classes
[2026-03-27T17:16:43Z INFO  parabit] Iteration 3: 245 nodes, 65 classes
[2026-03-27T17:16:43Z INFO  parabit] Iteration 4: 472 nodes, 91 classes
[2026-03-27T17:16:43Z INFO  parabit] Iteration 5: 984 nodes, 163 classes
[2026-03-27T17:16:43Z INFO  parabit] Iteration 0: 18 nodes, 18 classes
[2026-03-27T17:16:43Z INFO  parabit] Iteration 1: 77 nodes, 38 classes
[2026-03-27T17:16:43Z INFO  parabit] Iteration 2: 139 nodes, 50 classes
[2026-03-27T17:16:43Z INFO  parabit] Iteration 3: 245 nodes, 65 classes
[2026-03-27T17:16:43Z INFO  parabit] Iteration 4: 472 nodes, 91 classes
[2026-03-27T17:16:43Z INFO  parabit] Iteration 5: 984 nodes, 163 classes
[2026-03-27T17:16:43Z INFO  parabit] Iteration 0: 18 nodes, 18 classes
[2026-03-27T17:16:43Z INFO  parabit] Iteration 1: 77 nodes, 38 classes
[2026-03-27T17:16:43Z INFO  parabit] Iteration 2: 139 nodes, 50 classes
[2026-03-27T17:16:43Z INFO  parabit] Iteration 3: 245 nodes, 65 classes
[2026-03-27T17:16:43Z INFO  parabit] Iteration 4: 472 nodes, 91 classes
[2026-03-27T17:16:43Z INFO  parabit] Iteration 5: 984 nodes, 163 classes
[2026-03-27T17:16:43Z INFO  parabit] Iteration 0: 18 nodes, 18 classes
[2026-03-27T17:16:43Z INFO  parabit] Iteration 1: 77 nodes, 38 classes
[2026-03-27T17:16:43Z INFO  parabit] Iteration 2: 139 nodes, 50 classes
[2026-03-27T17:16:43Z INFO  parabit] Iteration 3: 245 nodes, 65 classes
[2026-03-27T17:16:43Z INFO  parabit] Iteration 4: 472 nodes, 91 classes
[2026-03-27T17:16:43Z INFO  parabit] Iteration 5: 984 nodes, 163 classes
[2026-03-27T17:16:43Z INFO  parabit] Iteration 0: 18 nodes, 18 classes
[2026-03-27T17:16:43Z INFO  parabit] Iteration 1: 77 nodes, 38 classes
[2026-03-27T17:16:43Z INFO  parabit] Iteration 2: 139 nodes, 50 classes
[2026-03-27T17:16:43Z INFO  parabit] Iteration 3: 245 nodes, 65 classes
[2026-03-27T17:16:43Z INFO  parabit] Iteration 4: 472 nodes, 91 classes
[2026-03-27T17:16:43Z INFO  parabit] Iteration 5: 984 nodes, 163 classes
[2026-03-27T17:16:43Z INFO  parabit] Iteration 0: 18 nodes, 18 classes
[2026-03-27T17:16:43Z INFO  parabit] Iteration 1: 77 nodes, 38 classes
[2026-03-27T17:16:43Z INFO  parabit] Iteration 2: 139 nodes, 50 classes
[2026-03-27T17:16:43Z INFO  parabit] Iteration 3: 245 nodes, 65 classes
[2026-03-27T17:16:43Z INFO  parabit] Iteration 4: 472 nodes, 91 classes
[2026-03-27T17:16:43Z INFO  parabit] Iteration 5: 984 nodes, 163 classes
[2026-03-27T17:16:43Z INFO  parabit] Iteration 0: 18 nodes, 18 classes
[2026-03-27T17:16:43Z INFO  parabit] Iteration 1: 77 nodes, 38 classes
[2026-03-27T17:16:43Z INFO  parabit] Iteration 2: 139 nodes, 50 classes
[2026-03-27T17:16:43Z INFO  parabit] Iteration 3: 245 nodes, 65 classes
[2026-03-27T17:16:43Z INFO  parabit] Iteration 4: 472 nodes, 91 classes
[2026-03-27T17:16:43Z INFO  parabit] Iteration 5: 984 nodes, 163 classes
[2026-03-27T17:16:43Z INFO  parabit] Iteration 0: 18 nodes, 18 classes
[2026-03-27T17:16:43Z INFO  parabit] Iteration 1: 77 nodes, 38 classes
[2026-03-27T17:16:43Z INFO  parabit] Iteration 2: 139 nodes, 50 classes
[2026-03-27T17:16:43Z INFO  parabit] Iteration 3: 245 nodes, 65 classes
[2026-03-27T17:16:43Z INFO  parabit] Iteration 4: 472 nodes, 91 classes
[2026-03-27T17:16:43Z INFO  parabit] Iteration 5: 984 nodes, 163 classes
[2026-03-27T17:16:43Z INFO  parabit] Iteration 0: 18 nodes, 18 classes
[2026-03-27T17:16:43Z INFO  parabit] Iteration 1: 77 nodes, 38 classes
[2026-03-27T17:16:43Z INFO  parabit] Iteration 2: 139 nodes, 50 classes
[2026-03-27T17:16:43Z INFO  parabit] Iteration 3: 245 nodes, 65 classes
[2026-03-27T17:16:43Z INFO  parabit] Iteration 4: 472 nodes, 91 classes
[2026-03-27T17:16:43Z INFO  parabit] Iteration 5: 984 nodes, 163 classes
[2026-03-27T17:16:43Z INFO  parabit] Iteration 0: 18 nodes, 18 classes
[2026-03-27T17:16:43Z INFO  parabit] Iteration 1: 77 nodes, 38 classes
[2026-03-27T17:16:43Z INFO  parabit] Iteration 2: 139 nodes, 50 classes
[2026-03-27T17:16:43Z INFO  parabit] Iteration 3: 245 nodes, 65 classes
[2026-03-27T17:16:43Z INFO  parabit] Iteration 4: 472 nodes, 91 classes
[2026-03-27T17:16:43Z INFO  parabit] Iteration 5: 984 nodes, 163 classes
[2026-03-27T17:16:43Z INFO  parabit] Iteration 0: 18 nodes, 18 classes
[2026-03-27T17:16:43Z INFO  parabit] Iteration 1: 77 nodes, 38 classes
[2026-03-27T17:16:43Z INFO  parabit] Iteration 2: 139 nodes, 50 classes
[2026-03-27T17:16:43Z INFO  parabit] Iteration 3: 245 nodes, 65 classes
[2026-03-27T17:16:43Z INFO  parabit] Iteration 4: 472 nodes, 91 classes
[2026-03-27T17:16:43Z INFO  parabit] Iteration 5: 984 nodes, 163 classes
[2026-03-27T17:16:43Z INFO  parabit] Iteration 0: 18 nodes, 18 classes
[2026-03-27T17:16:43Z INFO  parabit] Iteration 1: 77 nodes, 38 classes
[2026-03-27T17:16:43Z INFO  parabit] Iteration 2: 139 nodes, 50 classes
[2026-03-27T17:16:43Z INFO  parabit] Iteration 3: 245 nodes, 65 classes
[2026-03-27T17:16:43Z INFO  parabit] Iteration 4: 472 nodes, 91 classes
[2026-03-27T17:16:43Z INFO  parabit] Iteration 5: 984 nodes, 163 classes
[2026-03-27T17:16:43Z INFO  parabit] Iteration 0: 18 nodes, 18 classes
[2026-03-27T17:16:43Z INFO  parabit] Iteration 1: 77 nodes, 38 classes
[2026-03-27T17:16:43Z INFO  parabit] Iteration 2: 139 nodes, 50 classes
[2026-03-27T17:16:43Z INFO  parabit] Iteration 3: 245 nodes, 65 classes
[2026-03-27T17:16:43Z INFO  parabit] Iteration 4: 472 nodes, 91 classes
[2026-03-27T17:16:43Z INFO  parabit] Iteration 5: 984 nodes, 163 classes
[2026-03-27T17:16:43Z INFO  parabit] Iteration 0: 18 nodes, 18 classes
[2026-03-27T17:16:43Z INFO  parabit] Iteration 1: 77 nodes, 38 classes
[2026-03-27T17:16:43Z INFO  parabit] Iteration 2: 139 nodes, 50 classes
[2026-03-27T17:16:43Z INFO  parabit] Iteration 3: 245 nodes, 65 classes
[2026-03-27T17:16:43Z INFO  parabit] Iteration 4: 472 nodes, 91 classes
[2026-03-27T17:16:43Z INFO  parabit] Iteration 5: 984 nodes, 163 classes
[2026-03-27T17:16:43Z INFO  parabit] Iteration 0: 18 nodes, 18 classes
[2026-03-27T17:16:43Z INFO  parabit] Iteration 1: 77 nodes, 38 classes
[2026-03-27T17:16:43Z INFO  parabit] Iteration 2: 139 nodes, 50 classes
[2026-03-27T17:16:43Z INFO  parabit] Iteration 3: 245 nodes, 65 classes
[2026-03-27T17:16:43Z INFO  parabit] Iteration 4: 472 nodes, 91 classes
[2026-03-27T17:16:43Z INFO  parabit] Iteration 5: 984 nodes, 163 classes
[2026-03-27T17:16:43Z INFO  parabit] Iteration 0: 18 nodes, 18 classes
[2026-03-27T17:16:43Z INFO  parabit] Iteration 1: 77 nodes, 38 classes
[2026-03-27T17:16:43Z INFO  parabit] Iteration 2: 139 nodes, 50 classes
[2026-03-27T17:16:43Z INFO  parabit] Iteration 3: 245 nodes, 65 classes
[2026-03-27T17:16:43Z INFO  parabit] Iteration 4: 472 nodes, 91 classes
[2026-03-27T17:16:43Z INFO  parabit] Iteration 5: 984 nodes, 163 classes
[2026-03-27T17:16:43Z INFO  parabit] Iteration 0: 18 nodes, 18 classes
[2026-03-27T17:16:43Z INFO  parabit] Iteration 1: 77 nodes, 38 classes
[2026-03-27T17:16:43Z INFO  parabit] Iteration 2: 139 nodes, 50 classes
[2026-03-27T17:16:43Z INFO  parabit] Iteration 3: 245 nodes, 65 classes
[2026-03-27T17:16:43Z INFO  parabit] Iteration 4: 472 nodes, 91 classes
[2026-03-27T17:16:43Z INFO  parabit] Iteration 5: 984 nodes, 163 classes
[2026-03-27T17:16:43Z INFO  parabit] Iteration 0: 18 nodes, 18 classes
[2026-03-27T17:16:43Z INFO  parabit] Iteration 1: 77 nodes, 38 classes
[2026-03-27T17:16:43Z INFO  parabit] Iteration 2: 139 nodes, 50 classes
[2026-03-27T17:16:43Z INFO  parabit] Iteration 3: 245 nodes, 65 classes
[2026-03-27T17:16:43Z INFO  parabit] Iteration 4: 472 nodes, 91 classes
[2026-03-27T17:16:43Z INFO  parabit] Iteration 5: 984 nodes, 163 classes
{"elapsed":1.02, "maxrss":9164}
