[2026-03-27T11:47:10Z WARN  parabit] Sanitised input expression 0 from:
    (bw k (or (bw k (and (bw k "%A") (bw k (xor (bw k "%D") (bw k (not (bw k 0))))))) (bw k (and (bw k (xor (bw k "%A") (bw k (not (bw k 0))))) (bw k "%D")))))
    to:
    (bw k (or (bw k (and (bw k var_A) (bw k (xor (bw k var_D) (bw k (not (bw k 0))))))) (bw k (and (bw k (xor (bw k var_A) (bw k (not (bw k 0))))) (bw k var_D)))))
[2026-03-27T11:47:10Z WARN  parabit] Sanitised input expression 0 from:
    (bw k (xor (bw k "%A") (bw k "%D")))
    to:
    (bw k (xor (bw k var_A) (bw k var_D)))
[2026-03-27T11:47:10Z INFO  parabit] Running parabit on file: AndOrXor_2188_values_0
[2026-03-27T11:47:10Z INFO  parabit] Iteration 0: 22 nodes, 22 classes
[2026-03-27T11:47:10Z INFO  parabit] Iteration 1: 97 nodes, 49 classes
[2026-03-27T11:47:10Z INFO  parabit] Iteration 2: 192 nodes, 61 classes
[2026-03-27T11:47:10Z INFO  parabit] Iteration 3: 362 nodes, 78 classes
[2026-03-27T11:47:10Z INFO  parabit] Iteration 4: 846 nodes, 120 classes
[2026-03-27T11:47:10Z INFO  parabit] Iteration 0: 22 nodes, 22 classes
[2026-03-27T11:47:10Z INFO  parabit] Iteration 1: 97 nodes, 49 classes
[2026-03-27T11:47:10Z INFO  parabit] Iteration 2: 192 nodes, 61 classes
[2026-03-27T11:47:10Z INFO  parabit] Iteration 3: 362 nodes, 78 classes
[2026-03-27T11:47:10Z INFO  parabit] Iteration 4: 846 nodes, 120 classes
[2026-03-27T11:47:10Z INFO  parabit] Iteration 0: 22 nodes, 22 classes
[2026-03-27T11:47:10Z INFO  parabit] Iteration 1: 97 nodes, 49 classes
[2026-03-27T11:47:10Z INFO  parabit] Iteration 2: 192 nodes, 61 classes
[2026-03-27T11:47:10Z INFO  parabit] Iteration 3: 362 nodes, 78 classes
[2026-03-27T11:47:10Z INFO  parabit] Iteration 4: 846 nodes, 120 classes
[2026-03-27T11:47:10Z INFO  parabit] Iteration 0: 22 nodes, 22 classes
[2026-03-27T11:47:10Z INFO  parabit] Iteration 1: 97 nodes, 49 classes
[2026-03-27T11:47:10Z INFO  parabit] Iteration 2: 192 nodes, 61 classes
[2026-03-27T11:47:10Z INFO  parabit] Iteration 3: 362 nodes, 78 classes
[2026-03-27T11:47:10Z INFO  parabit] Iteration 4: 846 nodes, 120 classes
[2026-03-27T11:47:10Z INFO  parabit] Iteration 0: 22 nodes, 22 classes
[2026-03-27T11:47:10Z INFO  parabit] Iteration 1: 97 nodes, 49 classes
[2026-03-27T11:47:10Z INFO  parabit] Iteration 2: 192 nodes, 61 classes
[2026-03-27T11:47:10Z INFO  parabit] Iteration 3: 362 nodes, 78 classes
[2026-03-27T11:47:10Z INFO  parabit] Iteration 4: 846 nodes, 120 classes
[2026-03-27T11:47:10Z INFO  parabit] Iteration 0: 22 nodes, 22 classes
[2026-03-27T11:47:10Z INFO  parabit] Iteration 1: 97 nodes, 49 classes
[2026-03-27T11:47:10Z INFO  parabit] Iteration 2: 192 nodes, 61 classes
[2026-03-27T11:47:10Z INFO  parabit] Iteration 3: 362 nodes, 78 classes
[2026-03-27T11:47:10Z INFO  parabit] Iteration 4: 846 nodes, 120 classes
[2026-03-27T11:47:10Z INFO  parabit] Iteration 0: 22 nodes, 22 classes
[2026-03-27T11:47:10Z INFO  parabit] Iteration 1: 97 nodes, 49 classes
[2026-03-27T11:47:10Z INFO  parabit] Iteration 2: 192 nodes, 61 classes
[2026-03-27T11:47:10Z INFO  parabit] Iteration 3: 362 nodes, 78 classes
[2026-03-27T11:47:10Z INFO  parabit] Iteration 4: 846 nodes, 120 classes
[2026-03-27T11:47:10Z INFO  parabit] Iteration 0: 22 nodes, 22 classes
[2026-03-27T11:47:10Z INFO  parabit] Iteration 1: 97 nodes, 49 classes
[2026-03-27T11:47:10Z INFO  parabit] Iteration 2: 192 nodes, 61 classes
[2026-03-27T11:47:10Z INFO  parabit] Iteration 3: 362 nodes, 78 classes
[2026-03-27T11:47:10Z INFO  parabit] Iteration 4: 846 nodes, 120 classes
[2026-03-27T11:47:10Z INFO  parabit] Iteration 0: 22 nodes, 22 classes
[2026-03-27T11:47:10Z INFO  parabit] Iteration 1: 97 nodes, 49 classes
[2026-03-27T11:47:10Z INFO  parabit] Iteration 2: 192 nodes, 61 classes
[2026-03-27T11:47:10Z INFO  parabit] Iteration 3: 362 nodes, 78 classes
[2026-03-27T11:47:10Z INFO  parabit] Iteration 4: 846 nodes, 120 classes
[2026-03-27T11:47:11Z INFO  parabit] Iteration 0: 22 nodes, 22 classes
[2026-03-27T11:47:11Z INFO  parabit] Iteration 1: 97 nodes, 49 classes
[2026-03-27T11:47:11Z INFO  parabit] Iteration 2: 192 nodes, 61 classes
[2026-03-27T11:47:11Z INFO  parabit] Iteration 3: 362 nodes, 78 classes
[2026-03-27T11:47:11Z INFO  parabit] Iteration 4: 846 nodes, 120 classes
[2026-03-27T11:47:11Z INFO  parabit] Iteration 0: 22 nodes, 22 classes
[2026-03-27T11:47:11Z INFO  parabit] Iteration 1: 97 nodes, 49 classes
[2026-03-27T11:47:11Z INFO  parabit] Iteration 2: 192 nodes, 61 classes
[2026-03-27T11:47:11Z INFO  parabit] Iteration 3: 362 nodes, 78 classes
[2026-03-27T11:47:11Z INFO  parabit] Iteration 4: 846 nodes, 120 classes
[2026-03-27T11:47:11Z INFO  parabit] Iteration 0: 22 nodes, 22 classes
[2026-03-27T11:47:11Z INFO  parabit] Iteration 1: 97 nodes, 49 classes
[2026-03-27T11:47:11Z INFO  parabit] Iteration 2: 192 nodes, 61 classes
[2026-03-27T11:47:11Z INFO  parabit] Iteration 3: 362 nodes, 78 classes
[2026-03-27T11:47:11Z INFO  parabit] Iteration 4: 846 nodes, 120 classes
[2026-03-27T11:47:11Z INFO  parabit] Iteration 0: 22 nodes, 22 classes
[2026-03-27T11:47:11Z INFO  parabit] Iteration 1: 97 nodes, 49 classes
[2026-03-27T11:47:11Z INFO  parabit] Iteration 2: 192 nodes, 61 classes
[2026-03-27T11:47:11Z INFO  parabit] Iteration 3: 362 nodes, 78 classes
[2026-03-27T11:47:11Z INFO  parabit] Iteration 4: 846 nodes, 120 classes
[2026-03-27T11:47:11Z INFO  parabit] Iteration 0: 22 nodes, 22 classes
[2026-03-27T11:47:11Z INFO  parabit] Iteration 1: 97 nodes, 49 classes
[2026-03-27T11:47:11Z INFO  parabit] Iteration 2: 192 nodes, 61 classes
[2026-03-27T11:47:11Z INFO  parabit] Iteration 3: 362 nodes, 78 classes
[2026-03-27T11:47:11Z INFO  parabit] Iteration 4: 846 nodes, 120 classes
[2026-03-27T11:47:11Z INFO  parabit] Iteration 0: 22 nodes, 22 classes
[2026-03-27T11:47:11Z INFO  parabit] Iteration 1: 97 nodes, 49 classes
[2026-03-27T11:47:11Z INFO  parabit] Iteration 2: 192 nodes, 61 classes
[2026-03-27T11:47:11Z INFO  parabit] Iteration 3: 362 nodes, 78 classes
[2026-03-27T11:47:11Z INFO  parabit] Iteration 4: 846 nodes, 120 classes
[2026-03-27T11:47:11Z INFO  parabit] Iteration 0: 22 nodes, 22 classes
[2026-03-27T11:47:11Z INFO  parabit] Iteration 1: 97 nodes, 49 classes
[2026-03-27T11:47:11Z INFO  parabit] Iteration 2: 192 nodes, 61 classes
[2026-03-27T11:47:11Z INFO  parabit] Iteration 3: 362 nodes, 78 classes
[2026-03-27T11:47:11Z INFO  parabit] Iteration 4: 846 nodes, 120 classes
[2026-03-27T11:47:11Z INFO  parabit] Iteration 0: 22 nodes, 22 classes
[2026-03-27T11:47:11Z INFO  parabit] Iteration 1: 97 nodes, 49 classes
[2026-03-27T11:47:11Z INFO  parabit] Iteration 2: 192 nodes, 61 classes
[2026-03-27T11:47:11Z INFO  parabit] Iteration 3: 362 nodes, 78 classes
[2026-03-27T11:47:11Z INFO  parabit] Iteration 4: 846 nodes, 120 classes
[2026-03-27T11:47:11Z INFO  parabit] Iteration 0: 22 nodes, 22 classes
[2026-03-27T11:47:11Z INFO  parabit] Iteration 1: 97 nodes, 49 classes
[2026-03-27T11:47:11Z INFO  parabit] Iteration 2: 192 nodes, 61 classes
[2026-03-27T11:47:11Z INFO  parabit] Iteration 3: 362 nodes, 78 classes
[2026-03-27T11:47:11Z INFO  parabit] Iteration 4: 846 nodes, 120 classes
[2026-03-27T11:47:11Z INFO  parabit] Iteration 0: 22 nodes, 22 classes
[2026-03-27T11:47:11Z INFO  parabit] Iteration 1: 97 nodes, 49 classes
[2026-03-27T11:47:11Z INFO  parabit] Iteration 2: 192 nodes, 61 classes
[2026-03-27T11:47:11Z INFO  parabit] Iteration 3: 362 nodes, 78 classes
[2026-03-27T11:47:11Z INFO  parabit] Iteration 4: 846 nodes, 120 classes
[2026-03-27T11:47:11Z INFO  parabit] Iteration 0: 22 nodes, 22 classes
[2026-03-27T11:47:11Z INFO  parabit] Iteration 1: 97 nodes, 49 classes
[2026-03-27T11:47:11Z INFO  parabit] Iteration 2: 192 nodes, 61 classes
[2026-03-27T11:47:11Z INFO  parabit] Iteration 3: 362 nodes, 78 classes
[2026-03-27T11:47:11Z INFO  parabit] Iteration 4: 846 nodes, 120 classes
[2026-03-27T11:47:11Z INFO  parabit] Iteration 0: 22 nodes, 22 classes
[2026-03-27T11:47:11Z INFO  parabit] Iteration 1: 97 nodes, 49 classes
[2026-03-27T11:47:11Z INFO  parabit] Iteration 2: 192 nodes, 61 classes
[2026-03-27T11:47:11Z INFO  parabit] Iteration 3: 362 nodes, 78 classes
[2026-03-27T11:47:11Z INFO  parabit] Iteration 4: 846 nodes, 120 classes
[2026-03-27T11:47:11Z INFO  parabit] Iteration 0: 22 nodes, 22 classes
[2026-03-27T11:47:11Z INFO  parabit] Iteration 1: 97 nodes, 49 classes
[2026-03-27T11:47:11Z INFO  parabit] Iteration 2: 192 nodes, 61 classes
[2026-03-27T11:47:11Z INFO  parabit] Iteration 3: 362 nodes, 78 classes
[2026-03-27T11:47:11Z INFO  parabit] Iteration 4: 846 nodes, 120 classes
[2026-03-27T11:47:11Z INFO  parabit] Iteration 0: 22 nodes, 22 classes
[2026-03-27T11:47:11Z INFO  parabit] Iteration 1: 97 nodes, 49 classes
[2026-03-27T11:47:11Z INFO  parabit] Iteration 2: 192 nodes, 61 classes
[2026-03-27T11:47:11Z INFO  parabit] Iteration 3: 362 nodes, 78 classes
[2026-03-27T11:47:11Z INFO  parabit] Iteration 4: 846 nodes, 120 classes
[2026-03-27T11:47:11Z INFO  parabit] Iteration 0: 22 nodes, 22 classes
[2026-03-27T11:47:11Z INFO  parabit] Iteration 1: 97 nodes, 49 classes
[2026-03-27T11:47:11Z INFO  parabit] Iteration 2: 192 nodes, 61 classes
[2026-03-27T11:47:11Z INFO  parabit] Iteration 3: 362 nodes, 78 classes
[2026-03-27T11:47:11Z INFO  parabit] Iteration 4: 846 nodes, 120 classes
[2026-03-27T11:47:11Z INFO  parabit] Iteration 0: 22 nodes, 22 classes
[2026-03-27T11:47:11Z INFO  parabit] Iteration 1: 97 nodes, 49 classes
[2026-03-27T11:47:11Z INFO  parabit] Iteration 2: 192 nodes, 61 classes
[2026-03-27T11:47:11Z INFO  parabit] Iteration 3: 362 nodes, 78 classes
[2026-03-27T11:47:11Z INFO  parabit] Iteration 4: 846 nodes, 120 classes
[2026-03-27T11:47:11Z INFO  parabit] Iteration 0: 22 nodes, 22 classes
[2026-03-27T11:47:11Z INFO  parabit] Iteration 1: 97 nodes, 49 classes
[2026-03-27T11:47:11Z INFO  parabit] Iteration 2: 192 nodes, 61 classes
[2026-03-27T11:47:11Z INFO  parabit] Iteration 3: 362 nodes, 78 classes
[2026-03-27T11:47:11Z INFO  parabit] Iteration 4: 846 nodes, 120 classes
[2026-03-27T11:47:11Z INFO  parabit] Iteration 0: 22 nodes, 22 classes
[2026-03-27T11:47:11Z INFO  parabit] Iteration 1: 97 nodes, 49 classes
[2026-03-27T11:47:11Z INFO  parabit] Iteration 2: 192 nodes, 61 classes
[2026-03-27T11:47:11Z INFO  parabit] Iteration 3: 362 nodes, 78 classes
[2026-03-27T11:47:11Z INFO  parabit] Iteration 4: 846 nodes, 120 classes
[2026-03-27T11:47:11Z INFO  parabit] Iteration 0: 22 nodes, 22 classes
[2026-03-27T11:47:11Z INFO  parabit] Iteration 1: 97 nodes, 49 classes
[2026-03-27T11:47:11Z INFO  parabit] Iteration 2: 192 nodes, 61 classes
[2026-03-27T11:47:11Z INFO  parabit] Iteration 3: 362 nodes, 78 classes
[2026-03-27T11:47:11Z INFO  parabit] Iteration 4: 846 nodes, 120 classes
[2026-03-27T11:47:11Z INFO  parabit] Iteration 0: 22 nodes, 22 classes
[2026-03-27T11:47:11Z INFO  parabit] Iteration 1: 97 nodes, 49 classes
[2026-03-27T11:47:11Z INFO  parabit] Iteration 2: 192 nodes, 61 classes
[2026-03-27T11:47:11Z INFO  parabit] Iteration 3: 362 nodes, 78 classes
[2026-03-27T11:47:11Z INFO  parabit] Iteration 4: 846 nodes, 120 classes
[2026-03-27T11:47:11Z INFO  parabit] Iteration 0: 22 nodes, 22 classes
[2026-03-27T11:47:11Z INFO  parabit] Iteration 1: 97 nodes, 49 classes
[2026-03-27T11:47:11Z INFO  parabit] Iteration 2: 192 nodes, 61 classes
[2026-03-27T11:47:11Z INFO  parabit] Iteration 3: 362 nodes, 78 classes
[2026-03-27T11:47:11Z INFO  parabit] Iteration 4: 846 nodes, 120 classes
[2026-03-27T11:47:11Z INFO  parabit] Iteration 0: 22 nodes, 22 classes
[2026-03-27T11:47:11Z INFO  parabit] Iteration 1: 97 nodes, 49 classes
[2026-03-27T11:47:11Z INFO  parabit] Iteration 2: 192 nodes, 61 classes
[2026-03-27T11:47:11Z INFO  parabit] Iteration 3: 362 nodes, 78 classes
[2026-03-27T11:47:11Z INFO  parabit] Iteration 4: 846 nodes, 120 classes
[2026-03-27T11:47:11Z INFO  parabit] Iteration 0: 22 nodes, 22 classes
[2026-03-27T11:47:11Z INFO  parabit] Iteration 1: 97 nodes, 49 classes
[2026-03-27T11:47:11Z INFO  parabit] Iteration 2: 192 nodes, 61 classes
[2026-03-27T11:47:11Z INFO  parabit] Iteration 3: 362 nodes, 78 classes
[2026-03-27T11:47:11Z INFO  parabit] Iteration 4: 846 nodes, 120 classes
[2026-03-27T11:47:11Z INFO  parabit] Iteration 0: 22 nodes, 22 classes
[2026-03-27T11:47:11Z INFO  parabit] Iteration 1: 97 nodes, 49 classes
[2026-03-27T11:47:11Z INFO  parabit] Iteration 2: 192 nodes, 61 classes
[2026-03-27T11:47:11Z INFO  parabit] Iteration 3: 362 nodes, 78 classes
[2026-03-27T11:47:11Z INFO  parabit] Iteration 4: 846 nodes, 120 classes
[2026-03-27T11:47:11Z INFO  parabit] Iteration 0: 22 nodes, 22 classes
[2026-03-27T11:47:11Z INFO  parabit] Iteration 1: 97 nodes, 49 classes
[2026-03-27T11:47:11Z INFO  parabit] Iteration 2: 192 nodes, 61 classes
[2026-03-27T11:47:11Z INFO  parabit] Iteration 3: 362 nodes, 78 classes
[2026-03-27T11:47:11Z INFO  parabit] Iteration 4: 846 nodes, 120 classes
[2026-03-27T11:47:11Z INFO  parabit] Iteration 0: 22 nodes, 22 classes
[2026-03-27T11:47:11Z INFO  parabit] Iteration 1: 97 nodes, 49 classes
[2026-03-27T11:47:11Z INFO  parabit] Iteration 2: 192 nodes, 61 classes
[2026-03-27T11:47:11Z INFO  parabit] Iteration 3: 362 nodes, 78 classes
[2026-03-27T11:47:11Z INFO  parabit] Iteration 4: 846 nodes, 120 classes
[2026-03-27T11:47:11Z INFO  parabit] Iteration 0: 22 nodes, 22 classes
[2026-03-27T11:47:11Z INFO  parabit] Iteration 1: 97 nodes, 49 classes
[2026-03-27T11:47:11Z INFO  parabit] Iteration 2: 192 nodes, 61 classes
[2026-03-27T11:47:11Z INFO  parabit] Iteration 3: 362 nodes, 78 classes
[2026-03-27T11:47:11Z INFO  parabit] Iteration 4: 846 nodes, 120 classes
[2026-03-27T11:47:11Z INFO  parabit] Iteration 0: 22 nodes, 22 classes
[2026-03-27T11:47:11Z INFO  parabit] Iteration 1: 97 nodes, 49 classes
[2026-03-27T11:47:11Z INFO  parabit] Iteration 2: 192 nodes, 61 classes
[2026-03-27T11:47:11Z INFO  parabit] Iteration 3: 362 nodes, 78 classes
[2026-03-27T11:47:11Z INFO  parabit] Iteration 4: 846 nodes, 120 classes
[2026-03-27T11:47:11Z INFO  parabit] Iteration 0: 22 nodes, 22 classes
[2026-03-27T11:47:11Z INFO  parabit] Iteration 1: 97 nodes, 49 classes
[2026-03-27T11:47:11Z INFO  parabit] Iteration 2: 192 nodes, 61 classes
[2026-03-27T11:47:11Z INFO  parabit] Iteration 3: 362 nodes, 78 classes
[2026-03-27T11:47:11Z INFO  parabit] Iteration 4: 846 nodes, 120 classes
[2026-03-27T11:47:11Z INFO  parabit] Iteration 0: 22 nodes, 22 classes
[2026-03-27T11:47:11Z INFO  parabit] Iteration 1: 97 nodes, 49 classes
[2026-03-27T11:47:11Z INFO  parabit] Iteration 2: 192 nodes, 61 classes
[2026-03-27T11:47:11Z INFO  parabit] Iteration 3: 362 nodes, 78 classes
[2026-03-27T11:47:11Z INFO  parabit] Iteration 4: 846 nodes, 120 classes
[2026-03-27T11:47:11Z INFO  parabit] Iteration 0: 22 nodes, 22 classes
[2026-03-27T11:47:11Z INFO  parabit] Iteration 1: 97 nodes, 49 classes
[2026-03-27T11:47:11Z INFO  parabit] Iteration 2: 192 nodes, 61 classes
[2026-03-27T11:47:11Z INFO  parabit] Iteration 3: 362 nodes, 78 classes
[2026-03-27T11:47:11Z INFO  parabit] Iteration 4: 846 nodes, 120 classes
[2026-03-27T11:47:11Z INFO  parabit] Iteration 0: 22 nodes, 22 classes
[2026-03-27T11:47:11Z INFO  parabit] Iteration 1: 97 nodes, 49 classes
[2026-03-27T11:47:11Z INFO  parabit] Iteration 2: 192 nodes, 61 classes
[2026-03-27T11:47:11Z INFO  parabit] Iteration 3: 362 nodes, 78 classes
[2026-03-27T11:47:11Z INFO  parabit] Iteration 4: 846 nodes, 120 classes
[2026-03-27T11:47:11Z INFO  parabit] Iteration 0: 22 nodes, 22 classes
[2026-03-27T11:47:11Z INFO  parabit] Iteration 1: 97 nodes, 49 classes
[2026-03-27T11:47:11Z INFO  parabit] Iteration 2: 192 nodes, 61 classes
[2026-03-27T11:47:11Z INFO  parabit] Iteration 3: 362 nodes, 78 classes
[2026-03-27T11:47:11Z INFO  parabit] Iteration 4: 846 nodes, 120 classes
[2026-03-27T11:47:11Z INFO  parabit] Iteration 0: 22 nodes, 22 classes
[2026-03-27T11:47:11Z INFO  parabit] Iteration 1: 97 nodes, 49 classes
[2026-03-27T11:47:11Z INFO  parabit] Iteration 2: 192 nodes, 61 classes
[2026-03-27T11:47:11Z INFO  parabit] Iteration 3: 362 nodes, 78 classes
[2026-03-27T11:47:11Z INFO  parabit] Iteration 4: 846 nodes, 120 classes
[2026-03-27T11:47:11Z INFO  parabit] Iteration 0: 22 nodes, 22 classes
[2026-03-27T11:47:11Z INFO  parabit] Iteration 1: 97 nodes, 49 classes
[2026-03-27T11:47:11Z INFO  parabit] Iteration 2: 192 nodes, 61 classes
[2026-03-27T11:47:11Z INFO  parabit] Iteration 3: 362 nodes, 78 classes
[2026-03-27T11:47:11Z INFO  parabit] Iteration 4: 846 nodes, 120 classes
[2026-03-27T11:47:11Z INFO  parabit] Iteration 0: 22 nodes, 22 classes
[2026-03-27T11:47:11Z INFO  parabit] Iteration 1: 97 nodes, 49 classes
[2026-03-27T11:47:11Z INFO  parabit] Iteration 2: 192 nodes, 61 classes
[2026-03-27T11:47:11Z INFO  parabit] Iteration 3: 362 nodes, 78 classes
[2026-03-27T11:47:11Z INFO  parabit] Iteration 4: 846 nodes, 120 classes
[2026-03-27T11:47:11Z INFO  parabit] Iteration 0: 22 nodes, 22 classes
[2026-03-27T11:47:11Z INFO  parabit] Iteration 1: 97 nodes, 49 classes
[2026-03-27T11:47:11Z INFO  parabit] Iteration 2: 192 nodes, 61 classes
[2026-03-27T11:47:11Z INFO  parabit] Iteration 3: 362 nodes, 78 classes
[2026-03-27T11:47:11Z INFO  parabit] Iteration 4: 846 nodes, 120 classes
[2026-03-27T11:47:11Z INFO  parabit] Iteration 0: 22 nodes, 22 classes
[2026-03-27T11:47:11Z INFO  parabit] Iteration 1: 97 nodes, 49 classes
[2026-03-27T11:47:11Z INFO  parabit] Iteration 2: 192 nodes, 61 classes
[2026-03-27T11:47:11Z INFO  parabit] Iteration 3: 362 nodes, 78 classes
[2026-03-27T11:47:11Z INFO  parabit] Iteration 4: 846 nodes, 120 classes
[2026-03-27T11:47:11Z INFO  parabit] Iteration 0: 22 nodes, 22 classes
[2026-03-27T11:47:11Z INFO  parabit] Iteration 1: 97 nodes, 49 classes
[2026-03-27T11:47:11Z INFO  parabit] Iteration 2: 192 nodes, 61 classes
[2026-03-27T11:47:11Z INFO  parabit] Iteration 3: 362 nodes, 78 classes
[2026-03-27T11:47:11Z INFO  parabit] Iteration 4: 846 nodes, 120 classes
[2026-03-27T11:47:11Z INFO  parabit] Iteration 0: 22 nodes, 22 classes
[2026-03-27T11:47:11Z INFO  parabit] Iteration 1: 97 nodes, 49 classes
[2026-03-27T11:47:11Z INFO  parabit] Iteration 2: 192 nodes, 61 classes
[2026-03-27T11:47:11Z INFO  parabit] Iteration 3: 362 nodes, 78 classes
[2026-03-27T11:47:11Z INFO  parabit] Iteration 4: 846 nodes, 120 classes
[2026-03-27T11:47:11Z INFO  parabit] Iteration 0: 22 nodes, 22 classes
[2026-03-27T11:47:11Z INFO  parabit] Iteration 1: 97 nodes, 49 classes
[2026-03-27T11:47:11Z INFO  parabit] Iteration 2: 192 nodes, 61 classes
[2026-03-27T11:47:11Z INFO  parabit] Iteration 3: 362 nodes, 78 classes
[2026-03-27T11:47:11Z INFO  parabit] Iteration 4: 846 nodes, 120 classes
[2026-03-27T11:47:11Z INFO  parabit] Iteration 0: 22 nodes, 22 classes
[2026-03-27T11:47:11Z INFO  parabit] Iteration 1: 97 nodes, 49 classes
[2026-03-27T11:47:11Z INFO  parabit] Iteration 2: 192 nodes, 61 classes
[2026-03-27T11:47:11Z INFO  parabit] Iteration 3: 362 nodes, 78 classes
[2026-03-27T11:47:11Z INFO  parabit] Iteration 4: 846 nodes, 120 classes
{"elapsed":1.03, "maxrss":8764}
