[2026-03-27T11:47:09Z WARN  parabit] Sanitised input expression 0 from:
    (bw k (xor (bw k (and (bw k "%x") (bw k "%y"))) (bw k (not (bw k 0)))))
    to:
    (bw k (xor (bw k (and (bw k var_x) (bw k var_y))) (bw k (not (bw k 0)))))
[2026-03-27T11:47:09Z WARN  parabit] Sanitised input expression 0 from:
    (bw k (or (bw k (xor (bw k "%x") (bw k (not (bw k 0))))) (bw k (xor (bw k "%y") (bw k (not (bw k 0)))))))
    to:
    (bw k (or (bw k (xor (bw k var_x) (bw k (not (bw k 0))))) (bw k (xor (bw k var_y) (bw k (not (bw k 0)))))))
[2026-03-27T11:47:09Z INFO  parabit] Running parabit on file: AndOrXor_2429_values_0
[2026-03-27T11:47:09Z INFO  parabit] Iteration 0: 20 nodes, 20 classes
[2026-03-27T11:47:09Z INFO  parabit] Iteration 1: 86 nodes, 45 classes
[2026-03-27T11:47:09Z INFO  parabit] Iteration 2: 169 nodes, 35 classes
[2026-03-27T11:47:09Z INFO  parabit] Iteration 0: 20 nodes, 20 classes
[2026-03-27T11:47:09Z INFO  parabit] Iteration 1: 86 nodes, 45 classes
[2026-03-27T11:47:09Z INFO  parabit] Iteration 2: 169 nodes, 35 classes
[2026-03-27T11:47:09Z INFO  parabit] Iteration 0: 20 nodes, 20 classes
[2026-03-27T11:47:09Z INFO  parabit] Iteration 1: 86 nodes, 45 classes
[2026-03-27T11:47:09Z INFO  parabit] Iteration 2: 169 nodes, 35 classes
[2026-03-27T11:47:09Z INFO  parabit] Iteration 0: 20 nodes, 20 classes
[2026-03-27T11:47:09Z INFO  parabit] Iteration 1: 86 nodes, 45 classes
[2026-03-27T11:47:09Z INFO  parabit] Iteration 2: 169 nodes, 35 classes
[2026-03-27T11:47:09Z INFO  parabit] Iteration 0: 20 nodes, 20 classes
[2026-03-27T11:47:09Z INFO  parabit] Iteration 1: 86 nodes, 45 classes
[2026-03-27T11:47:09Z INFO  parabit] Iteration 2: 169 nodes, 35 classes
[2026-03-27T11:47:09Z INFO  parabit] Iteration 0: 20 nodes, 20 classes
[2026-03-27T11:47:09Z INFO  parabit] Iteration 1: 86 nodes, 45 classes
[2026-03-27T11:47:09Z INFO  parabit] Iteration 2: 169 nodes, 35 classes
[2026-03-27T11:47:09Z INFO  parabit] Iteration 0: 20 nodes, 20 classes
[2026-03-27T11:47:09Z INFO  parabit] Iteration 1: 86 nodes, 45 classes
[2026-03-27T11:47:09Z INFO  parabit] Iteration 2: 169 nodes, 35 classes
[2026-03-27T11:47:09Z INFO  parabit] Iteration 0: 20 nodes, 20 classes
[2026-03-27T11:47:09Z INFO  parabit] Iteration 1: 86 nodes, 45 classes
[2026-03-27T11:47:09Z INFO  parabit] Iteration 2: 169 nodes, 35 classes
[2026-03-27T11:47:09Z INFO  parabit] Iteration 0: 20 nodes, 20 classes
[2026-03-27T11:47:09Z INFO  parabit] Iteration 1: 86 nodes, 45 classes
[2026-03-27T11:47:09Z INFO  parabit] Iteration 2: 169 nodes, 35 classes
[2026-03-27T11:47:09Z INFO  parabit] Iteration 0: 20 nodes, 20 classes
[2026-03-27T11:47:09Z INFO  parabit] Iteration 1: 86 nodes, 45 classes
[2026-03-27T11:47:09Z INFO  parabit] Iteration 2: 169 nodes, 35 classes
[2026-03-27T11:47:09Z INFO  parabit] Iteration 0: 20 nodes, 20 classes
[2026-03-27T11:47:09Z INFO  parabit] Iteration 1: 86 nodes, 45 classes
[2026-03-27T11:47:09Z INFO  parabit] Iteration 2: 169 nodes, 35 classes
[2026-03-27T11:47:09Z INFO  parabit] Iteration 0: 20 nodes, 20 classes
[2026-03-27T11:47:09Z INFO  parabit] Iteration 1: 86 nodes, 45 classes
[2026-03-27T11:47:09Z INFO  parabit] Iteration 2: 169 nodes, 35 classes
[2026-03-27T11:47:09Z INFO  parabit] Iteration 0: 20 nodes, 20 classes
[2026-03-27T11:47:09Z INFO  parabit] Iteration 1: 86 nodes, 45 classes
[2026-03-27T11:47:09Z INFO  parabit] Iteration 2: 169 nodes, 35 classes
[2026-03-27T11:47:09Z INFO  parabit] Iteration 0: 20 nodes, 20 classes
[2026-03-27T11:47:09Z INFO  parabit] Iteration 1: 86 nodes, 45 classes
[2026-03-27T11:47:09Z INFO  parabit] Iteration 2: 169 nodes, 35 classes
[2026-03-27T11:47:09Z INFO  parabit] Iteration 0: 20 nodes, 20 classes
[2026-03-27T11:47:09Z INFO  parabit] Iteration 1: 86 nodes, 45 classes
[2026-03-27T11:47:09Z INFO  parabit] Iteration 2: 169 nodes, 35 classes
[2026-03-27T11:47:09Z INFO  parabit] Iteration 0: 20 nodes, 20 classes
[2026-03-27T11:47:09Z INFO  parabit] Iteration 1: 86 nodes, 45 classes
[2026-03-27T11:47:09Z INFO  parabit] Iteration 2: 169 nodes, 35 classes
[2026-03-27T11:47:09Z INFO  parabit] Iteration 0: 20 nodes, 20 classes
[2026-03-27T11:47:09Z INFO  parabit] Iteration 1: 86 nodes, 45 classes
[2026-03-27T11:47:09Z INFO  parabit] Iteration 2: 169 nodes, 35 classes
[2026-03-27T11:47:09Z INFO  parabit] Iteration 0: 20 nodes, 20 classes
[2026-03-27T11:47:09Z INFO  parabit] Iteration 1: 86 nodes, 45 classes
[2026-03-27T11:47:09Z INFO  parabit] Iteration 2: 169 nodes, 35 classes
[2026-03-27T11:47:09Z INFO  parabit] Iteration 0: 20 nodes, 20 classes
[2026-03-27T11:47:09Z INFO  parabit] Iteration 1: 86 nodes, 45 classes
[2026-03-27T11:47:09Z INFO  parabit] Iteration 2: 169 nodes, 35 classes
[2026-03-27T11:47:09Z INFO  parabit] Iteration 0: 20 nodes, 20 classes
[2026-03-27T11:47:09Z INFO  parabit] Iteration 1: 86 nodes, 45 classes
[2026-03-27T11:47:09Z INFO  parabit] Iteration 2: 169 nodes, 35 classes
[2026-03-27T11:47:09Z INFO  parabit] Iteration 0: 20 nodes, 20 classes
[2026-03-27T11:47:09Z INFO  parabit] Iteration 1: 86 nodes, 45 classes
[2026-03-27T11:47:09Z INFO  parabit] Iteration 2: 169 nodes, 35 classes
[2026-03-27T11:47:09Z INFO  parabit] Iteration 0: 20 nodes, 20 classes
[2026-03-27T11:47:09Z INFO  parabit] Iteration 1: 86 nodes, 45 classes
[2026-03-27T11:47:09Z INFO  parabit] Iteration 2: 169 nodes, 35 classes
[2026-03-27T11:47:09Z INFO  parabit] Iteration 0: 20 nodes, 20 classes
[2026-03-27T11:47:09Z INFO  parabit] Iteration 1: 86 nodes, 45 classes
[2026-03-27T11:47:09Z INFO  parabit] Iteration 2: 169 nodes, 35 classes
[2026-03-27T11:47:09Z INFO  parabit] Iteration 0: 20 nodes, 20 classes
[2026-03-27T11:47:09Z INFO  parabit] Iteration 1: 86 nodes, 45 classes
[2026-03-27T11:47:09Z INFO  parabit] Iteration 2: 169 nodes, 35 classes
[2026-03-27T11:47:09Z INFO  parabit] Iteration 0: 20 nodes, 20 classes
[2026-03-27T11:47:09Z INFO  parabit] Iteration 1: 86 nodes, 45 classes
[2026-03-27T11:47:09Z INFO  parabit] Iteration 2: 169 nodes, 35 classes
[2026-03-27T11:47:09Z INFO  parabit] Iteration 0: 20 nodes, 20 classes
[2026-03-27T11:47:09Z INFO  parabit] Iteration 1: 86 nodes, 45 classes
[2026-03-27T11:47:09Z INFO  parabit] Iteration 2: 169 nodes, 35 classes
[2026-03-27T11:47:09Z INFO  parabit] Iteration 0: 20 nodes, 20 classes
[2026-03-27T11:47:09Z INFO  parabit] Iteration 1: 86 nodes, 45 classes
[2026-03-27T11:47:09Z INFO  parabit] Iteration 2: 169 nodes, 35 classes
[2026-03-27T11:47:09Z INFO  parabit] Iteration 0: 20 nodes, 20 classes
[2026-03-27T11:47:09Z INFO  parabit] Iteration 1: 86 nodes, 45 classes
[2026-03-27T11:47:09Z INFO  parabit] Iteration 2: 169 nodes, 35 classes
[2026-03-27T11:47:09Z INFO  parabit] Iteration 0: 20 nodes, 20 classes
[2026-03-27T11:47:09Z INFO  parabit] Iteration 1: 86 nodes, 45 classes
[2026-03-27T11:47:09Z INFO  parabit] Iteration 2: 169 nodes, 35 classes
[2026-03-27T11:47:09Z INFO  parabit] Iteration 0: 20 nodes, 20 classes
[2026-03-27T11:47:09Z INFO  parabit] Iteration 1: 86 nodes, 45 classes
[2026-03-27T11:47:09Z INFO  parabit] Iteration 2: 169 nodes, 35 classes
[2026-03-27T11:47:09Z INFO  parabit] Iteration 0: 20 nodes, 20 classes
[2026-03-27T11:47:09Z INFO  parabit] Iteration 1: 86 nodes, 45 classes
[2026-03-27T11:47:09Z INFO  parabit] Iteration 2: 169 nodes, 35 classes
[2026-03-27T11:47:09Z INFO  parabit] Iteration 0: 20 nodes, 20 classes
[2026-03-27T11:47:09Z INFO  parabit] Iteration 1: 86 nodes, 45 classes
[2026-03-27T11:47:09Z INFO  parabit] Iteration 2: 169 nodes, 35 classes
[2026-03-27T11:47:09Z INFO  parabit] Iteration 0: 20 nodes, 20 classes
[2026-03-27T11:47:09Z INFO  parabit] Iteration 1: 86 nodes, 45 classes
[2026-03-27T11:47:09Z INFO  parabit] Iteration 2: 169 nodes, 35 classes
[2026-03-27T11:47:09Z INFO  parabit] Iteration 0: 20 nodes, 20 classes
[2026-03-27T11:47:09Z INFO  parabit] Iteration 1: 86 nodes, 45 classes
[2026-03-27T11:47:09Z INFO  parabit] Iteration 2: 169 nodes, 35 classes
[2026-03-27T11:47:09Z INFO  parabit] Iteration 0: 20 nodes, 20 classes
[2026-03-27T11:47:09Z INFO  parabit] Iteration 1: 86 nodes, 45 classes
[2026-03-27T11:47:09Z INFO  parabit] Iteration 2: 169 nodes, 35 classes
[2026-03-27T11:47:09Z INFO  parabit] Iteration 0: 20 nodes, 20 classes
[2026-03-27T11:47:09Z INFO  parabit] Iteration 1: 86 nodes, 45 classes
[2026-03-27T11:47:09Z INFO  parabit] Iteration 2: 169 nodes, 35 classes
[2026-03-27T11:47:09Z INFO  parabit] Iteration 0: 20 nodes, 20 classes
[2026-03-27T11:47:09Z INFO  parabit] Iteration 1: 86 nodes, 45 classes
[2026-03-27T11:47:09Z INFO  parabit] Iteration 2: 169 nodes, 35 classes
[2026-03-27T11:47:09Z INFO  parabit] Iteration 0: 20 nodes, 20 classes
[2026-03-27T11:47:09Z INFO  parabit] Iteration 1: 86 nodes, 45 classes
[2026-03-27T11:47:09Z INFO  parabit] Iteration 2: 169 nodes, 35 classes
[2026-03-27T11:47:09Z INFO  parabit] Iteration 0: 20 nodes, 20 classes
[2026-03-27T11:47:09Z INFO  parabit] Iteration 1: 86 nodes, 45 classes
[2026-03-27T11:47:09Z INFO  parabit] Iteration 2: 169 nodes, 35 classes
[2026-03-27T11:47:09Z INFO  parabit] Iteration 0: 20 nodes, 20 classes
[2026-03-27T11:47:09Z INFO  parabit] Iteration 1: 86 nodes, 45 classes
[2026-03-27T11:47:09Z INFO  parabit] Iteration 2: 169 nodes, 35 classes
[2026-03-27T11:47:09Z INFO  parabit] Iteration 0: 20 nodes, 20 classes
[2026-03-27T11:47:09Z INFO  parabit] Iteration 1: 86 nodes, 45 classes
[2026-03-27T11:47:09Z INFO  parabit] Iteration 2: 169 nodes, 35 classes
[2026-03-27T11:47:09Z INFO  parabit] Iteration 0: 20 nodes, 20 classes
[2026-03-27T11:47:09Z INFO  parabit] Iteration 1: 86 nodes, 45 classes
[2026-03-27T11:47:09Z INFO  parabit] Iteration 2: 169 nodes, 35 classes
[2026-03-27T11:47:09Z INFO  parabit] Iteration 0: 20 nodes, 20 classes
[2026-03-27T11:47:09Z INFO  parabit] Iteration 1: 86 nodes, 45 classes
[2026-03-27T11:47:09Z INFO  parabit] Iteration 2: 169 nodes, 35 classes
[2026-03-27T11:47:09Z INFO  parabit] Iteration 0: 20 nodes, 20 classes
[2026-03-27T11:47:09Z INFO  parabit] Iteration 1: 86 nodes, 45 classes
[2026-03-27T11:47:09Z INFO  parabit] Iteration 2: 169 nodes, 35 classes
[2026-03-27T11:47:09Z INFO  parabit] Iteration 0: 20 nodes, 20 classes
[2026-03-27T11:47:09Z INFO  parabit] Iteration 1: 86 nodes, 45 classes
[2026-03-27T11:47:09Z INFO  parabit] Iteration 2: 169 nodes, 35 classes
[2026-03-27T11:47:09Z INFO  parabit] Iteration 0: 20 nodes, 20 classes
[2026-03-27T11:47:09Z INFO  parabit] Iteration 1: 86 nodes, 45 classes
[2026-03-27T11:47:09Z INFO  parabit] Iteration 2: 169 nodes, 35 classes
[2026-03-27T11:47:09Z INFO  parabit] Iteration 0: 20 nodes, 20 classes
[2026-03-27T11:47:09Z INFO  parabit] Iteration 1: 86 nodes, 45 classes
[2026-03-27T11:47:09Z INFO  parabit] Iteration 2: 169 nodes, 35 classes
[2026-03-27T11:47:09Z INFO  parabit] Iteration 0: 20 nodes, 20 classes
[2026-03-27T11:47:09Z INFO  parabit] Iteration 1: 86 nodes, 45 classes
[2026-03-27T11:47:09Z INFO  parabit] Iteration 2: 169 nodes, 35 classes
[2026-03-27T11:47:09Z INFO  parabit] Iteration 0: 20 nodes, 20 classes
[2026-03-27T11:47:09Z INFO  parabit] Iteration 1: 86 nodes, 45 classes
[2026-03-27T11:47:09Z INFO  parabit] Iteration 2: 169 nodes, 35 classes
[2026-03-27T11:47:09Z INFO  parabit] Iteration 0: 20 nodes, 20 classes
[2026-03-27T11:47:09Z INFO  parabit] Iteration 1: 86 nodes, 45 classes
[2026-03-27T11:47:09Z INFO  parabit] Iteration 2: 169 nodes, 35 classes
[2026-03-27T11:47:09Z INFO  parabit] Iteration 0: 20 nodes, 20 classes
[2026-03-27T11:47:09Z INFO  parabit] Iteration 1: 86 nodes, 45 classes
[2026-03-27T11:47:09Z INFO  parabit] Iteration 2: 169 nodes, 35 classes
[2026-03-27T11:47:09Z INFO  parabit] Iteration 0: 20 nodes, 20 classes
[2026-03-27T11:47:09Z INFO  parabit] Iteration 1: 86 nodes, 45 classes
[2026-03-27T11:47:09Z INFO  parabit] Iteration 2: 169 nodes, 35 classes
[2026-03-27T11:47:09Z INFO  parabit] Iteration 0: 20 nodes, 20 classes
[2026-03-27T11:47:09Z INFO  parabit] Iteration 1: 86 nodes, 45 classes
[2026-03-27T11:47:09Z INFO  parabit] Iteration 2: 169 nodes, 35 classes
[2026-03-27T11:47:09Z INFO  parabit] Iteration 0: 20 nodes, 20 classes
[2026-03-27T11:47:09Z INFO  parabit] Iteration 1: 86 nodes, 45 classes
[2026-03-27T11:47:09Z INFO  parabit] Iteration 2: 169 nodes, 35 classes
[2026-03-27T11:47:09Z INFO  parabit] Iteration 0: 20 nodes, 20 classes
[2026-03-27T11:47:09Z INFO  parabit] Iteration 1: 86 nodes, 45 classes
[2026-03-27T11:47:09Z INFO  parabit] Iteration 2: 169 nodes, 35 classes
[2026-03-27T11:47:09Z INFO  parabit] Iteration 0: 20 nodes, 20 classes
[2026-03-27T11:47:09Z INFO  parabit] Iteration 1: 86 nodes, 45 classes
[2026-03-27T11:47:09Z INFO  parabit] Iteration 2: 169 nodes, 35 classes
[2026-03-27T11:47:09Z INFO  parabit] Iteration 0: 20 nodes, 20 classes
[2026-03-27T11:47:09Z INFO  parabit] Iteration 1: 86 nodes, 45 classes
[2026-03-27T11:47:09Z INFO  parabit] Iteration 2: 169 nodes, 35 classes
[2026-03-27T11:47:09Z INFO  parabit] Iteration 0: 20 nodes, 20 classes
[2026-03-27T11:47:09Z INFO  parabit] Iteration 1: 86 nodes, 45 classes
[2026-03-27T11:47:09Z INFO  parabit] Iteration 2: 169 nodes, 35 classes
[2026-03-27T11:47:09Z INFO  parabit] Iteration 0: 20 nodes, 20 classes
[2026-03-27T11:47:09Z INFO  parabit] Iteration 1: 86 nodes, 45 classes
[2026-03-27T11:47:09Z INFO  parabit] Iteration 2: 169 nodes, 35 classes
[2026-03-27T11:47:09Z INFO  parabit] Iteration 0: 20 nodes, 20 classes
[2026-03-27T11:47:09Z INFO  parabit] Iteration 1: 86 nodes, 45 classes
[2026-03-27T11:47:09Z INFO  parabit] Iteration 2: 169 nodes, 35 classes
[2026-03-27T11:47:09Z INFO  parabit] Iteration 0: 20 nodes, 20 classes
[2026-03-27T11:47:09Z INFO  parabit] Iteration 1: 86 nodes, 45 classes
[2026-03-27T11:47:09Z INFO  parabit] Iteration 2: 169 nodes, 35 classes
[2026-03-27T11:47:09Z INFO  parabit] Iteration 0: 20 nodes, 20 classes
[2026-03-27T11:47:09Z INFO  parabit] Iteration 1: 86 nodes, 45 classes
[2026-03-27T11:47:09Z INFO  parabit] Iteration 2: 169 nodes, 35 classes
[2026-03-27T11:47:09Z INFO  parabit] Iteration 0: 20 nodes, 20 classes
[2026-03-27T11:47:09Z INFO  parabit] Iteration 1: 86 nodes, 45 classes
[2026-03-27T11:47:09Z INFO  parabit] Iteration 2: 169 nodes, 35 classes
[2026-03-27T11:47:09Z INFO  parabit] Iteration 0: 20 nodes, 20 classes
[2026-03-27T11:47:09Z INFO  parabit] Iteration 1: 86 nodes, 45 classes
[2026-03-27T11:47:09Z INFO  parabit] Iteration 2: 169 nodes, 35 classes
[2026-03-27T11:47:09Z INFO  parabit] Iteration 0: 20 nodes, 20 classes
[2026-03-27T11:47:09Z INFO  parabit] Iteration 1: 86 nodes, 45 classes
[2026-03-27T11:47:09Z INFO  parabit] Iteration 2: 169 nodes, 35 classes
[2026-03-27T11:47:09Z INFO  parabit] Iteration 0: 20 nodes, 20 classes
[2026-03-27T11:47:09Z INFO  parabit] Iteration 1: 86 nodes, 45 classes
[2026-03-27T11:47:09Z INFO  parabit] Iteration 2: 169 nodes, 35 classes
[2026-03-27T11:47:09Z INFO  parabit] Iteration 0: 20 nodes, 20 classes
[2026-03-27T11:47:09Z INFO  parabit] Iteration 1: 86 nodes, 45 classes
[2026-03-27T11:47:09Z INFO  parabit] Iteration 2: 169 nodes, 35 classes
[2026-03-27T11:47:09Z INFO  parabit] Iteration 0: 20 nodes, 20 classes
[2026-03-27T11:47:09Z INFO  parabit] Iteration 1: 86 nodes, 45 classes
[2026-03-27T11:47:09Z INFO  parabit] Iteration 2: 169 nodes, 35 classes
[2026-03-27T11:47:09Z INFO  parabit] Iteration 0: 20 nodes, 20 classes
[2026-03-27T11:47:09Z INFO  parabit] Iteration 1: 86 nodes, 45 classes
[2026-03-27T11:47:09Z INFO  parabit] Iteration 2: 169 nodes, 35 classes
[2026-03-27T11:47:09Z INFO  parabit] Iteration 0: 20 nodes, 20 classes
[2026-03-27T11:47:09Z INFO  parabit] Iteration 1: 86 nodes, 45 classes
[2026-03-27T11:47:09Z INFO  parabit] Iteration 2: 169 nodes, 35 classes
[2026-03-27T11:47:09Z INFO  parabit] Iteration 0: 20 nodes, 20 classes
[2026-03-27T11:47:09Z INFO  parabit] Iteration 1: 86 nodes, 45 classes
[2026-03-27T11:47:09Z INFO  parabit] Iteration 2: 169 nodes, 35 classes
[2026-03-27T11:47:09Z INFO  parabit] Iteration 0: 20 nodes, 20 classes
[2026-03-27T11:47:09Z INFO  parabit] Iteration 1: 86 nodes, 45 classes
[2026-03-27T11:47:09Z INFO  parabit] Iteration 2: 169 nodes, 35 classes
[2026-03-27T11:47:09Z INFO  parabit] Iteration 0: 20 nodes, 20 classes
[2026-03-27T11:47:09Z INFO  parabit] Iteration 1: 86 nodes, 45 classes
[2026-03-27T11:47:09Z INFO  parabit] Iteration 2: 169 nodes, 35 classes
[2026-03-27T11:47:09Z INFO  parabit] Iteration 0: 20 nodes, 20 classes
[2026-03-27T11:47:09Z INFO  parabit] Iteration 1: 86 nodes, 45 classes
[2026-03-27T11:47:09Z INFO  parabit] Iteration 2: 169 nodes, 35 classes
[2026-03-27T11:47:09Z INFO  parabit] Iteration 0: 20 nodes, 20 classes
[2026-03-27T11:47:09Z INFO  parabit] Iteration 1: 86 nodes, 45 classes
[2026-03-27T11:47:09Z INFO  parabit] Iteration 2: 169 nodes, 35 classes
[2026-03-27T11:47:09Z INFO  parabit] Iteration 0: 20 nodes, 20 classes
[2026-03-27T11:47:09Z INFO  parabit] Iteration 1: 86 nodes, 45 classes
[2026-03-27T11:47:09Z INFO  parabit] Iteration 2: 169 nodes, 35 classes
[2026-03-27T11:47:09Z INFO  parabit] Iteration 0: 20 nodes, 20 classes
[2026-03-27T11:47:09Z INFO  parabit] Iteration 1: 86 nodes, 45 classes
[2026-03-27T11:47:09Z INFO  parabit] Iteration 2: 169 nodes, 35 classes
[2026-03-27T11:47:09Z INFO  parabit] Iteration 0: 20 nodes, 20 classes
[2026-03-27T11:47:09Z INFO  parabit] Iteration 1: 86 nodes, 45 classes
[2026-03-27T11:47:09Z INFO  parabit] Iteration 2: 169 nodes, 35 classes
[2026-03-27T11:47:09Z INFO  parabit] Iteration 0: 20 nodes, 20 classes
[2026-03-27T11:47:09Z INFO  parabit] Iteration 1: 86 nodes, 45 classes
[2026-03-27T11:47:09Z INFO  parabit] Iteration 2: 169 nodes, 35 classes
[2026-03-27T11:47:09Z INFO  parabit] Iteration 0: 20 nodes, 20 classes
[2026-03-27T11:47:09Z INFO  parabit] Iteration 1: 86 nodes, 45 classes
[2026-03-27T11:47:09Z INFO  parabit] Iteration 2: 169 nodes, 35 classes
[2026-03-27T11:47:09Z INFO  parabit] Iteration 0: 20 nodes, 20 classes
[2026-03-27T11:47:09Z INFO  parabit] Iteration 1: 86 nodes, 45 classes
[2026-03-27T11:47:09Z INFO  parabit] Iteration 2: 169 nodes, 35 classes
[2026-03-27T11:47:09Z INFO  parabit] Iteration 0: 20 nodes, 20 classes
[2026-03-27T11:47:09Z INFO  parabit] Iteration 1: 86 nodes, 45 classes
[2026-03-27T11:47:09Z INFO  parabit] Iteration 2: 169 nodes, 35 classes
[2026-03-27T11:47:09Z INFO  parabit] Iteration 0: 20 nodes, 20 classes
[2026-03-27T11:47:09Z INFO  parabit] Iteration 1: 86 nodes, 45 classes
[2026-03-27T11:47:09Z INFO  parabit] Iteration 2: 169 nodes, 35 classes
[2026-03-27T11:47:09Z INFO  parabit] Iteration 0: 20 nodes, 20 classes
[2026-03-27T11:47:09Z INFO  parabit] Iteration 1: 86 nodes, 45 classes
[2026-03-27T11:47:09Z INFO  parabit] Iteration 2: 169 nodes, 35 classes
[2026-03-27T11:47:09Z INFO  parabit] Iteration 0: 20 nodes, 20 classes
[2026-03-27T11:47:09Z INFO  parabit] Iteration 1: 86 nodes, 45 classes
[2026-03-27T11:47:09Z INFO  parabit] Iteration 2: 169 nodes, 35 classes
[2026-03-27T11:47:09Z INFO  parabit] Iteration 0: 20 nodes, 20 classes
[2026-03-27T11:47:09Z INFO  parabit] Iteration 1: 86 nodes, 45 classes
[2026-03-27T11:47:09Z INFO  parabit] Iteration 2: 169 nodes, 35 classes
[2026-03-27T11:47:09Z INFO  parabit] Iteration 0: 20 nodes, 20 classes
[2026-03-27T11:47:09Z INFO  parabit] Iteration 1: 86 nodes, 45 classes
[2026-03-27T11:47:09Z INFO  parabit] Iteration 2: 169 nodes, 35 classes
[2026-03-27T11:47:09Z INFO  parabit] Iteration 0: 20 nodes, 20 classes
[2026-03-27T11:47:09Z INFO  parabit] Iteration 1: 86 nodes, 45 classes
[2026-03-27T11:47:09Z INFO  parabit] Iteration 2: 169 nodes, 35 classes
[2026-03-27T11:47:09Z INFO  parabit] Iteration 0: 20 nodes, 20 classes
[2026-03-27T11:47:09Z INFO  parabit] Iteration 1: 86 nodes, 45 classes
[2026-03-27T11:47:09Z INFO  parabit] Iteration 2: 169 nodes, 35 classes
[2026-03-27T11:47:09Z INFO  parabit] Iteration 0: 20 nodes, 20 classes
[2026-03-27T11:47:09Z INFO  parabit] Iteration 1: 86 nodes, 45 classes
[2026-03-27T11:47:09Z INFO  parabit] Iteration 2: 169 nodes, 35 classes
[2026-03-27T11:47:09Z INFO  parabit] Iteration 0: 20 nodes, 20 classes
[2026-03-27T11:47:09Z INFO  parabit] Iteration 1: 86 nodes, 45 classes
[2026-03-27T11:47:09Z INFO  parabit] Iteration 2: 169 nodes, 35 classes
[2026-03-27T11:47:09Z INFO  parabit] Iteration 0: 20 nodes, 20 classes
[2026-03-27T11:47:09Z INFO  parabit] Iteration 1: 86 nodes, 45 classes
[2026-03-27T11:47:09Z INFO  parabit] Iteration 2: 169 nodes, 35 classes
[2026-03-27T11:47:09Z INFO  parabit] Iteration 0: 20 nodes, 20 classes
[2026-03-27T11:47:09Z INFO  parabit] Iteration 1: 86 nodes, 45 classes
[2026-03-27T11:47:09Z INFO  parabit] Iteration 2: 169 nodes, 35 classes
[2026-03-27T11:47:09Z INFO  parabit] Iteration 0: 20 nodes, 20 classes
[2026-03-27T11:47:09Z INFO  parabit] Iteration 1: 86 nodes, 45 classes
[2026-03-27T11:47:09Z INFO  parabit] Iteration 2: 169 nodes, 35 classes
[2026-03-27T11:47:09Z INFO  parabit] Iteration 0: 20 nodes, 20 classes
[2026-03-27T11:47:09Z INFO  parabit] Iteration 1: 86 nodes, 45 classes
[2026-03-27T11:47:09Z INFO  parabit] Iteration 2: 169 nodes, 35 classes
[2026-03-27T11:47:09Z INFO  parabit] Iteration 0: 20 nodes, 20 classes
[2026-03-27T11:47:09Z INFO  parabit] Iteration 1: 86 nodes, 45 classes
[2026-03-27T11:47:09Z INFO  parabit] Iteration 2: 169 nodes, 35 classes
[2026-03-27T11:47:09Z INFO  parabit] Iteration 0: 20 nodes, 20 classes
[2026-03-27T11:47:09Z INFO  parabit] Iteration 1: 86 nodes, 45 classes
[2026-03-27T11:47:09Z INFO  parabit] Iteration 2: 169 nodes, 35 classes
[2026-03-27T11:47:09Z INFO  parabit] Iteration 0: 20 nodes, 20 classes
[2026-03-27T11:47:09Z INFO  parabit] Iteration 1: 86 nodes, 45 classes
[2026-03-27T11:47:09Z INFO  parabit] Iteration 2: 169 nodes, 35 classes
[2026-03-27T11:47:09Z INFO  parabit] Iteration 0: 20 nodes, 20 classes
[2026-03-27T11:47:09Z INFO  parabit] Iteration 1: 86 nodes, 45 classes
[2026-03-27T11:47:09Z INFO  parabit] Iteration 2: 169 nodes, 35 classes
[2026-03-27T11:47:09Z INFO  parabit] Iteration 0: 20 nodes, 20 classes
[2026-03-27T11:47:09Z INFO  parabit] Iteration 1: 86 nodes, 45 classes
[2026-03-27T11:47:09Z INFO  parabit] Iteration 2: 169 nodes, 35 classes
{"elapsed":0.29, "maxrss":4608}
