[2026-03-27T17:16:41Z WARN  parabit] Sanitised input expression 0 from:
    (bw k (and (bw k (xor (bw k "%A") (bw k "%B"))) (bw k "%A")))
    to:
    (bw k (and (bw k (xor (bw k var_A) (bw k var_B))) (bw k var_A)))
[2026-03-27T17:16:41Z WARN  parabit] Sanitised input expression 0 from:
    (bw k (and (bw k "%A") (bw k (xor (bw k "%B") (bw k (not (bw k 0)))))))
    to:
    (bw k (and (bw k var_A) (bw k (xor (bw k var_B) (bw k (not (bw k 0)))))))
[2026-03-27T17:16:41Z INFO  parabit] Running parabit on file: AndOrXor_1253_values_0
[2026-03-27T17:16:41Z INFO  parabit] Iteration 0: 18 nodes, 18 classes
[2026-03-27T17:16:41Z INFO  parabit] Iteration 1: 72 nodes, 38 classes
[2026-03-27T17:16:41Z INFO  parabit] Iteration 2: 136 nodes, 51 classes
[2026-03-27T17:16:41Z INFO  parabit] Iteration 3: 249 nodes, 67 classes
[2026-03-27T17:16:41Z INFO  parabit] Iteration 4: 482 nodes, 96 classes
[2026-03-27T17:16:41Z INFO  parabit] Iteration 5: 1020 nodes, 162 classes
[2026-03-27T17:16:41Z INFO  parabit] Iteration 6: 3314 nodes, 359 classes
[2026-03-27T17:16:41Z INFO  parabit] Iteration 0: 18 nodes, 18 classes
[2026-03-27T17:16:41Z INFO  parabit] Iteration 1: 72 nodes, 38 classes
[2026-03-27T17:16:41Z INFO  parabit] Iteration 2: 136 nodes, 51 classes
[2026-03-27T17:16:41Z INFO  parabit] Iteration 3: 249 nodes, 67 classes
[2026-03-27T17:16:41Z INFO  parabit] Iteration 4: 482 nodes, 96 classes
[2026-03-27T17:16:41Z INFO  parabit] Iteration 5: 1020 nodes, 162 classes
[2026-03-27T17:16:41Z INFO  parabit] Iteration 6: 3314 nodes, 359 classes
[2026-03-27T17:16:41Z INFO  parabit] Iteration 0: 18 nodes, 18 classes
[2026-03-27T17:16:41Z INFO  parabit] Iteration 1: 72 nodes, 38 classes
[2026-03-27T17:16:41Z INFO  parabit] Iteration 2: 136 nodes, 51 classes
[2026-03-27T17:16:41Z INFO  parabit] Iteration 3: 249 nodes, 67 classes
[2026-03-27T17:16:41Z INFO  parabit] Iteration 4: 482 nodes, 96 classes
[2026-03-27T17:16:41Z INFO  parabit] Iteration 5: 1020 nodes, 162 classes
[2026-03-27T17:16:41Z INFO  parabit] Iteration 6: 3314 nodes, 359 classes
[2026-03-27T17:16:41Z INFO  parabit] Iteration 0: 18 nodes, 18 classes
[2026-03-27T17:16:41Z INFO  parabit] Iteration 1: 72 nodes, 38 classes
[2026-03-27T17:16:41Z INFO  parabit] Iteration 2: 136 nodes, 51 classes
[2026-03-27T17:16:41Z INFO  parabit] Iteration 3: 249 nodes, 67 classes
[2026-03-27T17:16:41Z INFO  parabit] Iteration 4: 482 nodes, 96 classes
[2026-03-27T17:16:41Z INFO  parabit] Iteration 5: 1020 nodes, 162 classes
[2026-03-27T17:16:41Z INFO  parabit] Iteration 6: 3314 nodes, 359 classes
[2026-03-27T17:16:41Z INFO  parabit] Iteration 0: 18 nodes, 18 classes
[2026-03-27T17:16:41Z INFO  parabit] Iteration 1: 72 nodes, 38 classes
[2026-03-27T17:16:41Z INFO  parabit] Iteration 2: 136 nodes, 51 classes
[2026-03-27T17:16:41Z INFO  parabit] Iteration 3: 249 nodes, 67 classes
[2026-03-27T17:16:41Z INFO  parabit] Iteration 4: 482 nodes, 96 classes
[2026-03-27T17:16:41Z INFO  parabit] Iteration 5: 1020 nodes, 162 classes
[2026-03-27T17:16:41Z INFO  parabit] Iteration 6: 3314 nodes, 359 classes
[2026-03-27T17:16:41Z INFO  parabit] Iteration 0: 18 nodes, 18 classes
[2026-03-27T17:16:41Z INFO  parabit] Iteration 1: 72 nodes, 38 classes
[2026-03-27T17:16:41Z INFO  parabit] Iteration 2: 136 nodes, 51 classes
[2026-03-27T17:16:41Z INFO  parabit] Iteration 3: 249 nodes, 67 classes
[2026-03-27T17:16:41Z INFO  parabit] Iteration 4: 482 nodes, 96 classes
[2026-03-27T17:16:41Z INFO  parabit] Iteration 5: 1020 nodes, 162 classes
[2026-03-27T17:16:41Z INFO  parabit] Iteration 6: 3314 nodes, 359 classes
[2026-03-27T17:16:41Z INFO  parabit] Iteration 0: 18 nodes, 18 classes
[2026-03-27T17:16:41Z INFO  parabit] Iteration 1: 72 nodes, 38 classes
[2026-03-27T17:16:41Z INFO  parabit] Iteration 2: 136 nodes, 51 classes
[2026-03-27T17:16:41Z INFO  parabit] Iteration 3: 249 nodes, 67 classes
[2026-03-27T17:16:41Z INFO  parabit] Iteration 4: 482 nodes, 96 classes
[2026-03-27T17:16:41Z INFO  parabit] Iteration 5: 1020 nodes, 162 classes
[2026-03-27T17:16:41Z INFO  parabit] Iteration 6: 3314 nodes, 359 classes
[2026-03-27T17:16:41Z INFO  parabit] Iteration 0: 18 nodes, 18 classes
[2026-03-27T17:16:41Z INFO  parabit] Iteration 1: 72 nodes, 38 classes
[2026-03-27T17:16:41Z INFO  parabit] Iteration 2: 136 nodes, 51 classes
[2026-03-27T17:16:41Z INFO  parabit] Iteration 3: 249 nodes, 67 classes
[2026-03-27T17:16:41Z INFO  parabit] Iteration 4: 482 nodes, 96 classes
[2026-03-27T17:16:41Z INFO  parabit] Iteration 5: 1020 nodes, 162 classes
[2026-03-27T17:16:41Z INFO  parabit] Iteration 6: 3314 nodes, 359 classes
[2026-03-27T17:16:41Z INFO  parabit] Iteration 0: 18 nodes, 18 classes
[2026-03-27T17:16:41Z INFO  parabit] Iteration 1: 72 nodes, 38 classes
[2026-03-27T17:16:41Z INFO  parabit] Iteration 2: 136 nodes, 51 classes
[2026-03-27T17:16:41Z INFO  parabit] Iteration 3: 249 nodes, 67 classes
[2026-03-27T17:16:41Z INFO  parabit] Iteration 4: 482 nodes, 96 classes
[2026-03-27T17:16:41Z INFO  parabit] Iteration 5: 1020 nodes, 162 classes
[2026-03-27T17:16:41Z INFO  parabit] Iteration 6: 3314 nodes, 359 classes
[2026-03-27T17:16:41Z INFO  parabit] Iteration 0: 18 nodes, 18 classes
[2026-03-27T17:16:41Z INFO  parabit] Iteration 1: 72 nodes, 38 classes
[2026-03-27T17:16:41Z INFO  parabit] Iteration 2: 136 nodes, 51 classes
[2026-03-27T17:16:41Z INFO  parabit] Iteration 3: 249 nodes, 67 classes
[2026-03-27T17:16:41Z INFO  parabit] Iteration 4: 482 nodes, 96 classes
[2026-03-27T17:16:41Z INFO  parabit] Iteration 5: 1020 nodes, 162 classes
[2026-03-27T17:16:41Z INFO  parabit] Iteration 6: 3314 nodes, 359 classes
[2026-03-27T17:16:41Z INFO  parabit] Iteration 0: 18 nodes, 18 classes
[2026-03-27T17:16:41Z INFO  parabit] Iteration 1: 72 nodes, 38 classes
[2026-03-27T17:16:41Z INFO  parabit] Iteration 2: 136 nodes, 51 classes
[2026-03-27T17:16:41Z INFO  parabit] Iteration 3: 249 nodes, 67 classes
[2026-03-27T17:16:41Z INFO  parabit] Iteration 4: 482 nodes, 96 classes
[2026-03-27T17:16:41Z INFO  parabit] Iteration 5: 1020 nodes, 162 classes
[2026-03-27T17:16:41Z INFO  parabit] Iteration 6: 3314 nodes, 359 classes
[2026-03-27T17:16:41Z INFO  parabit] Iteration 0: 18 nodes, 18 classes
[2026-03-27T17:16:41Z INFO  parabit] Iteration 1: 72 nodes, 38 classes
[2026-03-27T17:16:41Z INFO  parabit] Iteration 2: 136 nodes, 51 classes
[2026-03-27T17:16:41Z INFO  parabit] Iteration 3: 249 nodes, 67 classes
[2026-03-27T17:16:41Z INFO  parabit] Iteration 4: 482 nodes, 96 classes
[2026-03-27T17:16:41Z INFO  parabit] Iteration 5: 1020 nodes, 162 classes
[2026-03-27T17:16:41Z INFO  parabit] Iteration 6: 3314 nodes, 359 classes
[2026-03-27T17:16:41Z INFO  parabit] Iteration 0: 18 nodes, 18 classes
[2026-03-27T17:16:41Z INFO  parabit] Iteration 1: 72 nodes, 38 classes
[2026-03-27T17:16:41Z INFO  parabit] Iteration 2: 136 nodes, 51 classes
[2026-03-27T17:16:41Z INFO  parabit] Iteration 3: 249 nodes, 67 classes
[2026-03-27T17:16:41Z INFO  parabit] Iteration 4: 482 nodes, 96 classes
[2026-03-27T17:16:41Z INFO  parabit] Iteration 5: 1020 nodes, 162 classes
[2026-03-27T17:16:41Z INFO  parabit] Iteration 6: 3314 nodes, 359 classes
[2026-03-27T17:16:41Z INFO  parabit] Iteration 0: 18 nodes, 18 classes
[2026-03-27T17:16:41Z INFO  parabit] Iteration 1: 72 nodes, 38 classes
[2026-03-27T17:16:41Z INFO  parabit] Iteration 2: 136 nodes, 51 classes
[2026-03-27T17:16:41Z INFO  parabit] Iteration 3: 249 nodes, 67 classes
[2026-03-27T17:16:41Z INFO  parabit] Iteration 4: 482 nodes, 96 classes
[2026-03-27T17:16:41Z INFO  parabit] Iteration 5: 1020 nodes, 162 classes
[2026-03-27T17:16:41Z INFO  parabit] Iteration 6: 3314 nodes, 359 classes
[2026-03-27T17:16:41Z INFO  parabit] Iteration 0: 18 nodes, 18 classes
[2026-03-27T17:16:41Z INFO  parabit] Iteration 1: 72 nodes, 38 classes
[2026-03-27T17:16:41Z INFO  parabit] Iteration 2: 136 nodes, 51 classes
[2026-03-27T17:16:41Z INFO  parabit] Iteration 3: 249 nodes, 67 classes
[2026-03-27T17:16:41Z INFO  parabit] Iteration 4: 482 nodes, 96 classes
[2026-03-27T17:16:41Z INFO  parabit] Iteration 5: 1020 nodes, 162 classes
[2026-03-27T17:16:41Z INFO  parabit] Iteration 6: 3314 nodes, 359 classes
[2026-03-27T17:16:41Z INFO  parabit] Iteration 0: 18 nodes, 18 classes
[2026-03-27T17:16:41Z INFO  parabit] Iteration 1: 72 nodes, 38 classes
[2026-03-27T17:16:41Z INFO  parabit] Iteration 2: 136 nodes, 51 classes
[2026-03-27T17:16:41Z INFO  parabit] Iteration 3: 249 nodes, 67 classes
[2026-03-27T17:16:41Z INFO  parabit] Iteration 4: 482 nodes, 96 classes
[2026-03-27T17:16:41Z INFO  parabit] Iteration 5: 1020 nodes, 162 classes
[2026-03-27T17:16:41Z INFO  parabit] Iteration 6: 3314 nodes, 359 classes
[2026-03-27T17:16:41Z INFO  parabit] Iteration 0: 18 nodes, 18 classes
[2026-03-27T17:16:41Z INFO  parabit] Iteration 1: 72 nodes, 38 classes
[2026-03-27T17:16:41Z INFO  parabit] Iteration 2: 136 nodes, 51 classes
[2026-03-27T17:16:41Z INFO  parabit] Iteration 3: 249 nodes, 67 classes
[2026-03-27T17:16:41Z INFO  parabit] Iteration 4: 482 nodes, 96 classes
[2026-03-27T17:16:41Z INFO  parabit] Iteration 5: 1020 nodes, 162 classes
[2026-03-27T17:16:41Z INFO  parabit] Iteration 6: 3314 nodes, 359 classes
[2026-03-27T17:16:41Z INFO  parabit] Iteration 0: 18 nodes, 18 classes
[2026-03-27T17:16:41Z INFO  parabit] Iteration 1: 72 nodes, 38 classes
[2026-03-27T17:16:41Z INFO  parabit] Iteration 2: 136 nodes, 51 classes
[2026-03-27T17:16:41Z INFO  parabit] Iteration 3: 249 nodes, 67 classes
[2026-03-27T17:16:41Z INFO  parabit] Iteration 4: 482 nodes, 96 classes
[2026-03-27T17:16:41Z INFO  parabit] Iteration 5: 1020 nodes, 162 classes
[2026-03-27T17:16:41Z INFO  parabit] Iteration 6: 3314 nodes, 359 classes
[2026-03-27T17:16:41Z INFO  parabit] Iteration 0: 18 nodes, 18 classes
[2026-03-27T17:16:41Z INFO  parabit] Iteration 1: 72 nodes, 38 classes
[2026-03-27T17:16:41Z INFO  parabit] Iteration 2: 136 nodes, 51 classes
[2026-03-27T17:16:41Z INFO  parabit] Iteration 3: 249 nodes, 67 classes
[2026-03-27T17:16:41Z INFO  parabit] Iteration 4: 482 nodes, 96 classes
[2026-03-27T17:16:41Z INFO  parabit] Iteration 5: 1020 nodes, 162 classes
[2026-03-27T17:16:41Z INFO  parabit] Iteration 6: 3314 nodes, 359 classes
[2026-03-27T17:16:42Z INFO  parabit] Iteration 0: 18 nodes, 18 classes
[2026-03-27T17:16:42Z INFO  parabit] Iteration 1: 72 nodes, 38 classes
[2026-03-27T17:16:42Z INFO  parabit] Iteration 2: 136 nodes, 51 classes
[2026-03-27T17:16:42Z INFO  parabit] Iteration 3: 249 nodes, 67 classes
[2026-03-27T17:16:42Z INFO  parabit] Iteration 4: 482 nodes, 96 classes
[2026-03-27T17:16:42Z INFO  parabit] Iteration 5: 1020 nodes, 162 classes
[2026-03-27T17:16:42Z INFO  parabit] Iteration 6: 3314 nodes, 359 classes
[2026-03-27T17:16:42Z INFO  parabit] Iteration 0: 18 nodes, 18 classes
[2026-03-27T17:16:42Z INFO  parabit] Iteration 1: 72 nodes, 38 classes
[2026-03-27T17:16:42Z INFO  parabit] Iteration 2: 136 nodes, 51 classes
[2026-03-27T17:16:42Z INFO  parabit] Iteration 3: 249 nodes, 67 classes
[2026-03-27T17:16:42Z INFO  parabit] Iteration 4: 482 nodes, 96 classes
[2026-03-27T17:16:42Z INFO  parabit] Iteration 5: 1020 nodes, 162 classes
[2026-03-27T17:16:42Z INFO  parabit] Iteration 6: 3314 nodes, 359 classes
{"elapsed":1.08, "maxrss":20200}
