[2026-03-27T17:16:43Z WARN  parabit] Sanitised input expression 0 from:
    (bw k (or (bw k "%op0") (bw k (xor (bw k "%op0") (bw k "%B")))))
    to:
    (bw k (or (bw k var_op0) (bw k (xor (bw k var_op0) (bw k var_B)))))
[2026-03-27T17:16:43Z WARN  parabit] Sanitised input expression 0 from:
    (bw k (or (bw k "%op0") (bw k "%B")))
    to:
    (bw k (or (bw k var_op0) (bw k var_B)))
[2026-03-27T17:16:43Z INFO  parabit] Running parabit on file: AndOrXor_2263_values_0
[2026-03-27T17:16:43Z INFO  parabit] Iteration 0: 12 nodes, 12 classes
[2026-03-27T17:16:43Z INFO  parabit] Iteration 1: 41 nodes, 26 classes
[2026-03-27T17:16:43Z INFO  parabit] Iteration 2: 60 nodes, 35 classes
[2026-03-27T17:16:43Z INFO  parabit] Iteration 3: 91 nodes, 40 classes
[2026-03-27T17:16:43Z INFO  parabit] Iteration 4: 144 nodes, 58 classes
[2026-03-27T17:16:43Z INFO  parabit] Iteration 5: 269 nodes, 87 classes
[2026-03-27T17:16:43Z INFO  parabit] Iteration 6: 420 nodes, 97 classes
[2026-03-27T17:16:43Z INFO  parabit] Iteration 7: 585 nodes, 145 classes
[2026-03-27T17:16:43Z INFO  parabit] Iteration 8: 903 nodes, 219 classes
[2026-03-27T17:16:43Z INFO  parabit] Iteration 9: 2116 nodes, 301 classes
[2026-03-27T17:16:43Z INFO  parabit] Iteration 10: 4823 nodes, 604 classes
[2026-03-27T17:16:43Z INFO  parabit] Iteration 0: 12 nodes, 12 classes
[2026-03-27T17:16:43Z INFO  parabit] Iteration 1: 41 nodes, 26 classes
[2026-03-27T17:16:43Z INFO  parabit] Iteration 2: 60 nodes, 35 classes
[2026-03-27T17:16:43Z INFO  parabit] Iteration 3: 91 nodes, 40 classes
[2026-03-27T17:16:43Z INFO  parabit] Iteration 4: 144 nodes, 58 classes
[2026-03-27T17:16:43Z INFO  parabit] Iteration 5: 269 nodes, 87 classes
[2026-03-27T17:16:43Z INFO  parabit] Iteration 6: 420 nodes, 97 classes
[2026-03-27T17:16:43Z INFO  parabit] Iteration 7: 585 nodes, 145 classes
[2026-03-27T17:16:43Z INFO  parabit] Iteration 8: 903 nodes, 219 classes
[2026-03-27T17:16:43Z INFO  parabit] Iteration 9: 2116 nodes, 301 classes
[2026-03-27T17:16:43Z INFO  parabit] Iteration 10: 4823 nodes, 604 classes
[2026-03-27T17:16:43Z INFO  parabit] Iteration 0: 12 nodes, 12 classes
[2026-03-27T17:16:43Z INFO  parabit] Iteration 1: 41 nodes, 26 classes
[2026-03-27T17:16:43Z INFO  parabit] Iteration 2: 60 nodes, 35 classes
[2026-03-27T17:16:43Z INFO  parabit] Iteration 3: 91 nodes, 40 classes
[2026-03-27T17:16:43Z INFO  parabit] Iteration 4: 144 nodes, 58 classes
[2026-03-27T17:16:43Z INFO  parabit] Iteration 5: 269 nodes, 87 classes
[2026-03-27T17:16:43Z INFO  parabit] Iteration 6: 420 nodes, 97 classes
[2026-03-27T17:16:43Z INFO  parabit] Iteration 7: 585 nodes, 145 classes
[2026-03-27T17:16:43Z INFO  parabit] Iteration 8: 903 nodes, 219 classes
[2026-03-27T17:16:43Z INFO  parabit] Iteration 9: 2116 nodes, 301 classes
[2026-03-27T17:16:43Z INFO  parabit] Iteration 10: 4823 nodes, 604 classes
[2026-03-27T17:16:43Z INFO  parabit] Iteration 0: 12 nodes, 12 classes
[2026-03-27T17:16:43Z INFO  parabit] Iteration 1: 41 nodes, 26 classes
[2026-03-27T17:16:43Z INFO  parabit] Iteration 2: 60 nodes, 35 classes
[2026-03-27T17:16:43Z INFO  parabit] Iteration 3: 91 nodes, 40 classes
[2026-03-27T17:16:43Z INFO  parabit] Iteration 4: 144 nodes, 58 classes
[2026-03-27T17:16:43Z INFO  parabit] Iteration 5: 269 nodes, 87 classes
[2026-03-27T17:16:43Z INFO  parabit] Iteration 6: 420 nodes, 97 classes
[2026-03-27T17:16:43Z INFO  parabit] Iteration 7: 585 nodes, 145 classes
[2026-03-27T17:16:43Z INFO  parabit] Iteration 8: 903 nodes, 219 classes
[2026-03-27T17:16:43Z INFO  parabit] Iteration 9: 2116 nodes, 301 classes
[2026-03-27T17:16:44Z INFO  parabit] Iteration 10: 4823 nodes, 604 classes
[2026-03-27T17:16:44Z INFO  parabit] Iteration 0: 12 nodes, 12 classes
[2026-03-27T17:16:44Z INFO  parabit] Iteration 1: 41 nodes, 26 classes
[2026-03-27T17:16:44Z INFO  parabit] Iteration 2: 60 nodes, 35 classes
[2026-03-27T17:16:44Z INFO  parabit] Iteration 3: 91 nodes, 40 classes
[2026-03-27T17:16:44Z INFO  parabit] Iteration 4: 144 nodes, 58 classes
[2026-03-27T17:16:44Z INFO  parabit] Iteration 5: 269 nodes, 87 classes
[2026-03-27T17:16:44Z INFO  parabit] Iteration 6: 420 nodes, 97 classes
[2026-03-27T17:16:44Z INFO  parabit] Iteration 7: 585 nodes, 145 classes
[2026-03-27T17:16:44Z INFO  parabit] Iteration 8: 903 nodes, 219 classes
[2026-03-27T17:16:44Z INFO  parabit] Iteration 9: 2116 nodes, 301 classes
[2026-03-27T17:16:44Z INFO  parabit] Iteration 10: 4823 nodes, 604 classes
[2026-03-27T17:16:44Z INFO  parabit] Iteration 0: 12 nodes, 12 classes
[2026-03-27T17:16:44Z INFO  parabit] Iteration 1: 41 nodes, 26 classes
[2026-03-27T17:16:44Z INFO  parabit] Iteration 2: 60 nodes, 35 classes
[2026-03-27T17:16:44Z INFO  parabit] Iteration 3: 91 nodes, 40 classes
[2026-03-27T17:16:44Z INFO  parabit] Iteration 4: 144 nodes, 58 classes
[2026-03-27T17:16:44Z INFO  parabit] Iteration 5: 269 nodes, 87 classes
[2026-03-27T17:16:44Z INFO  parabit] Iteration 6: 420 nodes, 97 classes
[2026-03-27T17:16:44Z INFO  parabit] Iteration 7: 585 nodes, 145 classes
[2026-03-27T17:16:44Z INFO  parabit] Iteration 8: 903 nodes, 219 classes
[2026-03-27T17:16:44Z INFO  parabit] Iteration 9: 2116 nodes, 301 classes
[2026-03-27T17:16:44Z INFO  parabit] Iteration 10: 4823 nodes, 604 classes
[2026-03-27T17:16:44Z INFO  parabit] Iteration 0: 12 nodes, 12 classes
[2026-03-27T17:16:44Z INFO  parabit] Iteration 1: 41 nodes, 26 classes
[2026-03-27T17:16:44Z INFO  parabit] Iteration 2: 60 nodes, 35 classes
[2026-03-27T17:16:44Z INFO  parabit] Iteration 3: 91 nodes, 40 classes
[2026-03-27T17:16:44Z INFO  parabit] Iteration 4: 144 nodes, 58 classes
[2026-03-27T17:16:44Z INFO  parabit] Iteration 5: 269 nodes, 87 classes
[2026-03-27T17:16:44Z INFO  parabit] Iteration 6: 420 nodes, 97 classes
[2026-03-27T17:16:44Z INFO  parabit] Iteration 7: 585 nodes, 145 classes
[2026-03-27T17:16:44Z INFO  parabit] Iteration 8: 903 nodes, 219 classes
[2026-03-27T17:16:44Z INFO  parabit] Iteration 9: 2116 nodes, 301 classes
[2026-03-27T17:16:44Z INFO  parabit] Iteration 10: 4823 nodes, 604 classes
[2026-03-27T17:16:44Z INFO  parabit] Iteration 0: 12 nodes, 12 classes
[2026-03-27T17:16:44Z INFO  parabit] Iteration 1: 41 nodes, 26 classes
[2026-03-27T17:16:44Z INFO  parabit] Iteration 2: 60 nodes, 35 classes
[2026-03-27T17:16:44Z INFO  parabit] Iteration 3: 91 nodes, 40 classes
[2026-03-27T17:16:44Z INFO  parabit] Iteration 4: 144 nodes, 58 classes
[2026-03-27T17:16:44Z INFO  parabit] Iteration 5: 269 nodes, 87 classes
[2026-03-27T17:16:44Z INFO  parabit] Iteration 6: 420 nodes, 97 classes
[2026-03-27T17:16:44Z INFO  parabit] Iteration 7: 585 nodes, 145 classes
[2026-03-27T17:16:44Z INFO  parabit] Iteration 8: 903 nodes, 219 classes
[2026-03-27T17:16:44Z INFO  parabit] Iteration 9: 2116 nodes, 301 classes
[2026-03-27T17:16:44Z INFO  parabit] Iteration 10: 4823 nodes, 604 classes
[2026-03-27T17:16:44Z INFO  parabit] Iteration 0: 12 nodes, 12 classes
[2026-03-27T17:16:44Z INFO  parabit] Iteration 1: 41 nodes, 26 classes
[2026-03-27T17:16:44Z INFO  parabit] Iteration 2: 60 nodes, 35 classes
[2026-03-27T17:16:44Z INFO  parabit] Iteration 3: 91 nodes, 40 classes
[2026-03-27T17:16:44Z INFO  parabit] Iteration 4: 144 nodes, 58 classes
[2026-03-27T17:16:44Z INFO  parabit] Iteration 5: 269 nodes, 87 classes
[2026-03-27T17:16:44Z INFO  parabit] Iteration 6: 420 nodes, 97 classes
[2026-03-27T17:16:44Z INFO  parabit] Iteration 7: 585 nodes, 145 classes
[2026-03-27T17:16:44Z INFO  parabit] Iteration 8: 903 nodes, 219 classes
[2026-03-27T17:16:44Z INFO  parabit] Iteration 9: 2116 nodes, 301 classes
[2026-03-27T17:16:44Z INFO  parabit] Iteration 10: 4823 nodes, 604 classes
{"elapsed":1.07, "maxrss":25432}
