[2026-03-27T17:16:46Z WARN  parabit] Sanitised input expression 0 from:
    (bw k (xor (bw k (- (bw k C) (bw k "%x"))) (bw k (not (bw k 0)))))
    to:
    (bw k (xor (bw k (- (bw k C) (bw k var_x))) (bw k (not (bw k 0)))))
[2026-03-27T17:16:46Z WARN  parabit] Sanitised input expression 0 from:
    (bw k (+ (bw k "%x") (bw k (- (bw k (not (bw k 0))) (bw k C)))))
    to:
    (bw k (+ (bw k var_x) (bw k (- (bw k (not (bw k 0))) (bw k C)))))
[2026-03-27T17:16:46Z INFO  parabit] Running parabit on file: AndOrXor_2475_values_0
[2026-03-27T17:16:46Z INFO  parabit] Iteration 0: 18 nodes, 18 classes
[2026-03-27T17:16:46Z INFO  parabit] Iteration 1: 82 nodes, 49 classes
[2026-03-27T17:16:46Z INFO  parabit] Iteration 2: 168 nodes, 73 classes
[2026-03-27T17:16:46Z INFO  parabit] Iteration 3: 345 nodes, 114 classes
[2026-03-27T17:16:46Z INFO  parabit] Iteration 4: 666 nodes, 202 classes
[2026-03-27T17:16:46Z INFO  parabit] Iteration 5: 1439 nodes, 387 classes
[2026-03-27T17:16:47Z INFO  parabit] Iteration 6: 3754 nodes, 916 classes
[2026-03-27T17:16:48Z INFO  parabit] Iteration 7: 12658 nodes, 3317 classes
memory allocation of 176160784 bytes failed
note: run with `RUST_BACKTRACE=1` environment variable to display a backtrace
timeout: the monitored command dumped core
Command exited with non-zero status 124
{"elapsed":22.93, "maxrss":1660224}
