[2026-03-27T11:47:17Z WARN  parabit] Sanitised input expression 0 from:
    (bw k (xor (bw k (+ (bw k "%x") (bw k C))) (bw k (not (bw k 0)))))
    to:
    (bw k (xor (bw k (+ (bw k var_x) (bw k C))) (bw k (not (bw k 0)))))
[2026-03-27T11:47:17Z WARN  parabit] Sanitised input expression 0 from:
    (bw k (- (bw k (- (bw k (not (bw k 0))) (bw k C))) (bw k "%x")))
    to:
    (bw k (- (bw k (- (bw k (not (bw k 0))) (bw k C))) (bw k var_x)))
[2026-03-27T11:47:17Z INFO  parabit] Running parabit on file: AndOrXor_2486_values_0
[2026-03-27T11:47:17Z INFO  parabit] Iteration 0: 18 nodes, 18 classes
[2026-03-27T11:47:17Z INFO  parabit] Iteration 1: 81 nodes, 49 classes
[2026-03-27T11:47:17Z INFO  parabit] Iteration 2: 176 nodes, 78 classes
[2026-03-27T11:47:17Z INFO  parabit] Iteration 3: 370 nodes, 122 classes
[2026-03-27T11:47:17Z INFO  parabit] Iteration 4: 689 nodes, 189 classes
[2026-03-27T11:47:17Z INFO  parabit] Iteration 0: 18 nodes, 18 classes
[2026-03-27T11:47:17Z INFO  parabit] Iteration 1: 81 nodes, 49 classes
[2026-03-27T11:47:17Z INFO  parabit] Iteration 2: 176 nodes, 78 classes
[2026-03-27T11:47:17Z INFO  parabit] Iteration 3: 370 nodes, 122 classes
[2026-03-27T11:47:17Z INFO  parabit] Iteration 4: 689 nodes, 189 classes
[2026-03-27T11:47:17Z INFO  parabit] Iteration 0: 18 nodes, 18 classes
[2026-03-27T11:47:17Z INFO  parabit] Iteration 1: 81 nodes, 49 classes
[2026-03-27T11:47:17Z INFO  parabit] Iteration 2: 176 nodes, 78 classes
[2026-03-27T11:47:17Z INFO  parabit] Iteration 3: 370 nodes, 122 classes
[2026-03-27T11:47:17Z INFO  parabit] Iteration 4: 689 nodes, 189 classes
[2026-03-27T11:47:17Z INFO  parabit] Iteration 0: 18 nodes, 18 classes
[2026-03-27T11:47:17Z INFO  parabit] Iteration 1: 81 nodes, 49 classes
[2026-03-27T11:47:17Z INFO  parabit] Iteration 2: 176 nodes, 78 classes
[2026-03-27T11:47:17Z INFO  parabit] Iteration 3: 370 nodes, 122 classes
[2026-03-27T11:47:17Z INFO  parabit] Iteration 4: 689 nodes, 189 classes
[2026-03-27T11:47:17Z INFO  parabit] Iteration 0: 18 nodes, 18 classes
[2026-03-27T11:47:17Z INFO  parabit] Iteration 1: 81 nodes, 49 classes
[2026-03-27T11:47:17Z INFO  parabit] Iteration 2: 176 nodes, 78 classes
[2026-03-27T11:47:17Z INFO  parabit] Iteration 3: 370 nodes, 122 classes
[2026-03-27T11:47:17Z INFO  parabit] Iteration 4: 689 nodes, 189 classes
[2026-03-27T11:47:17Z INFO  parabit] Iteration 0: 18 nodes, 18 classes
[2026-03-27T11:47:17Z INFO  parabit] Iteration 1: 81 nodes, 49 classes
[2026-03-27T11:47:17Z INFO  parabit] Iteration 2: 176 nodes, 78 classes
[2026-03-27T11:47:17Z INFO  parabit] Iteration 3: 370 nodes, 122 classes
[2026-03-27T11:47:17Z INFO  parabit] Iteration 4: 689 nodes, 189 classes
[2026-03-27T11:47:17Z INFO  parabit] Iteration 0: 18 nodes, 18 classes
[2026-03-27T11:47:17Z INFO  parabit] Iteration 1: 81 nodes, 49 classes
[2026-03-27T11:47:17Z INFO  parabit] Iteration 2: 176 nodes, 78 classes
[2026-03-27T11:47:17Z INFO  parabit] Iteration 3: 370 nodes, 122 classes
[2026-03-27T11:47:17Z INFO  parabit] Iteration 4: 689 nodes, 189 classes
[2026-03-27T11:47:17Z INFO  parabit] Iteration 0: 18 nodes, 18 classes
[2026-03-27T11:47:17Z INFO  parabit] Iteration 1: 81 nodes, 49 classes
[2026-03-27T11:47:17Z INFO  parabit] Iteration 2: 176 nodes, 78 classes
[2026-03-27T11:47:17Z INFO  parabit] Iteration 3: 370 nodes, 122 classes
[2026-03-27T11:47:17Z INFO  parabit] Iteration 4: 689 nodes, 189 classes
[2026-03-27T11:47:17Z INFO  parabit] Iteration 0: 18 nodes, 18 classes
[2026-03-27T11:47:17Z INFO  parabit] Iteration 1: 81 nodes, 49 classes
[2026-03-27T11:47:17Z INFO  parabit] Iteration 2: 176 nodes, 78 classes
[2026-03-27T11:47:17Z INFO  parabit] Iteration 3: 370 nodes, 122 classes
[2026-03-27T11:47:17Z INFO  parabit] Iteration 4: 689 nodes, 189 classes
[2026-03-27T11:47:17Z INFO  parabit] Iteration 0: 18 nodes, 18 classes
[2026-03-27T11:47:17Z INFO  parabit] Iteration 1: 81 nodes, 49 classes
[2026-03-27T11:47:17Z INFO  parabit] Iteration 2: 176 nodes, 78 classes
[2026-03-27T11:47:17Z INFO  parabit] Iteration 3: 370 nodes, 122 classes
[2026-03-27T11:47:17Z INFO  parabit] Iteration 4: 689 nodes, 189 classes
[2026-03-27T11:47:17Z INFO  parabit] Iteration 0: 18 nodes, 18 classes
[2026-03-27T11:47:17Z INFO  parabit] Iteration 1: 81 nodes, 49 classes
[2026-03-27T11:47:17Z INFO  parabit] Iteration 2: 176 nodes, 78 classes
[2026-03-27T11:47:17Z INFO  parabit] Iteration 3: 370 nodes, 122 classes
[2026-03-27T11:47:17Z INFO  parabit] Iteration 4: 689 nodes, 189 classes
[2026-03-27T11:47:17Z INFO  parabit] Iteration 0: 18 nodes, 18 classes
[2026-03-27T11:47:17Z INFO  parabit] Iteration 1: 81 nodes, 49 classes
[2026-03-27T11:47:17Z INFO  parabit] Iteration 2: 176 nodes, 78 classes
[2026-03-27T11:47:17Z INFO  parabit] Iteration 3: 370 nodes, 122 classes
[2026-03-27T11:47:17Z INFO  parabit] Iteration 4: 689 nodes, 189 classes
[2026-03-27T11:47:17Z INFO  parabit] Iteration 0: 18 nodes, 18 classes
[2026-03-27T11:47:17Z INFO  parabit] Iteration 1: 81 nodes, 49 classes
[2026-03-27T11:47:17Z INFO  parabit] Iteration 2: 176 nodes, 78 classes
[2026-03-27T11:47:17Z INFO  parabit] Iteration 3: 370 nodes, 122 classes
[2026-03-27T11:47:17Z INFO  parabit] Iteration 4: 689 nodes, 189 classes
[2026-03-27T11:47:17Z INFO  parabit] Iteration 0: 18 nodes, 18 classes
[2026-03-27T11:47:17Z INFO  parabit] Iteration 1: 81 nodes, 49 classes
[2026-03-27T11:47:17Z INFO  parabit] Iteration 2: 176 nodes, 78 classes
[2026-03-27T11:47:17Z INFO  parabit] Iteration 3: 370 nodes, 122 classes
[2026-03-27T11:47:17Z INFO  parabit] Iteration 4: 689 nodes, 189 classes
[2026-03-27T11:47:17Z INFO  parabit] Iteration 0: 18 nodes, 18 classes
[2026-03-27T11:47:17Z INFO  parabit] Iteration 1: 81 nodes, 49 classes
[2026-03-27T11:47:17Z INFO  parabit] Iteration 2: 176 nodes, 78 classes
[2026-03-27T11:47:17Z INFO  parabit] Iteration 3: 370 nodes, 122 classes
[2026-03-27T11:47:17Z INFO  parabit] Iteration 4: 689 nodes, 189 classes
[2026-03-27T11:47:17Z INFO  parabit] Iteration 0: 18 nodes, 18 classes
[2026-03-27T11:47:17Z INFO  parabit] Iteration 1: 81 nodes, 49 classes
[2026-03-27T11:47:17Z INFO  parabit] Iteration 2: 176 nodes, 78 classes
[2026-03-27T11:47:17Z INFO  parabit] Iteration 3: 370 nodes, 122 classes
[2026-03-27T11:47:17Z INFO  parabit] Iteration 4: 689 nodes, 189 classes
[2026-03-27T11:47:17Z INFO  parabit] Iteration 0: 18 nodes, 18 classes
[2026-03-27T11:47:17Z INFO  parabit] Iteration 1: 81 nodes, 49 classes
[2026-03-27T11:47:17Z INFO  parabit] Iteration 2: 176 nodes, 78 classes
[2026-03-27T11:47:17Z INFO  parabit] Iteration 3: 370 nodes, 122 classes
[2026-03-27T11:47:17Z INFO  parabit] Iteration 4: 689 nodes, 189 classes
[2026-03-27T11:47:17Z INFO  parabit] Iteration 0: 18 nodes, 18 classes
[2026-03-27T11:47:17Z INFO  parabit] Iteration 1: 81 nodes, 49 classes
[2026-03-27T11:47:17Z INFO  parabit] Iteration 2: 176 nodes, 78 classes
[2026-03-27T11:47:17Z INFO  parabit] Iteration 3: 370 nodes, 122 classes
[2026-03-27T11:47:17Z INFO  parabit] Iteration 4: 689 nodes, 189 classes
[2026-03-27T11:47:17Z INFO  parabit] Iteration 0: 18 nodes, 18 classes
[2026-03-27T11:47:17Z INFO  parabit] Iteration 1: 81 nodes, 49 classes
[2026-03-27T11:47:17Z INFO  parabit] Iteration 2: 176 nodes, 78 classes
[2026-03-27T11:47:17Z INFO  parabit] Iteration 3: 370 nodes, 122 classes
[2026-03-27T11:47:17Z INFO  parabit] Iteration 4: 689 nodes, 189 classes
[2026-03-27T11:47:17Z INFO  parabit] Iteration 0: 18 nodes, 18 classes
[2026-03-27T11:47:17Z INFO  parabit] Iteration 1: 81 nodes, 49 classes
[2026-03-27T11:47:17Z INFO  parabit] Iteration 2: 176 nodes, 78 classes
[2026-03-27T11:47:17Z INFO  parabit] Iteration 3: 370 nodes, 122 classes
[2026-03-27T11:47:17Z INFO  parabit] Iteration 4: 689 nodes, 189 classes
[2026-03-27T11:47:17Z INFO  parabit] Iteration 0: 18 nodes, 18 classes
[2026-03-27T11:47:17Z INFO  parabit] Iteration 1: 81 nodes, 49 classes
[2026-03-27T11:47:17Z INFO  parabit] Iteration 2: 176 nodes, 78 classes
[2026-03-27T11:47:17Z INFO  parabit] Iteration 3: 370 nodes, 122 classes
[2026-03-27T11:47:17Z INFO  parabit] Iteration 4: 689 nodes, 189 classes
[2026-03-27T11:47:17Z INFO  parabit] Iteration 0: 18 nodes, 18 classes
[2026-03-27T11:47:17Z INFO  parabit] Iteration 1: 81 nodes, 49 classes
[2026-03-27T11:47:17Z INFO  parabit] Iteration 2: 176 nodes, 78 classes
[2026-03-27T11:47:17Z INFO  parabit] Iteration 3: 370 nodes, 122 classes
[2026-03-27T11:47:17Z INFO  parabit] Iteration 4: 689 nodes, 189 classes
[2026-03-27T11:47:17Z INFO  parabit] Iteration 0: 18 nodes, 18 classes
[2026-03-27T11:47:17Z INFO  parabit] Iteration 1: 81 nodes, 49 classes
[2026-03-27T11:47:17Z INFO  parabit] Iteration 2: 176 nodes, 78 classes
[2026-03-27T11:47:17Z INFO  parabit] Iteration 3: 370 nodes, 122 classes
[2026-03-27T11:47:17Z INFO  parabit] Iteration 4: 689 nodes, 189 classes
[2026-03-27T11:47:17Z INFO  parabit] Iteration 0: 18 nodes, 18 classes
[2026-03-27T11:47:17Z INFO  parabit] Iteration 1: 81 nodes, 49 classes
[2026-03-27T11:47:17Z INFO  parabit] Iteration 2: 176 nodes, 78 classes
[2026-03-27T11:47:17Z INFO  parabit] Iteration 3: 370 nodes, 122 classes
[2026-03-27T11:47:17Z INFO  parabit] Iteration 4: 689 nodes, 189 classes
[2026-03-27T11:47:17Z INFO  parabit] Iteration 0: 18 nodes, 18 classes
[2026-03-27T11:47:17Z INFO  parabit] Iteration 1: 81 nodes, 49 classes
[2026-03-27T11:47:17Z INFO  parabit] Iteration 2: 176 nodes, 78 classes
[2026-03-27T11:47:17Z INFO  parabit] Iteration 3: 370 nodes, 122 classes
[2026-03-27T11:47:17Z INFO  parabit] Iteration 4: 689 nodes, 189 classes
[2026-03-27T11:47:17Z INFO  parabit] Iteration 0: 18 nodes, 18 classes
[2026-03-27T11:47:17Z INFO  parabit] Iteration 1: 81 nodes, 49 classes
[2026-03-27T11:47:17Z INFO  parabit] Iteration 2: 176 nodes, 78 classes
[2026-03-27T11:47:17Z INFO  parabit] Iteration 3: 370 nodes, 122 classes
[2026-03-27T11:47:17Z INFO  parabit] Iteration 4: 689 nodes, 189 classes
[2026-03-27T11:47:17Z INFO  parabit] Iteration 0: 18 nodes, 18 classes
[2026-03-27T11:47:17Z INFO  parabit] Iteration 1: 81 nodes, 49 classes
[2026-03-27T11:47:17Z INFO  parabit] Iteration 2: 176 nodes, 78 classes
[2026-03-27T11:47:17Z INFO  parabit] Iteration 3: 370 nodes, 122 classes
[2026-03-27T11:47:17Z INFO  parabit] Iteration 4: 689 nodes, 189 classes
[2026-03-27T11:47:17Z INFO  parabit] Iteration 0: 18 nodes, 18 classes
[2026-03-27T11:47:17Z INFO  parabit] Iteration 1: 81 nodes, 49 classes
[2026-03-27T11:47:17Z INFO  parabit] Iteration 2: 176 nodes, 78 classes
[2026-03-27T11:47:17Z INFO  parabit] Iteration 3: 370 nodes, 122 classes
[2026-03-27T11:47:17Z INFO  parabit] Iteration 4: 689 nodes, 189 classes
[2026-03-27T11:47:17Z INFO  parabit] Iteration 0: 18 nodes, 18 classes
[2026-03-27T11:47:17Z INFO  parabit] Iteration 1: 81 nodes, 49 classes
[2026-03-27T11:47:17Z INFO  parabit] Iteration 2: 176 nodes, 78 classes
[2026-03-27T11:47:17Z INFO  parabit] Iteration 3: 370 nodes, 122 classes
[2026-03-27T11:47:17Z INFO  parabit] Iteration 4: 689 nodes, 189 classes
[2026-03-27T11:47:17Z INFO  parabit] Iteration 0: 18 nodes, 18 classes
[2026-03-27T11:47:17Z INFO  parabit] Iteration 1: 81 nodes, 49 classes
[2026-03-27T11:47:17Z INFO  parabit] Iteration 2: 176 nodes, 78 classes
[2026-03-27T11:47:17Z INFO  parabit] Iteration 3: 370 nodes, 122 classes
[2026-03-27T11:47:17Z INFO  parabit] Iteration 4: 689 nodes, 189 classes
[2026-03-27T11:47:17Z INFO  parabit] Iteration 0: 18 nodes, 18 classes
[2026-03-27T11:47:17Z INFO  parabit] Iteration 1: 81 nodes, 49 classes
[2026-03-27T11:47:17Z INFO  parabit] Iteration 2: 176 nodes, 78 classes
[2026-03-27T11:47:17Z INFO  parabit] Iteration 3: 370 nodes, 122 classes
[2026-03-27T11:47:17Z INFO  parabit] Iteration 4: 689 nodes, 189 classes
[2026-03-27T11:47:17Z INFO  parabit] Iteration 0: 18 nodes, 18 classes
[2026-03-27T11:47:17Z INFO  parabit] Iteration 1: 81 nodes, 49 classes
[2026-03-27T11:47:17Z INFO  parabit] Iteration 2: 176 nodes, 78 classes
[2026-03-27T11:47:17Z INFO  parabit] Iteration 3: 370 nodes, 122 classes
[2026-03-27T11:47:17Z INFO  parabit] Iteration 4: 689 nodes, 189 classes
[2026-03-27T11:47:17Z INFO  parabit] Iteration 0: 18 nodes, 18 classes
[2026-03-27T11:47:17Z INFO  parabit] Iteration 1: 81 nodes, 49 classes
[2026-03-27T11:47:17Z INFO  parabit] Iteration 2: 176 nodes, 78 classes
[2026-03-27T11:47:17Z INFO  parabit] Iteration 3: 370 nodes, 122 classes
[2026-03-27T11:47:17Z INFO  parabit] Iteration 4: 689 nodes, 189 classes
[2026-03-27T11:47:17Z INFO  parabit] Iteration 0: 18 nodes, 18 classes
[2026-03-27T11:47:17Z INFO  parabit] Iteration 1: 81 nodes, 49 classes
[2026-03-27T11:47:17Z INFO  parabit] Iteration 2: 176 nodes, 78 classes
[2026-03-27T11:47:17Z INFO  parabit] Iteration 3: 370 nodes, 122 classes
[2026-03-27T11:47:17Z INFO  parabit] Iteration 4: 689 nodes, 189 classes
[2026-03-27T11:47:17Z INFO  parabit] Iteration 0: 18 nodes, 18 classes
[2026-03-27T11:47:17Z INFO  parabit] Iteration 1: 81 nodes, 49 classes
[2026-03-27T11:47:17Z INFO  parabit] Iteration 2: 176 nodes, 78 classes
[2026-03-27T11:47:17Z INFO  parabit] Iteration 3: 370 nodes, 122 classes
[2026-03-27T11:47:17Z INFO  parabit] Iteration 4: 689 nodes, 189 classes
[2026-03-27T11:47:17Z INFO  parabit] Iteration 0: 18 nodes, 18 classes
[2026-03-27T11:47:17Z INFO  parabit] Iteration 1: 81 nodes, 49 classes
[2026-03-27T11:47:17Z INFO  parabit] Iteration 2: 176 nodes, 78 classes
[2026-03-27T11:47:17Z INFO  parabit] Iteration 3: 370 nodes, 122 classes
[2026-03-27T11:47:17Z INFO  parabit] Iteration 4: 689 nodes, 189 classes
[2026-03-27T11:47:17Z INFO  parabit] Iteration 0: 18 nodes, 18 classes
[2026-03-27T11:47:17Z INFO  parabit] Iteration 1: 81 nodes, 49 classes
[2026-03-27T11:47:17Z INFO  parabit] Iteration 2: 176 nodes, 78 classes
[2026-03-27T11:47:17Z INFO  parabit] Iteration 3: 370 nodes, 122 classes
[2026-03-27T11:47:17Z INFO  parabit] Iteration 4: 689 nodes, 189 classes
[2026-03-27T11:47:17Z INFO  parabit] Iteration 0: 18 nodes, 18 classes
[2026-03-27T11:47:17Z INFO  parabit] Iteration 1: 81 nodes, 49 classes
[2026-03-27T11:47:17Z INFO  parabit] Iteration 2: 176 nodes, 78 classes
[2026-03-27T11:47:17Z INFO  parabit] Iteration 3: 370 nodes, 122 classes
[2026-03-27T11:47:17Z INFO  parabit] Iteration 4: 689 nodes, 189 classes
[2026-03-27T11:47:17Z INFO  parabit] Iteration 0: 18 nodes, 18 classes
[2026-03-27T11:47:17Z INFO  parabit] Iteration 1: 81 nodes, 49 classes
[2026-03-27T11:47:17Z INFO  parabit] Iteration 2: 176 nodes, 78 classes
[2026-03-27T11:47:17Z INFO  parabit] Iteration 3: 370 nodes, 122 classes
[2026-03-27T11:47:17Z INFO  parabit] Iteration 4: 689 nodes, 189 classes
[2026-03-27T11:47:17Z INFO  parabit] Iteration 0: 18 nodes, 18 classes
[2026-03-27T11:47:17Z INFO  parabit] Iteration 1: 81 nodes, 49 classes
[2026-03-27T11:47:17Z INFO  parabit] Iteration 2: 176 nodes, 78 classes
[2026-03-27T11:47:17Z INFO  parabit] Iteration 3: 370 nodes, 122 classes
[2026-03-27T11:47:17Z INFO  parabit] Iteration 4: 689 nodes, 189 classes
[2026-03-27T11:47:17Z INFO  parabit] Iteration 0: 18 nodes, 18 classes
[2026-03-27T11:47:17Z INFO  parabit] Iteration 1: 81 nodes, 49 classes
[2026-03-27T11:47:17Z INFO  parabit] Iteration 2: 176 nodes, 78 classes
[2026-03-27T11:47:17Z INFO  parabit] Iteration 3: 370 nodes, 122 classes
[2026-03-27T11:47:17Z INFO  parabit] Iteration 4: 689 nodes, 189 classes
[2026-03-27T11:47:17Z INFO  parabit] Iteration 0: 18 nodes, 18 classes
[2026-03-27T11:47:17Z INFO  parabit] Iteration 1: 81 nodes, 49 classes
[2026-03-27T11:47:17Z INFO  parabit] Iteration 2: 176 nodes, 78 classes
[2026-03-27T11:47:17Z INFO  parabit] Iteration 3: 370 nodes, 122 classes
[2026-03-27T11:47:17Z INFO  parabit] Iteration 4: 689 nodes, 189 classes
[2026-03-27T11:47:17Z INFO  parabit] Iteration 0: 18 nodes, 18 classes
[2026-03-27T11:47:17Z INFO  parabit] Iteration 1: 81 nodes, 49 classes
[2026-03-27T11:47:17Z INFO  parabit] Iteration 2: 176 nodes, 78 classes
[2026-03-27T11:47:17Z INFO  parabit] Iteration 3: 370 nodes, 122 classes
[2026-03-27T11:47:17Z INFO  parabit] Iteration 4: 689 nodes, 189 classes
[2026-03-27T11:47:17Z INFO  parabit] Iteration 0: 18 nodes, 18 classes
[2026-03-27T11:47:17Z INFO  parabit] Iteration 1: 81 nodes, 49 classes
[2026-03-27T11:47:17Z INFO  parabit] Iteration 2: 176 nodes, 78 classes
[2026-03-27T11:47:17Z INFO  parabit] Iteration 3: 370 nodes, 122 classes
[2026-03-27T11:47:17Z INFO  parabit] Iteration 4: 689 nodes, 189 classes
[2026-03-27T11:47:17Z INFO  parabit] Iteration 0: 18 nodes, 18 classes
[2026-03-27T11:47:17Z INFO  parabit] Iteration 1: 81 nodes, 49 classes
[2026-03-27T11:47:17Z INFO  parabit] Iteration 2: 176 nodes, 78 classes
[2026-03-27T11:47:17Z INFO  parabit] Iteration 3: 370 nodes, 122 classes
[2026-03-27T11:47:17Z INFO  parabit] Iteration 4: 689 nodes, 189 classes
[2026-03-27T11:47:17Z INFO  parabit] Iteration 0: 18 nodes, 18 classes
[2026-03-27T11:47:17Z INFO  parabit] Iteration 1: 81 nodes, 49 classes
[2026-03-27T11:47:17Z INFO  parabit] Iteration 2: 176 nodes, 78 classes
[2026-03-27T11:47:17Z INFO  parabit] Iteration 3: 370 nodes, 122 classes
[2026-03-27T11:47:17Z INFO  parabit] Iteration 4: 689 nodes, 189 classes
[2026-03-27T11:47:17Z INFO  parabit] Iteration 0: 18 nodes, 18 classes
[2026-03-27T11:47:17Z INFO  parabit] Iteration 1: 81 nodes, 49 classes
[2026-03-27T11:47:17Z INFO  parabit] Iteration 2: 176 nodes, 78 classes
[2026-03-27T11:47:17Z INFO  parabit] Iteration 3: 370 nodes, 122 classes
[2026-03-27T11:47:17Z INFO  parabit] Iteration 4: 689 nodes, 189 classes
[2026-03-27T11:47:17Z INFO  parabit] Iteration 0: 18 nodes, 18 classes
[2026-03-27T11:47:17Z INFO  parabit] Iteration 1: 81 nodes, 49 classes
[2026-03-27T11:47:17Z INFO  parabit] Iteration 2: 176 nodes, 78 classes
[2026-03-27T11:47:17Z INFO  parabit] Iteration 3: 370 nodes, 122 classes
[2026-03-27T11:47:17Z INFO  parabit] Iteration 4: 689 nodes, 189 classes
[2026-03-27T11:47:17Z INFO  parabit] Iteration 0: 18 nodes, 18 classes
[2026-03-27T11:47:17Z INFO  parabit] Iteration 1: 81 nodes, 49 classes
[2026-03-27T11:47:17Z INFO  parabit] Iteration 2: 176 nodes, 78 classes
[2026-03-27T11:47:17Z INFO  parabit] Iteration 3: 370 nodes, 122 classes
[2026-03-27T11:47:17Z INFO  parabit] Iteration 4: 689 nodes, 189 classes
[2026-03-27T11:47:17Z INFO  parabit] Iteration 0: 18 nodes, 18 classes
[2026-03-27T11:47:17Z INFO  parabit] Iteration 1: 81 nodes, 49 classes
[2026-03-27T11:47:17Z INFO  parabit] Iteration 2: 176 nodes, 78 classes
[2026-03-27T11:47:17Z INFO  parabit] Iteration 3: 370 nodes, 122 classes
[2026-03-27T11:47:17Z INFO  parabit] Iteration 4: 689 nodes, 189 classes
[2026-03-27T11:47:17Z INFO  parabit] Iteration 0: 18 nodes, 18 classes
[2026-03-27T11:47:17Z INFO  parabit] Iteration 1: 81 nodes, 49 classes
[2026-03-27T11:47:17Z INFO  parabit] Iteration 2: 176 nodes, 78 classes
[2026-03-27T11:47:17Z INFO  parabit] Iteration 3: 370 nodes, 122 classes
[2026-03-27T11:47:17Z INFO  parabit] Iteration 4: 689 nodes, 189 classes
[2026-03-27T11:47:17Z INFO  parabit] Iteration 0: 18 nodes, 18 classes
[2026-03-27T11:47:17Z INFO  parabit] Iteration 1: 81 nodes, 49 classes
[2026-03-27T11:47:17Z INFO  parabit] Iteration 2: 176 nodes, 78 classes
[2026-03-27T11:47:17Z INFO  parabit] Iteration 3: 370 nodes, 122 classes
[2026-03-27T11:47:17Z INFO  parabit] Iteration 4: 689 nodes, 189 classes
[2026-03-27T11:47:17Z INFO  parabit] Iteration 0: 18 nodes, 18 classes
[2026-03-27T11:47:17Z INFO  parabit] Iteration 1: 81 nodes, 49 classes
[2026-03-27T11:47:17Z INFO  parabit] Iteration 2: 176 nodes, 78 classes
[2026-03-27T11:47:17Z INFO  parabit] Iteration 3: 370 nodes, 122 classes
[2026-03-27T11:47:17Z INFO  parabit] Iteration 4: 689 nodes, 189 classes
[2026-03-27T11:47:17Z INFO  parabit] Iteration 0: 18 nodes, 18 classes
[2026-03-27T11:47:17Z INFO  parabit] Iteration 1: 81 nodes, 49 classes
[2026-03-27T11:47:17Z INFO  parabit] Iteration 2: 176 nodes, 78 classes
[2026-03-27T11:47:17Z INFO  parabit] Iteration 3: 370 nodes, 122 classes
[2026-03-27T11:47:17Z INFO  parabit] Iteration 4: 689 nodes, 189 classes
[2026-03-27T11:47:17Z INFO  parabit] Iteration 0: 18 nodes, 18 classes
[2026-03-27T11:47:17Z INFO  parabit] Iteration 1: 81 nodes, 49 classes
[2026-03-27T11:47:17Z INFO  parabit] Iteration 2: 176 nodes, 78 classes
[2026-03-27T11:47:17Z INFO  parabit] Iteration 3: 370 nodes, 122 classes
[2026-03-27T11:47:17Z INFO  parabit] Iteration 4: 689 nodes, 189 classes
[2026-03-27T11:47:17Z INFO  parabit] Iteration 0: 18 nodes, 18 classes
[2026-03-27T11:47:17Z INFO  parabit] Iteration 1: 81 nodes, 49 classes
[2026-03-27T11:47:17Z INFO  parabit] Iteration 2: 176 nodes, 78 classes
[2026-03-27T11:47:17Z INFO  parabit] Iteration 3: 370 nodes, 122 classes
[2026-03-27T11:47:17Z INFO  parabit] Iteration 4: 689 nodes, 189 classes
[2026-03-27T11:47:17Z INFO  parabit] Iteration 0: 18 nodes, 18 classes
[2026-03-27T11:47:17Z INFO  parabit] Iteration 1: 81 nodes, 49 classes
[2026-03-27T11:47:17Z INFO  parabit] Iteration 2: 176 nodes, 78 classes
[2026-03-27T11:47:17Z INFO  parabit] Iteration 3: 370 nodes, 122 classes
[2026-03-27T11:47:17Z INFO  parabit] Iteration 4: 689 nodes, 189 classes
[2026-03-27T11:47:17Z INFO  parabit] Iteration 0: 18 nodes, 18 classes
[2026-03-27T11:47:17Z INFO  parabit] Iteration 1: 81 nodes, 49 classes
[2026-03-27T11:47:17Z INFO  parabit] Iteration 2: 176 nodes, 78 classes
[2026-03-27T11:47:17Z INFO  parabit] Iteration 3: 370 nodes, 122 classes
[2026-03-27T11:47:17Z INFO  parabit] Iteration 4: 689 nodes, 189 classes
[2026-03-27T11:47:17Z INFO  parabit] Iteration 0: 18 nodes, 18 classes
[2026-03-27T11:47:17Z INFO  parabit] Iteration 1: 81 nodes, 49 classes
[2026-03-27T11:47:17Z INFO  parabit] Iteration 2: 176 nodes, 78 classes
[2026-03-27T11:47:17Z INFO  parabit] Iteration 3: 370 nodes, 122 classes
[2026-03-27T11:47:17Z INFO  parabit] Iteration 4: 689 nodes, 189 classes
[2026-03-27T11:47:17Z INFO  parabit] Iteration 0: 18 nodes, 18 classes
[2026-03-27T11:47:17Z INFO  parabit] Iteration 1: 81 nodes, 49 classes
[2026-03-27T11:47:17Z INFO  parabit] Iteration 2: 176 nodes, 78 classes
[2026-03-27T11:47:17Z INFO  parabit] Iteration 3: 370 nodes, 122 classes
[2026-03-27T11:47:17Z INFO  parabit] Iteration 4: 689 nodes, 189 classes
[2026-03-27T11:47:17Z INFO  parabit] Iteration 0: 18 nodes, 18 classes
[2026-03-27T11:47:17Z INFO  parabit] Iteration 1: 81 nodes, 49 classes
[2026-03-27T11:47:17Z INFO  parabit] Iteration 2: 176 nodes, 78 classes
[2026-03-27T11:47:17Z INFO  parabit] Iteration 3: 370 nodes, 122 classes
[2026-03-27T11:47:17Z INFO  parabit] Iteration 4: 689 nodes, 189 classes
[2026-03-27T11:47:17Z INFO  parabit] Iteration 0: 18 nodes, 18 classes
[2026-03-27T11:47:17Z INFO  parabit] Iteration 1: 81 nodes, 49 classes
[2026-03-27T11:47:17Z INFO  parabit] Iteration 2: 176 nodes, 78 classes
[2026-03-27T11:47:17Z INFO  parabit] Iteration 3: 370 nodes, 122 classes
[2026-03-27T11:47:17Z INFO  parabit] Iteration 4: 689 nodes, 189 classes
[2026-03-27T11:47:17Z INFO  parabit] Iteration 0: 18 nodes, 18 classes
[2026-03-27T11:47:17Z INFO  parabit] Iteration 1: 81 nodes, 49 classes
[2026-03-27T11:47:17Z INFO  parabit] Iteration 2: 176 nodes, 78 classes
[2026-03-27T11:47:17Z INFO  parabit] Iteration 3: 370 nodes, 122 classes
[2026-03-27T11:47:17Z INFO  parabit] Iteration 4: 689 nodes, 189 classes
[2026-03-27T11:47:17Z INFO  parabit] Iteration 0: 18 nodes, 18 classes
[2026-03-27T11:47:17Z INFO  parabit] Iteration 1: 81 nodes, 49 classes
[2026-03-27T11:47:17Z INFO  parabit] Iteration 2: 176 nodes, 78 classes
[2026-03-27T11:47:17Z INFO  parabit] Iteration 3: 370 nodes, 122 classes
[2026-03-27T11:47:17Z INFO  parabit] Iteration 4: 689 nodes, 189 classes
[2026-03-27T11:47:17Z INFO  parabit] Iteration 0: 18 nodes, 18 classes
[2026-03-27T11:47:17Z INFO  parabit] Iteration 1: 81 nodes, 49 classes
[2026-03-27T11:47:17Z INFO  parabit] Iteration 2: 176 nodes, 78 classes
[2026-03-27T11:47:17Z INFO  parabit] Iteration 3: 370 nodes, 122 classes
[2026-03-27T11:47:17Z INFO  parabit] Iteration 4: 689 nodes, 189 classes
[2026-03-27T11:47:17Z INFO  parabit] Iteration 0: 18 nodes, 18 classes
[2026-03-27T11:47:17Z INFO  parabit] Iteration 1: 81 nodes, 49 classes
[2026-03-27T11:47:17Z INFO  parabit] Iteration 2: 176 nodes, 78 classes
[2026-03-27T11:47:17Z INFO  parabit] Iteration 3: 370 nodes, 122 classes
[2026-03-27T11:47:17Z INFO  parabit] Iteration 4: 689 nodes, 189 classes
[2026-03-27T11:47:17Z INFO  parabit] Iteration 0: 18 nodes, 18 classes
[2026-03-27T11:47:17Z INFO  parabit] Iteration 1: 81 nodes, 49 classes
[2026-03-27T11:47:17Z INFO  parabit] Iteration 2: 176 nodes, 78 classes
[2026-03-27T11:47:17Z INFO  parabit] Iteration 3: 370 nodes, 122 classes
[2026-03-27T11:47:17Z INFO  parabit] Iteration 4: 689 nodes, 189 classes
[2026-03-27T11:47:18Z INFO  parabit] Iteration 0: 18 nodes, 18 classes
[2026-03-27T11:47:18Z INFO  parabit] Iteration 1: 81 nodes, 49 classes
[2026-03-27T11:47:18Z INFO  parabit] Iteration 2: 176 nodes, 78 classes
[2026-03-27T11:47:18Z INFO  parabit] Iteration 3: 370 nodes, 122 classes
[2026-03-27T11:47:18Z INFO  parabit] Iteration 4: 689 nodes, 189 classes
[2026-03-27T11:47:18Z INFO  parabit] Iteration 0: 18 nodes, 18 classes
[2026-03-27T11:47:18Z INFO  parabit] Iteration 1: 81 nodes, 49 classes
[2026-03-27T11:47:18Z INFO  parabit] Iteration 2: 176 nodes, 78 classes
[2026-03-27T11:47:18Z INFO  parabit] Iteration 3: 370 nodes, 122 classes
[2026-03-27T11:47:18Z INFO  parabit] Iteration 4: 689 nodes, 189 classes
[2026-03-27T11:47:18Z INFO  parabit] Iteration 0: 18 nodes, 18 classes
[2026-03-27T11:47:18Z INFO  parabit] Iteration 1: 81 nodes, 49 classes
[2026-03-27T11:47:18Z INFO  parabit] Iteration 2: 176 nodes, 78 classes
[2026-03-27T11:47:18Z INFO  parabit] Iteration 3: 370 nodes, 122 classes
[2026-03-27T11:47:18Z INFO  parabit] Iteration 4: 689 nodes, 189 classes
[2026-03-27T11:47:18Z INFO  parabit] Iteration 0: 18 nodes, 18 classes
[2026-03-27T11:47:18Z INFO  parabit] Iteration 1: 81 nodes, 49 classes
[2026-03-27T11:47:18Z INFO  parabit] Iteration 2: 176 nodes, 78 classes
[2026-03-27T11:47:18Z INFO  parabit] Iteration 3: 370 nodes, 122 classes
[2026-03-27T11:47:18Z INFO  parabit] Iteration 4: 689 nodes, 189 classes
[2026-03-27T11:47:18Z INFO  parabit] Iteration 0: 18 nodes, 18 classes
[2026-03-27T11:47:18Z INFO  parabit] Iteration 1: 81 nodes, 49 classes
[2026-03-27T11:47:18Z INFO  parabit] Iteration 2: 176 nodes, 78 classes
[2026-03-27T11:47:18Z INFO  parabit] Iteration 3: 370 nodes, 122 classes
[2026-03-27T11:47:18Z INFO  parabit] Iteration 4: 689 nodes, 189 classes
[2026-03-27T11:47:18Z INFO  parabit] Iteration 0: 18 nodes, 18 classes
[2026-03-27T11:47:18Z INFO  parabit] Iteration 1: 81 nodes, 49 classes
[2026-03-27T11:47:18Z INFO  parabit] Iteration 2: 176 nodes, 78 classes
[2026-03-27T11:47:18Z INFO  parabit] Iteration 3: 370 nodes, 122 classes
[2026-03-27T11:47:18Z INFO  parabit] Iteration 4: 689 nodes, 189 classes
[2026-03-27T11:47:18Z INFO  parabit] Iteration 0: 18 nodes, 18 classes
[2026-03-27T11:47:18Z INFO  parabit] Iteration 1: 81 nodes, 49 classes
[2026-03-27T11:47:18Z INFO  parabit] Iteration 2: 176 nodes, 78 classes
[2026-03-27T11:47:18Z INFO  parabit] Iteration 3: 370 nodes, 122 classes
[2026-03-27T11:47:18Z INFO  parabit] Iteration 4: 689 nodes, 189 classes
[2026-03-27T11:47:18Z INFO  parabit] Iteration 0: 18 nodes, 18 classes
[2026-03-27T11:47:18Z INFO  parabit] Iteration 1: 81 nodes, 49 classes
[2026-03-27T11:47:18Z INFO  parabit] Iteration 2: 176 nodes, 78 classes
[2026-03-27T11:47:18Z INFO  parabit] Iteration 3: 370 nodes, 122 classes
[2026-03-27T11:47:18Z INFO  parabit] Iteration 4: 689 nodes, 189 classes
[2026-03-27T11:47:18Z INFO  parabit] Iteration 0: 18 nodes, 18 classes
[2026-03-27T11:47:18Z INFO  parabit] Iteration 1: 81 nodes, 49 classes
[2026-03-27T11:47:18Z INFO  parabit] Iteration 2: 176 nodes, 78 classes
[2026-03-27T11:47:18Z INFO  parabit] Iteration 3: 370 nodes, 122 classes
[2026-03-27T11:47:18Z INFO  parabit] Iteration 4: 689 nodes, 189 classes
[2026-03-27T11:47:18Z INFO  parabit] Iteration 0: 18 nodes, 18 classes
[2026-03-27T11:47:18Z INFO  parabit] Iteration 1: 81 nodes, 49 classes
[2026-03-27T11:47:18Z INFO  parabit] Iteration 2: 176 nodes, 78 classes
[2026-03-27T11:47:18Z INFO  parabit] Iteration 3: 370 nodes, 122 classes
[2026-03-27T11:47:18Z INFO  parabit] Iteration 4: 689 nodes, 189 classes
[2026-03-27T11:47:18Z INFO  parabit] Iteration 0: 18 nodes, 18 classes
[2026-03-27T11:47:18Z INFO  parabit] Iteration 1: 81 nodes, 49 classes
[2026-03-27T11:47:18Z INFO  parabit] Iteration 2: 176 nodes, 78 classes
[2026-03-27T11:47:18Z INFO  parabit] Iteration 3: 370 nodes, 122 classes
[2026-03-27T11:47:18Z INFO  parabit] Iteration 4: 689 nodes, 189 classes
[2026-03-27T11:47:18Z INFO  parabit] Iteration 0: 18 nodes, 18 classes
[2026-03-27T11:47:18Z INFO  parabit] Iteration 1: 81 nodes, 49 classes
[2026-03-27T11:47:18Z INFO  parabit] Iteration 2: 176 nodes, 78 classes
[2026-03-27T11:47:18Z INFO  parabit] Iteration 3: 370 nodes, 122 classes
[2026-03-27T11:47:18Z INFO  parabit] Iteration 4: 689 nodes, 189 classes
[2026-03-27T11:47:18Z INFO  parabit] Iteration 0: 18 nodes, 18 classes
[2026-03-27T11:47:18Z INFO  parabit] Iteration 1: 81 nodes, 49 classes
[2026-03-27T11:47:18Z INFO  parabit] Iteration 2: 176 nodes, 78 classes
[2026-03-27T11:47:18Z INFO  parabit] Iteration 3: 370 nodes, 122 classes
[2026-03-27T11:47:18Z INFO  parabit] Iteration 4: 689 nodes, 189 classes
[2026-03-27T11:47:18Z INFO  parabit] Iteration 0: 18 nodes, 18 classes
[2026-03-27T11:47:18Z INFO  parabit] Iteration 1: 81 nodes, 49 classes
[2026-03-27T11:47:18Z INFO  parabit] Iteration 2: 176 nodes, 78 classes
[2026-03-27T11:47:18Z INFO  parabit] Iteration 3: 370 nodes, 122 classes
[2026-03-27T11:47:18Z INFO  parabit] Iteration 4: 689 nodes, 189 classes
{"elapsed":1.03, "maxrss":6688}
