[2026-03-27T17:16:40Z WARN  parabit] Sanitised input expression 0 from:
    (bw k (and (bw k (or (bw k "%A") (bw k "%B"))) (bw k (xor (bw k (and (bw k "%A") (bw k "%B"))) (bw k (not (bw k 0)))))))
    to:
    (bw k (and (bw k (or (bw k var_A) (bw k var_B))) (bw k (xor (bw k (and (bw k var_A) (bw k var_B))) (bw k (not (bw k 0)))))))
[2026-03-27T17:16:40Z WARN  parabit] Sanitised input expression 0 from:
    (bw k (xor (bw k "%A") (bw k "%B")))
    to:
    (bw k (xor (bw k var_A) (bw k var_B)))
[2026-03-27T17:16:40Z INFO  parabit] Running parabit on file: AndOrXor_1241_values_0
[2026-03-27T17:16:40Z INFO  parabit] Iteration 0: 20 nodes, 20 classes
[2026-03-27T17:16:40Z INFO  parabit] Iteration 1: 82 nodes, 40 classes
[2026-03-27T17:16:40Z INFO  parabit] Iteration 2: 141 nodes, 50 classes
[2026-03-27T17:16:40Z INFO  parabit] Iteration 3: 236 nodes, 59 classes
[2026-03-27T17:16:40Z INFO  parabit] Iteration 0: 20 nodes, 20 classes
[2026-03-27T17:16:40Z INFO  parabit] Iteration 1: 82 nodes, 40 classes
[2026-03-27T17:16:40Z INFO  parabit] Iteration 2: 141 nodes, 50 classes
[2026-03-27T17:16:40Z INFO  parabit] Iteration 3: 236 nodes, 59 classes
[2026-03-27T17:16:40Z INFO  parabit] Iteration 0: 20 nodes, 20 classes
[2026-03-27T17:16:40Z INFO  parabit] Iteration 1: 82 nodes, 40 classes
[2026-03-27T17:16:40Z INFO  parabit] Iteration 2: 141 nodes, 50 classes
[2026-03-27T17:16:40Z INFO  parabit] Iteration 3: 236 nodes, 59 classes
[2026-03-27T17:16:40Z INFO  parabit] Iteration 0: 20 nodes, 20 classes
[2026-03-27T17:16:40Z INFO  parabit] Iteration 1: 82 nodes, 40 classes
[2026-03-27T17:16:40Z INFO  parabit] Iteration 2: 141 nodes, 50 classes
[2026-03-27T17:16:40Z INFO  parabit] Iteration 3: 236 nodes, 59 classes
[2026-03-27T17:16:40Z INFO  parabit] Iteration 0: 20 nodes, 20 classes
[2026-03-27T17:16:40Z INFO  parabit] Iteration 1: 82 nodes, 40 classes
[2026-03-27T17:16:40Z INFO  parabit] Iteration 2: 141 nodes, 50 classes
[2026-03-27T17:16:40Z INFO  parabit] Iteration 3: 236 nodes, 59 classes
[2026-03-27T17:16:40Z INFO  parabit] Iteration 0: 20 nodes, 20 classes
[2026-03-27T17:16:40Z INFO  parabit] Iteration 1: 82 nodes, 40 classes
[2026-03-27T17:16:40Z INFO  parabit] Iteration 2: 141 nodes, 50 classes
[2026-03-27T17:16:40Z INFO  parabit] Iteration 3: 236 nodes, 59 classes
[2026-03-27T17:16:40Z INFO  parabit] Iteration 0: 20 nodes, 20 classes
[2026-03-27T17:16:40Z INFO  parabit] Iteration 1: 82 nodes, 40 classes
[2026-03-27T17:16:40Z INFO  parabit] Iteration 2: 141 nodes, 50 classes
[2026-03-27T17:16:40Z INFO  parabit] Iteration 3: 236 nodes, 59 classes
[2026-03-27T17:16:40Z INFO  parabit] Iteration 0: 20 nodes, 20 classes
[2026-03-27T17:16:40Z INFO  parabit] Iteration 1: 82 nodes, 40 classes
[2026-03-27T17:16:40Z INFO  parabit] Iteration 2: 141 nodes, 50 classes
[2026-03-27T17:16:40Z INFO  parabit] Iteration 3: 236 nodes, 59 classes
[2026-03-27T17:16:40Z INFO  parabit] Iteration 0: 20 nodes, 20 classes
[2026-03-27T17:16:40Z INFO  parabit] Iteration 1: 82 nodes, 40 classes
[2026-03-27T17:16:40Z INFO  parabit] Iteration 2: 141 nodes, 50 classes
[2026-03-27T17:16:40Z INFO  parabit] Iteration 3: 236 nodes, 59 classes
[2026-03-27T17:16:40Z INFO  parabit] Iteration 0: 20 nodes, 20 classes
[2026-03-27T17:16:40Z INFO  parabit] Iteration 1: 82 nodes, 40 classes
[2026-03-27T17:16:40Z INFO  parabit] Iteration 2: 141 nodes, 50 classes
[2026-03-27T17:16:40Z INFO  parabit] Iteration 3: 236 nodes, 59 classes
[2026-03-27T17:16:40Z INFO  parabit] Iteration 0: 20 nodes, 20 classes
[2026-03-27T17:16:40Z INFO  parabit] Iteration 1: 82 nodes, 40 classes
[2026-03-27T17:16:40Z INFO  parabit] Iteration 2: 141 nodes, 50 classes
[2026-03-27T17:16:40Z INFO  parabit] Iteration 3: 236 nodes, 59 classes
[2026-03-27T17:16:40Z INFO  parabit] Iteration 0: 20 nodes, 20 classes
[2026-03-27T17:16:40Z INFO  parabit] Iteration 1: 82 nodes, 40 classes
[2026-03-27T17:16:40Z INFO  parabit] Iteration 2: 141 nodes, 50 classes
[2026-03-27T17:16:40Z INFO  parabit] Iteration 3: 236 nodes, 59 classes
[2026-03-27T17:16:40Z INFO  parabit] Iteration 0: 20 nodes, 20 classes
[2026-03-27T17:16:40Z INFO  parabit] Iteration 1: 82 nodes, 40 classes
[2026-03-27T17:16:40Z INFO  parabit] Iteration 2: 141 nodes, 50 classes
[2026-03-27T17:16:40Z INFO  parabit] Iteration 3: 236 nodes, 59 classes
[2026-03-27T17:16:40Z INFO  parabit] Iteration 0: 20 nodes, 20 classes
[2026-03-27T17:16:40Z INFO  parabit] Iteration 1: 82 nodes, 40 classes
[2026-03-27T17:16:40Z INFO  parabit] Iteration 2: 141 nodes, 50 classes
[2026-03-27T17:16:40Z INFO  parabit] Iteration 3: 236 nodes, 59 classes
[2026-03-27T17:16:40Z INFO  parabit] Iteration 0: 20 nodes, 20 classes
[2026-03-27T17:16:40Z INFO  parabit] Iteration 1: 82 nodes, 40 classes
[2026-03-27T17:16:40Z INFO  parabit] Iteration 2: 141 nodes, 50 classes
[2026-03-27T17:16:40Z INFO  parabit] Iteration 3: 236 nodes, 59 classes
[2026-03-27T17:16:40Z INFO  parabit] Iteration 0: 20 nodes, 20 classes
[2026-03-27T17:16:40Z INFO  parabit] Iteration 1: 82 nodes, 40 classes
[2026-03-27T17:16:40Z INFO  parabit] Iteration 2: 141 nodes, 50 classes
[2026-03-27T17:16:40Z INFO  parabit] Iteration 3: 236 nodes, 59 classes
[2026-03-27T17:16:40Z INFO  parabit] Iteration 0: 20 nodes, 20 classes
[2026-03-27T17:16:40Z INFO  parabit] Iteration 1: 82 nodes, 40 classes
[2026-03-27T17:16:40Z INFO  parabit] Iteration 2: 141 nodes, 50 classes
[2026-03-27T17:16:40Z INFO  parabit] Iteration 3: 236 nodes, 59 classes
[2026-03-27T17:16:40Z INFO  parabit] Iteration 0: 20 nodes, 20 classes
[2026-03-27T17:16:40Z INFO  parabit] Iteration 1: 82 nodes, 40 classes
[2026-03-27T17:16:40Z INFO  parabit] Iteration 2: 141 nodes, 50 classes
[2026-03-27T17:16:40Z INFO  parabit] Iteration 3: 236 nodes, 59 classes
[2026-03-27T17:16:40Z INFO  parabit] Iteration 0: 20 nodes, 20 classes
[2026-03-27T17:16:40Z INFO  parabit] Iteration 1: 82 nodes, 40 classes
[2026-03-27T17:16:40Z INFO  parabit] Iteration 2: 141 nodes, 50 classes
[2026-03-27T17:16:40Z INFO  parabit] Iteration 3: 236 nodes, 59 classes
[2026-03-27T17:16:40Z INFO  parabit] Iteration 0: 20 nodes, 20 classes
[2026-03-27T17:16:40Z INFO  parabit] Iteration 1: 82 nodes, 40 classes
[2026-03-27T17:16:40Z INFO  parabit] Iteration 2: 141 nodes, 50 classes
[2026-03-27T17:16:40Z INFO  parabit] Iteration 3: 236 nodes, 59 classes
[2026-03-27T17:16:40Z INFO  parabit] Iteration 0: 20 nodes, 20 classes
[2026-03-27T17:16:40Z INFO  parabit] Iteration 1: 82 nodes, 40 classes
[2026-03-27T17:16:40Z INFO  parabit] Iteration 2: 141 nodes, 50 classes
[2026-03-27T17:16:40Z INFO  parabit] Iteration 3: 236 nodes, 59 classes
[2026-03-27T17:16:40Z INFO  parabit] Iteration 0: 20 nodes, 20 classes
[2026-03-27T17:16:40Z INFO  parabit] Iteration 1: 82 nodes, 40 classes
[2026-03-27T17:16:40Z INFO  parabit] Iteration 2: 141 nodes, 50 classes
[2026-03-27T17:16:40Z INFO  parabit] Iteration 3: 236 nodes, 59 classes
[2026-03-27T17:16:40Z INFO  parabit] Iteration 0: 20 nodes, 20 classes
[2026-03-27T17:16:40Z INFO  parabit] Iteration 1: 82 nodes, 40 classes
[2026-03-27T17:16:40Z INFO  parabit] Iteration 2: 141 nodes, 50 classes
[2026-03-27T17:16:40Z INFO  parabit] Iteration 3: 236 nodes, 59 classes
[2026-03-27T17:16:40Z INFO  parabit] Iteration 0: 20 nodes, 20 classes
[2026-03-27T17:16:40Z INFO  parabit] Iteration 1: 82 nodes, 40 classes
[2026-03-27T17:16:40Z INFO  parabit] Iteration 2: 141 nodes, 50 classes
[2026-03-27T17:16:40Z INFO  parabit] Iteration 3: 236 nodes, 59 classes
[2026-03-27T17:16:40Z INFO  parabit] Iteration 0: 20 nodes, 20 classes
[2026-03-27T17:16:40Z INFO  parabit] Iteration 1: 82 nodes, 40 classes
[2026-03-27T17:16:40Z INFO  parabit] Iteration 2: 141 nodes, 50 classes
[2026-03-27T17:16:40Z INFO  parabit] Iteration 3: 236 nodes, 59 classes
[2026-03-27T17:16:40Z INFO  parabit] Iteration 0: 20 nodes, 20 classes
[2026-03-27T17:16:40Z INFO  parabit] Iteration 1: 82 nodes, 40 classes
[2026-03-27T17:16:40Z INFO  parabit] Iteration 2: 141 nodes, 50 classes
[2026-03-27T17:16:40Z INFO  parabit] Iteration 3: 236 nodes, 59 classes
[2026-03-27T17:16:40Z INFO  parabit] Iteration 0: 20 nodes, 20 classes
[2026-03-27T17:16:40Z INFO  parabit] Iteration 1: 82 nodes, 40 classes
[2026-03-27T17:16:40Z INFO  parabit] Iteration 2: 141 nodes, 50 classes
[2026-03-27T17:16:40Z INFO  parabit] Iteration 3: 236 nodes, 59 classes
[2026-03-27T17:16:40Z INFO  parabit] Iteration 0: 20 nodes, 20 classes
[2026-03-27T17:16:40Z INFO  parabit] Iteration 1: 82 nodes, 40 classes
[2026-03-27T17:16:40Z INFO  parabit] Iteration 2: 141 nodes, 50 classes
[2026-03-27T17:16:40Z INFO  parabit] Iteration 3: 236 nodes, 59 classes
[2026-03-27T17:16:40Z INFO  parabit] Iteration 0: 20 nodes, 20 classes
[2026-03-27T17:16:40Z INFO  parabit] Iteration 1: 82 nodes, 40 classes
[2026-03-27T17:16:40Z INFO  parabit] Iteration 2: 141 nodes, 50 classes
[2026-03-27T17:16:40Z INFO  parabit] Iteration 3: 236 nodes, 59 classes
[2026-03-27T17:16:40Z INFO  parabit] Iteration 0: 20 nodes, 20 classes
[2026-03-27T17:16:40Z INFO  parabit] Iteration 1: 82 nodes, 40 classes
[2026-03-27T17:16:40Z INFO  parabit] Iteration 2: 141 nodes, 50 classes
[2026-03-27T17:16:40Z INFO  parabit] Iteration 3: 236 nodes, 59 classes
[2026-03-27T17:16:40Z INFO  parabit] Iteration 0: 20 nodes, 20 classes
[2026-03-27T17:16:40Z INFO  parabit] Iteration 1: 82 nodes, 40 classes
[2026-03-27T17:16:40Z INFO  parabit] Iteration 2: 141 nodes, 50 classes
[2026-03-27T17:16:40Z INFO  parabit] Iteration 3: 236 nodes, 59 classes
[2026-03-27T17:16:40Z INFO  parabit] Iteration 0: 20 nodes, 20 classes
[2026-03-27T17:16:40Z INFO  parabit] Iteration 1: 82 nodes, 40 classes
[2026-03-27T17:16:40Z INFO  parabit] Iteration 2: 141 nodes, 50 classes
[2026-03-27T17:16:40Z INFO  parabit] Iteration 3: 236 nodes, 59 classes
[2026-03-27T17:16:40Z INFO  parabit] Iteration 0: 20 nodes, 20 classes
[2026-03-27T17:16:40Z INFO  parabit] Iteration 1: 82 nodes, 40 classes
[2026-03-27T17:16:40Z INFO  parabit] Iteration 2: 141 nodes, 50 classes
[2026-03-27T17:16:40Z INFO  parabit] Iteration 3: 236 nodes, 59 classes
[2026-03-27T17:16:40Z INFO  parabit] Iteration 0: 20 nodes, 20 classes
[2026-03-27T17:16:40Z INFO  parabit] Iteration 1: 82 nodes, 40 classes
[2026-03-27T17:16:40Z INFO  parabit] Iteration 2: 141 nodes, 50 classes
[2026-03-27T17:16:40Z INFO  parabit] Iteration 3: 236 nodes, 59 classes
[2026-03-27T17:16:40Z INFO  parabit] Iteration 0: 20 nodes, 20 classes
[2026-03-27T17:16:40Z INFO  parabit] Iteration 1: 82 nodes, 40 classes
[2026-03-27T17:16:40Z INFO  parabit] Iteration 2: 141 nodes, 50 classes
[2026-03-27T17:16:40Z INFO  parabit] Iteration 3: 236 nodes, 59 classes
[2026-03-27T17:16:40Z INFO  parabit] Iteration 0: 20 nodes, 20 classes
[2026-03-27T17:16:40Z INFO  parabit] Iteration 1: 82 nodes, 40 classes
[2026-03-27T17:16:40Z INFO  parabit] Iteration 2: 141 nodes, 50 classes
[2026-03-27T17:16:40Z INFO  parabit] Iteration 3: 236 nodes, 59 classes
[2026-03-27T17:16:40Z INFO  parabit] Iteration 0: 20 nodes, 20 classes
[2026-03-27T17:16:40Z INFO  parabit] Iteration 1: 82 nodes, 40 classes
[2026-03-27T17:16:40Z INFO  parabit] Iteration 2: 141 nodes, 50 classes
[2026-03-27T17:16:40Z INFO  parabit] Iteration 3: 236 nodes, 59 classes
[2026-03-27T17:16:40Z INFO  parabit] Iteration 0: 20 nodes, 20 classes
[2026-03-27T17:16:40Z INFO  parabit] Iteration 1: 82 nodes, 40 classes
[2026-03-27T17:16:40Z INFO  parabit] Iteration 2: 141 nodes, 50 classes
[2026-03-27T17:16:40Z INFO  parabit] Iteration 3: 236 nodes, 59 classes
[2026-03-27T17:16:40Z INFO  parabit] Iteration 0: 20 nodes, 20 classes
[2026-03-27T17:16:40Z INFO  parabit] Iteration 1: 82 nodes, 40 classes
[2026-03-27T17:16:40Z INFO  parabit] Iteration 2: 141 nodes, 50 classes
[2026-03-27T17:16:40Z INFO  parabit] Iteration 3: 236 nodes, 59 classes
[2026-03-27T17:16:40Z INFO  parabit] Iteration 0: 20 nodes, 20 classes
[2026-03-27T17:16:40Z INFO  parabit] Iteration 1: 82 nodes, 40 classes
[2026-03-27T17:16:40Z INFO  parabit] Iteration 2: 141 nodes, 50 classes
[2026-03-27T17:16:40Z INFO  parabit] Iteration 3: 236 nodes, 59 classes
[2026-03-27T17:16:40Z INFO  parabit] Iteration 0: 20 nodes, 20 classes
[2026-03-27T17:16:40Z INFO  parabit] Iteration 1: 82 nodes, 40 classes
[2026-03-27T17:16:40Z INFO  parabit] Iteration 2: 141 nodes, 50 classes
[2026-03-27T17:16:40Z INFO  parabit] Iteration 3: 236 nodes, 59 classes
[2026-03-27T17:16:40Z INFO  parabit] Iteration 0: 20 nodes, 20 classes
[2026-03-27T17:16:40Z INFO  parabit] Iteration 1: 82 nodes, 40 classes
[2026-03-27T17:16:40Z INFO  parabit] Iteration 2: 141 nodes, 50 classes
[2026-03-27T17:16:40Z INFO  parabit] Iteration 3: 236 nodes, 59 classes
[2026-03-27T17:16:40Z INFO  parabit] Iteration 0: 20 nodes, 20 classes
[2026-03-27T17:16:40Z INFO  parabit] Iteration 1: 82 nodes, 40 classes
[2026-03-27T17:16:40Z INFO  parabit] Iteration 2: 141 nodes, 50 classes
[2026-03-27T17:16:40Z INFO  parabit] Iteration 3: 236 nodes, 59 classes
[2026-03-27T17:16:40Z INFO  parabit] Iteration 0: 20 nodes, 20 classes
[2026-03-27T17:16:40Z INFO  parabit] Iteration 1: 82 nodes, 40 classes
[2026-03-27T17:16:40Z INFO  parabit] Iteration 2: 141 nodes, 50 classes
[2026-03-27T17:16:40Z INFO  parabit] Iteration 3: 236 nodes, 59 classes
[2026-03-27T17:16:40Z INFO  parabit] Iteration 0: 20 nodes, 20 classes
[2026-03-27T17:16:40Z INFO  parabit] Iteration 1: 82 nodes, 40 classes
[2026-03-27T17:16:40Z INFO  parabit] Iteration 2: 141 nodes, 50 classes
[2026-03-27T17:16:40Z INFO  parabit] Iteration 3: 236 nodes, 59 classes
[2026-03-27T17:16:40Z INFO  parabit] Iteration 0: 20 nodes, 20 classes
[2026-03-27T17:16:40Z INFO  parabit] Iteration 1: 82 nodes, 40 classes
[2026-03-27T17:16:40Z INFO  parabit] Iteration 2: 141 nodes, 50 classes
[2026-03-27T17:16:40Z INFO  parabit] Iteration 3: 236 nodes, 59 classes
[2026-03-27T17:16:40Z INFO  parabit] Iteration 0: 20 nodes, 20 classes
[2026-03-27T17:16:40Z INFO  parabit] Iteration 1: 82 nodes, 40 classes
[2026-03-27T17:16:40Z INFO  parabit] Iteration 2: 141 nodes, 50 classes
[2026-03-27T17:16:40Z INFO  parabit] Iteration 3: 236 nodes, 59 classes
[2026-03-27T17:16:40Z INFO  parabit] Iteration 0: 20 nodes, 20 classes
[2026-03-27T17:16:40Z INFO  parabit] Iteration 1: 82 nodes, 40 classes
[2026-03-27T17:16:40Z INFO  parabit] Iteration 2: 141 nodes, 50 classes
[2026-03-27T17:16:40Z INFO  parabit] Iteration 3: 236 nodes, 59 classes
[2026-03-27T17:16:40Z INFO  parabit] Iteration 0: 20 nodes, 20 classes
[2026-03-27T17:16:40Z INFO  parabit] Iteration 1: 82 nodes, 40 classes
[2026-03-27T17:16:40Z INFO  parabit] Iteration 2: 141 nodes, 50 classes
[2026-03-27T17:16:40Z INFO  parabit] Iteration 3: 236 nodes, 59 classes
[2026-03-27T17:16:41Z INFO  parabit] Iteration 0: 20 nodes, 20 classes
[2026-03-27T17:16:41Z INFO  parabit] Iteration 1: 82 nodes, 40 classes
[2026-03-27T17:16:41Z INFO  parabit] Iteration 2: 141 nodes, 50 classes
[2026-03-27T17:16:41Z INFO  parabit] Iteration 3: 236 nodes, 59 classes
[2026-03-27T17:16:41Z INFO  parabit] Iteration 0: 20 nodes, 20 classes
[2026-03-27T17:16:41Z INFO  parabit] Iteration 1: 82 nodes, 40 classes
[2026-03-27T17:16:41Z INFO  parabit] Iteration 2: 141 nodes, 50 classes
[2026-03-27T17:16:41Z INFO  parabit] Iteration 3: 236 nodes, 59 classes
[2026-03-27T17:16:41Z INFO  parabit] Iteration 0: 20 nodes, 20 classes
[2026-03-27T17:16:41Z INFO  parabit] Iteration 1: 82 nodes, 40 classes
[2026-03-27T17:16:41Z INFO  parabit] Iteration 2: 141 nodes, 50 classes
[2026-03-27T17:16:41Z INFO  parabit] Iteration 3: 236 nodes, 59 classes
[2026-03-27T17:16:41Z INFO  parabit] Iteration 0: 20 nodes, 20 classes
[2026-03-27T17:16:41Z INFO  parabit] Iteration 1: 82 nodes, 40 classes
[2026-03-27T17:16:41Z INFO  parabit] Iteration 2: 141 nodes, 50 classes
[2026-03-27T17:16:41Z INFO  parabit] Iteration 3: 236 nodes, 59 classes
[2026-03-27T17:16:41Z INFO  parabit] Iteration 0: 20 nodes, 20 classes
[2026-03-27T17:16:41Z INFO  parabit] Iteration 1: 82 nodes, 40 classes
[2026-03-27T17:16:41Z INFO  parabit] Iteration 2: 141 nodes, 50 classes
[2026-03-27T17:16:41Z INFO  parabit] Iteration 3: 236 nodes, 59 classes
[2026-03-27T17:16:41Z INFO  parabit] Iteration 0: 20 nodes, 20 classes
[2026-03-27T17:16:41Z INFO  parabit] Iteration 1: 82 nodes, 40 classes
[2026-03-27T17:16:41Z INFO  parabit] Iteration 2: 141 nodes, 50 classes
[2026-03-27T17:16:41Z INFO  parabit] Iteration 3: 236 nodes, 59 classes
[2026-03-27T17:16:41Z INFO  parabit] Iteration 0: 20 nodes, 20 classes
[2026-03-27T17:16:41Z INFO  parabit] Iteration 1: 82 nodes, 40 classes
[2026-03-27T17:16:41Z INFO  parabit] Iteration 2: 141 nodes, 50 classes
[2026-03-27T17:16:41Z INFO  parabit] Iteration 3: 236 nodes, 59 classes
[2026-03-27T17:16:41Z INFO  parabit] Iteration 0: 20 nodes, 20 classes
[2026-03-27T17:16:41Z INFO  parabit] Iteration 1: 82 nodes, 40 classes
[2026-03-27T17:16:41Z INFO  parabit] Iteration 2: 141 nodes, 50 classes
[2026-03-27T17:16:41Z INFO  parabit] Iteration 3: 236 nodes, 59 classes
[2026-03-27T17:16:41Z INFO  parabit] Iteration 0: 20 nodes, 20 classes
[2026-03-27T17:16:41Z INFO  parabit] Iteration 1: 82 nodes, 40 classes
[2026-03-27T17:16:41Z INFO  parabit] Iteration 2: 141 nodes, 50 classes
[2026-03-27T17:16:41Z INFO  parabit] Iteration 3: 236 nodes, 59 classes
[2026-03-27T17:16:41Z INFO  parabit] Iteration 0: 20 nodes, 20 classes
[2026-03-27T17:16:41Z INFO  parabit] Iteration 1: 82 nodes, 40 classes
[2026-03-27T17:16:41Z INFO  parabit] Iteration 2: 141 nodes, 50 classes
[2026-03-27T17:16:41Z INFO  parabit] Iteration 3: 236 nodes, 59 classes
[2026-03-27T17:16:41Z INFO  parabit] Iteration 0: 20 nodes, 20 classes
[2026-03-27T17:16:41Z INFO  parabit] Iteration 1: 82 nodes, 40 classes
[2026-03-27T17:16:41Z INFO  parabit] Iteration 2: 141 nodes, 50 classes
[2026-03-27T17:16:41Z INFO  parabit] Iteration 3: 236 nodes, 59 classes
[2026-03-27T17:16:41Z INFO  parabit] Iteration 0: 20 nodes, 20 classes
[2026-03-27T17:16:41Z INFO  parabit] Iteration 1: 82 nodes, 40 classes
[2026-03-27T17:16:41Z INFO  parabit] Iteration 2: 141 nodes, 50 classes
[2026-03-27T17:16:41Z INFO  parabit] Iteration 3: 236 nodes, 59 classes
[2026-03-27T17:16:41Z INFO  parabit] Iteration 0: 20 nodes, 20 classes
[2026-03-27T17:16:41Z INFO  parabit] Iteration 1: 82 nodes, 40 classes
[2026-03-27T17:16:41Z INFO  parabit] Iteration 2: 141 nodes, 50 classes
[2026-03-27T17:16:41Z INFO  parabit] Iteration 3: 236 nodes, 59 classes
[2026-03-27T17:16:41Z INFO  parabit] Iteration 0: 20 nodes, 20 classes
[2026-03-27T17:16:41Z INFO  parabit] Iteration 1: 82 nodes, 40 classes
[2026-03-27T17:16:41Z INFO  parabit] Iteration 2: 141 nodes, 50 classes
[2026-03-27T17:16:41Z INFO  parabit] Iteration 3: 236 nodes, 59 classes
[2026-03-27T17:16:41Z INFO  parabit] Iteration 0: 20 nodes, 20 classes
[2026-03-27T17:16:41Z INFO  parabit] Iteration 1: 82 nodes, 40 classes
[2026-03-27T17:16:41Z INFO  parabit] Iteration 2: 141 nodes, 50 classes
[2026-03-27T17:16:41Z INFO  parabit] Iteration 3: 236 nodes, 59 classes
[2026-03-27T17:16:41Z INFO  parabit] Iteration 0: 20 nodes, 20 classes
[2026-03-27T17:16:41Z INFO  parabit] Iteration 1: 82 nodes, 40 classes
[2026-03-27T17:16:41Z INFO  parabit] Iteration 2: 141 nodes, 50 classes
[2026-03-27T17:16:41Z INFO  parabit] Iteration 3: 236 nodes, 59 classes
[2026-03-27T17:16:41Z INFO  parabit] Iteration 0: 20 nodes, 20 classes
[2026-03-27T17:16:41Z INFO  parabit] Iteration 1: 82 nodes, 40 classes
[2026-03-27T17:16:41Z INFO  parabit] Iteration 2: 141 nodes, 50 classes
[2026-03-27T17:16:41Z INFO  parabit] Iteration 3: 236 nodes, 59 classes
[2026-03-27T17:16:41Z INFO  parabit] Iteration 0: 20 nodes, 20 classes
[2026-03-27T17:16:41Z INFO  parabit] Iteration 1: 82 nodes, 40 classes
[2026-03-27T17:16:41Z INFO  parabit] Iteration 2: 141 nodes, 50 classes
[2026-03-27T17:16:41Z INFO  parabit] Iteration 3: 236 nodes, 59 classes
[2026-03-27T17:16:41Z INFO  parabit] Iteration 0: 20 nodes, 20 classes
[2026-03-27T17:16:41Z INFO  parabit] Iteration 1: 82 nodes, 40 classes
[2026-03-27T17:16:41Z INFO  parabit] Iteration 2: 141 nodes, 50 classes
[2026-03-27T17:16:41Z INFO  parabit] Iteration 3: 236 nodes, 59 classes
[2026-03-27T17:16:41Z INFO  parabit] Iteration 0: 20 nodes, 20 classes
[2026-03-27T17:16:41Z INFO  parabit] Iteration 1: 82 nodes, 40 classes
[2026-03-27T17:16:41Z INFO  parabit] Iteration 2: 141 nodes, 50 classes
[2026-03-27T17:16:41Z INFO  parabit] Iteration 3: 236 nodes, 59 classes
[2026-03-27T17:16:41Z INFO  parabit] Iteration 0: 20 nodes, 20 classes
[2026-03-27T17:16:41Z INFO  parabit] Iteration 1: 82 nodes, 40 classes
[2026-03-27T17:16:41Z INFO  parabit] Iteration 2: 141 nodes, 50 classes
[2026-03-27T17:16:41Z INFO  parabit] Iteration 3: 236 nodes, 59 classes
[2026-03-27T17:16:41Z INFO  parabit] Iteration 0: 20 nodes, 20 classes
[2026-03-27T17:16:41Z INFO  parabit] Iteration 1: 82 nodes, 40 classes
[2026-03-27T17:16:41Z INFO  parabit] Iteration 2: 141 nodes, 50 classes
[2026-03-27T17:16:41Z INFO  parabit] Iteration 3: 236 nodes, 59 classes
[2026-03-27T17:16:41Z INFO  parabit] Iteration 0: 20 nodes, 20 classes
[2026-03-27T17:16:41Z INFO  parabit] Iteration 1: 82 nodes, 40 classes
[2026-03-27T17:16:41Z INFO  parabit] Iteration 2: 141 nodes, 50 classes
[2026-03-27T17:16:41Z INFO  parabit] Iteration 3: 236 nodes, 59 classes
[2026-03-27T17:16:41Z INFO  parabit] Iteration 0: 20 nodes, 20 classes
[2026-03-27T17:16:41Z INFO  parabit] Iteration 1: 82 nodes, 40 classes
[2026-03-27T17:16:41Z INFO  parabit] Iteration 2: 141 nodes, 50 classes
[2026-03-27T17:16:41Z INFO  parabit] Iteration 3: 236 nodes, 59 classes
[2026-03-27T17:16:41Z INFO  parabit] Iteration 0: 20 nodes, 20 classes
[2026-03-27T17:16:41Z INFO  parabit] Iteration 1: 82 nodes, 40 classes
[2026-03-27T17:16:41Z INFO  parabit] Iteration 2: 141 nodes, 50 classes
[2026-03-27T17:16:41Z INFO  parabit] Iteration 3: 236 nodes, 59 classes
[2026-03-27T17:16:41Z INFO  parabit] Iteration 0: 20 nodes, 20 classes
[2026-03-27T17:16:41Z INFO  parabit] Iteration 1: 82 nodes, 40 classes
[2026-03-27T17:16:41Z INFO  parabit] Iteration 2: 141 nodes, 50 classes
[2026-03-27T17:16:41Z INFO  parabit] Iteration 3: 236 nodes, 59 classes
[2026-03-27T17:16:41Z INFO  parabit] Iteration 0: 20 nodes, 20 classes
[2026-03-27T17:16:41Z INFO  parabit] Iteration 1: 82 nodes, 40 classes
[2026-03-27T17:16:41Z INFO  parabit] Iteration 2: 141 nodes, 50 classes
[2026-03-27T17:16:41Z INFO  parabit] Iteration 3: 236 nodes, 59 classes
[2026-03-27T17:16:41Z INFO  parabit] Iteration 0: 20 nodes, 20 classes
[2026-03-27T17:16:41Z INFO  parabit] Iteration 1: 82 nodes, 40 classes
[2026-03-27T17:16:41Z INFO  parabit] Iteration 2: 141 nodes, 50 classes
[2026-03-27T17:16:41Z INFO  parabit] Iteration 3: 236 nodes, 59 classes
[2026-03-27T17:16:41Z INFO  parabit] Iteration 0: 20 nodes, 20 classes
[2026-03-27T17:16:41Z INFO  parabit] Iteration 1: 82 nodes, 40 classes
[2026-03-27T17:16:41Z INFO  parabit] Iteration 2: 141 nodes, 50 classes
[2026-03-27T17:16:41Z INFO  parabit] Iteration 3: 236 nodes, 59 classes
[2026-03-27T17:16:41Z INFO  parabit] Iteration 0: 20 nodes, 20 classes
[2026-03-27T17:16:41Z INFO  parabit] Iteration 1: 82 nodes, 40 classes
[2026-03-27T17:16:41Z INFO  parabit] Iteration 2: 141 nodes, 50 classes
[2026-03-27T17:16:41Z INFO  parabit] Iteration 3: 236 nodes, 59 classes
[2026-03-27T17:16:41Z INFO  parabit] Iteration 0: 20 nodes, 20 classes
[2026-03-27T17:16:41Z INFO  parabit] Iteration 1: 82 nodes, 40 classes
[2026-03-27T17:16:41Z INFO  parabit] Iteration 2: 141 nodes, 50 classes
[2026-03-27T17:16:41Z INFO  parabit] Iteration 3: 236 nodes, 59 classes
[2026-03-27T17:16:41Z INFO  parabit] Iteration 0: 20 nodes, 20 classes
[2026-03-27T17:16:41Z INFO  parabit] Iteration 1: 82 nodes, 40 classes
[2026-03-27T17:16:41Z INFO  parabit] Iteration 2: 141 nodes, 50 classes
[2026-03-27T17:16:41Z INFO  parabit] Iteration 3: 236 nodes, 59 classes
[2026-03-27T17:16:41Z INFO  parabit] Iteration 0: 20 nodes, 20 classes
[2026-03-27T17:16:41Z INFO  parabit] Iteration 1: 82 nodes, 40 classes
[2026-03-27T17:16:41Z INFO  parabit] Iteration 2: 141 nodes, 50 classes
[2026-03-27T17:16:41Z INFO  parabit] Iteration 3: 236 nodes, 59 classes
[2026-03-27T17:16:41Z INFO  parabit] Iteration 0: 20 nodes, 20 classes
[2026-03-27T17:16:41Z INFO  parabit] Iteration 1: 82 nodes, 40 classes
[2026-03-27T17:16:41Z INFO  parabit] Iteration 2: 141 nodes, 50 classes
[2026-03-27T17:16:41Z INFO  parabit] Iteration 3: 236 nodes, 59 classes
[2026-03-27T17:16:41Z INFO  parabit] Iteration 0: 20 nodes, 20 classes
[2026-03-27T17:16:41Z INFO  parabit] Iteration 1: 82 nodes, 40 classes
[2026-03-27T17:16:41Z INFO  parabit] Iteration 2: 141 nodes, 50 classes
[2026-03-27T17:16:41Z INFO  parabit] Iteration 3: 236 nodes, 59 classes
[2026-03-27T17:16:41Z INFO  parabit] Iteration 0: 20 nodes, 20 classes
[2026-03-27T17:16:41Z INFO  parabit] Iteration 1: 82 nodes, 40 classes
[2026-03-27T17:16:41Z INFO  parabit] Iteration 2: 141 nodes, 50 classes
[2026-03-27T17:16:41Z INFO  parabit] Iteration 3: 236 nodes, 59 classes
[2026-03-27T17:16:41Z INFO  parabit] Iteration 0: 20 nodes, 20 classes
[2026-03-27T17:16:41Z INFO  parabit] Iteration 1: 82 nodes, 40 classes
[2026-03-27T17:16:41Z INFO  parabit] Iteration 2: 141 nodes, 50 classes
[2026-03-27T17:16:41Z INFO  parabit] Iteration 3: 236 nodes, 59 classes
[2026-03-27T17:16:41Z INFO  parabit] Iteration 0: 20 nodes, 20 classes
[2026-03-27T17:16:41Z INFO  parabit] Iteration 1: 82 nodes, 40 classes
[2026-03-27T17:16:41Z INFO  parabit] Iteration 2: 141 nodes, 50 classes
[2026-03-27T17:16:41Z INFO  parabit] Iteration 3: 236 nodes, 59 classes
[2026-03-27T17:16:41Z INFO  parabit] Iteration 0: 20 nodes, 20 classes
[2026-03-27T17:16:41Z INFO  parabit] Iteration 1: 82 nodes, 40 classes
[2026-03-27T17:16:41Z INFO  parabit] Iteration 2: 141 nodes, 50 classes
[2026-03-27T17:16:41Z INFO  parabit] Iteration 3: 236 nodes, 59 classes
[2026-03-27T17:16:41Z INFO  parabit] Iteration 0: 20 nodes, 20 classes
[2026-03-27T17:16:41Z INFO  parabit] Iteration 1: 82 nodes, 40 classes
[2026-03-27T17:16:41Z INFO  parabit] Iteration 2: 141 nodes, 50 classes
[2026-03-27T17:16:41Z INFO  parabit] Iteration 3: 236 nodes, 59 classes
[2026-03-27T17:16:41Z INFO  parabit] Iteration 0: 20 nodes, 20 classes
[2026-03-27T17:16:41Z INFO  parabit] Iteration 1: 82 nodes, 40 classes
[2026-03-27T17:16:41Z INFO  parabit] Iteration 2: 141 nodes, 50 classes
[2026-03-27T17:16:41Z INFO  parabit] Iteration 3: 236 nodes, 59 classes
[2026-03-27T17:16:41Z INFO  parabit] Iteration 0: 20 nodes, 20 classes
[2026-03-27T17:16:41Z INFO  parabit] Iteration 1: 82 nodes, 40 classes
[2026-03-27T17:16:41Z INFO  parabit] Iteration 2: 141 nodes, 50 classes
[2026-03-27T17:16:41Z INFO  parabit] Iteration 3: 236 nodes, 59 classes
[2026-03-27T17:16:41Z INFO  parabit] Iteration 0: 20 nodes, 20 classes
[2026-03-27T17:16:41Z INFO  parabit] Iteration 1: 82 nodes, 40 classes
[2026-03-27T17:16:41Z INFO  parabit] Iteration 2: 141 nodes, 50 classes
[2026-03-27T17:16:41Z INFO  parabit] Iteration 3: 236 nodes, 59 classes
[2026-03-27T17:16:41Z INFO  parabit] Iteration 0: 20 nodes, 20 classes
[2026-03-27T17:16:41Z INFO  parabit] Iteration 1: 82 nodes, 40 classes
[2026-03-27T17:16:41Z INFO  parabit] Iteration 2: 141 nodes, 50 classes
[2026-03-27T17:16:41Z INFO  parabit] Iteration 3: 236 nodes, 59 classes
[2026-03-27T17:16:41Z INFO  parabit] Iteration 0: 20 nodes, 20 classes
[2026-03-27T17:16:41Z INFO  parabit] Iteration 1: 82 nodes, 40 classes
[2026-03-27T17:16:41Z INFO  parabit] Iteration 2: 141 nodes, 50 classes
[2026-03-27T17:16:41Z INFO  parabit] Iteration 3: 236 nodes, 59 classes
[2026-03-27T17:16:41Z INFO  parabit] Iteration 0: 20 nodes, 20 classes
[2026-03-27T17:16:41Z INFO  parabit] Iteration 1: 82 nodes, 40 classes
[2026-03-27T17:16:41Z INFO  parabit] Iteration 2: 141 nodes, 50 classes
[2026-03-27T17:16:41Z INFO  parabit] Iteration 3: 236 nodes, 59 classes
[2026-03-27T17:16:41Z INFO  parabit] Iteration 0: 20 nodes, 20 classes
[2026-03-27T17:16:41Z INFO  parabit] Iteration 1: 82 nodes, 40 classes
[2026-03-27T17:16:41Z INFO  parabit] Iteration 2: 141 nodes, 50 classes
[2026-03-27T17:16:41Z INFO  parabit] Iteration 3: 236 nodes, 59 classes
[2026-03-27T17:16:41Z INFO  parabit] Iteration 0: 20 nodes, 20 classes
[2026-03-27T17:16:41Z INFO  parabit] Iteration 1: 82 nodes, 40 classes
[2026-03-27T17:16:41Z INFO  parabit] Iteration 2: 141 nodes, 50 classes
[2026-03-27T17:16:41Z INFO  parabit] Iteration 3: 236 nodes, 59 classes
[2026-03-27T17:16:41Z INFO  parabit] Iteration 0: 20 nodes, 20 classes
[2026-03-27T17:16:41Z INFO  parabit] Iteration 1: 82 nodes, 40 classes
[2026-03-27T17:16:41Z INFO  parabit] Iteration 2: 141 nodes, 50 classes
[2026-03-27T17:16:41Z INFO  parabit] Iteration 3: 236 nodes, 59 classes
[2026-03-27T17:16:41Z INFO  parabit] Iteration 0: 20 nodes, 20 classes
[2026-03-27T17:16:41Z INFO  parabit] Iteration 1: 82 nodes, 40 classes
[2026-03-27T17:16:41Z INFO  parabit] Iteration 2: 141 nodes, 50 classes
[2026-03-27T17:16:41Z INFO  parabit] Iteration 3: 236 nodes, 59 classes
[2026-03-27T17:16:41Z INFO  parabit] Iteration 0: 20 nodes, 20 classes
[2026-03-27T17:16:41Z INFO  parabit] Iteration 1: 82 nodes, 40 classes
[2026-03-27T17:16:41Z INFO  parabit] Iteration 2: 141 nodes, 50 classes
[2026-03-27T17:16:41Z INFO  parabit] Iteration 3: 236 nodes, 59 classes
{"elapsed":0.29, "maxrss":5704}
