[2026-03-27T17:16:45Z WARN  parabit] Sanitised input expression 0 from:
    (bw k (xor (bw k (and (bw k (xor (bw k "%nx") (bw k (not (bw k 0))))) (bw k "%y"))) (bw k (not (bw k 0)))))
    to:
    (bw k (xor (bw k (and (bw k (xor (bw k var_nx) (bw k (not (bw k 0))))) (bw k var_y))) (bw k (not (bw k 0)))))
[2026-03-27T17:16:45Z WARN  parabit] Sanitised input expression 0 from:
    (bw k (or (bw k "%nx") (bw k (xor (bw k "%y") (bw k (not (bw k 0)))))))
    to:
    (bw k (or (bw k var_nx) (bw k (xor (bw k var_y) (bw k (not (bw k 0)))))))
[2026-03-27T17:16:45Z INFO  parabit] Running parabit on file: AndOrXor_2416_values_0
[2026-03-27T17:16:45Z INFO  parabit] Iteration 0: 20 nodes, 20 classes
[2026-03-27T17:16:45Z INFO  parabit] Iteration 1: 90 nodes, 45 classes
[2026-03-27T17:16:45Z INFO  parabit] Iteration 2: 183 nodes, 35 classes
[2026-03-27T17:16:45Z INFO  parabit] Iteration 0: 20 nodes, 20 classes
[2026-03-27T17:16:45Z INFO  parabit] Iteration 1: 90 nodes, 45 classes
[2026-03-27T17:16:45Z INFO  parabit] Iteration 2: 183 nodes, 35 classes
[2026-03-27T17:16:45Z INFO  parabit] Iteration 0: 20 nodes, 20 classes
[2026-03-27T17:16:45Z INFO  parabit] Iteration 1: 90 nodes, 45 classes
[2026-03-27T17:16:45Z INFO  parabit] Iteration 2: 183 nodes, 35 classes
[2026-03-27T17:16:45Z INFO  parabit] Iteration 0: 20 nodes, 20 classes
[2026-03-27T17:16:45Z INFO  parabit] Iteration 1: 90 nodes, 45 classes
[2026-03-27T17:16:45Z INFO  parabit] Iteration 2: 183 nodes, 35 classes
[2026-03-27T17:16:45Z INFO  parabit] Iteration 0: 20 nodes, 20 classes
[2026-03-27T17:16:45Z INFO  parabit] Iteration 1: 90 nodes, 45 classes
[2026-03-27T17:16:45Z INFO  parabit] Iteration 2: 183 nodes, 35 classes
[2026-03-27T17:16:45Z INFO  parabit] Iteration 0: 20 nodes, 20 classes
[2026-03-27T17:16:45Z INFO  parabit] Iteration 1: 90 nodes, 45 classes
[2026-03-27T17:16:45Z INFO  parabit] Iteration 2: 183 nodes, 35 classes
[2026-03-27T17:16:45Z INFO  parabit] Iteration 0: 20 nodes, 20 classes
[2026-03-27T17:16:45Z INFO  parabit] Iteration 1: 90 nodes, 45 classes
[2026-03-27T17:16:45Z INFO  parabit] Iteration 2: 183 nodes, 35 classes
[2026-03-27T17:16:45Z INFO  parabit] Iteration 0: 20 nodes, 20 classes
[2026-03-27T17:16:45Z INFO  parabit] Iteration 1: 90 nodes, 45 classes
[2026-03-27T17:16:45Z INFO  parabit] Iteration 2: 183 nodes, 35 classes
[2026-03-27T17:16:45Z INFO  parabit] Iteration 0: 20 nodes, 20 classes
[2026-03-27T17:16:45Z INFO  parabit] Iteration 1: 90 nodes, 45 classes
[2026-03-27T17:16:45Z INFO  parabit] Iteration 2: 183 nodes, 35 classes
[2026-03-27T17:16:45Z INFO  parabit] Iteration 0: 20 nodes, 20 classes
[2026-03-27T17:16:45Z INFO  parabit] Iteration 1: 90 nodes, 45 classes
[2026-03-27T17:16:45Z INFO  parabit] Iteration 2: 183 nodes, 35 classes
[2026-03-27T17:16:45Z INFO  parabit] Iteration 0: 20 nodes, 20 classes
[2026-03-27T17:16:45Z INFO  parabit] Iteration 1: 90 nodes, 45 classes
[2026-03-27T17:16:45Z INFO  parabit] Iteration 2: 183 nodes, 35 classes
[2026-03-27T17:16:45Z INFO  parabit] Iteration 0: 20 nodes, 20 classes
[2026-03-27T17:16:45Z INFO  parabit] Iteration 1: 90 nodes, 45 classes
[2026-03-27T17:16:45Z INFO  parabit] Iteration 2: 183 nodes, 35 classes
[2026-03-27T17:16:45Z INFO  parabit] Iteration 0: 20 nodes, 20 classes
[2026-03-27T17:16:45Z INFO  parabit] Iteration 1: 90 nodes, 45 classes
[2026-03-27T17:16:45Z INFO  parabit] Iteration 2: 183 nodes, 35 classes
[2026-03-27T17:16:45Z INFO  parabit] Iteration 0: 20 nodes, 20 classes
[2026-03-27T17:16:45Z INFO  parabit] Iteration 1: 90 nodes, 45 classes
[2026-03-27T17:16:45Z INFO  parabit] Iteration 2: 183 nodes, 35 classes
[2026-03-27T17:16:45Z INFO  parabit] Iteration 0: 20 nodes, 20 classes
[2026-03-27T17:16:45Z INFO  parabit] Iteration 1: 90 nodes, 45 classes
[2026-03-27T17:16:45Z INFO  parabit] Iteration 2: 183 nodes, 35 classes
[2026-03-27T17:16:45Z INFO  parabit] Iteration 0: 20 nodes, 20 classes
[2026-03-27T17:16:45Z INFO  parabit] Iteration 1: 90 nodes, 45 classes
[2026-03-27T17:16:45Z INFO  parabit] Iteration 2: 183 nodes, 35 classes
[2026-03-27T17:16:45Z INFO  parabit] Iteration 0: 20 nodes, 20 classes
[2026-03-27T17:16:45Z INFO  parabit] Iteration 1: 90 nodes, 45 classes
[2026-03-27T17:16:45Z INFO  parabit] Iteration 2: 183 nodes, 35 classes
[2026-03-27T17:16:45Z INFO  parabit] Iteration 0: 20 nodes, 20 classes
[2026-03-27T17:16:45Z INFO  parabit] Iteration 1: 90 nodes, 45 classes
[2026-03-27T17:16:45Z INFO  parabit] Iteration 2: 183 nodes, 35 classes
[2026-03-27T17:16:45Z INFO  parabit] Iteration 0: 20 nodes, 20 classes
[2026-03-27T17:16:45Z INFO  parabit] Iteration 1: 90 nodes, 45 classes
[2026-03-27T17:16:45Z INFO  parabit] Iteration 2: 183 nodes, 35 classes
[2026-03-27T17:16:46Z INFO  parabit] Iteration 0: 20 nodes, 20 classes
[2026-03-27T17:16:46Z INFO  parabit] Iteration 1: 90 nodes, 45 classes
[2026-03-27T17:16:46Z INFO  parabit] Iteration 2: 183 nodes, 35 classes
[2026-03-27T17:16:46Z INFO  parabit] Iteration 0: 20 nodes, 20 classes
[2026-03-27T17:16:46Z INFO  parabit] Iteration 1: 90 nodes, 45 classes
[2026-03-27T17:16:46Z INFO  parabit] Iteration 2: 183 nodes, 35 classes
[2026-03-27T17:16:46Z INFO  parabit] Iteration 0: 20 nodes, 20 classes
[2026-03-27T17:16:46Z INFO  parabit] Iteration 1: 90 nodes, 45 classes
[2026-03-27T17:16:46Z INFO  parabit] Iteration 2: 183 nodes, 35 classes
[2026-03-27T17:16:46Z INFO  parabit] Iteration 0: 20 nodes, 20 classes
[2026-03-27T17:16:46Z INFO  parabit] Iteration 1: 90 nodes, 45 classes
[2026-03-27T17:16:46Z INFO  parabit] Iteration 2: 183 nodes, 35 classes
[2026-03-27T17:16:46Z INFO  parabit] Iteration 0: 20 nodes, 20 classes
[2026-03-27T17:16:46Z INFO  parabit] Iteration 1: 90 nodes, 45 classes
[2026-03-27T17:16:46Z INFO  parabit] Iteration 2: 183 nodes, 35 classes
[2026-03-27T17:16:46Z INFO  parabit] Iteration 0: 20 nodes, 20 classes
[2026-03-27T17:16:46Z INFO  parabit] Iteration 1: 90 nodes, 45 classes
[2026-03-27T17:16:46Z INFO  parabit] Iteration 2: 183 nodes, 35 classes
[2026-03-27T17:16:46Z INFO  parabit] Iteration 0: 20 nodes, 20 classes
[2026-03-27T17:16:46Z INFO  parabit] Iteration 1: 90 nodes, 45 classes
[2026-03-27T17:16:46Z INFO  parabit] Iteration 2: 183 nodes, 35 classes
[2026-03-27T17:16:46Z INFO  parabit] Iteration 0: 20 nodes, 20 classes
[2026-03-27T17:16:46Z INFO  parabit] Iteration 1: 90 nodes, 45 classes
[2026-03-27T17:16:46Z INFO  parabit] Iteration 2: 183 nodes, 35 classes
[2026-03-27T17:16:46Z INFO  parabit] Iteration 0: 20 nodes, 20 classes
[2026-03-27T17:16:46Z INFO  parabit] Iteration 1: 90 nodes, 45 classes
[2026-03-27T17:16:46Z INFO  parabit] Iteration 2: 183 nodes, 35 classes
[2026-03-27T17:16:46Z INFO  parabit] Iteration 0: 20 nodes, 20 classes
[2026-03-27T17:16:46Z INFO  parabit] Iteration 1: 90 nodes, 45 classes
[2026-03-27T17:16:46Z INFO  parabit] Iteration 2: 183 nodes, 35 classes
[2026-03-27T17:16:46Z INFO  parabit] Iteration 0: 20 nodes, 20 classes
[2026-03-27T17:16:46Z INFO  parabit] Iteration 1: 90 nodes, 45 classes
[2026-03-27T17:16:46Z INFO  parabit] Iteration 2: 183 nodes, 35 classes
[2026-03-27T17:16:46Z INFO  parabit] Iteration 0: 20 nodes, 20 classes
[2026-03-27T17:16:46Z INFO  parabit] Iteration 1: 90 nodes, 45 classes
[2026-03-27T17:16:46Z INFO  parabit] Iteration 2: 183 nodes, 35 classes
[2026-03-27T17:16:46Z INFO  parabit] Iteration 0: 20 nodes, 20 classes
[2026-03-27T17:16:46Z INFO  parabit] Iteration 1: 90 nodes, 45 classes
[2026-03-27T17:16:46Z INFO  parabit] Iteration 2: 183 nodes, 35 classes
[2026-03-27T17:16:46Z INFO  parabit] Iteration 0: 20 nodes, 20 classes
[2026-03-27T17:16:46Z INFO  parabit] Iteration 1: 90 nodes, 45 classes
[2026-03-27T17:16:46Z INFO  parabit] Iteration 2: 183 nodes, 35 classes
[2026-03-27T17:16:46Z INFO  parabit] Iteration 0: 20 nodes, 20 classes
[2026-03-27T17:16:46Z INFO  parabit] Iteration 1: 90 nodes, 45 classes
[2026-03-27T17:16:46Z INFO  parabit] Iteration 2: 183 nodes, 35 classes
[2026-03-27T17:16:46Z INFO  parabit] Iteration 0: 20 nodes, 20 classes
[2026-03-27T17:16:46Z INFO  parabit] Iteration 1: 90 nodes, 45 classes
[2026-03-27T17:16:46Z INFO  parabit] Iteration 2: 183 nodes, 35 classes
[2026-03-27T17:16:46Z INFO  parabit] Iteration 0: 20 nodes, 20 classes
[2026-03-27T17:16:46Z INFO  parabit] Iteration 1: 90 nodes, 45 classes
[2026-03-27T17:16:46Z INFO  parabit] Iteration 2: 183 nodes, 35 classes
[2026-03-27T17:16:46Z INFO  parabit] Iteration 0: 20 nodes, 20 classes
[2026-03-27T17:16:46Z INFO  parabit] Iteration 1: 90 nodes, 45 classes
[2026-03-27T17:16:46Z INFO  parabit] Iteration 2: 183 nodes, 35 classes
[2026-03-27T17:16:46Z INFO  parabit] Iteration 0: 20 nodes, 20 classes
[2026-03-27T17:16:46Z INFO  parabit] Iteration 1: 90 nodes, 45 classes
[2026-03-27T17:16:46Z INFO  parabit] Iteration 2: 183 nodes, 35 classes
[2026-03-27T17:16:46Z INFO  parabit] Iteration 0: 20 nodes, 20 classes
[2026-03-27T17:16:46Z INFO  parabit] Iteration 1: 90 nodes, 45 classes
[2026-03-27T17:16:46Z INFO  parabit] Iteration 2: 183 nodes, 35 classes
[2026-03-27T17:16:46Z INFO  parabit] Iteration 0: 20 nodes, 20 classes
[2026-03-27T17:16:46Z INFO  parabit] Iteration 1: 90 nodes, 45 classes
[2026-03-27T17:16:46Z INFO  parabit] Iteration 2: 183 nodes, 35 classes
[2026-03-27T17:16:46Z INFO  parabit] Iteration 0: 20 nodes, 20 classes
[2026-03-27T17:16:46Z INFO  parabit] Iteration 1: 90 nodes, 45 classes
[2026-03-27T17:16:46Z INFO  parabit] Iteration 2: 183 nodes, 35 classes
[2026-03-27T17:16:46Z INFO  parabit] Iteration 0: 20 nodes, 20 classes
[2026-03-27T17:16:46Z INFO  parabit] Iteration 1: 90 nodes, 45 classes
[2026-03-27T17:16:46Z INFO  parabit] Iteration 2: 183 nodes, 35 classes
[2026-03-27T17:16:46Z INFO  parabit] Iteration 0: 20 nodes, 20 classes
[2026-03-27T17:16:46Z INFO  parabit] Iteration 1: 90 nodes, 45 classes
[2026-03-27T17:16:46Z INFO  parabit] Iteration 2: 183 nodes, 35 classes
[2026-03-27T17:16:46Z INFO  parabit] Iteration 0: 20 nodes, 20 classes
[2026-03-27T17:16:46Z INFO  parabit] Iteration 1: 90 nodes, 45 classes
[2026-03-27T17:16:46Z INFO  parabit] Iteration 2: 183 nodes, 35 classes
[2026-03-27T17:16:46Z INFO  parabit] Iteration 0: 20 nodes, 20 classes
[2026-03-27T17:16:46Z INFO  parabit] Iteration 1: 90 nodes, 45 classes
[2026-03-27T17:16:46Z INFO  parabit] Iteration 2: 183 nodes, 35 classes
[2026-03-27T17:16:46Z INFO  parabit] Iteration 0: 20 nodes, 20 classes
[2026-03-27T17:16:46Z INFO  parabit] Iteration 1: 90 nodes, 45 classes
[2026-03-27T17:16:46Z INFO  parabit] Iteration 2: 183 nodes, 35 classes
[2026-03-27T17:16:46Z INFO  parabit] Iteration 0: 20 nodes, 20 classes
[2026-03-27T17:16:46Z INFO  parabit] Iteration 1: 90 nodes, 45 classes
[2026-03-27T17:16:46Z INFO  parabit] Iteration 2: 183 nodes, 35 classes
[2026-03-27T17:16:46Z INFO  parabit] Iteration 0: 20 nodes, 20 classes
[2026-03-27T17:16:46Z INFO  parabit] Iteration 1: 90 nodes, 45 classes
[2026-03-27T17:16:46Z INFO  parabit] Iteration 2: 183 nodes, 35 classes
[2026-03-27T17:16:46Z INFO  parabit] Iteration 0: 20 nodes, 20 classes
[2026-03-27T17:16:46Z INFO  parabit] Iteration 1: 90 nodes, 45 classes
[2026-03-27T17:16:46Z INFO  parabit] Iteration 2: 183 nodes, 35 classes
[2026-03-27T17:16:46Z INFO  parabit] Iteration 0: 20 nodes, 20 classes
[2026-03-27T17:16:46Z INFO  parabit] Iteration 1: 90 nodes, 45 classes
[2026-03-27T17:16:46Z INFO  parabit] Iteration 2: 183 nodes, 35 classes
[2026-03-27T17:16:46Z INFO  parabit] Iteration 0: 20 nodes, 20 classes
[2026-03-27T17:16:46Z INFO  parabit] Iteration 1: 90 nodes, 45 classes
[2026-03-27T17:16:46Z INFO  parabit] Iteration 2: 183 nodes, 35 classes
[2026-03-27T17:16:46Z INFO  parabit] Iteration 0: 20 nodes, 20 classes
[2026-03-27T17:16:46Z INFO  parabit] Iteration 1: 90 nodes, 45 classes
[2026-03-27T17:16:46Z INFO  parabit] Iteration 2: 183 nodes, 35 classes
[2026-03-27T17:16:46Z INFO  parabit] Iteration 0: 20 nodes, 20 classes
[2026-03-27T17:16:46Z INFO  parabit] Iteration 1: 90 nodes, 45 classes
[2026-03-27T17:16:46Z INFO  parabit] Iteration 2: 183 nodes, 35 classes
[2026-03-27T17:16:46Z INFO  parabit] Iteration 0: 20 nodes, 20 classes
[2026-03-27T17:16:46Z INFO  parabit] Iteration 1: 90 nodes, 45 classes
[2026-03-27T17:16:46Z INFO  parabit] Iteration 2: 183 nodes, 35 classes
[2026-03-27T17:16:46Z INFO  parabit] Iteration 0: 20 nodes, 20 classes
[2026-03-27T17:16:46Z INFO  parabit] Iteration 1: 90 nodes, 45 classes
[2026-03-27T17:16:46Z INFO  parabit] Iteration 2: 183 nodes, 35 classes
[2026-03-27T17:16:46Z INFO  parabit] Iteration 0: 20 nodes, 20 classes
[2026-03-27T17:16:46Z INFO  parabit] Iteration 1: 90 nodes, 45 classes
[2026-03-27T17:16:46Z INFO  parabit] Iteration 2: 183 nodes, 35 classes
[2026-03-27T17:16:46Z INFO  parabit] Iteration 0: 20 nodes, 20 classes
[2026-03-27T17:16:46Z INFO  parabit] Iteration 1: 90 nodes, 45 classes
[2026-03-27T17:16:46Z INFO  parabit] Iteration 2: 183 nodes, 35 classes
[2026-03-27T17:16:46Z INFO  parabit] Iteration 0: 20 nodes, 20 classes
[2026-03-27T17:16:46Z INFO  parabit] Iteration 1: 90 nodes, 45 classes
[2026-03-27T17:16:46Z INFO  parabit] Iteration 2: 183 nodes, 35 classes
[2026-03-27T17:16:46Z INFO  parabit] Iteration 0: 20 nodes, 20 classes
[2026-03-27T17:16:46Z INFO  parabit] Iteration 1: 90 nodes, 45 classes
[2026-03-27T17:16:46Z INFO  parabit] Iteration 2: 183 nodes, 35 classes
[2026-03-27T17:16:46Z INFO  parabit] Iteration 0: 20 nodes, 20 classes
[2026-03-27T17:16:46Z INFO  parabit] Iteration 1: 90 nodes, 45 classes
[2026-03-27T17:16:46Z INFO  parabit] Iteration 2: 183 nodes, 35 classes
[2026-03-27T17:16:46Z INFO  parabit] Iteration 0: 20 nodes, 20 classes
[2026-03-27T17:16:46Z INFO  parabit] Iteration 1: 90 nodes, 45 classes
[2026-03-27T17:16:46Z INFO  parabit] Iteration 2: 183 nodes, 35 classes
[2026-03-27T17:16:46Z INFO  parabit] Iteration 0: 20 nodes, 20 classes
[2026-03-27T17:16:46Z INFO  parabit] Iteration 1: 90 nodes, 45 classes
[2026-03-27T17:16:46Z INFO  parabit] Iteration 2: 183 nodes, 35 classes
[2026-03-27T17:16:46Z INFO  parabit] Iteration 0: 20 nodes, 20 classes
[2026-03-27T17:16:46Z INFO  parabit] Iteration 1: 90 nodes, 45 classes
[2026-03-27T17:16:46Z INFO  parabit] Iteration 2: 183 nodes, 35 classes
[2026-03-27T17:16:46Z INFO  parabit] Iteration 0: 20 nodes, 20 classes
[2026-03-27T17:16:46Z INFO  parabit] Iteration 1: 90 nodes, 45 classes
[2026-03-27T17:16:46Z INFO  parabit] Iteration 2: 183 nodes, 35 classes
[2026-03-27T17:16:46Z INFO  parabit] Iteration 0: 20 nodes, 20 classes
[2026-03-27T17:16:46Z INFO  parabit] Iteration 1: 90 nodes, 45 classes
[2026-03-27T17:16:46Z INFO  parabit] Iteration 2: 183 nodes, 35 classes
[2026-03-27T17:16:46Z INFO  parabit] Iteration 0: 20 nodes, 20 classes
[2026-03-27T17:16:46Z INFO  parabit] Iteration 1: 90 nodes, 45 classes
[2026-03-27T17:16:46Z INFO  parabit] Iteration 2: 183 nodes, 35 classes
[2026-03-27T17:16:46Z INFO  parabit] Iteration 0: 20 nodes, 20 classes
[2026-03-27T17:16:46Z INFO  parabit] Iteration 1: 90 nodes, 45 classes
[2026-03-27T17:16:46Z INFO  parabit] Iteration 2: 183 nodes, 35 classes
[2026-03-27T17:16:46Z INFO  parabit] Iteration 0: 20 nodes, 20 classes
[2026-03-27T17:16:46Z INFO  parabit] Iteration 1: 90 nodes, 45 classes
[2026-03-27T17:16:46Z INFO  parabit] Iteration 2: 183 nodes, 35 classes
[2026-03-27T17:16:46Z INFO  parabit] Iteration 0: 20 nodes, 20 classes
[2026-03-27T17:16:46Z INFO  parabit] Iteration 1: 90 nodes, 45 classes
[2026-03-27T17:16:46Z INFO  parabit] Iteration 2: 183 nodes, 35 classes
[2026-03-27T17:16:46Z INFO  parabit] Iteration 0: 20 nodes, 20 classes
[2026-03-27T17:16:46Z INFO  parabit] Iteration 1: 90 nodes, 45 classes
[2026-03-27T17:16:46Z INFO  parabit] Iteration 2: 183 nodes, 35 classes
[2026-03-27T17:16:46Z INFO  parabit] Iteration 0: 20 nodes, 20 classes
[2026-03-27T17:16:46Z INFO  parabit] Iteration 1: 90 nodes, 45 classes
[2026-03-27T17:16:46Z INFO  parabit] Iteration 2: 183 nodes, 35 classes
[2026-03-27T17:16:46Z INFO  parabit] Iteration 0: 20 nodes, 20 classes
[2026-03-27T17:16:46Z INFO  parabit] Iteration 1: 90 nodes, 45 classes
[2026-03-27T17:16:46Z INFO  parabit] Iteration 2: 183 nodes, 35 classes
[2026-03-27T17:16:46Z INFO  parabit] Iteration 0: 20 nodes, 20 classes
[2026-03-27T17:16:46Z INFO  parabit] Iteration 1: 90 nodes, 45 classes
[2026-03-27T17:16:46Z INFO  parabit] Iteration 2: 183 nodes, 35 classes
[2026-03-27T17:16:46Z INFO  parabit] Iteration 0: 20 nodes, 20 classes
[2026-03-27T17:16:46Z INFO  parabit] Iteration 1: 90 nodes, 45 classes
[2026-03-27T17:16:46Z INFO  parabit] Iteration 2: 183 nodes, 35 classes
[2026-03-27T17:16:46Z INFO  parabit] Iteration 0: 20 nodes, 20 classes
[2026-03-27T17:16:46Z INFO  parabit] Iteration 1: 90 nodes, 45 classes
[2026-03-27T17:16:46Z INFO  parabit] Iteration 2: 183 nodes, 35 classes
[2026-03-27T17:16:46Z INFO  parabit] Iteration 0: 20 nodes, 20 classes
[2026-03-27T17:16:46Z INFO  parabit] Iteration 1: 90 nodes, 45 classes
[2026-03-27T17:16:46Z INFO  parabit] Iteration 2: 183 nodes, 35 classes
[2026-03-27T17:16:46Z INFO  parabit] Iteration 0: 20 nodes, 20 classes
[2026-03-27T17:16:46Z INFO  parabit] Iteration 1: 90 nodes, 45 classes
[2026-03-27T17:16:46Z INFO  parabit] Iteration 2: 183 nodes, 35 classes
[2026-03-27T17:16:46Z INFO  parabit] Iteration 0: 20 nodes, 20 classes
[2026-03-27T17:16:46Z INFO  parabit] Iteration 1: 90 nodes, 45 classes
[2026-03-27T17:16:46Z INFO  parabit] Iteration 2: 183 nodes, 35 classes
[2026-03-27T17:16:46Z INFO  parabit] Iteration 0: 20 nodes, 20 classes
[2026-03-27T17:16:46Z INFO  parabit] Iteration 1: 90 nodes, 45 classes
[2026-03-27T17:16:46Z INFO  parabit] Iteration 2: 183 nodes, 35 classes
[2026-03-27T17:16:46Z INFO  parabit] Iteration 0: 20 nodes, 20 classes
[2026-03-27T17:16:46Z INFO  parabit] Iteration 1: 90 nodes, 45 classes
[2026-03-27T17:16:46Z INFO  parabit] Iteration 2: 183 nodes, 35 classes
[2026-03-27T17:16:46Z INFO  parabit] Iteration 0: 20 nodes, 20 classes
[2026-03-27T17:16:46Z INFO  parabit] Iteration 1: 90 nodes, 45 classes
[2026-03-27T17:16:46Z INFO  parabit] Iteration 2: 183 nodes, 35 classes
[2026-03-27T17:16:46Z INFO  parabit] Iteration 0: 20 nodes, 20 classes
[2026-03-27T17:16:46Z INFO  parabit] Iteration 1: 90 nodes, 45 classes
[2026-03-27T17:16:46Z INFO  parabit] Iteration 2: 183 nodes, 35 classes
[2026-03-27T17:16:46Z INFO  parabit] Iteration 0: 20 nodes, 20 classes
[2026-03-27T17:16:46Z INFO  parabit] Iteration 1: 90 nodes, 45 classes
[2026-03-27T17:16:46Z INFO  parabit] Iteration 2: 183 nodes, 35 classes
[2026-03-27T17:16:46Z INFO  parabit] Iteration 0: 20 nodes, 20 classes
[2026-03-27T17:16:46Z INFO  parabit] Iteration 1: 90 nodes, 45 classes
[2026-03-27T17:16:46Z INFO  parabit] Iteration 2: 183 nodes, 35 classes
[2026-03-27T17:16:46Z INFO  parabit] Iteration 0: 20 nodes, 20 classes
[2026-03-27T17:16:46Z INFO  parabit] Iteration 1: 90 nodes, 45 classes
[2026-03-27T17:16:46Z INFO  parabit] Iteration 2: 183 nodes, 35 classes
[2026-03-27T17:16:46Z INFO  parabit] Iteration 0: 20 nodes, 20 classes
[2026-03-27T17:16:46Z INFO  parabit] Iteration 1: 90 nodes, 45 classes
[2026-03-27T17:16:46Z INFO  parabit] Iteration 2: 183 nodes, 35 classes
[2026-03-27T17:16:46Z INFO  parabit] Iteration 0: 20 nodes, 20 classes
[2026-03-27T17:16:46Z INFO  parabit] Iteration 1: 90 nodes, 45 classes
[2026-03-27T17:16:46Z INFO  parabit] Iteration 2: 183 nodes, 35 classes
[2026-03-27T17:16:46Z INFO  parabit] Iteration 0: 20 nodes, 20 classes
[2026-03-27T17:16:46Z INFO  parabit] Iteration 1: 90 nodes, 45 classes
[2026-03-27T17:16:46Z INFO  parabit] Iteration 2: 183 nodes, 35 classes
[2026-03-27T17:16:46Z INFO  parabit] Iteration 0: 20 nodes, 20 classes
[2026-03-27T17:16:46Z INFO  parabit] Iteration 1: 90 nodes, 45 classes
[2026-03-27T17:16:46Z INFO  parabit] Iteration 2: 183 nodes, 35 classes
[2026-03-27T17:16:46Z INFO  parabit] Iteration 0: 20 nodes, 20 classes
[2026-03-27T17:16:46Z INFO  parabit] Iteration 1: 90 nodes, 45 classes
[2026-03-27T17:16:46Z INFO  parabit] Iteration 2: 183 nodes, 35 classes
[2026-03-27T17:16:46Z INFO  parabit] Iteration 0: 20 nodes, 20 classes
[2026-03-27T17:16:46Z INFO  parabit] Iteration 1: 90 nodes, 45 classes
[2026-03-27T17:16:46Z INFO  parabit] Iteration 2: 183 nodes, 35 classes
[2026-03-27T17:16:46Z INFO  parabit] Iteration 0: 20 nodes, 20 classes
[2026-03-27T17:16:46Z INFO  parabit] Iteration 1: 90 nodes, 45 classes
[2026-03-27T17:16:46Z INFO  parabit] Iteration 2: 183 nodes, 35 classes
[2026-03-27T17:16:46Z INFO  parabit] Iteration 0: 20 nodes, 20 classes
[2026-03-27T17:16:46Z INFO  parabit] Iteration 1: 90 nodes, 45 classes
[2026-03-27T17:16:46Z INFO  parabit] Iteration 2: 183 nodes, 35 classes
[2026-03-27T17:16:46Z INFO  parabit] Iteration 0: 20 nodes, 20 classes
[2026-03-27T17:16:46Z INFO  parabit] Iteration 1: 90 nodes, 45 classes
[2026-03-27T17:16:46Z INFO  parabit] Iteration 2: 183 nodes, 35 classes
[2026-03-27T17:16:46Z INFO  parabit] Iteration 0: 20 nodes, 20 classes
[2026-03-27T17:16:46Z INFO  parabit] Iteration 1: 90 nodes, 45 classes
[2026-03-27T17:16:46Z INFO  parabit] Iteration 2: 183 nodes, 35 classes
[2026-03-27T17:16:46Z INFO  parabit] Iteration 0: 20 nodes, 20 classes
[2026-03-27T17:16:46Z INFO  parabit] Iteration 1: 90 nodes, 45 classes
[2026-03-27T17:16:46Z INFO  parabit] Iteration 2: 183 nodes, 35 classes
[2026-03-27T17:16:46Z INFO  parabit] Iteration 0: 20 nodes, 20 classes
[2026-03-27T17:16:46Z INFO  parabit] Iteration 1: 90 nodes, 45 classes
[2026-03-27T17:16:46Z INFO  parabit] Iteration 2: 183 nodes, 35 classes
[2026-03-27T17:16:46Z INFO  parabit] Iteration 0: 20 nodes, 20 classes
[2026-03-27T17:16:46Z INFO  parabit] Iteration 1: 90 nodes, 45 classes
[2026-03-27T17:16:46Z INFO  parabit] Iteration 2: 183 nodes, 35 classes
[2026-03-27T17:16:46Z INFO  parabit] Iteration 0: 20 nodes, 20 classes
[2026-03-27T17:16:46Z INFO  parabit] Iteration 1: 90 nodes, 45 classes
[2026-03-27T17:16:46Z INFO  parabit] Iteration 2: 183 nodes, 35 classes
[2026-03-27T17:16:46Z INFO  parabit] Iteration 0: 20 nodes, 20 classes
[2026-03-27T17:16:46Z INFO  parabit] Iteration 1: 90 nodes, 45 classes
[2026-03-27T17:16:46Z INFO  parabit] Iteration 2: 183 nodes, 35 classes
{"elapsed":0.42, "maxrss":5116}
