[2026-03-27T17:16:45Z WARN  parabit] Sanitised input expression 0 from:
    (bw k (or (bw k (and (bw k "%A") (bw k "%B"))) (bw k (xor (bw k (xor (bw k "%A") (bw k (not (bw k 0))))) (bw k "%B")))))
    to:
    (bw k (or (bw k (and (bw k var_A) (bw k var_B))) (bw k (xor (bw k (xor (bw k var_A) (bw k (not (bw k 0))))) (bw k var_B)))))
[2026-03-27T17:16:45Z WARN  parabit] Sanitised input expression 0 from:
    (bw k (xor (bw k (xor (bw k "%A") (bw k (not (bw k 0))))) (bw k "%B")))
    to:
    (bw k (xor (bw k (xor (bw k var_A) (bw k (not (bw k 0))))) (bw k var_B)))
[2026-03-27T17:16:45Z INFO  parabit] Running parabit on file: AndOrXor_2297_values_0
[2026-03-27T17:16:45Z INFO  parabit] Iteration 0: 18 nodes, 18 classes
[2026-03-27T17:16:45Z INFO  parabit] Iteration 1: 79 nodes, 38 classes
[2026-03-27T17:16:45Z INFO  parabit] Iteration 2: 142 nodes, 52 classes
[2026-03-27T17:16:45Z INFO  parabit] Iteration 3: 259 nodes, 68 classes
[2026-03-27T17:16:45Z INFO  parabit] Iteration 4: 515 nodes, 117 classes
[2026-03-27T17:16:45Z INFO  parabit] Iteration 5: 1137 nodes, 141 classes
[2026-03-27T17:16:45Z INFO  parabit] Iteration 0: 18 nodes, 18 classes
[2026-03-27T17:16:45Z INFO  parabit] Iteration 1: 79 nodes, 38 classes
[2026-03-27T17:16:45Z INFO  parabit] Iteration 2: 142 nodes, 52 classes
[2026-03-27T17:16:45Z INFO  parabit] Iteration 3: 259 nodes, 68 classes
[2026-03-27T17:16:45Z INFO  parabit] Iteration 4: 515 nodes, 117 classes
[2026-03-27T17:16:45Z INFO  parabit] Iteration 5: 1137 nodes, 141 classes
[2026-03-27T17:16:45Z INFO  parabit] Iteration 0: 18 nodes, 18 classes
[2026-03-27T17:16:45Z INFO  parabit] Iteration 1: 79 nodes, 38 classes
[2026-03-27T17:16:45Z INFO  parabit] Iteration 2: 142 nodes, 52 classes
[2026-03-27T17:16:45Z INFO  parabit] Iteration 3: 259 nodes, 68 classes
[2026-03-27T17:16:45Z INFO  parabit] Iteration 4: 515 nodes, 117 classes
[2026-03-27T17:16:45Z INFO  parabit] Iteration 5: 1137 nodes, 141 classes
[2026-03-27T17:16:45Z INFO  parabit] Iteration 0: 18 nodes, 18 classes
[2026-03-27T17:16:45Z INFO  parabit] Iteration 1: 79 nodes, 38 classes
[2026-03-27T17:16:45Z INFO  parabit] Iteration 2: 142 nodes, 52 classes
[2026-03-27T17:16:45Z INFO  parabit] Iteration 3: 259 nodes, 68 classes
[2026-03-27T17:16:45Z INFO  parabit] Iteration 4: 515 nodes, 117 classes
[2026-03-27T17:16:45Z INFO  parabit] Iteration 5: 1137 nodes, 141 classes
[2026-03-27T17:16:45Z INFO  parabit] Iteration 0: 18 nodes, 18 classes
[2026-03-27T17:16:45Z INFO  parabit] Iteration 1: 79 nodes, 38 classes
[2026-03-27T17:16:45Z INFO  parabit] Iteration 2: 142 nodes, 52 classes
[2026-03-27T17:16:45Z INFO  parabit] Iteration 3: 259 nodes, 68 classes
[2026-03-27T17:16:45Z INFO  parabit] Iteration 4: 515 nodes, 117 classes
[2026-03-27T17:16:45Z INFO  parabit] Iteration 5: 1137 nodes, 141 classes
[2026-03-27T17:16:45Z INFO  parabit] Iteration 0: 18 nodes, 18 classes
[2026-03-27T17:16:45Z INFO  parabit] Iteration 1: 79 nodes, 38 classes
[2026-03-27T17:16:45Z INFO  parabit] Iteration 2: 142 nodes, 52 classes
[2026-03-27T17:16:45Z INFO  parabit] Iteration 3: 259 nodes, 68 classes
[2026-03-27T17:16:45Z INFO  parabit] Iteration 4: 515 nodes, 117 classes
[2026-03-27T17:16:45Z INFO  parabit] Iteration 5: 1137 nodes, 141 classes
[2026-03-27T17:16:45Z INFO  parabit] Iteration 0: 18 nodes, 18 classes
[2026-03-27T17:16:45Z INFO  parabit] Iteration 1: 79 nodes, 38 classes
[2026-03-27T17:16:45Z INFO  parabit] Iteration 2: 142 nodes, 52 classes
[2026-03-27T17:16:45Z INFO  parabit] Iteration 3: 259 nodes, 68 classes
[2026-03-27T17:16:45Z INFO  parabit] Iteration 4: 515 nodes, 117 classes
[2026-03-27T17:16:45Z INFO  parabit] Iteration 5: 1137 nodes, 141 classes
[2026-03-27T17:16:45Z INFO  parabit] Iteration 0: 18 nodes, 18 classes
[2026-03-27T17:16:45Z INFO  parabit] Iteration 1: 79 nodes, 38 classes
[2026-03-27T17:16:45Z INFO  parabit] Iteration 2: 142 nodes, 52 classes
[2026-03-27T17:16:45Z INFO  parabit] Iteration 3: 259 nodes, 68 classes
[2026-03-27T17:16:45Z INFO  parabit] Iteration 4: 515 nodes, 117 classes
[2026-03-27T17:16:45Z INFO  parabit] Iteration 5: 1137 nodes, 141 classes
[2026-03-27T17:16:45Z INFO  parabit] Iteration 0: 18 nodes, 18 classes
[2026-03-27T17:16:45Z INFO  parabit] Iteration 1: 79 nodes, 38 classes
[2026-03-27T17:16:45Z INFO  parabit] Iteration 2: 142 nodes, 52 classes
[2026-03-27T17:16:45Z INFO  parabit] Iteration 3: 259 nodes, 68 classes
[2026-03-27T17:16:45Z INFO  parabit] Iteration 4: 515 nodes, 117 classes
[2026-03-27T17:16:45Z INFO  parabit] Iteration 5: 1137 nodes, 141 classes
[2026-03-27T17:16:45Z INFO  parabit] Iteration 0: 18 nodes, 18 classes
[2026-03-27T17:16:45Z INFO  parabit] Iteration 1: 79 nodes, 38 classes
[2026-03-27T17:16:45Z INFO  parabit] Iteration 2: 142 nodes, 52 classes
[2026-03-27T17:16:45Z INFO  parabit] Iteration 3: 259 nodes, 68 classes
[2026-03-27T17:16:45Z INFO  parabit] Iteration 4: 515 nodes, 117 classes
[2026-03-27T17:16:45Z INFO  parabit] Iteration 5: 1137 nodes, 141 classes
[2026-03-27T17:16:45Z INFO  parabit] Iteration 0: 18 nodes, 18 classes
[2026-03-27T17:16:45Z INFO  parabit] Iteration 1: 79 nodes, 38 classes
[2026-03-27T17:16:45Z INFO  parabit] Iteration 2: 142 nodes, 52 classes
[2026-03-27T17:16:45Z INFO  parabit] Iteration 3: 259 nodes, 68 classes
[2026-03-27T17:16:45Z INFO  parabit] Iteration 4: 515 nodes, 117 classes
[2026-03-27T17:16:45Z INFO  parabit] Iteration 5: 1137 nodes, 141 classes
[2026-03-27T17:16:45Z INFO  parabit] Iteration 0: 18 nodes, 18 classes
[2026-03-27T17:16:45Z INFO  parabit] Iteration 1: 79 nodes, 38 classes
[2026-03-27T17:16:45Z INFO  parabit] Iteration 2: 142 nodes, 52 classes
[2026-03-27T17:16:45Z INFO  parabit] Iteration 3: 259 nodes, 68 classes
[2026-03-27T17:16:45Z INFO  parabit] Iteration 4: 515 nodes, 117 classes
[2026-03-27T17:16:45Z INFO  parabit] Iteration 5: 1137 nodes, 141 classes
[2026-03-27T17:16:45Z INFO  parabit] Iteration 0: 18 nodes, 18 classes
[2026-03-27T17:16:45Z INFO  parabit] Iteration 1: 79 nodes, 38 classes
[2026-03-27T17:16:45Z INFO  parabit] Iteration 2: 142 nodes, 52 classes
[2026-03-27T17:16:45Z INFO  parabit] Iteration 3: 259 nodes, 68 classes
[2026-03-27T17:16:45Z INFO  parabit] Iteration 4: 515 nodes, 117 classes
[2026-03-27T17:16:45Z INFO  parabit] Iteration 5: 1137 nodes, 141 classes
[2026-03-27T17:16:45Z INFO  parabit] Iteration 0: 18 nodes, 18 classes
[2026-03-27T17:16:45Z INFO  parabit] Iteration 1: 79 nodes, 38 classes
[2026-03-27T17:16:45Z INFO  parabit] Iteration 2: 142 nodes, 52 classes
[2026-03-27T17:16:45Z INFO  parabit] Iteration 3: 259 nodes, 68 classes
[2026-03-27T17:16:45Z INFO  parabit] Iteration 4: 515 nodes, 117 classes
[2026-03-27T17:16:45Z INFO  parabit] Iteration 5: 1137 nodes, 141 classes
[2026-03-27T17:16:45Z INFO  parabit] Iteration 0: 18 nodes, 18 classes
[2026-03-27T17:16:45Z INFO  parabit] Iteration 1: 79 nodes, 38 classes
[2026-03-27T17:16:45Z INFO  parabit] Iteration 2: 142 nodes, 52 classes
[2026-03-27T17:16:45Z INFO  parabit] Iteration 3: 259 nodes, 68 classes
[2026-03-27T17:16:45Z INFO  parabit] Iteration 4: 515 nodes, 117 classes
[2026-03-27T17:16:45Z INFO  parabit] Iteration 5: 1137 nodes, 141 classes
[2026-03-27T17:16:45Z INFO  parabit] Iteration 0: 18 nodes, 18 classes
[2026-03-27T17:16:45Z INFO  parabit] Iteration 1: 79 nodes, 38 classes
[2026-03-27T17:16:45Z INFO  parabit] Iteration 2: 142 nodes, 52 classes
[2026-03-27T17:16:45Z INFO  parabit] Iteration 3: 259 nodes, 68 classes
[2026-03-27T17:16:45Z INFO  parabit] Iteration 4: 515 nodes, 117 classes
[2026-03-27T17:16:45Z INFO  parabit] Iteration 5: 1137 nodes, 141 classes
[2026-03-27T17:16:45Z INFO  parabit] Iteration 0: 18 nodes, 18 classes
[2026-03-27T17:16:45Z INFO  parabit] Iteration 1: 79 nodes, 38 classes
[2026-03-27T17:16:45Z INFO  parabit] Iteration 2: 142 nodes, 52 classes
[2026-03-27T17:16:45Z INFO  parabit] Iteration 3: 259 nodes, 68 classes
[2026-03-27T17:16:45Z INFO  parabit] Iteration 4: 515 nodes, 117 classes
[2026-03-27T17:16:45Z INFO  parabit] Iteration 5: 1137 nodes, 141 classes
[2026-03-27T17:16:45Z INFO  parabit] Iteration 0: 18 nodes, 18 classes
[2026-03-27T17:16:45Z INFO  parabit] Iteration 1: 79 nodes, 38 classes
[2026-03-27T17:16:45Z INFO  parabit] Iteration 2: 142 nodes, 52 classes
[2026-03-27T17:16:45Z INFO  parabit] Iteration 3: 259 nodes, 68 classes
[2026-03-27T17:16:45Z INFO  parabit] Iteration 4: 515 nodes, 117 classes
[2026-03-27T17:16:45Z INFO  parabit] Iteration 5: 1137 nodes, 141 classes
[2026-03-27T17:16:45Z INFO  parabit] Iteration 0: 18 nodes, 18 classes
[2026-03-27T17:16:45Z INFO  parabit] Iteration 1: 79 nodes, 38 classes
[2026-03-27T17:16:45Z INFO  parabit] Iteration 2: 142 nodes, 52 classes
[2026-03-27T17:16:45Z INFO  parabit] Iteration 3: 259 nodes, 68 classes
[2026-03-27T17:16:45Z INFO  parabit] Iteration 4: 515 nodes, 117 classes
[2026-03-27T17:16:45Z INFO  parabit] Iteration 5: 1137 nodes, 141 classes
[2026-03-27T17:16:45Z INFO  parabit] Iteration 0: 18 nodes, 18 classes
[2026-03-27T17:16:45Z INFO  parabit] Iteration 1: 79 nodes, 38 classes
[2026-03-27T17:16:45Z INFO  parabit] Iteration 2: 142 nodes, 52 classes
[2026-03-27T17:16:45Z INFO  parabit] Iteration 3: 259 nodes, 68 classes
[2026-03-27T17:16:45Z INFO  parabit] Iteration 4: 515 nodes, 117 classes
[2026-03-27T17:16:45Z INFO  parabit] Iteration 5: 1137 nodes, 141 classes
[2026-03-27T17:16:45Z INFO  parabit] Iteration 0: 18 nodes, 18 classes
[2026-03-27T17:16:45Z INFO  parabit] Iteration 1: 79 nodes, 38 classes
[2026-03-27T17:16:45Z INFO  parabit] Iteration 2: 142 nodes, 52 classes
[2026-03-27T17:16:45Z INFO  parabit] Iteration 3: 259 nodes, 68 classes
[2026-03-27T17:16:45Z INFO  parabit] Iteration 4: 515 nodes, 117 classes
[2026-03-27T17:16:45Z INFO  parabit] Iteration 5: 1137 nodes, 141 classes
[2026-03-27T17:16:45Z INFO  parabit] Iteration 0: 18 nodes, 18 classes
[2026-03-27T17:16:45Z INFO  parabit] Iteration 1: 79 nodes, 38 classes
[2026-03-27T17:16:45Z INFO  parabit] Iteration 2: 142 nodes, 52 classes
[2026-03-27T17:16:45Z INFO  parabit] Iteration 3: 259 nodes, 68 classes
[2026-03-27T17:16:45Z INFO  parabit] Iteration 4: 515 nodes, 117 classes
[2026-03-27T17:16:45Z INFO  parabit] Iteration 5: 1137 nodes, 141 classes
[2026-03-27T17:16:45Z INFO  parabit] Iteration 0: 18 nodes, 18 classes
[2026-03-27T17:16:45Z INFO  parabit] Iteration 1: 79 nodes, 38 classes
[2026-03-27T17:16:45Z INFO  parabit] Iteration 2: 142 nodes, 52 classes
[2026-03-27T17:16:45Z INFO  parabit] Iteration 3: 259 nodes, 68 classes
[2026-03-27T17:16:45Z INFO  parabit] Iteration 4: 515 nodes, 117 classes
[2026-03-27T17:16:45Z INFO  parabit] Iteration 5: 1137 nodes, 141 classes
[2026-03-27T17:16:45Z INFO  parabit] Iteration 0: 18 nodes, 18 classes
[2026-03-27T17:16:45Z INFO  parabit] Iteration 1: 79 nodes, 38 classes
[2026-03-27T17:16:45Z INFO  parabit] Iteration 2: 142 nodes, 52 classes
[2026-03-27T17:16:45Z INFO  parabit] Iteration 3: 259 nodes, 68 classes
[2026-03-27T17:16:45Z INFO  parabit] Iteration 4: 515 nodes, 117 classes
[2026-03-27T17:16:45Z INFO  parabit] Iteration 5: 1137 nodes, 141 classes
[2026-03-27T17:16:45Z INFO  parabit] Iteration 0: 18 nodes, 18 classes
[2026-03-27T17:16:45Z INFO  parabit] Iteration 1: 79 nodes, 38 classes
[2026-03-27T17:16:45Z INFO  parabit] Iteration 2: 142 nodes, 52 classes
[2026-03-27T17:16:45Z INFO  parabit] Iteration 3: 259 nodes, 68 classes
[2026-03-27T17:16:45Z INFO  parabit] Iteration 4: 515 nodes, 117 classes
[2026-03-27T17:16:45Z INFO  parabit] Iteration 5: 1137 nodes, 141 classes
[2026-03-27T17:16:45Z INFO  parabit] Iteration 0: 18 nodes, 18 classes
[2026-03-27T17:16:45Z INFO  parabit] Iteration 1: 79 nodes, 38 classes
[2026-03-27T17:16:45Z INFO  parabit] Iteration 2: 142 nodes, 52 classes
[2026-03-27T17:16:45Z INFO  parabit] Iteration 3: 259 nodes, 68 classes
[2026-03-27T17:16:45Z INFO  parabit] Iteration 4: 515 nodes, 117 classes
[2026-03-27T17:16:45Z INFO  parabit] Iteration 5: 1137 nodes, 141 classes
[2026-03-27T17:16:45Z INFO  parabit] Iteration 0: 18 nodes, 18 classes
[2026-03-27T17:16:45Z INFO  parabit] Iteration 1: 79 nodes, 38 classes
[2026-03-27T17:16:45Z INFO  parabit] Iteration 2: 142 nodes, 52 classes
[2026-03-27T17:16:45Z INFO  parabit] Iteration 3: 259 nodes, 68 classes
[2026-03-27T17:16:45Z INFO  parabit] Iteration 4: 515 nodes, 117 classes
[2026-03-27T17:16:45Z INFO  parabit] Iteration 5: 1137 nodes, 141 classes
[2026-03-27T17:16:45Z INFO  parabit] Iteration 0: 18 nodes, 18 classes
[2026-03-27T17:16:45Z INFO  parabit] Iteration 1: 79 nodes, 38 classes
[2026-03-27T17:16:45Z INFO  parabit] Iteration 2: 142 nodes, 52 classes
[2026-03-27T17:16:45Z INFO  parabit] Iteration 3: 259 nodes, 68 classes
[2026-03-27T17:16:45Z INFO  parabit] Iteration 4: 515 nodes, 117 classes
[2026-03-27T17:16:45Z INFO  parabit] Iteration 5: 1137 nodes, 141 classes
[2026-03-27T17:16:45Z INFO  parabit] Iteration 0: 18 nodes, 18 classes
[2026-03-27T17:16:45Z INFO  parabit] Iteration 1: 79 nodes, 38 classes
[2026-03-27T17:16:45Z INFO  parabit] Iteration 2: 142 nodes, 52 classes
[2026-03-27T17:16:45Z INFO  parabit] Iteration 3: 259 nodes, 68 classes
[2026-03-27T17:16:45Z INFO  parabit] Iteration 4: 515 nodes, 117 classes
[2026-03-27T17:16:45Z INFO  parabit] Iteration 5: 1137 nodes, 141 classes
[2026-03-27T17:16:45Z INFO  parabit] Iteration 0: 18 nodes, 18 classes
[2026-03-27T17:16:45Z INFO  parabit] Iteration 1: 79 nodes, 38 classes
[2026-03-27T17:16:45Z INFO  parabit] Iteration 2: 142 nodes, 52 classes
[2026-03-27T17:16:45Z INFO  parabit] Iteration 3: 259 nodes, 68 classes
[2026-03-27T17:16:45Z INFO  parabit] Iteration 4: 515 nodes, 117 classes
[2026-03-27T17:16:45Z INFO  parabit] Iteration 5: 1137 nodes, 141 classes
[2026-03-27T17:16:45Z INFO  parabit] Iteration 0: 18 nodes, 18 classes
[2026-03-27T17:16:45Z INFO  parabit] Iteration 1: 79 nodes, 38 classes
[2026-03-27T17:16:45Z INFO  parabit] Iteration 2: 142 nodes, 52 classes
[2026-03-27T17:16:45Z INFO  parabit] Iteration 3: 259 nodes, 68 classes
[2026-03-27T17:16:45Z INFO  parabit] Iteration 4: 515 nodes, 117 classes
[2026-03-27T17:16:45Z INFO  parabit] Iteration 5: 1137 nodes, 141 classes
[2026-03-27T17:16:45Z INFO  parabit] Iteration 0: 18 nodes, 18 classes
[2026-03-27T17:16:45Z INFO  parabit] Iteration 1: 79 nodes, 38 classes
[2026-03-27T17:16:45Z INFO  parabit] Iteration 2: 142 nodes, 52 classes
[2026-03-27T17:16:45Z INFO  parabit] Iteration 3: 259 nodes, 68 classes
[2026-03-27T17:16:45Z INFO  parabit] Iteration 4: 515 nodes, 117 classes
[2026-03-27T17:16:45Z INFO  parabit] Iteration 5: 1137 nodes, 141 classes
[2026-03-27T17:16:45Z INFO  parabit] Iteration 0: 18 nodes, 18 classes
[2026-03-27T17:16:46Z INFO  parabit] Iteration 1: 79 nodes, 38 classes
[2026-03-27T17:16:46Z INFO  parabit] Iteration 2: 142 nodes, 52 classes
[2026-03-27T17:16:46Z INFO  parabit] Iteration 3: 259 nodes, 68 classes
[2026-03-27T17:16:46Z INFO  parabit] Iteration 4: 515 nodes, 117 classes
[2026-03-27T17:16:46Z INFO  parabit] Iteration 5: 1137 nodes, 141 classes
[2026-03-27T17:16:46Z INFO  parabit] Iteration 0: 18 nodes, 18 classes
[2026-03-27T17:16:46Z INFO  parabit] Iteration 1: 79 nodes, 38 classes
[2026-03-27T17:16:46Z INFO  parabit] Iteration 2: 142 nodes, 52 classes
[2026-03-27T17:16:46Z INFO  parabit] Iteration 3: 259 nodes, 68 classes
[2026-03-27T17:16:46Z INFO  parabit] Iteration 4: 515 nodes, 117 classes
[2026-03-27T17:16:46Z INFO  parabit] Iteration 5: 1137 nodes, 141 classes
[2026-03-27T17:16:46Z INFO  parabit] Iteration 0: 18 nodes, 18 classes
[2026-03-27T17:16:46Z INFO  parabit] Iteration 1: 79 nodes, 38 classes
[2026-03-27T17:16:46Z INFO  parabit] Iteration 2: 142 nodes, 52 classes
[2026-03-27T17:16:46Z INFO  parabit] Iteration 3: 259 nodes, 68 classes
[2026-03-27T17:16:46Z INFO  parabit] Iteration 4: 515 nodes, 117 classes
[2026-03-27T17:16:46Z INFO  parabit] Iteration 5: 1137 nodes, 141 classes
{"elapsed":1.03, "maxrss":9320}
