[2026-03-27T17:16:41Z WARN  parabit] Sanitised input expression 0 from:
    (bw k (and (bw k (xor (bw k "%X") (bw k C1))) (bw k C2)))
    to:
    (bw k (and (bw k (xor (bw k var_X) (bw k C1))) (bw k C2)))
[2026-03-27T17:16:41Z WARN  parabit] Sanitised input expression 0 from:
    (bw k (xor (bw k (and (bw k "%X") (bw k C2))) (bw k (and (bw k C1) (bw k C2)))))
    to:
    (bw k (xor (bw k (and (bw k var_X) (bw k C2))) (bw k (and (bw k C1) (bw k C2)))))
[2026-03-27T17:16:41Z INFO  parabit] Running parabit on file: AndOrXor_135_values_0
[2026-03-27T17:16:41Z INFO  parabit] Iteration 0: 18 nodes, 18 classes
[2026-03-27T17:16:41Z INFO  parabit] Iteration 1: 77 nodes, 43 classes
[2026-03-27T17:16:41Z INFO  parabit] Iteration 2: 131 nodes, 69 classes
[2026-03-27T17:16:41Z INFO  parabit] Iteration 3: 226 nodes, 84 classes
[2026-03-27T17:16:41Z INFO  parabit] Iteration 4: 392 nodes, 144 classes
[2026-03-27T17:16:41Z INFO  parabit] Iteration 5: 821 nodes, 239 classes
[2026-03-27T17:16:41Z INFO  parabit] Iteration 6: 1830 nodes, 326 classes
[2026-03-27T17:16:41Z INFO  parabit] Iteration 0: 18 nodes, 18 classes
[2026-03-27T17:16:41Z INFO  parabit] Iteration 1: 77 nodes, 43 classes
[2026-03-27T17:16:41Z INFO  parabit] Iteration 2: 131 nodes, 69 classes
[2026-03-27T17:16:41Z INFO  parabit] Iteration 3: 226 nodes, 84 classes
[2026-03-27T17:16:41Z INFO  parabit] Iteration 4: 392 nodes, 144 classes
[2026-03-27T17:16:41Z INFO  parabit] Iteration 5: 821 nodes, 239 classes
[2026-03-27T17:16:41Z INFO  parabit] Iteration 6: 1830 nodes, 326 classes
[2026-03-27T17:16:41Z INFO  parabit] Iteration 0: 18 nodes, 18 classes
[2026-03-27T17:16:41Z INFO  parabit] Iteration 1: 77 nodes, 43 classes
[2026-03-27T17:16:41Z INFO  parabit] Iteration 2: 131 nodes, 69 classes
[2026-03-27T17:16:41Z INFO  parabit] Iteration 3: 226 nodes, 84 classes
[2026-03-27T17:16:41Z INFO  parabit] Iteration 4: 392 nodes, 144 classes
[2026-03-27T17:16:41Z INFO  parabit] Iteration 5: 821 nodes, 239 classes
[2026-03-27T17:16:41Z INFO  parabit] Iteration 6: 1830 nodes, 326 classes
[2026-03-27T17:16:41Z INFO  parabit] Iteration 0: 18 nodes, 18 classes
[2026-03-27T17:16:41Z INFO  parabit] Iteration 1: 77 nodes, 43 classes
[2026-03-27T17:16:41Z INFO  parabit] Iteration 2: 131 nodes, 69 classes
[2026-03-27T17:16:41Z INFO  parabit] Iteration 3: 226 nodes, 84 classes
[2026-03-27T17:16:41Z INFO  parabit] Iteration 4: 392 nodes, 144 classes
[2026-03-27T17:16:41Z INFO  parabit] Iteration 5: 821 nodes, 239 classes
[2026-03-27T17:16:41Z INFO  parabit] Iteration 6: 1830 nodes, 326 classes
[2026-03-27T17:16:41Z INFO  parabit] Iteration 0: 18 nodes, 18 classes
[2026-03-27T17:16:41Z INFO  parabit] Iteration 1: 77 nodes, 43 classes
[2026-03-27T17:16:41Z INFO  parabit] Iteration 2: 131 nodes, 69 classes
[2026-03-27T17:16:41Z INFO  parabit] Iteration 3: 226 nodes, 84 classes
[2026-03-27T17:16:41Z INFO  parabit] Iteration 4: 392 nodes, 144 classes
[2026-03-27T17:16:41Z INFO  parabit] Iteration 5: 821 nodes, 239 classes
[2026-03-27T17:16:41Z INFO  parabit] Iteration 6: 1830 nodes, 326 classes
[2026-03-27T17:16:41Z INFO  parabit] Iteration 0: 18 nodes, 18 classes
[2026-03-27T17:16:41Z INFO  parabit] Iteration 1: 77 nodes, 43 classes
[2026-03-27T17:16:41Z INFO  parabit] Iteration 2: 131 nodes, 69 classes
[2026-03-27T17:16:41Z INFO  parabit] Iteration 3: 226 nodes, 84 classes
[2026-03-27T17:16:41Z INFO  parabit] Iteration 4: 392 nodes, 144 classes
[2026-03-27T17:16:41Z INFO  parabit] Iteration 5: 821 nodes, 239 classes
[2026-03-27T17:16:41Z INFO  parabit] Iteration 6: 1830 nodes, 326 classes
[2026-03-27T17:16:41Z INFO  parabit] Iteration 0: 18 nodes, 18 classes
[2026-03-27T17:16:41Z INFO  parabit] Iteration 1: 77 nodes, 43 classes
[2026-03-27T17:16:41Z INFO  parabit] Iteration 2: 131 nodes, 69 classes
[2026-03-27T17:16:41Z INFO  parabit] Iteration 3: 226 nodes, 84 classes
[2026-03-27T17:16:41Z INFO  parabit] Iteration 4: 392 nodes, 144 classes
[2026-03-27T17:16:41Z INFO  parabit] Iteration 5: 821 nodes, 239 classes
[2026-03-27T17:16:41Z INFO  parabit] Iteration 6: 1830 nodes, 326 classes
[2026-03-27T17:16:41Z INFO  parabit] Iteration 0: 18 nodes, 18 classes
[2026-03-27T17:16:41Z INFO  parabit] Iteration 1: 77 nodes, 43 classes
[2026-03-27T17:16:41Z INFO  parabit] Iteration 2: 131 nodes, 69 classes
[2026-03-27T17:16:41Z INFO  parabit] Iteration 3: 226 nodes, 84 classes
[2026-03-27T17:16:41Z INFO  parabit] Iteration 4: 392 nodes, 144 classes
[2026-03-27T17:16:41Z INFO  parabit] Iteration 5: 821 nodes, 239 classes
[2026-03-27T17:16:41Z INFO  parabit] Iteration 6: 1830 nodes, 326 classes
[2026-03-27T17:16:41Z INFO  parabit] Iteration 0: 18 nodes, 18 classes
[2026-03-27T17:16:41Z INFO  parabit] Iteration 1: 77 nodes, 43 classes
[2026-03-27T17:16:41Z INFO  parabit] Iteration 2: 131 nodes, 69 classes
[2026-03-27T17:16:41Z INFO  parabit] Iteration 3: 226 nodes, 84 classes
[2026-03-27T17:16:41Z INFO  parabit] Iteration 4: 392 nodes, 144 classes
[2026-03-27T17:16:41Z INFO  parabit] Iteration 5: 821 nodes, 239 classes
[2026-03-27T17:16:41Z INFO  parabit] Iteration 6: 1830 nodes, 326 classes
[2026-03-27T17:16:41Z INFO  parabit] Iteration 0: 18 nodes, 18 classes
[2026-03-27T17:16:41Z INFO  parabit] Iteration 1: 77 nodes, 43 classes
[2026-03-27T17:16:41Z INFO  parabit] Iteration 2: 131 nodes, 69 classes
[2026-03-27T17:16:41Z INFO  parabit] Iteration 3: 226 nodes, 84 classes
[2026-03-27T17:16:41Z INFO  parabit] Iteration 4: 392 nodes, 144 classes
[2026-03-27T17:16:41Z INFO  parabit] Iteration 5: 821 nodes, 239 classes
[2026-03-27T17:16:41Z INFO  parabit] Iteration 6: 1830 nodes, 326 classes
[2026-03-27T17:16:41Z INFO  parabit] Iteration 0: 18 nodes, 18 classes
[2026-03-27T17:16:41Z INFO  parabit] Iteration 1: 77 nodes, 43 classes
[2026-03-27T17:16:41Z INFO  parabit] Iteration 2: 131 nodes, 69 classes
[2026-03-27T17:16:41Z INFO  parabit] Iteration 3: 226 nodes, 84 classes
[2026-03-27T17:16:41Z INFO  parabit] Iteration 4: 392 nodes, 144 classes
[2026-03-27T17:16:41Z INFO  parabit] Iteration 5: 821 nodes, 239 classes
[2026-03-27T17:16:41Z INFO  parabit] Iteration 6: 1830 nodes, 326 classes
[2026-03-27T17:16:41Z INFO  parabit] Iteration 0: 18 nodes, 18 classes
[2026-03-27T17:16:41Z INFO  parabit] Iteration 1: 77 nodes, 43 classes
[2026-03-27T17:16:41Z INFO  parabit] Iteration 2: 131 nodes, 69 classes
[2026-03-27T17:16:41Z INFO  parabit] Iteration 3: 226 nodes, 84 classes
[2026-03-27T17:16:41Z INFO  parabit] Iteration 4: 392 nodes, 144 classes
[2026-03-27T17:16:41Z INFO  parabit] Iteration 5: 821 nodes, 239 classes
[2026-03-27T17:16:41Z INFO  parabit] Iteration 6: 1830 nodes, 326 classes
[2026-03-27T17:16:41Z INFO  parabit] Iteration 0: 18 nodes, 18 classes
[2026-03-27T17:16:41Z INFO  parabit] Iteration 1: 77 nodes, 43 classes
[2026-03-27T17:16:41Z INFO  parabit] Iteration 2: 131 nodes, 69 classes
[2026-03-27T17:16:41Z INFO  parabit] Iteration 3: 226 nodes, 84 classes
[2026-03-27T17:16:41Z INFO  parabit] Iteration 4: 392 nodes, 144 classes
[2026-03-27T17:16:41Z INFO  parabit] Iteration 5: 821 nodes, 239 classes
[2026-03-27T17:16:41Z INFO  parabit] Iteration 6: 1830 nodes, 326 classes
[2026-03-27T17:16:41Z INFO  parabit] Iteration 0: 18 nodes, 18 classes
[2026-03-27T17:16:41Z INFO  parabit] Iteration 1: 77 nodes, 43 classes
[2026-03-27T17:16:41Z INFO  parabit] Iteration 2: 131 nodes, 69 classes
[2026-03-27T17:16:41Z INFO  parabit] Iteration 3: 226 nodes, 84 classes
[2026-03-27T17:16:41Z INFO  parabit] Iteration 4: 392 nodes, 144 classes
[2026-03-27T17:16:41Z INFO  parabit] Iteration 5: 821 nodes, 239 classes
[2026-03-27T17:16:41Z INFO  parabit] Iteration 6: 1830 nodes, 326 classes
[2026-03-27T17:16:41Z INFO  parabit] Iteration 0: 18 nodes, 18 classes
[2026-03-27T17:16:41Z INFO  parabit] Iteration 1: 77 nodes, 43 classes
[2026-03-27T17:16:41Z INFO  parabit] Iteration 2: 131 nodes, 69 classes
[2026-03-27T17:16:41Z INFO  parabit] Iteration 3: 226 nodes, 84 classes
[2026-03-27T17:16:41Z INFO  parabit] Iteration 4: 392 nodes, 144 classes
[2026-03-27T17:16:41Z INFO  parabit] Iteration 5: 821 nodes, 239 classes
[2026-03-27T17:16:41Z INFO  parabit] Iteration 6: 1830 nodes, 326 classes
[2026-03-27T17:16:41Z INFO  parabit] Iteration 0: 18 nodes, 18 classes
[2026-03-27T17:16:41Z INFO  parabit] Iteration 1: 77 nodes, 43 classes
[2026-03-27T17:16:41Z INFO  parabit] Iteration 2: 131 nodes, 69 classes
[2026-03-27T17:16:41Z INFO  parabit] Iteration 3: 226 nodes, 84 classes
[2026-03-27T17:16:41Z INFO  parabit] Iteration 4: 392 nodes, 144 classes
[2026-03-27T17:16:41Z INFO  parabit] Iteration 5: 821 nodes, 239 classes
[2026-03-27T17:16:41Z INFO  parabit] Iteration 6: 1830 nodes, 326 classes
[2026-03-27T17:16:41Z INFO  parabit] Iteration 0: 18 nodes, 18 classes
[2026-03-27T17:16:41Z INFO  parabit] Iteration 1: 77 nodes, 43 classes
[2026-03-27T17:16:41Z INFO  parabit] Iteration 2: 131 nodes, 69 classes
[2026-03-27T17:16:41Z INFO  parabit] Iteration 3: 226 nodes, 84 classes
[2026-03-27T17:16:41Z INFO  parabit] Iteration 4: 392 nodes, 144 classes
[2026-03-27T17:16:41Z INFO  parabit] Iteration 5: 821 nodes, 239 classes
[2026-03-27T17:16:41Z INFO  parabit] Iteration 6: 1830 nodes, 326 classes
[2026-03-27T17:16:41Z INFO  parabit] Iteration 0: 18 nodes, 18 classes
[2026-03-27T17:16:41Z INFO  parabit] Iteration 1: 77 nodes, 43 classes
[2026-03-27T17:16:41Z INFO  parabit] Iteration 2: 131 nodes, 69 classes
[2026-03-27T17:16:41Z INFO  parabit] Iteration 3: 226 nodes, 84 classes
[2026-03-27T17:16:41Z INFO  parabit] Iteration 4: 392 nodes, 144 classes
[2026-03-27T17:16:41Z INFO  parabit] Iteration 5: 821 nodes, 239 classes
[2026-03-27T17:16:41Z INFO  parabit] Iteration 6: 1830 nodes, 326 classes
[2026-03-27T17:16:41Z INFO  parabit] Iteration 0: 18 nodes, 18 classes
[2026-03-27T17:16:41Z INFO  parabit] Iteration 1: 77 nodes, 43 classes
[2026-03-27T17:16:41Z INFO  parabit] Iteration 2: 131 nodes, 69 classes
[2026-03-27T17:16:41Z INFO  parabit] Iteration 3: 226 nodes, 84 classes
[2026-03-27T17:16:41Z INFO  parabit] Iteration 4: 392 nodes, 144 classes
[2026-03-27T17:16:41Z INFO  parabit] Iteration 5: 821 nodes, 239 classes
[2026-03-27T17:16:41Z INFO  parabit] Iteration 6: 1830 nodes, 326 classes
[2026-03-27T17:16:42Z INFO  parabit] Iteration 0: 18 nodes, 18 classes
[2026-03-27T17:16:42Z INFO  parabit] Iteration 1: 77 nodes, 43 classes
[2026-03-27T17:16:42Z INFO  parabit] Iteration 2: 131 nodes, 69 classes
[2026-03-27T17:16:42Z INFO  parabit] Iteration 3: 226 nodes, 84 classes
[2026-03-27T17:16:42Z INFO  parabit] Iteration 4: 392 nodes, 144 classes
[2026-03-27T17:16:42Z INFO  parabit] Iteration 5: 821 nodes, 239 classes
[2026-03-27T17:16:42Z INFO  parabit] Iteration 6: 1830 nodes, 326 classes
[2026-03-27T17:16:42Z INFO  parabit] Iteration 0: 18 nodes, 18 classes
[2026-03-27T17:16:42Z INFO  parabit] Iteration 1: 77 nodes, 43 classes
[2026-03-27T17:16:42Z INFO  parabit] Iteration 2: 131 nodes, 69 classes
[2026-03-27T17:16:42Z INFO  parabit] Iteration 3: 226 nodes, 84 classes
[2026-03-27T17:16:42Z INFO  parabit] Iteration 4: 392 nodes, 144 classes
[2026-03-27T17:16:42Z INFO  parabit] Iteration 5: 821 nodes, 239 classes
[2026-03-27T17:16:42Z INFO  parabit] Iteration 6: 1830 nodes, 326 classes
[2026-03-27T17:16:42Z INFO  parabit] Iteration 0: 18 nodes, 18 classes
[2026-03-27T17:16:42Z INFO  parabit] Iteration 1: 77 nodes, 43 classes
[2026-03-27T17:16:42Z INFO  parabit] Iteration 2: 131 nodes, 69 classes
[2026-03-27T17:16:42Z INFO  parabit] Iteration 3: 226 nodes, 84 classes
[2026-03-27T17:16:42Z INFO  parabit] Iteration 4: 392 nodes, 144 classes
[2026-03-27T17:16:42Z INFO  parabit] Iteration 5: 821 nodes, 239 classes
[2026-03-27T17:16:42Z INFO  parabit] Iteration 6: 1830 nodes, 326 classes
[2026-03-27T17:16:42Z INFO  parabit] Iteration 0: 18 nodes, 18 classes
[2026-03-27T17:16:42Z INFO  parabit] Iteration 1: 77 nodes, 43 classes
[2026-03-27T17:16:42Z INFO  parabit] Iteration 2: 131 nodes, 69 classes
[2026-03-27T17:16:42Z INFO  parabit] Iteration 3: 226 nodes, 84 classes
[2026-03-27T17:16:42Z INFO  parabit] Iteration 4: 392 nodes, 144 classes
[2026-03-27T17:16:42Z INFO  parabit] Iteration 5: 821 nodes, 239 classes
[2026-03-27T17:16:42Z INFO  parabit] Iteration 6: 1830 nodes, 326 classes
[2026-03-27T17:16:42Z INFO  parabit] Iteration 0: 18 nodes, 18 classes
[2026-03-27T17:16:42Z INFO  parabit] Iteration 1: 77 nodes, 43 classes
[2026-03-27T17:16:42Z INFO  parabit] Iteration 2: 131 nodes, 69 classes
[2026-03-27T17:16:42Z INFO  parabit] Iteration 3: 226 nodes, 84 classes
[2026-03-27T17:16:42Z INFO  parabit] Iteration 4: 392 nodes, 144 classes
[2026-03-27T17:16:42Z INFO  parabit] Iteration 5: 821 nodes, 239 classes
[2026-03-27T17:16:42Z INFO  parabit] Iteration 6: 1830 nodes, 326 classes
[2026-03-27T17:16:42Z INFO  parabit] Iteration 0: 18 nodes, 18 classes
[2026-03-27T17:16:42Z INFO  parabit] Iteration 1: 77 nodes, 43 classes
[2026-03-27T17:16:42Z INFO  parabit] Iteration 2: 131 nodes, 69 classes
[2026-03-27T17:16:42Z INFO  parabit] Iteration 3: 226 nodes, 84 classes
[2026-03-27T17:16:42Z INFO  parabit] Iteration 4: 392 nodes, 144 classes
[2026-03-27T17:16:42Z INFO  parabit] Iteration 5: 821 nodes, 239 classes
[2026-03-27T17:16:42Z INFO  parabit] Iteration 6: 1830 nodes, 326 classes
[2026-03-27T17:16:42Z INFO  parabit] Iteration 0: 18 nodes, 18 classes
[2026-03-27T17:16:42Z INFO  parabit] Iteration 1: 77 nodes, 43 classes
[2026-03-27T17:16:42Z INFO  parabit] Iteration 2: 131 nodes, 69 classes
[2026-03-27T17:16:42Z INFO  parabit] Iteration 3: 226 nodes, 84 classes
[2026-03-27T17:16:42Z INFO  parabit] Iteration 4: 392 nodes, 144 classes
[2026-03-27T17:16:42Z INFO  parabit] Iteration 5: 821 nodes, 239 classes
[2026-03-27T17:16:42Z INFO  parabit] Iteration 6: 1830 nodes, 326 classes
[2026-03-27T17:16:42Z INFO  parabit] Iteration 0: 18 nodes, 18 classes
[2026-03-27T17:16:42Z INFO  parabit] Iteration 1: 77 nodes, 43 classes
[2026-03-27T17:16:42Z INFO  parabit] Iteration 2: 131 nodes, 69 classes
[2026-03-27T17:16:42Z INFO  parabit] Iteration 3: 226 nodes, 84 classes
[2026-03-27T17:16:42Z INFO  parabit] Iteration 4: 392 nodes, 144 classes
[2026-03-27T17:16:42Z INFO  parabit] Iteration 5: 821 nodes, 239 classes
[2026-03-27T17:16:42Z INFO  parabit] Iteration 6: 1830 nodes, 326 classes
[2026-03-27T17:16:42Z INFO  parabit] Iteration 0: 18 nodes, 18 classes
[2026-03-27T17:16:42Z INFO  parabit] Iteration 1: 77 nodes, 43 classes
[2026-03-27T17:16:42Z INFO  parabit] Iteration 2: 131 nodes, 69 classes
[2026-03-27T17:16:42Z INFO  parabit] Iteration 3: 226 nodes, 84 classes
[2026-03-27T17:16:42Z INFO  parabit] Iteration 4: 392 nodes, 144 classes
[2026-03-27T17:16:42Z INFO  parabit] Iteration 5: 821 nodes, 239 classes
[2026-03-27T17:16:42Z INFO  parabit] Iteration 6: 1830 nodes, 326 classes
[2026-03-27T17:16:42Z INFO  parabit] Iteration 0: 18 nodes, 18 classes
[2026-03-27T17:16:42Z INFO  parabit] Iteration 1: 77 nodes, 43 classes
[2026-03-27T17:16:42Z INFO  parabit] Iteration 2: 131 nodes, 69 classes
[2026-03-27T17:16:42Z INFO  parabit] Iteration 3: 226 nodes, 84 classes
[2026-03-27T17:16:42Z INFO  parabit] Iteration 4: 392 nodes, 144 classes
[2026-03-27T17:16:42Z INFO  parabit] Iteration 5: 821 nodes, 239 classes
[2026-03-27T17:16:42Z INFO  parabit] Iteration 6: 1830 nodes, 326 classes
[2026-03-27T17:16:42Z INFO  parabit] Iteration 0: 18 nodes, 18 classes
[2026-03-27T17:16:42Z INFO  parabit] Iteration 1: 77 nodes, 43 classes
[2026-03-27T17:16:42Z INFO  parabit] Iteration 2: 131 nodes, 69 classes
[2026-03-27T17:16:42Z INFO  parabit] Iteration 3: 226 nodes, 84 classes
[2026-03-27T17:16:42Z INFO  parabit] Iteration 4: 392 nodes, 144 classes
[2026-03-27T17:16:42Z INFO  parabit] Iteration 5: 821 nodes, 239 classes
[2026-03-27T17:16:42Z INFO  parabit] Iteration 6: 1830 nodes, 326 classes
[2026-03-27T17:16:42Z INFO  parabit] Iteration 0: 18 nodes, 18 classes
[2026-03-27T17:16:42Z INFO  parabit] Iteration 1: 77 nodes, 43 classes
[2026-03-27T17:16:42Z INFO  parabit] Iteration 2: 131 nodes, 69 classes
[2026-03-27T17:16:42Z INFO  parabit] Iteration 3: 226 nodes, 84 classes
[2026-03-27T17:16:42Z INFO  parabit] Iteration 4: 392 nodes, 144 classes
[2026-03-27T17:16:42Z INFO  parabit] Iteration 5: 821 nodes, 239 classes
[2026-03-27T17:16:42Z INFO  parabit] Iteration 6: 1830 nodes, 326 classes
[2026-03-27T17:16:42Z INFO  parabit] Iteration 0: 18 nodes, 18 classes
[2026-03-27T17:16:42Z INFO  parabit] Iteration 1: 77 nodes, 43 classes
[2026-03-27T17:16:42Z INFO  parabit] Iteration 2: 131 nodes, 69 classes
[2026-03-27T17:16:42Z INFO  parabit] Iteration 3: 226 nodes, 84 classes
[2026-03-27T17:16:42Z INFO  parabit] Iteration 4: 392 nodes, 144 classes
[2026-03-27T17:16:42Z INFO  parabit] Iteration 5: 821 nodes, 239 classes
[2026-03-27T17:16:42Z INFO  parabit] Iteration 6: 1830 nodes, 326 classes
[2026-03-27T17:16:42Z INFO  parabit] Iteration 0: 18 nodes, 18 classes
[2026-03-27T17:16:42Z INFO  parabit] Iteration 1: 77 nodes, 43 classes
[2026-03-27T17:16:42Z INFO  parabit] Iteration 2: 131 nodes, 69 classes
[2026-03-27T17:16:42Z INFO  parabit] Iteration 3: 226 nodes, 84 classes
[2026-03-27T17:16:42Z INFO  parabit] Iteration 4: 392 nodes, 144 classes
[2026-03-27T17:16:42Z INFO  parabit] Iteration 5: 821 nodes, 239 classes
[2026-03-27T17:16:42Z INFO  parabit] Iteration 6: 1830 nodes, 326 classes
[2026-03-27T17:16:42Z INFO  parabit] Iteration 0: 18 nodes, 18 classes
[2026-03-27T17:16:42Z INFO  parabit] Iteration 1: 77 nodes, 43 classes
[2026-03-27T17:16:42Z INFO  parabit] Iteration 2: 131 nodes, 69 classes
[2026-03-27T17:16:42Z INFO  parabit] Iteration 3: 226 nodes, 84 classes
[2026-03-27T17:16:42Z INFO  parabit] Iteration 4: 392 nodes, 144 classes
[2026-03-27T17:16:42Z INFO  parabit] Iteration 5: 821 nodes, 239 classes
[2026-03-27T17:16:42Z INFO  parabit] Iteration 6: 1830 nodes, 326 classes
[2026-03-27T17:16:42Z INFO  parabit] Iteration 0: 18 nodes, 18 classes
[2026-03-27T17:16:42Z INFO  parabit] Iteration 1: 77 nodes, 43 classes
[2026-03-27T17:16:42Z INFO  parabit] Iteration 2: 131 nodes, 69 classes
[2026-03-27T17:16:42Z INFO  parabit] Iteration 3: 226 nodes, 84 classes
[2026-03-27T17:16:42Z INFO  parabit] Iteration 4: 392 nodes, 144 classes
[2026-03-27T17:16:42Z INFO  parabit] Iteration 5: 821 nodes, 239 classes
[2026-03-27T17:16:42Z INFO  parabit] Iteration 6: 1830 nodes, 326 classes
[2026-03-27T17:16:42Z INFO  parabit] Iteration 0: 18 nodes, 18 classes
[2026-03-27T17:16:42Z INFO  parabit] Iteration 1: 77 nodes, 43 classes
[2026-03-27T17:16:42Z INFO  parabit] Iteration 2: 131 nodes, 69 classes
[2026-03-27T17:16:42Z INFO  parabit] Iteration 3: 226 nodes, 84 classes
[2026-03-27T17:16:42Z INFO  parabit] Iteration 4: 392 nodes, 144 classes
[2026-03-27T17:16:42Z INFO  parabit] Iteration 5: 821 nodes, 239 classes
[2026-03-27T17:16:42Z INFO  parabit] Iteration 6: 1830 nodes, 326 classes
[2026-03-27T17:16:42Z INFO  parabit] Iteration 0: 18 nodes, 18 classes
[2026-03-27T17:16:42Z INFO  parabit] Iteration 1: 77 nodes, 43 classes
[2026-03-27T17:16:42Z INFO  parabit] Iteration 2: 131 nodes, 69 classes
[2026-03-27T17:16:42Z INFO  parabit] Iteration 3: 226 nodes, 84 classes
[2026-03-27T17:16:42Z INFO  parabit] Iteration 4: 392 nodes, 144 classes
[2026-03-27T17:16:42Z INFO  parabit] Iteration 5: 821 nodes, 239 classes
[2026-03-27T17:16:42Z INFO  parabit] Iteration 6: 1830 nodes, 326 classes
{"elapsed":1.07, "maxrss":15980}
