[2026-03-27T17:16:53Z WARN  parabit] Sanitised input expression 0 from:
    (bw k (xor (bw k (and (bw k "%a") (bw k (xor (bw k "%b") (bw k (not (bw k 0))))))) (bw k (xor (bw k "%a") (bw k (not (bw k 0)))))))
    to:
    (bw k (xor (bw k (and (bw k var_a) (bw k (xor (bw k var_b) (bw k (not (bw k 0))))))) (bw k (xor (bw k var_a) (bw k (not (bw k 0)))))))
[2026-03-27T17:16:53Z WARN  parabit] Sanitised input expression 0 from:
    (bw k (xor (bw k (and (bw k "%a") (bw k "%b"))) (bw k (not (bw k 0)))))
    to:
    (bw k (xor (bw k (and (bw k var_a) (bw k var_b))) (bw k (not (bw k 0)))))
[2026-03-27T17:16:53Z INFO  parabit] Running parabit on file: AndOrXor_2658_values_0
[2026-03-27T17:16:53Z INFO  parabit] Iteration 0: 22 nodes, 22 classes
[2026-03-27T17:16:53Z INFO  parabit] Iteration 1: 110 nodes, 52 classes
[2026-03-27T17:16:53Z INFO  parabit] Iteration 2: 234 nodes, 62 classes
[2026-03-27T17:16:53Z INFO  parabit] Iteration 3: 486 nodes, 95 classes
[2026-03-27T17:16:53Z INFO  parabit] Iteration 4: 1516 nodes, 182 classes
[2026-03-27T17:16:53Z INFO  parabit] Iteration 0: 22 nodes, 22 classes
[2026-03-27T17:16:53Z INFO  parabit] Iteration 1: 110 nodes, 52 classes
[2026-03-27T17:16:53Z INFO  parabit] Iteration 2: 234 nodes, 62 classes
[2026-03-27T17:16:53Z INFO  parabit] Iteration 3: 486 nodes, 95 classes
[2026-03-27T17:16:53Z INFO  parabit] Iteration 4: 1516 nodes, 182 classes
[2026-03-27T17:16:53Z INFO  parabit] Iteration 0: 22 nodes, 22 classes
[2026-03-27T17:16:53Z INFO  parabit] Iteration 1: 110 nodes, 52 classes
[2026-03-27T17:16:53Z INFO  parabit] Iteration 2: 234 nodes, 62 classes
[2026-03-27T17:16:53Z INFO  parabit] Iteration 3: 486 nodes, 95 classes
[2026-03-27T17:16:53Z INFO  parabit] Iteration 4: 1516 nodes, 182 classes
[2026-03-27T17:16:53Z INFO  parabit] Iteration 0: 22 nodes, 22 classes
[2026-03-27T17:16:53Z INFO  parabit] Iteration 1: 110 nodes, 52 classes
[2026-03-27T17:16:53Z INFO  parabit] Iteration 2: 234 nodes, 62 classes
[2026-03-27T17:16:53Z INFO  parabit] Iteration 3: 486 nodes, 95 classes
[2026-03-27T17:16:53Z INFO  parabit] Iteration 4: 1516 nodes, 182 classes
[2026-03-27T17:16:53Z INFO  parabit] Iteration 0: 22 nodes, 22 classes
[2026-03-27T17:16:53Z INFO  parabit] Iteration 1: 110 nodes, 52 classes
[2026-03-27T17:16:53Z INFO  parabit] Iteration 2: 234 nodes, 62 classes
[2026-03-27T17:16:53Z INFO  parabit] Iteration 3: 486 nodes, 95 classes
[2026-03-27T17:16:53Z INFO  parabit] Iteration 4: 1516 nodes, 182 classes
[2026-03-27T17:16:53Z INFO  parabit] Iteration 0: 22 nodes, 22 classes
[2026-03-27T17:16:53Z INFO  parabit] Iteration 1: 110 nodes, 52 classes
[2026-03-27T17:16:53Z INFO  parabit] Iteration 2: 234 nodes, 62 classes
[2026-03-27T17:16:53Z INFO  parabit] Iteration 3: 486 nodes, 95 classes
[2026-03-27T17:16:53Z INFO  parabit] Iteration 4: 1516 nodes, 182 classes
[2026-03-27T17:16:53Z INFO  parabit] Iteration 0: 22 nodes, 22 classes
[2026-03-27T17:16:53Z INFO  parabit] Iteration 1: 110 nodes, 52 classes
[2026-03-27T17:16:53Z INFO  parabit] Iteration 2: 234 nodes, 62 classes
[2026-03-27T17:16:53Z INFO  parabit] Iteration 3: 486 nodes, 95 classes
[2026-03-27T17:16:53Z INFO  parabit] Iteration 4: 1516 nodes, 182 classes
[2026-03-27T17:16:53Z INFO  parabit] Iteration 0: 22 nodes, 22 classes
[2026-03-27T17:16:53Z INFO  parabit] Iteration 1: 110 nodes, 52 classes
[2026-03-27T17:16:53Z INFO  parabit] Iteration 2: 234 nodes, 62 classes
[2026-03-27T17:16:53Z INFO  parabit] Iteration 3: 486 nodes, 95 classes
[2026-03-27T17:16:53Z INFO  parabit] Iteration 4: 1516 nodes, 182 classes
[2026-03-27T17:16:53Z INFO  parabit] Iteration 0: 22 nodes, 22 classes
[2026-03-27T17:16:53Z INFO  parabit] Iteration 1: 110 nodes, 52 classes
[2026-03-27T17:16:53Z INFO  parabit] Iteration 2: 234 nodes, 62 classes
[2026-03-27T17:16:53Z INFO  parabit] Iteration 3: 486 nodes, 95 classes
[2026-03-27T17:16:53Z INFO  parabit] Iteration 4: 1516 nodes, 182 classes
[2026-03-27T17:16:53Z INFO  parabit] Iteration 0: 22 nodes, 22 classes
[2026-03-27T17:16:53Z INFO  parabit] Iteration 1: 110 nodes, 52 classes
[2026-03-27T17:16:53Z INFO  parabit] Iteration 2: 234 nodes, 62 classes
[2026-03-27T17:16:53Z INFO  parabit] Iteration 3: 486 nodes, 95 classes
[2026-03-27T17:16:53Z INFO  parabit] Iteration 4: 1516 nodes, 182 classes
[2026-03-27T17:16:53Z INFO  parabit] Iteration 0: 22 nodes, 22 classes
[2026-03-27T17:16:53Z INFO  parabit] Iteration 1: 110 nodes, 52 classes
[2026-03-27T17:16:53Z INFO  parabit] Iteration 2: 234 nodes, 62 classes
[2026-03-27T17:16:53Z INFO  parabit] Iteration 3: 486 nodes, 95 classes
[2026-03-27T17:16:53Z INFO  parabit] Iteration 4: 1516 nodes, 182 classes
[2026-03-27T17:16:53Z INFO  parabit] Iteration 0: 22 nodes, 22 classes
[2026-03-27T17:16:53Z INFO  parabit] Iteration 1: 110 nodes, 52 classes
[2026-03-27T17:16:53Z INFO  parabit] Iteration 2: 234 nodes, 62 classes
[2026-03-27T17:16:53Z INFO  parabit] Iteration 3: 486 nodes, 95 classes
[2026-03-27T17:16:53Z INFO  parabit] Iteration 4: 1516 nodes, 182 classes
[2026-03-27T17:16:53Z INFO  parabit] Iteration 0: 22 nodes, 22 classes
[2026-03-27T17:16:53Z INFO  parabit] Iteration 1: 110 nodes, 52 classes
[2026-03-27T17:16:53Z INFO  parabit] Iteration 2: 234 nodes, 62 classes
[2026-03-27T17:16:53Z INFO  parabit] Iteration 3: 486 nodes, 95 classes
[2026-03-27T17:16:53Z INFO  parabit] Iteration 4: 1516 nodes, 182 classes
[2026-03-27T17:16:53Z INFO  parabit] Iteration 0: 22 nodes, 22 classes
[2026-03-27T17:16:53Z INFO  parabit] Iteration 1: 110 nodes, 52 classes
[2026-03-27T17:16:53Z INFO  parabit] Iteration 2: 234 nodes, 62 classes
[2026-03-27T17:16:53Z INFO  parabit] Iteration 3: 486 nodes, 95 classes
[2026-03-27T17:16:53Z INFO  parabit] Iteration 4: 1516 nodes, 182 classes
[2026-03-27T17:16:53Z INFO  parabit] Iteration 0: 22 nodes, 22 classes
[2026-03-27T17:16:53Z INFO  parabit] Iteration 1: 110 nodes, 52 classes
[2026-03-27T17:16:53Z INFO  parabit] Iteration 2: 234 nodes, 62 classes
[2026-03-27T17:16:53Z INFO  parabit] Iteration 3: 486 nodes, 95 classes
[2026-03-27T17:16:53Z INFO  parabit] Iteration 4: 1516 nodes, 182 classes
[2026-03-27T17:16:53Z INFO  parabit] Iteration 0: 22 nodes, 22 classes
[2026-03-27T17:16:53Z INFO  parabit] Iteration 1: 110 nodes, 52 classes
[2026-03-27T17:16:53Z INFO  parabit] Iteration 2: 234 nodes, 62 classes
[2026-03-27T17:16:53Z INFO  parabit] Iteration 3: 486 nodes, 95 classes
[2026-03-27T17:16:53Z INFO  parabit] Iteration 4: 1516 nodes, 182 classes
[2026-03-27T17:16:53Z INFO  parabit] Iteration 0: 22 nodes, 22 classes
[2026-03-27T17:16:53Z INFO  parabit] Iteration 1: 110 nodes, 52 classes
[2026-03-27T17:16:53Z INFO  parabit] Iteration 2: 234 nodes, 62 classes
[2026-03-27T17:16:53Z INFO  parabit] Iteration 3: 486 nodes, 95 classes
[2026-03-27T17:16:53Z INFO  parabit] Iteration 4: 1516 nodes, 182 classes
[2026-03-27T17:16:53Z INFO  parabit] Iteration 0: 22 nodes, 22 classes
[2026-03-27T17:16:53Z INFO  parabit] Iteration 1: 110 nodes, 52 classes
[2026-03-27T17:16:53Z INFO  parabit] Iteration 2: 234 nodes, 62 classes
[2026-03-27T17:16:53Z INFO  parabit] Iteration 3: 486 nodes, 95 classes
[2026-03-27T17:16:53Z INFO  parabit] Iteration 4: 1516 nodes, 182 classes
[2026-03-27T17:16:53Z INFO  parabit] Iteration 0: 22 nodes, 22 classes
[2026-03-27T17:16:53Z INFO  parabit] Iteration 1: 110 nodes, 52 classes
[2026-03-27T17:16:53Z INFO  parabit] Iteration 2: 234 nodes, 62 classes
[2026-03-27T17:16:53Z INFO  parabit] Iteration 3: 486 nodes, 95 classes
[2026-03-27T17:16:53Z INFO  parabit] Iteration 4: 1516 nodes, 182 classes
[2026-03-27T17:16:53Z INFO  parabit] Iteration 0: 22 nodes, 22 classes
[2026-03-27T17:16:53Z INFO  parabit] Iteration 1: 110 nodes, 52 classes
[2026-03-27T17:16:53Z INFO  parabit] Iteration 2: 234 nodes, 62 classes
[2026-03-27T17:16:53Z INFO  parabit] Iteration 3: 486 nodes, 95 classes
[2026-03-27T17:16:53Z INFO  parabit] Iteration 4: 1516 nodes, 182 classes
[2026-03-27T17:16:53Z INFO  parabit] Iteration 0: 22 nodes, 22 classes
[2026-03-27T17:16:53Z INFO  parabit] Iteration 1: 110 nodes, 52 classes
[2026-03-27T17:16:53Z INFO  parabit] Iteration 2: 234 nodes, 62 classes
[2026-03-27T17:16:53Z INFO  parabit] Iteration 3: 486 nodes, 95 classes
[2026-03-27T17:16:53Z INFO  parabit] Iteration 4: 1516 nodes, 182 classes
[2026-03-27T17:16:53Z INFO  parabit] Iteration 0: 22 nodes, 22 classes
[2026-03-27T17:16:53Z INFO  parabit] Iteration 1: 110 nodes, 52 classes
[2026-03-27T17:16:53Z INFO  parabit] Iteration 2: 234 nodes, 62 classes
[2026-03-27T17:16:53Z INFO  parabit] Iteration 3: 486 nodes, 95 classes
[2026-03-27T17:16:53Z INFO  parabit] Iteration 4: 1516 nodes, 182 classes
[2026-03-27T17:16:54Z INFO  parabit] Iteration 0: 22 nodes, 22 classes
[2026-03-27T17:16:54Z INFO  parabit] Iteration 1: 110 nodes, 52 classes
[2026-03-27T17:16:54Z INFO  parabit] Iteration 2: 234 nodes, 62 classes
[2026-03-27T17:16:54Z INFO  parabit] Iteration 3: 486 nodes, 95 classes
[2026-03-27T17:16:54Z INFO  parabit] Iteration 4: 1516 nodes, 182 classes
[2026-03-27T17:16:54Z INFO  parabit] Iteration 0: 22 nodes, 22 classes
[2026-03-27T17:16:54Z INFO  parabit] Iteration 1: 110 nodes, 52 classes
[2026-03-27T17:16:54Z INFO  parabit] Iteration 2: 234 nodes, 62 classes
[2026-03-27T17:16:54Z INFO  parabit] Iteration 3: 486 nodes, 95 classes
[2026-03-27T17:16:54Z INFO  parabit] Iteration 4: 1516 nodes, 182 classes
[2026-03-27T17:16:54Z INFO  parabit] Iteration 0: 22 nodes, 22 classes
[2026-03-27T17:16:54Z INFO  parabit] Iteration 1: 110 nodes, 52 classes
[2026-03-27T17:16:54Z INFO  parabit] Iteration 2: 234 nodes, 62 classes
[2026-03-27T17:16:54Z INFO  parabit] Iteration 3: 486 nodes, 95 classes
[2026-03-27T17:16:54Z INFO  parabit] Iteration 4: 1516 nodes, 182 classes
[2026-03-27T17:16:54Z INFO  parabit] Iteration 0: 22 nodes, 22 classes
[2026-03-27T17:16:54Z INFO  parabit] Iteration 1: 110 nodes, 52 classes
[2026-03-27T17:16:54Z INFO  parabit] Iteration 2: 234 nodes, 62 classes
[2026-03-27T17:16:54Z INFO  parabit] Iteration 3: 486 nodes, 95 classes
[2026-03-27T17:16:54Z INFO  parabit] Iteration 4: 1516 nodes, 182 classes
[2026-03-27T17:16:54Z INFO  parabit] Iteration 0: 22 nodes, 22 classes
[2026-03-27T17:16:54Z INFO  parabit] Iteration 1: 110 nodes, 52 classes
[2026-03-27T17:16:54Z INFO  parabit] Iteration 2: 234 nodes, 62 classes
[2026-03-27T17:16:54Z INFO  parabit] Iteration 3: 486 nodes, 95 classes
[2026-03-27T17:16:54Z INFO  parabit] Iteration 4: 1516 nodes, 182 classes
[2026-03-27T17:16:54Z INFO  parabit] Iteration 0: 22 nodes, 22 classes
[2026-03-27T17:16:54Z INFO  parabit] Iteration 1: 110 nodes, 52 classes
[2026-03-27T17:16:54Z INFO  parabit] Iteration 2: 234 nodes, 62 classes
[2026-03-27T17:16:54Z INFO  parabit] Iteration 3: 486 nodes, 95 classes
[2026-03-27T17:16:54Z INFO  parabit] Iteration 4: 1516 nodes, 182 classes
[2026-03-27T17:16:54Z INFO  parabit] Iteration 0: 22 nodes, 22 classes
[2026-03-27T17:16:54Z INFO  parabit] Iteration 1: 110 nodes, 52 classes
[2026-03-27T17:16:54Z INFO  parabit] Iteration 2: 234 nodes, 62 classes
[2026-03-27T17:16:54Z INFO  parabit] Iteration 3: 486 nodes, 95 classes
[2026-03-27T17:16:54Z INFO  parabit] Iteration 4: 1516 nodes, 182 classes
[2026-03-27T17:16:54Z INFO  parabit] Iteration 0: 22 nodes, 22 classes
[2026-03-27T17:16:54Z INFO  parabit] Iteration 1: 110 nodes, 52 classes
[2026-03-27T17:16:54Z INFO  parabit] Iteration 2: 234 nodes, 62 classes
[2026-03-27T17:16:54Z INFO  parabit] Iteration 3: 486 nodes, 95 classes
[2026-03-27T17:16:54Z INFO  parabit] Iteration 4: 1516 nodes, 182 classes
[2026-03-27T17:16:54Z INFO  parabit] Iteration 0: 22 nodes, 22 classes
[2026-03-27T17:16:54Z INFO  parabit] Iteration 1: 110 nodes, 52 classes
[2026-03-27T17:16:54Z INFO  parabit] Iteration 2: 234 nodes, 62 classes
[2026-03-27T17:16:54Z INFO  parabit] Iteration 3: 486 nodes, 95 classes
[2026-03-27T17:16:54Z INFO  parabit] Iteration 4: 1516 nodes, 182 classes
[2026-03-27T17:16:54Z INFO  parabit] Iteration 0: 22 nodes, 22 classes
[2026-03-27T17:16:54Z INFO  parabit] Iteration 1: 110 nodes, 52 classes
[2026-03-27T17:16:54Z INFO  parabit] Iteration 2: 234 nodes, 62 classes
[2026-03-27T17:16:54Z INFO  parabit] Iteration 3: 486 nodes, 95 classes
[2026-03-27T17:16:54Z INFO  parabit] Iteration 4: 1516 nodes, 182 classes
[2026-03-27T17:16:54Z INFO  parabit] Iteration 0: 22 nodes, 22 classes
[2026-03-27T17:16:54Z INFO  parabit] Iteration 1: 110 nodes, 52 classes
[2026-03-27T17:16:54Z INFO  parabit] Iteration 2: 234 nodes, 62 classes
[2026-03-27T17:16:54Z INFO  parabit] Iteration 3: 486 nodes, 95 classes
[2026-03-27T17:16:54Z INFO  parabit] Iteration 4: 1516 nodes, 182 classes
[2026-03-27T17:16:54Z INFO  parabit] Iteration 0: 22 nodes, 22 classes
[2026-03-27T17:16:54Z INFO  parabit] Iteration 1: 110 nodes, 52 classes
[2026-03-27T17:16:54Z INFO  parabit] Iteration 2: 234 nodes, 62 classes
[2026-03-27T17:16:54Z INFO  parabit] Iteration 3: 486 nodes, 95 classes
[2026-03-27T17:16:54Z INFO  parabit] Iteration 4: 1516 nodes, 182 classes
[2026-03-27T17:16:54Z INFO  parabit] Iteration 0: 22 nodes, 22 classes
[2026-03-27T17:16:54Z INFO  parabit] Iteration 1: 110 nodes, 52 classes
[2026-03-27T17:16:54Z INFO  parabit] Iteration 2: 234 nodes, 62 classes
[2026-03-27T17:16:54Z INFO  parabit] Iteration 3: 486 nodes, 95 classes
[2026-03-27T17:16:54Z INFO  parabit] Iteration 4: 1516 nodes, 182 classes
{"elapsed":1.05, "maxrss":12776}
