[2026-03-27T17:16:43Z WARN  parabit] Sanitised input expression 0 from:
    (bw k (or (bw k (xor (bw k "%A") (bw k "%B"))) (bw k (xor (bw k (xor (bw k "%B") (bw k "%C"))) (bw k "%A")))))
    to:
    (bw k (or (bw k (xor (bw k var_A) (bw k var_B))) (bw k (xor (bw k (xor (bw k var_B) (bw k var_C))) (bw k var_A)))))
[2026-03-27T17:16:43Z WARN  parabit] Sanitised input expression 0 from:
    (bw k (or (bw k (xor (bw k "%A") (bw k "%B"))) (bw k "%C")))
    to:
    (bw k (or (bw k (xor (bw k var_A) (bw k var_B))) (bw k var_C)))
[2026-03-27T17:16:43Z INFO  parabit] Running parabit on file: AndOrXor_2231_values_0
[2026-03-27T17:16:43Z INFO  parabit] Iteration 0: 18 nodes, 18 classes
[2026-03-27T17:16:43Z INFO  parabit] Iteration 1: 78 nodes, 46 classes
[2026-03-27T17:16:43Z INFO  parabit] Iteration 2: 143 nodes, 77 classes
[2026-03-27T17:16:43Z INFO  parabit] Iteration 3: 280 nodes, 106 classes
[2026-03-27T17:16:43Z INFO  parabit] Iteration 4: 527 nodes, 198 classes
[2026-03-27T17:16:43Z INFO  parabit] Iteration 5: 1311 nodes, 375 classes
[2026-03-27T17:16:43Z INFO  parabit] Iteration 6: 3332 nodes, 629 classes
[2026-03-27T17:16:43Z INFO  parabit] Iteration 7: 9110 nodes, 2397 classes
[2026-03-27T17:16:43Z INFO  parabit] Iteration 8: 139030 nodes, 6214 classes
[2026-03-27T17:16:58Z INFO  parabit] Iteration 9: 2662171 nodes, 64351 classes
memory allocation of 139186272 bytes failed
note: run with `RUST_BACKTRACE=1` environment variable to display a backtrace
timeout: the monitored command dumped core
Command exited with non-zero status 124
{"elapsed":23.78, "maxrss":1714740}
