[2026-04-20T10:47:12Z WARN  parabit] Sanitised input expression 0 from:
    (bw k (* (bw k "%x") (bw k (not (bw k 0)))))
    to:
    (bw k (* (bw k var_x) (bw k (not (bw k 0)))))
[2026-04-20T10:47:12Z WARN  parabit] Sanitised input expression 0 from:
    (bw k (- (bw k 0) (bw k "%x")))
    to:
    (bw k (- (bw k 0) (bw k var_x)))
[2026-04-20T10:47:12Z INFO  parabit] Running parabit on file: muldivrem_152_values_0
[2026-04-20T10:47:12Z INFO  parabit] Iteration 0: 12 nodes, 12 classes
[2026-04-20T10:47:12Z INFO  parabit] Iteration 1: 45 nodes, 24 classes
[2026-04-20T10:47:12Z INFO  parabit] Iteration 2: 64 nodes, 25 classes
[2026-04-20T10:47:12Z INFO  parabit] Iteration 0: 12 nodes, 12 classes
[2026-04-20T10:47:12Z INFO  parabit] Iteration 1: 45 nodes, 24 classes
[2026-04-20T10:47:12Z INFO  parabit] Iteration 2: 64 nodes, 25 classes
[2026-04-20T10:47:12Z INFO  parabit] Iteration 0: 12 nodes, 12 classes
[2026-04-20T10:47:12Z INFO  parabit] Iteration 1: 45 nodes, 24 classes
[2026-04-20T10:47:12Z INFO  parabit] Iteration 2: 64 nodes, 25 classes
[2026-04-20T10:47:12Z INFO  parabit] Iteration 0: 12 nodes, 12 classes
[2026-04-20T10:47:12Z INFO  parabit] Iteration 1: 45 nodes, 24 classes
[2026-04-20T10:47:12Z INFO  parabit] Iteration 2: 64 nodes, 25 classes
[2026-04-20T10:47:12Z INFO  parabit] Iteration 0: 12 nodes, 12 classes
[2026-04-20T10:47:12Z INFO  parabit] Iteration 1: 45 nodes, 24 classes
[2026-04-20T10:47:12Z INFO  parabit] Iteration 2: 64 nodes, 25 classes
[2026-04-20T10:47:12Z INFO  parabit] Iteration 0: 12 nodes, 12 classes
[2026-04-20T10:47:12Z INFO  parabit] Iteration 1: 45 nodes, 24 classes
[2026-04-20T10:47:12Z INFO  parabit] Iteration 2: 64 nodes, 25 classes
[2026-04-20T10:47:12Z INFO  parabit] Iteration 0: 12 nodes, 12 classes
[2026-04-20T10:47:12Z INFO  parabit] Iteration 1: 45 nodes, 24 classes
[2026-04-20T10:47:12Z INFO  parabit] Iteration 2: 64 nodes, 25 classes
[2026-04-20T10:47:12Z INFO  parabit] Iteration 0: 12 nodes, 12 classes
[2026-04-20T10:47:12Z INFO  parabit] Iteration 1: 45 nodes, 24 classes
[2026-04-20T10:47:12Z INFO  parabit] Iteration 2: 64 nodes, 25 classes
[2026-04-20T10:47:12Z INFO  parabit] Iteration 0: 12 nodes, 12 classes
[2026-04-20T10:47:12Z INFO  parabit] Iteration 1: 45 nodes, 24 classes
[2026-04-20T10:47:12Z INFO  parabit] Iteration 2: 64 nodes, 25 classes
[2026-04-20T10:47:12Z INFO  parabit] Iteration 0: 12 nodes, 12 classes
[2026-04-20T10:47:12Z INFO  parabit] Iteration 1: 45 nodes, 24 classes
[2026-04-20T10:47:12Z INFO  parabit] Iteration 2: 64 nodes, 25 classes
[2026-04-20T10:47:12Z INFO  parabit] Iteration 0: 12 nodes, 12 classes
[2026-04-20T10:47:12Z INFO  parabit] Iteration 1: 45 nodes, 24 classes
[2026-04-20T10:47:12Z INFO  parabit] Iteration 2: 64 nodes, 25 classes
[2026-04-20T10:47:12Z INFO  parabit] Iteration 0: 12 nodes, 12 classes
[2026-04-20T10:47:12Z INFO  parabit] Iteration 1: 45 nodes, 24 classes
[2026-04-20T10:47:12Z INFO  parabit] Iteration 2: 64 nodes, 25 classes
[2026-04-20T10:47:12Z INFO  parabit] Iteration 0: 12 nodes, 12 classes
[2026-04-20T10:47:12Z INFO  parabit] Iteration 1: 45 nodes, 24 classes
[2026-04-20T10:47:12Z INFO  parabit] Iteration 2: 64 nodes, 25 classes
[2026-04-20T10:47:12Z INFO  parabit] Iteration 0: 12 nodes, 12 classes
[2026-04-20T10:47:12Z INFO  parabit] Iteration 1: 45 nodes, 24 classes
[2026-04-20T10:47:12Z INFO  parabit] Iteration 2: 64 nodes, 25 classes
[2026-04-20T10:47:12Z INFO  parabit] Iteration 0: 12 nodes, 12 classes
[2026-04-20T10:47:12Z INFO  parabit] Iteration 1: 45 nodes, 24 classes
[2026-04-20T10:47:12Z INFO  parabit] Iteration 2: 64 nodes, 25 classes
[2026-04-20T10:47:12Z INFO  parabit] Iteration 0: 12 nodes, 12 classes
[2026-04-20T10:47:12Z INFO  parabit] Iteration 1: 45 nodes, 24 classes
[2026-04-20T10:47:12Z INFO  parabit] Iteration 2: 64 nodes, 25 classes
[2026-04-20T10:47:12Z INFO  parabit] Iteration 0: 12 nodes, 12 classes
[2026-04-20T10:47:12Z INFO  parabit] Iteration 1: 45 nodes, 24 classes
[2026-04-20T10:47:12Z INFO  parabit] Iteration 2: 64 nodes, 25 classes
[2026-04-20T10:47:12Z INFO  parabit] Iteration 0: 12 nodes, 12 classes
[2026-04-20T10:47:12Z INFO  parabit] Iteration 1: 45 nodes, 24 classes
[2026-04-20T10:47:12Z INFO  parabit] Iteration 2: 64 nodes, 25 classes
[2026-04-20T10:47:12Z INFO  parabit] Iteration 0: 12 nodes, 12 classes
[2026-04-20T10:47:12Z INFO  parabit] Iteration 1: 45 nodes, 24 classes
[2026-04-20T10:47:12Z INFO  parabit] Iteration 2: 64 nodes, 25 classes
[2026-04-20T10:47:12Z INFO  parabit] Iteration 0: 12 nodes, 12 classes
[2026-04-20T10:47:12Z INFO  parabit] Iteration 1: 45 nodes, 24 classes
[2026-04-20T10:47:12Z INFO  parabit] Iteration 2: 64 nodes, 25 classes
[2026-04-20T10:47:12Z INFO  parabit] Iteration 0: 12 nodes, 12 classes
[2026-04-20T10:47:12Z INFO  parabit] Iteration 1: 45 nodes, 24 classes
[2026-04-20T10:47:12Z INFO  parabit] Iteration 2: 64 nodes, 25 classes
[2026-04-20T10:47:12Z INFO  parabit] Iteration 0: 12 nodes, 12 classes
[2026-04-20T10:47:12Z INFO  parabit] Iteration 1: 45 nodes, 24 classes
[2026-04-20T10:47:12Z INFO  parabit] Iteration 2: 64 nodes, 25 classes
[2026-04-20T10:47:12Z INFO  parabit] Iteration 0: 12 nodes, 12 classes
[2026-04-20T10:47:12Z INFO  parabit] Iteration 1: 45 nodes, 24 classes
[2026-04-20T10:47:12Z INFO  parabit] Iteration 2: 64 nodes, 25 classes
[2026-04-20T10:47:12Z INFO  parabit] Iteration 0: 12 nodes, 12 classes
[2026-04-20T10:47:12Z INFO  parabit] Iteration 1: 45 nodes, 24 classes
[2026-04-20T10:47:12Z INFO  parabit] Iteration 2: 64 nodes, 25 classes
[2026-04-20T10:47:12Z INFO  parabit] Iteration 0: 12 nodes, 12 classes
[2026-04-20T10:47:12Z INFO  parabit] Iteration 1: 45 nodes, 24 classes
[2026-04-20T10:47:12Z INFO  parabit] Iteration 2: 64 nodes, 25 classes
[2026-04-20T10:47:12Z INFO  parabit] Iteration 0: 12 nodes, 12 classes
[2026-04-20T10:47:12Z INFO  parabit] Iteration 1: 45 nodes, 24 classes
[2026-04-20T10:47:12Z INFO  parabit] Iteration 2: 64 nodes, 25 classes
[2026-04-20T10:47:12Z INFO  parabit] Iteration 0: 12 nodes, 12 classes
[2026-04-20T10:47:12Z INFO  parabit] Iteration 1: 45 nodes, 24 classes
[2026-04-20T10:47:12Z INFO  parabit] Iteration 2: 64 nodes, 25 classes
[2026-04-20T10:47:12Z INFO  parabit] Iteration 0: 12 nodes, 12 classes
[2026-04-20T10:47:12Z INFO  parabit] Iteration 1: 45 nodes, 24 classes
[2026-04-20T10:47:12Z INFO  parabit] Iteration 2: 64 nodes, 25 classes
[2026-04-20T10:47:12Z INFO  parabit] Iteration 0: 12 nodes, 12 classes
[2026-04-20T10:47:12Z INFO  parabit] Iteration 1: 45 nodes, 24 classes
[2026-04-20T10:47:12Z INFO  parabit] Iteration 2: 64 nodes, 25 classes
[2026-04-20T10:47:12Z INFO  parabit] Iteration 0: 12 nodes, 12 classes
[2026-04-20T10:47:12Z INFO  parabit] Iteration 1: 45 nodes, 24 classes
[2026-04-20T10:47:12Z INFO  parabit] Iteration 2: 64 nodes, 25 classes
[2026-04-20T10:47:12Z INFO  parabit] Iteration 0: 12 nodes, 12 classes
[2026-04-20T10:47:12Z INFO  parabit] Iteration 1: 45 nodes, 24 classes
[2026-04-20T10:47:12Z INFO  parabit] Iteration 2: 64 nodes, 25 classes
[2026-04-20T10:47:12Z INFO  parabit] Iteration 0: 12 nodes, 12 classes
[2026-04-20T10:47:12Z INFO  parabit] Iteration 1: 45 nodes, 24 classes
[2026-04-20T10:47:12Z INFO  parabit] Iteration 2: 64 nodes, 25 classes
[2026-04-20T10:47:12Z INFO  parabit] Iteration 0: 12 nodes, 12 classes
[2026-04-20T10:47:12Z INFO  parabit] Iteration 1: 45 nodes, 24 classes
[2026-04-20T10:47:12Z INFO  parabit] Iteration 2: 64 nodes, 25 classes
[2026-04-20T10:47:12Z INFO  parabit] Iteration 0: 12 nodes, 12 classes
[2026-04-20T10:47:12Z INFO  parabit] Iteration 1: 45 nodes, 24 classes
[2026-04-20T10:47:12Z INFO  parabit] Iteration 2: 64 nodes, 25 classes
[2026-04-20T10:47:12Z INFO  parabit] Iteration 0: 12 nodes, 12 classes
[2026-04-20T10:47:12Z INFO  parabit] Iteration 1: 45 nodes, 24 classes
[2026-04-20T10:47:12Z INFO  parabit] Iteration 2: 64 nodes, 25 classes
[2026-04-20T10:47:12Z INFO  parabit] Iteration 0: 12 nodes, 12 classes
[2026-04-20T10:47:12Z INFO  parabit] Iteration 1: 45 nodes, 24 classes
[2026-04-20T10:47:12Z INFO  parabit] Iteration 2: 64 nodes, 25 classes
[2026-04-20T10:47:12Z INFO  parabit] Iteration 0: 12 nodes, 12 classes
[2026-04-20T10:47:12Z INFO  parabit] Iteration 1: 45 nodes, 24 classes
[2026-04-20T10:47:12Z INFO  parabit] Iteration 2: 64 nodes, 25 classes
[2026-04-20T10:47:12Z INFO  parabit] Iteration 0: 12 nodes, 12 classes
[2026-04-20T10:47:12Z INFO  parabit] Iteration 1: 45 nodes, 24 classes
[2026-04-20T10:47:12Z INFO  parabit] Iteration 2: 64 nodes, 25 classes
[2026-04-20T10:47:12Z INFO  parabit] Iteration 0: 12 nodes, 12 classes
[2026-04-20T10:47:12Z INFO  parabit] Iteration 1: 45 nodes, 24 classes
[2026-04-20T10:47:12Z INFO  parabit] Iteration 2: 64 nodes, 25 classes
[2026-04-20T10:47:12Z INFO  parabit] Iteration 0: 12 nodes, 12 classes
[2026-04-20T10:47:12Z INFO  parabit] Iteration 1: 45 nodes, 24 classes
[2026-04-20T10:47:12Z INFO  parabit] Iteration 2: 64 nodes, 25 classes
[2026-04-20T10:47:12Z INFO  parabit] Iteration 0: 12 nodes, 12 classes
[2026-04-20T10:47:12Z INFO  parabit] Iteration 1: 45 nodes, 24 classes
[2026-04-20T10:47:12Z INFO  parabit] Iteration 2: 64 nodes, 25 classes
[2026-04-20T10:47:12Z INFO  parabit] Iteration 0: 12 nodes, 12 classes
[2026-04-20T10:47:12Z INFO  parabit] Iteration 1: 45 nodes, 24 classes
[2026-04-20T10:47:12Z INFO  parabit] Iteration 2: 64 nodes, 25 classes
[2026-04-20T10:47:12Z INFO  parabit] Iteration 0: 12 nodes, 12 classes
[2026-04-20T10:47:12Z INFO  parabit] Iteration 1: 45 nodes, 24 classes
[2026-04-20T10:47:12Z INFO  parabit] Iteration 2: 64 nodes, 25 classes
[2026-04-20T10:47:12Z INFO  parabit] Iteration 0: 12 nodes, 12 classes
[2026-04-20T10:47:12Z INFO  parabit] Iteration 1: 45 nodes, 24 classes
[2026-04-20T10:47:12Z INFO  parabit] Iteration 2: 64 nodes, 25 classes
[2026-04-20T10:47:12Z INFO  parabit] Iteration 0: 12 nodes, 12 classes
[2026-04-20T10:47:12Z INFO  parabit] Iteration 1: 45 nodes, 24 classes
[2026-04-20T10:47:12Z INFO  parabit] Iteration 2: 64 nodes, 25 classes
[2026-04-20T10:47:12Z INFO  parabit] Iteration 0: 12 nodes, 12 classes
[2026-04-20T10:47:12Z INFO  parabit] Iteration 1: 45 nodes, 24 classes
[2026-04-20T10:47:12Z INFO  parabit] Iteration 2: 64 nodes, 25 classes
[2026-04-20T10:47:12Z INFO  parabit] Iteration 0: 12 nodes, 12 classes
[2026-04-20T10:47:12Z INFO  parabit] Iteration 1: 45 nodes, 24 classes
[2026-04-20T10:47:12Z INFO  parabit] Iteration 2: 64 nodes, 25 classes
[2026-04-20T10:47:12Z INFO  parabit] Iteration 0: 12 nodes, 12 classes
[2026-04-20T10:47:12Z INFO  parabit] Iteration 1: 45 nodes, 24 classes
[2026-04-20T10:47:12Z INFO  parabit] Iteration 2: 64 nodes, 25 classes
[2026-04-20T10:47:12Z INFO  parabit] Iteration 0: 12 nodes, 12 classes
[2026-04-20T10:47:12Z INFO  parabit] Iteration 1: 45 nodes, 24 classes
[2026-04-20T10:47:12Z INFO  parabit] Iteration 2: 64 nodes, 25 classes
[2026-04-20T10:47:12Z INFO  parabit] Iteration 0: 12 nodes, 12 classes
[2026-04-20T10:47:12Z INFO  parabit] Iteration 1: 45 nodes, 24 classes
[2026-04-20T10:47:12Z INFO  parabit] Iteration 2: 64 nodes, 25 classes
[2026-04-20T10:47:12Z INFO  parabit] Iteration 0: 12 nodes, 12 classes
[2026-04-20T10:47:12Z INFO  parabit] Iteration 1: 45 nodes, 24 classes
[2026-04-20T10:47:12Z INFO  parabit] Iteration 2: 64 nodes, 25 classes
[2026-04-20T10:47:12Z INFO  parabit] Iteration 0: 12 nodes, 12 classes
[2026-04-20T10:47:12Z INFO  parabit] Iteration 1: 45 nodes, 24 classes
[2026-04-20T10:47:12Z INFO  parabit] Iteration 2: 64 nodes, 25 classes
[2026-04-20T10:47:12Z INFO  parabit] Iteration 0: 12 nodes, 12 classes
[2026-04-20T10:47:12Z INFO  parabit] Iteration 1: 45 nodes, 24 classes
[2026-04-20T10:47:12Z INFO  parabit] Iteration 2: 64 nodes, 25 classes
[2026-04-20T10:47:12Z INFO  parabit] Iteration 0: 12 nodes, 12 classes
[2026-04-20T10:47:12Z INFO  parabit] Iteration 1: 45 nodes, 24 classes
[2026-04-20T10:47:12Z INFO  parabit] Iteration 2: 64 nodes, 25 classes
[2026-04-20T10:47:12Z INFO  parabit] Iteration 0: 12 nodes, 12 classes
[2026-04-20T10:47:12Z INFO  parabit] Iteration 1: 45 nodes, 24 classes
[2026-04-20T10:47:12Z INFO  parabit] Iteration 2: 64 nodes, 25 classes
[2026-04-20T10:47:12Z INFO  parabit] Iteration 0: 12 nodes, 12 classes
[2026-04-20T10:47:12Z INFO  parabit] Iteration 1: 45 nodes, 24 classes
[2026-04-20T10:47:12Z INFO  parabit] Iteration 2: 64 nodes, 25 classes
[2026-04-20T10:47:12Z INFO  parabit] Iteration 0: 12 nodes, 12 classes
[2026-04-20T10:47:12Z INFO  parabit] Iteration 1: 45 nodes, 24 classes
[2026-04-20T10:47:12Z INFO  parabit] Iteration 2: 64 nodes, 25 classes
[2026-04-20T10:47:12Z INFO  parabit] Iteration 0: 12 nodes, 12 classes
[2026-04-20T10:47:12Z INFO  parabit] Iteration 1: 45 nodes, 24 classes
[2026-04-20T10:47:12Z INFO  parabit] Iteration 2: 64 nodes, 25 classes
[2026-04-20T10:47:12Z INFO  parabit] Iteration 0: 12 nodes, 12 classes
[2026-04-20T10:47:12Z INFO  parabit] Iteration 1: 45 nodes, 24 classes
[2026-04-20T10:47:12Z INFO  parabit] Iteration 2: 64 nodes, 25 classes
[2026-04-20T10:47:12Z INFO  parabit] Iteration 0: 12 nodes, 12 classes
[2026-04-20T10:47:12Z INFO  parabit] Iteration 1: 45 nodes, 24 classes
[2026-04-20T10:47:12Z INFO  parabit] Iteration 2: 64 nodes, 25 classes
[2026-04-20T10:47:12Z INFO  parabit] Iteration 0: 12 nodes, 12 classes
[2026-04-20T10:47:12Z INFO  parabit] Iteration 1: 45 nodes, 24 classes
[2026-04-20T10:47:12Z INFO  parabit] Iteration 2: 64 nodes, 25 classes
[2026-04-20T10:47:12Z INFO  parabit] Iteration 0: 12 nodes, 12 classes
[2026-04-20T10:47:12Z INFO  parabit] Iteration 1: 45 nodes, 24 classes
[2026-04-20T10:47:12Z INFO  parabit] Iteration 2: 64 nodes, 25 classes
[2026-04-20T10:47:12Z INFO  parabit] Iteration 0: 12 nodes, 12 classes
[2026-04-20T10:47:12Z INFO  parabit] Iteration 1: 45 nodes, 24 classes
[2026-04-20T10:47:12Z INFO  parabit] Iteration 2: 64 nodes, 25 classes
[2026-04-20T10:47:12Z INFO  parabit] Iteration 0: 12 nodes, 12 classes
[2026-04-20T10:47:12Z INFO  parabit] Iteration 1: 45 nodes, 24 classes
[2026-04-20T10:47:12Z INFO  parabit] Iteration 2: 64 nodes, 25 classes
[2026-04-20T10:47:12Z INFO  parabit] Iteration 0: 12 nodes, 12 classes
[2026-04-20T10:47:12Z INFO  parabit] Iteration 1: 45 nodes, 24 classes
[2026-04-20T10:47:12Z INFO  parabit] Iteration 2: 64 nodes, 25 classes
[2026-04-20T10:47:12Z INFO  parabit] Iteration 0: 12 nodes, 12 classes
[2026-04-20T10:47:12Z INFO  parabit] Iteration 1: 45 nodes, 24 classes
[2026-04-20T10:47:12Z INFO  parabit] Iteration 2: 64 nodes, 25 classes
[2026-04-20T10:47:12Z INFO  parabit] Iteration 0: 12 nodes, 12 classes
[2026-04-20T10:47:12Z INFO  parabit] Iteration 1: 45 nodes, 24 classes
[2026-04-20T10:47:12Z INFO  parabit] Iteration 2: 64 nodes, 25 classes
[2026-04-20T10:47:12Z INFO  parabit] Iteration 0: 12 nodes, 12 classes
[2026-04-20T10:47:12Z INFO  parabit] Iteration 1: 45 nodes, 24 classes
[2026-04-20T10:47:12Z INFO  parabit] Iteration 2: 64 nodes, 25 classes
[2026-04-20T10:47:12Z INFO  parabit] Iteration 0: 12 nodes, 12 classes
[2026-04-20T10:47:12Z INFO  parabit] Iteration 1: 45 nodes, 24 classes
[2026-04-20T10:47:12Z INFO  parabit] Iteration 2: 64 nodes, 25 classes
[2026-04-20T10:47:12Z INFO  parabit] Iteration 0: 12 nodes, 12 classes
[2026-04-20T10:47:12Z INFO  parabit] Iteration 1: 45 nodes, 24 classes
[2026-04-20T10:47:12Z INFO  parabit] Iteration 2: 64 nodes, 25 classes
[2026-04-20T10:47:12Z INFO  parabit] Iteration 0: 12 nodes, 12 classes
[2026-04-20T10:47:12Z INFO  parabit] Iteration 1: 45 nodes, 24 classes
[2026-04-20T10:47:12Z INFO  parabit] Iteration 2: 64 nodes, 25 classes
[2026-04-20T10:47:12Z INFO  parabit] Iteration 0: 12 nodes, 12 classes
[2026-04-20T10:47:12Z INFO  parabit] Iteration 1: 45 nodes, 24 classes
[2026-04-20T10:47:12Z INFO  parabit] Iteration 2: 64 nodes, 25 classes
[2026-04-20T10:47:12Z INFO  parabit] Iteration 0: 12 nodes, 12 classes
[2026-04-20T10:47:12Z INFO  parabit] Iteration 1: 45 nodes, 24 classes
[2026-04-20T10:47:12Z INFO  parabit] Iteration 2: 64 nodes, 25 classes
[2026-04-20T10:47:12Z INFO  parabit] Iteration 0: 12 nodes, 12 classes
[2026-04-20T10:47:12Z INFO  parabit] Iteration 1: 45 nodes, 24 classes
[2026-04-20T10:47:12Z INFO  parabit] Iteration 2: 64 nodes, 25 classes
[2026-04-20T10:47:12Z INFO  parabit] Iteration 0: 12 nodes, 12 classes
[2026-04-20T10:47:12Z INFO  parabit] Iteration 1: 45 nodes, 24 classes
[2026-04-20T10:47:12Z INFO  parabit] Iteration 2: 64 nodes, 25 classes
[2026-04-20T10:47:12Z INFO  parabit] Iteration 0: 12 nodes, 12 classes
[2026-04-20T10:47:12Z INFO  parabit] Iteration 1: 45 nodes, 24 classes
[2026-04-20T10:47:12Z INFO  parabit] Iteration 2: 64 nodes, 25 classes
[2026-04-20T10:47:12Z INFO  parabit] Iteration 0: 12 nodes, 12 classes
[2026-04-20T10:47:12Z INFO  parabit] Iteration 1: 45 nodes, 24 classes
[2026-04-20T10:47:12Z INFO  parabit] Iteration 2: 64 nodes, 25 classes
[2026-04-20T10:47:12Z INFO  parabit] Iteration 0: 12 nodes, 12 classes
[2026-04-20T10:47:12Z INFO  parabit] Iteration 1: 45 nodes, 24 classes
[2026-04-20T10:47:12Z INFO  parabit] Iteration 2: 64 nodes, 25 classes
[2026-04-20T10:47:12Z INFO  parabit] Iteration 0: 12 nodes, 12 classes
[2026-04-20T10:47:12Z INFO  parabit] Iteration 1: 45 nodes, 24 classes
[2026-04-20T10:47:12Z INFO  parabit] Iteration 2: 64 nodes, 25 classes
[2026-04-20T10:47:12Z INFO  parabit] Iteration 0: 12 nodes, 12 classes
[2026-04-20T10:47:12Z INFO  parabit] Iteration 1: 45 nodes, 24 classes
[2026-04-20T10:47:12Z INFO  parabit] Iteration 2: 64 nodes, 25 classes
[2026-04-20T10:47:12Z INFO  parabit] Iteration 0: 12 nodes, 12 classes
[2026-04-20T10:47:12Z INFO  parabit] Iteration 1: 45 nodes, 24 classes
[2026-04-20T10:47:12Z INFO  parabit] Iteration 2: 64 nodes, 25 classes
[2026-04-20T10:47:12Z INFO  parabit] Iteration 0: 12 nodes, 12 classes
[2026-04-20T10:47:12Z INFO  parabit] Iteration 1: 45 nodes, 24 classes
[2026-04-20T10:47:12Z INFO  parabit] Iteration 2: 64 nodes, 25 classes
[2026-04-20T10:47:12Z INFO  parabit] Iteration 0: 12 nodes, 12 classes
[2026-04-20T10:47:12Z INFO  parabit] Iteration 1: 45 nodes, 24 classes
[2026-04-20T10:47:12Z INFO  parabit] Iteration 2: 64 nodes, 25 classes
[2026-04-20T10:47:12Z INFO  parabit] Iteration 0: 12 nodes, 12 classes
[2026-04-20T10:47:12Z INFO  parabit] Iteration 1: 45 nodes, 24 classes
[2026-04-20T10:47:12Z INFO  parabit] Iteration 2: 64 nodes, 25 classes
[2026-04-20T10:47:12Z INFO  parabit] Iteration 0: 12 nodes, 12 classes
[2026-04-20T10:47:12Z INFO  parabit] Iteration 1: 45 nodes, 24 classes
[2026-04-20T10:47:12Z INFO  parabit] Iteration 2: 64 nodes, 25 classes
[2026-04-20T10:47:12Z INFO  parabit] Iteration 0: 12 nodes, 12 classes
[2026-04-20T10:47:12Z INFO  parabit] Iteration 1: 45 nodes, 24 classes
[2026-04-20T10:47:12Z INFO  parabit] Iteration 2: 64 nodes, 25 classes
[2026-04-20T10:47:12Z INFO  parabit] Iteration 0: 12 nodes, 12 classes
[2026-04-20T10:47:12Z INFO  parabit] Iteration 1: 45 nodes, 24 classes
[2026-04-20T10:47:12Z INFO  parabit] Iteration 2: 64 nodes, 25 classes
[2026-04-20T10:47:12Z INFO  parabit] Iteration 0: 12 nodes, 12 classes
[2026-04-20T10:47:12Z INFO  parabit] Iteration 1: 45 nodes, 24 classes
[2026-04-20T10:47:12Z INFO  parabit] Iteration 2: 64 nodes, 25 classes
[2026-04-20T10:47:12Z INFO  parabit] Iteration 0: 12 nodes, 12 classes
[2026-04-20T10:47:12Z INFO  parabit] Iteration 1: 45 nodes, 24 classes
[2026-04-20T10:47:12Z INFO  parabit] Iteration 2: 64 nodes, 25 classes
[2026-04-20T10:47:12Z INFO  parabit] Iteration 0: 12 nodes, 12 classes
[2026-04-20T10:47:12Z INFO  parabit] Iteration 1: 45 nodes, 24 classes
[2026-04-20T10:47:12Z INFO  parabit] Iteration 2: 64 nodes, 25 classes
[2026-04-20T10:47:12Z INFO  parabit] Iteration 0: 12 nodes, 12 classes
[2026-04-20T10:47:12Z INFO  parabit] Iteration 1: 45 nodes, 24 classes
[2026-04-20T10:47:12Z INFO  parabit] Iteration 2: 64 nodes, 25 classes
[2026-04-20T10:47:12Z INFO  parabit] Iteration 0: 12 nodes, 12 classes
[2026-04-20T10:47:12Z INFO  parabit] Iteration 1: 45 nodes, 24 classes
[2026-04-20T10:47:12Z INFO  parabit] Iteration 2: 64 nodes, 25 classes
[2026-04-20T10:47:12Z INFO  parabit] Iteration 0: 12 nodes, 12 classes
[2026-04-20T10:47:12Z INFO  parabit] Iteration 1: 45 nodes, 24 classes
[2026-04-20T10:47:12Z INFO  parabit] Iteration 2: 64 nodes, 25 classes
[2026-04-20T10:47:12Z INFO  parabit] Iteration 0: 12 nodes, 12 classes
[2026-04-20T10:47:12Z INFO  parabit] Iteration 1: 45 nodes, 24 classes
[2026-04-20T10:47:12Z INFO  parabit] Iteration 2: 64 nodes, 25 classes
[2026-04-20T10:47:12Z INFO  parabit] Iteration 0: 12 nodes, 12 classes
[2026-04-20T10:47:12Z INFO  parabit] Iteration 1: 45 nodes, 24 classes
[2026-04-20T10:47:12Z INFO  parabit] Iteration 2: 64 nodes, 25 classes
[2026-04-20T10:47:12Z INFO  parabit] Iteration 0: 12 nodes, 12 classes
[2026-04-20T10:47:12Z INFO  parabit] Iteration 1: 45 nodes, 24 classes
[2026-04-20T10:47:12Z INFO  parabit] Iteration 2: 64 nodes, 25 classes
[2026-04-20T10:47:12Z INFO  parabit] Iteration 0: 12 nodes, 12 classes
[2026-04-20T10:47:12Z INFO  parabit] Iteration 1: 45 nodes, 24 classes
[2026-04-20T10:47:12Z INFO  parabit] Iteration 2: 64 nodes, 25 classes
[2026-04-20T10:47:12Z INFO  parabit] Iteration 0: 12 nodes, 12 classes
[2026-04-20T10:47:12Z INFO  parabit] Iteration 1: 45 nodes, 24 classes
[2026-04-20T10:47:12Z INFO  parabit] Iteration 2: 64 nodes, 25 classes
[2026-04-20T10:47:12Z INFO  parabit] Iteration 0: 12 nodes, 12 classes
[2026-04-20T10:47:12Z INFO  parabit] Iteration 1: 45 nodes, 24 classes
[2026-04-20T10:47:12Z INFO  parabit] Iteration 2: 64 nodes, 25 classes
[2026-04-20T10:47:12Z INFO  parabit] Iteration 0: 12 nodes, 12 classes
[2026-04-20T10:47:12Z INFO  parabit] Iteration 1: 45 nodes, 24 classes
[2026-04-20T10:47:12Z INFO  parabit] Iteration 2: 64 nodes, 25 classes
{"elapsed":0.05, "maxrss":4480}
